[2022-12-03T14:36:05.862+0000] {processor.py:153} INFO - Started process (PID=94) to work on /home/airflow/.local/lib/python3.7/site-packages/airflow/example_dags/example_branch_python_dop_operator_3.py
[2022-12-03T14:36:05.863+0000] {processor.py:743} INFO - Processing file /home/airflow/.local/lib/python3.7/site-packages/airflow/example_dags/example_branch_python_dop_operator_3.py for tasks to queue
[2022-12-03T14:36:05.864+0000] {logging_mixin.py:137} INFO - [2022-12-03T14:36:05.863+0000] {dagbag.py:538} INFO - Filling up the DagBag from /home/airflow/.local/lib/python3.7/site-packages/airflow/example_dags/example_branch_python_dop_operator_3.py
[2022-12-03T14:36:05.903+0000] {processor.py:753} INFO - DAG(s) dict_keys(['example_branch_dop_operator_v3']) retrieved from /home/airflow/.local/lib/python3.7/site-packages/airflow/example_dags/example_branch_python_dop_operator_3.py
[2022-12-03T14:36:05.960+0000] {logging_mixin.py:137} INFO - [2022-12-03T14:36:05.959+0000] {dag.py:2676} INFO - Sync 1 DAGs
[2022-12-03T14:36:06.024+0000] {logging_mixin.py:137} INFO - [2022-12-03T14:36:06.024+0000] {dag.py:3427} INFO - Setting next_dagrun for example_branch_dop_operator_v3 to 2022-12-03T14:35:00+00:00, run_after=2022-12-03T14:36:00+00:00
[2022-12-03T14:36:06.051+0000] {processor.py:175} INFO - Processing /home/airflow/.local/lib/python3.7/site-packages/airflow/example_dags/example_branch_python_dop_operator_3.py took 0.192 seconds
[2022-12-03T14:36:36.731+0000] {processor.py:153} INFO - Started process (PID=180) to work on /home/airflow/.local/lib/python3.7/site-packages/airflow/example_dags/example_branch_python_dop_operator_3.py
[2022-12-03T14:36:36.732+0000] {processor.py:743} INFO - Processing file /home/airflow/.local/lib/python3.7/site-packages/airflow/example_dags/example_branch_python_dop_operator_3.py for tasks to queue
[2022-12-03T14:36:36.733+0000] {logging_mixin.py:137} INFO - [2022-12-03T14:36:36.732+0000] {dagbag.py:538} INFO - Filling up the DagBag from /home/airflow/.local/lib/python3.7/site-packages/airflow/example_dags/example_branch_python_dop_operator_3.py
[2022-12-03T14:36:36.773+0000] {processor.py:753} INFO - DAG(s) dict_keys(['example_branch_dop_operator_v3']) retrieved from /home/airflow/.local/lib/python3.7/site-packages/airflow/example_dags/example_branch_python_dop_operator_3.py
[2022-12-03T14:36:36.812+0000] {logging_mixin.py:137} INFO - [2022-12-03T14:36:36.811+0000] {dag.py:2676} INFO - Sync 1 DAGs
[2022-12-03T14:36:36.844+0000] {logging_mixin.py:137} INFO - [2022-12-03T14:36:36.844+0000] {dag.py:3427} INFO - Setting next_dagrun for example_branch_dop_operator_v3 to 2022-12-03T14:35:00+00:00, run_after=2022-12-03T14:36:00+00:00
[2022-12-03T14:36:36.864+0000] {processor.py:175} INFO - Processing /home/airflow/.local/lib/python3.7/site-packages/airflow/example_dags/example_branch_python_dop_operator_3.py took 0.136 seconds
[2022-12-03T14:37:07.416+0000] {processor.py:153} INFO - Started process (PID=266) to work on /home/airflow/.local/lib/python3.7/site-packages/airflow/example_dags/example_branch_python_dop_operator_3.py
[2022-12-03T14:37:07.417+0000] {processor.py:743} INFO - Processing file /home/airflow/.local/lib/python3.7/site-packages/airflow/example_dags/example_branch_python_dop_operator_3.py for tasks to queue
[2022-12-03T14:37:07.418+0000] {logging_mixin.py:137} INFO - [2022-12-03T14:37:07.417+0000] {dagbag.py:538} INFO - Filling up the DagBag from /home/airflow/.local/lib/python3.7/site-packages/airflow/example_dags/example_branch_python_dop_operator_3.py
[2022-12-03T14:37:07.478+0000] {processor.py:753} INFO - DAG(s) dict_keys(['example_branch_dop_operator_v3']) retrieved from /home/airflow/.local/lib/python3.7/site-packages/airflow/example_dags/example_branch_python_dop_operator_3.py
[2022-12-03T14:37:07.521+0000] {logging_mixin.py:137} INFO - [2022-12-03T14:37:07.521+0000] {dag.py:2676} INFO - Sync 1 DAGs
[2022-12-03T14:37:07.594+0000] {logging_mixin.py:137} INFO - [2022-12-03T14:37:07.594+0000] {dag.py:3427} INFO - Setting next_dagrun for example_branch_dop_operator_v3 to 2022-12-03T14:36:00+00:00, run_after=2022-12-03T14:37:00+00:00
[2022-12-03T14:37:07.615+0000] {processor.py:175} INFO - Processing /home/airflow/.local/lib/python3.7/site-packages/airflow/example_dags/example_branch_python_dop_operator_3.py took 0.203 seconds
[2022-12-03T14:37:37.871+0000] {processor.py:153} INFO - Started process (PID=376) to work on /home/airflow/.local/lib/python3.7/site-packages/airflow/example_dags/example_branch_python_dop_operator_3.py
[2022-12-03T14:37:37.876+0000] {processor.py:743} INFO - Processing file /home/airflow/.local/lib/python3.7/site-packages/airflow/example_dags/example_branch_python_dop_operator_3.py for tasks to queue
[2022-12-03T14:37:37.877+0000] {logging_mixin.py:137} INFO - [2022-12-03T14:37:37.877+0000] {dagbag.py:538} INFO - Filling up the DagBag from /home/airflow/.local/lib/python3.7/site-packages/airflow/example_dags/example_branch_python_dop_operator_3.py
[2022-12-03T14:37:37.905+0000] {processor.py:753} INFO - DAG(s) dict_keys(['example_branch_dop_operator_v3']) retrieved from /home/airflow/.local/lib/python3.7/site-packages/airflow/example_dags/example_branch_python_dop_operator_3.py
[2022-12-03T14:37:37.938+0000] {logging_mixin.py:137} INFO - [2022-12-03T14:37:37.938+0000] {dag.py:2676} INFO - Sync 1 DAGs
[2022-12-03T14:37:37.968+0000] {logging_mixin.py:137} INFO - [2022-12-03T14:37:37.968+0000] {dag.py:3427} INFO - Setting next_dagrun for example_branch_dop_operator_v3 to 2022-12-03T14:36:00+00:00, run_after=2022-12-03T14:37:00+00:00
[2022-12-03T14:37:37.988+0000] {processor.py:175} INFO - Processing /home/airflow/.local/lib/python3.7/site-packages/airflow/example_dags/example_branch_python_dop_operator_3.py took 0.119 seconds
[2022-12-03T14:38:08.159+0000] {processor.py:153} INFO - Started process (PID=462) to work on /home/airflow/.local/lib/python3.7/site-packages/airflow/example_dags/example_branch_python_dop_operator_3.py
[2022-12-03T14:38:08.160+0000] {processor.py:743} INFO - Processing file /home/airflow/.local/lib/python3.7/site-packages/airflow/example_dags/example_branch_python_dop_operator_3.py for tasks to queue
[2022-12-03T14:38:08.160+0000] {logging_mixin.py:137} INFO - [2022-12-03T14:38:08.160+0000] {dagbag.py:538} INFO - Filling up the DagBag from /home/airflow/.local/lib/python3.7/site-packages/airflow/example_dags/example_branch_python_dop_operator_3.py
[2022-12-03T14:38:08.196+0000] {processor.py:753} INFO - DAG(s) dict_keys(['example_branch_dop_operator_v3']) retrieved from /home/airflow/.local/lib/python3.7/site-packages/airflow/example_dags/example_branch_python_dop_operator_3.py
[2022-12-03T14:38:08.234+0000] {logging_mixin.py:137} INFO - [2022-12-03T14:38:08.234+0000] {dag.py:2676} INFO - Sync 1 DAGs
[2022-12-03T14:38:08.261+0000] {logging_mixin.py:137} INFO - [2022-12-03T14:38:08.261+0000] {dag.py:3427} INFO - Setting next_dagrun for example_branch_dop_operator_v3 to 2022-12-03T14:37:00+00:00, run_after=2022-12-03T14:38:00+00:00
[2022-12-03T14:38:08.285+0000] {processor.py:175} INFO - Processing /home/airflow/.local/lib/python3.7/site-packages/airflow/example_dags/example_branch_python_dop_operator_3.py took 0.129 seconds
[2022-12-03T14:38:38.862+0000] {processor.py:153} INFO - Started process (PID=548) to work on /home/airflow/.local/lib/python3.7/site-packages/airflow/example_dags/example_branch_python_dop_operator_3.py
[2022-12-03T14:38:38.863+0000] {processor.py:743} INFO - Processing file /home/airflow/.local/lib/python3.7/site-packages/airflow/example_dags/example_branch_python_dop_operator_3.py for tasks to queue
[2022-12-03T14:38:38.863+0000] {logging_mixin.py:137} INFO - [2022-12-03T14:38:38.863+0000] {dagbag.py:538} INFO - Filling up the DagBag from /home/airflow/.local/lib/python3.7/site-packages/airflow/example_dags/example_branch_python_dop_operator_3.py
[2022-12-03T14:38:38.898+0000] {processor.py:753} INFO - DAG(s) dict_keys(['example_branch_dop_operator_v3']) retrieved from /home/airflow/.local/lib/python3.7/site-packages/airflow/example_dags/example_branch_python_dop_operator_3.py
[2022-12-03T14:38:38.940+0000] {logging_mixin.py:137} INFO - [2022-12-03T14:38:38.940+0000] {dag.py:2676} INFO - Sync 1 DAGs
[2022-12-03T14:38:38.973+0000] {logging_mixin.py:137} INFO - [2022-12-03T14:38:38.973+0000] {dag.py:3427} INFO - Setting next_dagrun for example_branch_dop_operator_v3 to 2022-12-03T14:37:00+00:00, run_after=2022-12-03T14:38:00+00:00
[2022-12-03T14:38:38.997+0000] {processor.py:175} INFO - Processing /home/airflow/.local/lib/python3.7/site-packages/airflow/example_dags/example_branch_python_dop_operator_3.py took 0.138 seconds
[2022-12-03T14:39:09.249+0000] {processor.py:153} INFO - Started process (PID=657) to work on /home/airflow/.local/lib/python3.7/site-packages/airflow/example_dags/example_branch_python_dop_operator_3.py
[2022-12-03T14:39:09.250+0000] {processor.py:743} INFO - Processing file /home/airflow/.local/lib/python3.7/site-packages/airflow/example_dags/example_branch_python_dop_operator_3.py for tasks to queue
[2022-12-03T14:39:09.251+0000] {logging_mixin.py:137} INFO - [2022-12-03T14:39:09.251+0000] {dagbag.py:538} INFO - Filling up the DagBag from /home/airflow/.local/lib/python3.7/site-packages/airflow/example_dags/example_branch_python_dop_operator_3.py
[2022-12-03T14:39:09.299+0000] {processor.py:753} INFO - DAG(s) dict_keys(['example_branch_dop_operator_v3']) retrieved from /home/airflow/.local/lib/python3.7/site-packages/airflow/example_dags/example_branch_python_dop_operator_3.py
[2022-12-03T14:39:09.381+0000] {logging_mixin.py:137} INFO - [2022-12-03T14:39:09.381+0000] {dag.py:2676} INFO - Sync 1 DAGs
[2022-12-03T14:39:09.415+0000] {logging_mixin.py:137} INFO - [2022-12-03T14:39:09.415+0000] {dag.py:3427} INFO - Setting next_dagrun for example_branch_dop_operator_v3 to 2022-12-03T14:38:00+00:00, run_after=2022-12-03T14:39:00+00:00
[2022-12-03T14:39:09.477+0000] {processor.py:175} INFO - Processing /home/airflow/.local/lib/python3.7/site-packages/airflow/example_dags/example_branch_python_dop_operator_3.py took 0.230 seconds
[2022-12-03T14:39:40.395+0000] {processor.py:153} INFO - Started process (PID=743) to work on /home/airflow/.local/lib/python3.7/site-packages/airflow/example_dags/example_branch_python_dop_operator_3.py
[2022-12-03T14:39:40.396+0000] {processor.py:743} INFO - Processing file /home/airflow/.local/lib/python3.7/site-packages/airflow/example_dags/example_branch_python_dop_operator_3.py for tasks to queue
[2022-12-03T14:39:40.397+0000] {logging_mixin.py:137} INFO - [2022-12-03T14:39:40.397+0000] {dagbag.py:538} INFO - Filling up the DagBag from /home/airflow/.local/lib/python3.7/site-packages/airflow/example_dags/example_branch_python_dop_operator_3.py
[2022-12-03T14:39:40.420+0000] {processor.py:753} INFO - DAG(s) dict_keys(['example_branch_dop_operator_v3']) retrieved from /home/airflow/.local/lib/python3.7/site-packages/airflow/example_dags/example_branch_python_dop_operator_3.py
[2022-12-03T14:39:40.455+0000] {logging_mixin.py:137} INFO - [2022-12-03T14:39:40.455+0000] {dag.py:2676} INFO - Sync 1 DAGs
[2022-12-03T14:39:40.490+0000] {logging_mixin.py:137} INFO - [2022-12-03T14:39:40.490+0000] {dag.py:3427} INFO - Setting next_dagrun for example_branch_dop_operator_v3 to 2022-12-03T14:38:00+00:00, run_after=2022-12-03T14:39:00+00:00
[2022-12-03T14:39:40.509+0000] {processor.py:175} INFO - Processing /home/airflow/.local/lib/python3.7/site-packages/airflow/example_dags/example_branch_python_dop_operator_3.py took 0.117 seconds
[2022-12-03T14:40:10.565+0000] {processor.py:153} INFO - Started process (PID=853) to work on /home/airflow/.local/lib/python3.7/site-packages/airflow/example_dags/example_branch_python_dop_operator_3.py
[2022-12-03T14:40:10.566+0000] {processor.py:743} INFO - Processing file /home/airflow/.local/lib/python3.7/site-packages/airflow/example_dags/example_branch_python_dop_operator_3.py for tasks to queue
[2022-12-03T14:40:10.566+0000] {logging_mixin.py:137} INFO - [2022-12-03T14:40:10.566+0000] {dagbag.py:538} INFO - Filling up the DagBag from /home/airflow/.local/lib/python3.7/site-packages/airflow/example_dags/example_branch_python_dop_operator_3.py
[2022-12-03T14:40:10.606+0000] {processor.py:753} INFO - DAG(s) dict_keys(['example_branch_dop_operator_v3']) retrieved from /home/airflow/.local/lib/python3.7/site-packages/airflow/example_dags/example_branch_python_dop_operator_3.py
[2022-12-03T14:40:10.642+0000] {logging_mixin.py:137} INFO - [2022-12-03T14:40:10.642+0000] {dag.py:2676} INFO - Sync 1 DAGs
[2022-12-03T14:40:10.687+0000] {logging_mixin.py:137} INFO - [2022-12-03T14:40:10.687+0000] {dag.py:3427} INFO - Setting next_dagrun for example_branch_dop_operator_v3 to 2022-12-03T14:39:00+00:00, run_after=2022-12-03T14:40:00+00:00
[2022-12-03T14:40:10.708+0000] {processor.py:175} INFO - Processing /home/airflow/.local/lib/python3.7/site-packages/airflow/example_dags/example_branch_python_dop_operator_3.py took 0.146 seconds
[2022-12-03T14:40:41.204+0000] {processor.py:153} INFO - Started process (PID=939) to work on /home/airflow/.local/lib/python3.7/site-packages/airflow/example_dags/example_branch_python_dop_operator_3.py
[2022-12-03T14:40:41.205+0000] {processor.py:743} INFO - Processing file /home/airflow/.local/lib/python3.7/site-packages/airflow/example_dags/example_branch_python_dop_operator_3.py for tasks to queue
[2022-12-03T14:40:41.206+0000] {logging_mixin.py:137} INFO - [2022-12-03T14:40:41.205+0000] {dagbag.py:538} INFO - Filling up the DagBag from /home/airflow/.local/lib/python3.7/site-packages/airflow/example_dags/example_branch_python_dop_operator_3.py
[2022-12-03T14:40:41.230+0000] {processor.py:753} INFO - DAG(s) dict_keys(['example_branch_dop_operator_v3']) retrieved from /home/airflow/.local/lib/python3.7/site-packages/airflow/example_dags/example_branch_python_dop_operator_3.py
[2022-12-03T14:40:41.267+0000] {logging_mixin.py:137} INFO - [2022-12-03T14:40:41.267+0000] {dag.py:2676} INFO - Sync 1 DAGs
[2022-12-03T14:40:41.311+0000] {logging_mixin.py:137} INFO - [2022-12-03T14:40:41.311+0000] {dag.py:3427} INFO - Setting next_dagrun for example_branch_dop_operator_v3 to 2022-12-03T14:39:00+00:00, run_after=2022-12-03T14:40:00+00:00
[2022-12-03T14:40:41.331+0000] {processor.py:175} INFO - Processing /home/airflow/.local/lib/python3.7/site-packages/airflow/example_dags/example_branch_python_dop_operator_3.py took 0.130 seconds
[2022-12-03T14:41:11.803+0000] {processor.py:153} INFO - Started process (PID=1024) to work on /home/airflow/.local/lib/python3.7/site-packages/airflow/example_dags/example_branch_python_dop_operator_3.py
[2022-12-03T14:41:11.804+0000] {processor.py:743} INFO - Processing file /home/airflow/.local/lib/python3.7/site-packages/airflow/example_dags/example_branch_python_dop_operator_3.py for tasks to queue
[2022-12-03T14:41:11.804+0000] {logging_mixin.py:137} INFO - [2022-12-03T14:41:11.804+0000] {dagbag.py:538} INFO - Filling up the DagBag from /home/airflow/.local/lib/python3.7/site-packages/airflow/example_dags/example_branch_python_dop_operator_3.py
[2022-12-03T14:41:11.831+0000] {processor.py:753} INFO - DAG(s) dict_keys(['example_branch_dop_operator_v3']) retrieved from /home/airflow/.local/lib/python3.7/site-packages/airflow/example_dags/example_branch_python_dop_operator_3.py
[2022-12-03T14:41:11.882+0000] {logging_mixin.py:137} INFO - [2022-12-03T14:41:11.882+0000] {dag.py:2676} INFO - Sync 1 DAGs
[2022-12-03T14:41:11.922+0000] {logging_mixin.py:137} INFO - [2022-12-03T14:41:11.922+0000] {dag.py:3427} INFO - Setting next_dagrun for example_branch_dop_operator_v3 to 2022-12-03T14:40:00+00:00, run_after=2022-12-03T14:41:00+00:00
[2022-12-03T14:41:11.941+0000] {processor.py:175} INFO - Processing /home/airflow/.local/lib/python3.7/site-packages/airflow/example_dags/example_branch_python_dop_operator_3.py took 0.140 seconds
[2022-12-03T14:41:42.017+0000] {processor.py:153} INFO - Started process (PID=1135) to work on /home/airflow/.local/lib/python3.7/site-packages/airflow/example_dags/example_branch_python_dop_operator_3.py
[2022-12-03T14:41:42.018+0000] {processor.py:743} INFO - Processing file /home/airflow/.local/lib/python3.7/site-packages/airflow/example_dags/example_branch_python_dop_operator_3.py for tasks to queue
[2022-12-03T14:41:42.018+0000] {logging_mixin.py:137} INFO - [2022-12-03T14:41:42.018+0000] {dagbag.py:538} INFO - Filling up the DagBag from /home/airflow/.local/lib/python3.7/site-packages/airflow/example_dags/example_branch_python_dop_operator_3.py
[2022-12-03T14:41:42.096+0000] {processor.py:753} INFO - DAG(s) dict_keys(['example_branch_dop_operator_v3']) retrieved from /home/airflow/.local/lib/python3.7/site-packages/airflow/example_dags/example_branch_python_dop_operator_3.py
[2022-12-03T14:41:42.185+0000] {logging_mixin.py:137} INFO - [2022-12-03T14:41:42.185+0000] {dag.py:2676} INFO - Sync 1 DAGs
[2022-12-03T14:41:42.230+0000] {logging_mixin.py:137} INFO - [2022-12-03T14:41:42.230+0000] {dag.py:3427} INFO - Setting next_dagrun for example_branch_dop_operator_v3 to 2022-12-03T14:40:00+00:00, run_after=2022-12-03T14:41:00+00:00
[2022-12-03T14:41:42.291+0000] {processor.py:175} INFO - Processing /home/airflow/.local/lib/python3.7/site-packages/airflow/example_dags/example_branch_python_dop_operator_3.py took 0.278 seconds
[2022-12-03T14:42:12.698+0000] {processor.py:153} INFO - Started process (PID=1221) to work on /home/airflow/.local/lib/python3.7/site-packages/airflow/example_dags/example_branch_python_dop_operator_3.py
[2022-12-03T14:42:12.699+0000] {processor.py:743} INFO - Processing file /home/airflow/.local/lib/python3.7/site-packages/airflow/example_dags/example_branch_python_dop_operator_3.py for tasks to queue
[2022-12-03T14:42:12.700+0000] {logging_mixin.py:137} INFO - [2022-12-03T14:42:12.700+0000] {dagbag.py:538} INFO - Filling up the DagBag from /home/airflow/.local/lib/python3.7/site-packages/airflow/example_dags/example_branch_python_dop_operator_3.py
[2022-12-03T14:42:12.770+0000] {processor.py:753} INFO - DAG(s) dict_keys(['example_branch_dop_operator_v3']) retrieved from /home/airflow/.local/lib/python3.7/site-packages/airflow/example_dags/example_branch_python_dop_operator_3.py
[2022-12-03T14:42:12.819+0000] {logging_mixin.py:137} INFO - [2022-12-03T14:42:12.819+0000] {dag.py:2676} INFO - Sync 1 DAGs
[2022-12-03T14:42:12.899+0000] {logging_mixin.py:137} INFO - [2022-12-03T14:42:12.899+0000] {dag.py:3427} INFO - Setting next_dagrun for example_branch_dop_operator_v3 to 2022-12-03T14:41:00+00:00, run_after=2022-12-03T14:42:00+00:00
[2022-12-03T14:42:12.976+0000] {processor.py:175} INFO - Processing /home/airflow/.local/lib/python3.7/site-packages/airflow/example_dags/example_branch_python_dop_operator_3.py took 0.281 seconds
[2022-12-03T14:42:43.153+0000] {processor.py:153} INFO - Started process (PID=1307) to work on /home/airflow/.local/lib/python3.7/site-packages/airflow/example_dags/example_branch_python_dop_operator_3.py
[2022-12-03T14:42:43.154+0000] {processor.py:743} INFO - Processing file /home/airflow/.local/lib/python3.7/site-packages/airflow/example_dags/example_branch_python_dop_operator_3.py for tasks to queue
[2022-12-03T14:42:43.154+0000] {logging_mixin.py:137} INFO - [2022-12-03T14:42:43.154+0000] {dagbag.py:538} INFO - Filling up the DagBag from /home/airflow/.local/lib/python3.7/site-packages/airflow/example_dags/example_branch_python_dop_operator_3.py
[2022-12-03T14:42:43.186+0000] {processor.py:753} INFO - DAG(s) dict_keys(['example_branch_dop_operator_v3']) retrieved from /home/airflow/.local/lib/python3.7/site-packages/airflow/example_dags/example_branch_python_dop_operator_3.py
[2022-12-03T14:42:43.225+0000] {logging_mixin.py:137} INFO - [2022-12-03T14:42:43.225+0000] {dag.py:2676} INFO - Sync 1 DAGs
[2022-12-03T14:42:43.256+0000] {logging_mixin.py:137} INFO - [2022-12-03T14:42:43.256+0000] {dag.py:3427} INFO - Setting next_dagrun for example_branch_dop_operator_v3 to 2022-12-03T14:41:00+00:00, run_after=2022-12-03T14:42:00+00:00
[2022-12-03T14:42:43.287+0000] {processor.py:175} INFO - Processing /home/airflow/.local/lib/python3.7/site-packages/airflow/example_dags/example_branch_python_dop_operator_3.py took 0.137 seconds
[2022-12-03T14:43:13.434+0000] {processor.py:153} INFO - Started process (PID=1416) to work on /home/airflow/.local/lib/python3.7/site-packages/airflow/example_dags/example_branch_python_dop_operator_3.py
[2022-12-03T14:43:13.435+0000] {processor.py:743} INFO - Processing file /home/airflow/.local/lib/python3.7/site-packages/airflow/example_dags/example_branch_python_dop_operator_3.py for tasks to queue
[2022-12-03T14:43:13.436+0000] {logging_mixin.py:137} INFO - [2022-12-03T14:43:13.436+0000] {dagbag.py:538} INFO - Filling up the DagBag from /home/airflow/.local/lib/python3.7/site-packages/airflow/example_dags/example_branch_python_dop_operator_3.py
[2022-12-03T14:43:13.460+0000] {processor.py:753} INFO - DAG(s) dict_keys(['example_branch_dop_operator_v3']) retrieved from /home/airflow/.local/lib/python3.7/site-packages/airflow/example_dags/example_branch_python_dop_operator_3.py
[2022-12-03T14:43:13.516+0000] {logging_mixin.py:137} INFO - [2022-12-03T14:43:13.516+0000] {dag.py:2676} INFO - Sync 1 DAGs
[2022-12-03T14:43:13.547+0000] {logging_mixin.py:137} INFO - [2022-12-03T14:43:13.547+0000] {dag.py:3427} INFO - Setting next_dagrun for example_branch_dop_operator_v3 to 2022-12-03T14:42:00+00:00, run_after=2022-12-03T14:43:00+00:00
[2022-12-03T14:43:13.573+0000] {processor.py:175} INFO - Processing /home/airflow/.local/lib/python3.7/site-packages/airflow/example_dags/example_branch_python_dop_operator_3.py took 0.141 seconds
[2022-12-03T14:43:43.701+0000] {processor.py:153} INFO - Started process (PID=1502) to work on /home/airflow/.local/lib/python3.7/site-packages/airflow/example_dags/example_branch_python_dop_operator_3.py
[2022-12-03T14:43:43.701+0000] {processor.py:743} INFO - Processing file /home/airflow/.local/lib/python3.7/site-packages/airflow/example_dags/example_branch_python_dop_operator_3.py for tasks to queue
[2022-12-03T14:43:43.702+0000] {logging_mixin.py:137} INFO - [2022-12-03T14:43:43.702+0000] {dagbag.py:538} INFO - Filling up the DagBag from /home/airflow/.local/lib/python3.7/site-packages/airflow/example_dags/example_branch_python_dop_operator_3.py
[2022-12-03T14:43:43.727+0000] {processor.py:753} INFO - DAG(s) dict_keys(['example_branch_dop_operator_v3']) retrieved from /home/airflow/.local/lib/python3.7/site-packages/airflow/example_dags/example_branch_python_dop_operator_3.py
[2022-12-03T14:43:43.765+0000] {logging_mixin.py:137} INFO - [2022-12-03T14:43:43.765+0000] {dag.py:2676} INFO - Sync 1 DAGs
[2022-12-03T14:43:43.800+0000] {logging_mixin.py:137} INFO - [2022-12-03T14:43:43.800+0000] {dag.py:3427} INFO - Setting next_dagrun for example_branch_dop_operator_v3 to 2022-12-03T14:42:00+00:00, run_after=2022-12-03T14:43:00+00:00
[2022-12-03T14:43:43.816+0000] {processor.py:175} INFO - Processing /home/airflow/.local/lib/python3.7/site-packages/airflow/example_dags/example_branch_python_dop_operator_3.py took 0.118 seconds
