[2022-12-03T14:36:12.657+0000] {processor.py:153} INFO - Started process (PID=112) to work on /home/airflow/.local/lib/python3.7/site-packages/airflow/example_dags/example_subdag_operator.py
[2022-12-03T14:36:12.658+0000] {processor.py:743} INFO - Processing file /home/airflow/.local/lib/python3.7/site-packages/airflow/example_dags/example_subdag_operator.py for tasks to queue
[2022-12-03T14:36:12.658+0000] {logging_mixin.py:137} INFO - [2022-12-03T14:36:12.658+0000] {dagbag.py:538} INFO - Filling up the DagBag from /home/airflow/.local/lib/python3.7/site-packages/airflow/example_dags/example_subdag_operator.py
[2022-12-03T14:36:12.701+0000] {processor.py:753} INFO - DAG(s) dict_keys(['example_subdag_operator.section-1', 'example_subdag_operator.section-2', 'example_subdag_operator']) retrieved from /home/airflow/.local/lib/python3.7/site-packages/airflow/example_dags/example_subdag_operator.py
[2022-12-03T14:36:12.734+0000] {logging_mixin.py:137} INFO - [2022-12-03T14:36:12.734+0000] {dag.py:2676} INFO - Sync 3 DAGs
[2022-12-03T14:36:12.760+0000] {logging_mixin.py:137} INFO - [2022-12-03T14:36:12.760+0000] {dag.py:3427} INFO - Setting next_dagrun for example_subdag_operator to 2022-01-01T00:00:00+00:00, run_after=2022-01-01T00:00:00+00:00
[2022-12-03T14:36:12.765+0000] {logging_mixin.py:137} INFO - [2022-12-03T14:36:12.765+0000] {dag.py:3427} INFO - Setting next_dagrun for example_subdag_operator.section-1 to None, run_after=None
[2022-12-03T14:36:12.766+0000] {logging_mixin.py:137} INFO - [2022-12-03T14:36:12.766+0000] {dag.py:3427} INFO - Setting next_dagrun for example_subdag_operator.section-2 to None, run_after=None
[2022-12-03T14:36:12.778+0000] {logging_mixin.py:137} INFO - [2022-12-03T14:36:12.777+0000] {dag.py:2676} INFO - Sync 2 DAGs
[2022-12-03T14:36:12.784+0000] {logging_mixin.py:137} INFO - [2022-12-03T14:36:12.784+0000] {dag.py:3427} INFO - Setting next_dagrun for example_subdag_operator.section-1 to None, run_after=None
[2022-12-03T14:36:12.784+0000] {logging_mixin.py:137} INFO - [2022-12-03T14:36:12.784+0000] {dag.py:3427} INFO - Setting next_dagrun for example_subdag_operator.section-2 to None, run_after=None
[2022-12-03T14:36:12.796+0000] {processor.py:175} INFO - Processing /home/airflow/.local/lib/python3.7/site-packages/airflow/example_dags/example_subdag_operator.py took 0.142 seconds
[2022-12-03T14:36:43.232+0000] {processor.py:153} INFO - Started process (PID=206) to work on /home/airflow/.local/lib/python3.7/site-packages/airflow/example_dags/example_subdag_operator.py
[2022-12-03T14:36:43.233+0000] {processor.py:743} INFO - Processing file /home/airflow/.local/lib/python3.7/site-packages/airflow/example_dags/example_subdag_operator.py for tasks to queue
[2022-12-03T14:36:43.233+0000] {logging_mixin.py:137} INFO - [2022-12-03T14:36:43.233+0000] {dagbag.py:538} INFO - Filling up the DagBag from /home/airflow/.local/lib/python3.7/site-packages/airflow/example_dags/example_subdag_operator.py
[2022-12-03T14:36:43.278+0000] {processor.py:753} INFO - DAG(s) dict_keys(['example_subdag_operator.section-1', 'example_subdag_operator.section-2', 'example_subdag_operator']) retrieved from /home/airflow/.local/lib/python3.7/site-packages/airflow/example_dags/example_subdag_operator.py
[2022-12-03T14:36:43.400+0000] {logging_mixin.py:137} INFO - [2022-12-03T14:36:43.400+0000] {dag.py:2676} INFO - Sync 3 DAGs
[2022-12-03T14:36:43.428+0000] {logging_mixin.py:137} INFO - [2022-12-03T14:36:43.428+0000] {dag.py:3427} INFO - Setting next_dagrun for example_subdag_operator to 2022-01-01T00:00:00+00:00, run_after=2022-01-01T00:00:00+00:00
[2022-12-03T14:36:43.431+0000] {logging_mixin.py:137} INFO - [2022-12-03T14:36:43.431+0000] {dag.py:3427} INFO - Setting next_dagrun for example_subdag_operator.section-1 to None, run_after=None
[2022-12-03T14:36:43.432+0000] {logging_mixin.py:137} INFO - [2022-12-03T14:36:43.432+0000] {dag.py:3427} INFO - Setting next_dagrun for example_subdag_operator.section-2 to None, run_after=None
[2022-12-03T14:36:43.439+0000] {logging_mixin.py:137} INFO - [2022-12-03T14:36:43.439+0000] {dag.py:2676} INFO - Sync 2 DAGs
[2022-12-03T14:36:43.445+0000] {logging_mixin.py:137} INFO - [2022-12-03T14:36:43.445+0000] {dag.py:3427} INFO - Setting next_dagrun for example_subdag_operator.section-1 to None, run_after=None
[2022-12-03T14:36:43.446+0000] {logging_mixin.py:137} INFO - [2022-12-03T14:36:43.446+0000] {dag.py:3427} INFO - Setting next_dagrun for example_subdag_operator.section-2 to None, run_after=None
[2022-12-03T14:36:43.457+0000] {processor.py:175} INFO - Processing /home/airflow/.local/lib/python3.7/site-packages/airflow/example_dags/example_subdag_operator.py took 0.227 seconds
[2022-12-03T14:37:13.494+0000] {processor.py:153} INFO - Started process (PID=307) to work on /home/airflow/.local/lib/python3.7/site-packages/airflow/example_dags/example_subdag_operator.py
[2022-12-03T14:37:13.495+0000] {processor.py:743} INFO - Processing file /home/airflow/.local/lib/python3.7/site-packages/airflow/example_dags/example_subdag_operator.py for tasks to queue
[2022-12-03T14:37:13.495+0000] {logging_mixin.py:137} INFO - [2022-12-03T14:37:13.495+0000] {dagbag.py:538} INFO - Filling up the DagBag from /home/airflow/.local/lib/python3.7/site-packages/airflow/example_dags/example_subdag_operator.py
[2022-12-03T14:37:13.545+0000] {processor.py:753} INFO - DAG(s) dict_keys(['example_subdag_operator.section-1', 'example_subdag_operator.section-2', 'example_subdag_operator']) retrieved from /home/airflow/.local/lib/python3.7/site-packages/airflow/example_dags/example_subdag_operator.py
[2022-12-03T14:37:13.599+0000] {logging_mixin.py:137} INFO - [2022-12-03T14:37:13.599+0000] {dag.py:2676} INFO - Sync 3 DAGs
[2022-12-03T14:37:13.623+0000] {logging_mixin.py:137} INFO - [2022-12-03T14:37:13.623+0000] {dag.py:3427} INFO - Setting next_dagrun for example_subdag_operator to 2022-01-01T00:00:00+00:00, run_after=2022-01-01T00:00:00+00:00
[2022-12-03T14:37:13.626+0000] {logging_mixin.py:137} INFO - [2022-12-03T14:37:13.626+0000] {dag.py:3427} INFO - Setting next_dagrun for example_subdag_operator.section-1 to None, run_after=None
[2022-12-03T14:37:13.627+0000] {logging_mixin.py:137} INFO - [2022-12-03T14:37:13.627+0000] {dag.py:3427} INFO - Setting next_dagrun for example_subdag_operator.section-2 to None, run_after=None
[2022-12-03T14:37:13.634+0000] {logging_mixin.py:137} INFO - [2022-12-03T14:37:13.634+0000] {dag.py:2676} INFO - Sync 2 DAGs
[2022-12-03T14:37:13.639+0000] {logging_mixin.py:137} INFO - [2022-12-03T14:37:13.639+0000] {dag.py:3427} INFO - Setting next_dagrun for example_subdag_operator.section-1 to None, run_after=None
[2022-12-03T14:37:13.639+0000] {logging_mixin.py:137} INFO - [2022-12-03T14:37:13.639+0000] {dag.py:3427} INFO - Setting next_dagrun for example_subdag_operator.section-2 to None, run_after=None
[2022-12-03T14:37:13.671+0000] {processor.py:175} INFO - Processing /home/airflow/.local/lib/python3.7/site-packages/airflow/example_dags/example_subdag_operator.py took 0.180 seconds
[2022-12-03T14:37:44.683+0000] {processor.py:153} INFO - Started process (PID=394) to work on /home/airflow/.local/lib/python3.7/site-packages/airflow/example_dags/example_subdag_operator.py
[2022-12-03T14:37:44.684+0000] {processor.py:743} INFO - Processing file /home/airflow/.local/lib/python3.7/site-packages/airflow/example_dags/example_subdag_operator.py for tasks to queue
[2022-12-03T14:37:44.685+0000] {logging_mixin.py:137} INFO - [2022-12-03T14:37:44.685+0000] {dagbag.py:538} INFO - Filling up the DagBag from /home/airflow/.local/lib/python3.7/site-packages/airflow/example_dags/example_subdag_operator.py
[2022-12-03T14:37:44.716+0000] {processor.py:753} INFO - DAG(s) dict_keys(['example_subdag_operator.section-1', 'example_subdag_operator.section-2', 'example_subdag_operator']) retrieved from /home/airflow/.local/lib/python3.7/site-packages/airflow/example_dags/example_subdag_operator.py
[2022-12-03T14:37:44.745+0000] {logging_mixin.py:137} INFO - [2022-12-03T14:37:44.745+0000] {dag.py:2676} INFO - Sync 3 DAGs
[2022-12-03T14:37:44.777+0000] {logging_mixin.py:137} INFO - [2022-12-03T14:37:44.777+0000] {dag.py:3427} INFO - Setting next_dagrun for example_subdag_operator to 2022-01-01T00:00:00+00:00, run_after=2022-01-01T00:00:00+00:00
[2022-12-03T14:37:44.781+0000] {logging_mixin.py:137} INFO - [2022-12-03T14:37:44.781+0000] {dag.py:3427} INFO - Setting next_dagrun for example_subdag_operator.section-1 to None, run_after=None
[2022-12-03T14:37:44.782+0000] {logging_mixin.py:137} INFO - [2022-12-03T14:37:44.782+0000] {dag.py:3427} INFO - Setting next_dagrun for example_subdag_operator.section-2 to None, run_after=None
[2022-12-03T14:37:44.789+0000] {logging_mixin.py:137} INFO - [2022-12-03T14:37:44.789+0000] {dag.py:2676} INFO - Sync 2 DAGs
[2022-12-03T14:37:44.794+0000] {logging_mixin.py:137} INFO - [2022-12-03T14:37:44.794+0000] {dag.py:3427} INFO - Setting next_dagrun for example_subdag_operator.section-1 to None, run_after=None
[2022-12-03T14:37:44.795+0000] {logging_mixin.py:137} INFO - [2022-12-03T14:37:44.794+0000] {dag.py:3427} INFO - Setting next_dagrun for example_subdag_operator.section-2 to None, run_after=None
[2022-12-03T14:37:44.804+0000] {processor.py:175} INFO - Processing /home/airflow/.local/lib/python3.7/site-packages/airflow/example_dags/example_subdag_operator.py took 0.124 seconds
[2022-12-03T14:38:14.846+0000] {processor.py:153} INFO - Started process (PID=504) to work on /home/airflow/.local/lib/python3.7/site-packages/airflow/example_dags/example_subdag_operator.py
[2022-12-03T14:38:14.846+0000] {processor.py:743} INFO - Processing file /home/airflow/.local/lib/python3.7/site-packages/airflow/example_dags/example_subdag_operator.py for tasks to queue
[2022-12-03T14:38:14.847+0000] {logging_mixin.py:137} INFO - [2022-12-03T14:38:14.847+0000] {dagbag.py:538} INFO - Filling up the DagBag from /home/airflow/.local/lib/python3.7/site-packages/airflow/example_dags/example_subdag_operator.py
[2022-12-03T14:38:14.879+0000] {processor.py:753} INFO - DAG(s) dict_keys(['example_subdag_operator.section-1', 'example_subdag_operator.section-2', 'example_subdag_operator']) retrieved from /home/airflow/.local/lib/python3.7/site-packages/airflow/example_dags/example_subdag_operator.py
[2022-12-03T14:38:14.908+0000] {logging_mixin.py:137} INFO - [2022-12-03T14:38:14.908+0000] {dag.py:2676} INFO - Sync 3 DAGs
[2022-12-03T14:38:14.931+0000] {logging_mixin.py:137} INFO - [2022-12-03T14:38:14.931+0000] {dag.py:3427} INFO - Setting next_dagrun for example_subdag_operator to 2022-01-01T00:00:00+00:00, run_after=2022-01-01T00:00:00+00:00
[2022-12-03T14:38:14.935+0000] {logging_mixin.py:137} INFO - [2022-12-03T14:38:14.935+0000] {dag.py:3427} INFO - Setting next_dagrun for example_subdag_operator.section-1 to None, run_after=None
[2022-12-03T14:38:14.937+0000] {logging_mixin.py:137} INFO - [2022-12-03T14:38:14.936+0000] {dag.py:3427} INFO - Setting next_dagrun for example_subdag_operator.section-2 to None, run_after=None
[2022-12-03T14:38:14.979+0000] {logging_mixin.py:137} INFO - [2022-12-03T14:38:14.979+0000] {dag.py:2676} INFO - Sync 2 DAGs
[2022-12-03T14:38:14.986+0000] {logging_mixin.py:137} INFO - [2022-12-03T14:38:14.986+0000] {dag.py:3427} INFO - Setting next_dagrun for example_subdag_operator.section-1 to None, run_after=None
[2022-12-03T14:38:14.986+0000] {logging_mixin.py:137} INFO - [2022-12-03T14:38:14.986+0000] {dag.py:3427} INFO - Setting next_dagrun for example_subdag_operator.section-2 to None, run_after=None
[2022-12-03T14:38:14.997+0000] {processor.py:175} INFO - Processing /home/airflow/.local/lib/python3.7/site-packages/airflow/example_dags/example_subdag_operator.py took 0.154 seconds
[2022-12-03T14:38:45.438+0000] {processor.py:153} INFO - Started process (PID=589) to work on /home/airflow/.local/lib/python3.7/site-packages/airflow/example_dags/example_subdag_operator.py
[2022-12-03T14:38:45.439+0000] {processor.py:743} INFO - Processing file /home/airflow/.local/lib/python3.7/site-packages/airflow/example_dags/example_subdag_operator.py for tasks to queue
[2022-12-03T14:38:45.439+0000] {logging_mixin.py:137} INFO - [2022-12-03T14:38:45.439+0000] {dagbag.py:538} INFO - Filling up the DagBag from /home/airflow/.local/lib/python3.7/site-packages/airflow/example_dags/example_subdag_operator.py
[2022-12-03T14:38:45.467+0000] {processor.py:753} INFO - DAG(s) dict_keys(['example_subdag_operator.section-1', 'example_subdag_operator.section-2', 'example_subdag_operator']) retrieved from /home/airflow/.local/lib/python3.7/site-packages/airflow/example_dags/example_subdag_operator.py
[2022-12-03T14:38:45.501+0000] {logging_mixin.py:137} INFO - [2022-12-03T14:38:45.501+0000] {dag.py:2676} INFO - Sync 3 DAGs
[2022-12-03T14:38:45.525+0000] {logging_mixin.py:137} INFO - [2022-12-03T14:38:45.525+0000] {dag.py:3427} INFO - Setting next_dagrun for example_subdag_operator to 2022-01-01T00:00:00+00:00, run_after=2022-01-01T00:00:00+00:00
[2022-12-03T14:38:45.528+0000] {logging_mixin.py:137} INFO - [2022-12-03T14:38:45.528+0000] {dag.py:3427} INFO - Setting next_dagrun for example_subdag_operator.section-1 to None, run_after=None
[2022-12-03T14:38:45.529+0000] {logging_mixin.py:137} INFO - [2022-12-03T14:38:45.529+0000] {dag.py:3427} INFO - Setting next_dagrun for example_subdag_operator.section-2 to None, run_after=None
[2022-12-03T14:38:45.535+0000] {logging_mixin.py:137} INFO - [2022-12-03T14:38:45.535+0000] {dag.py:2676} INFO - Sync 2 DAGs
[2022-12-03T14:38:45.540+0000] {logging_mixin.py:137} INFO - [2022-12-03T14:38:45.540+0000] {dag.py:3427} INFO - Setting next_dagrun for example_subdag_operator.section-1 to None, run_after=None
[2022-12-03T14:38:45.540+0000] {logging_mixin.py:137} INFO - [2022-12-03T14:38:45.540+0000] {dag.py:3427} INFO - Setting next_dagrun for example_subdag_operator.section-2 to None, run_after=None
[2022-12-03T14:38:45.550+0000] {processor.py:175} INFO - Processing /home/airflow/.local/lib/python3.7/site-packages/airflow/example_dags/example_subdag_operator.py took 0.114 seconds
[2022-12-03T14:39:15.664+0000] {processor.py:153} INFO - Started process (PID=675) to work on /home/airflow/.local/lib/python3.7/site-packages/airflow/example_dags/example_subdag_operator.py
[2022-12-03T14:39:15.665+0000] {processor.py:743} INFO - Processing file /home/airflow/.local/lib/python3.7/site-packages/airflow/example_dags/example_subdag_operator.py for tasks to queue
[2022-12-03T14:39:15.665+0000] {logging_mixin.py:137} INFO - [2022-12-03T14:39:15.665+0000] {dagbag.py:538} INFO - Filling up the DagBag from /home/airflow/.local/lib/python3.7/site-packages/airflow/example_dags/example_subdag_operator.py
[2022-12-03T14:39:15.700+0000] {processor.py:753} INFO - DAG(s) dict_keys(['example_subdag_operator.section-1', 'example_subdag_operator.section-2', 'example_subdag_operator']) retrieved from /home/airflow/.local/lib/python3.7/site-packages/airflow/example_dags/example_subdag_operator.py
[2022-12-03T14:39:15.733+0000] {logging_mixin.py:137} INFO - [2022-12-03T14:39:15.733+0000] {dag.py:2676} INFO - Sync 3 DAGs
[2022-12-03T14:39:15.758+0000] {logging_mixin.py:137} INFO - [2022-12-03T14:39:15.758+0000] {dag.py:3427} INFO - Setting next_dagrun for example_subdag_operator to 2022-01-01T00:00:00+00:00, run_after=2022-01-01T00:00:00+00:00
[2022-12-03T14:39:15.762+0000] {logging_mixin.py:137} INFO - [2022-12-03T14:39:15.762+0000] {dag.py:3427} INFO - Setting next_dagrun for example_subdag_operator.section-1 to None, run_after=None
[2022-12-03T14:39:15.763+0000] {logging_mixin.py:137} INFO - [2022-12-03T14:39:15.763+0000] {dag.py:3427} INFO - Setting next_dagrun for example_subdag_operator.section-2 to None, run_after=None
[2022-12-03T14:39:15.777+0000] {logging_mixin.py:137} INFO - [2022-12-03T14:39:15.777+0000] {dag.py:2676} INFO - Sync 2 DAGs
[2022-12-03T14:39:15.785+0000] {logging_mixin.py:137} INFO - [2022-12-03T14:39:15.785+0000] {dag.py:3427} INFO - Setting next_dagrun for example_subdag_operator.section-1 to None, run_after=None
[2022-12-03T14:39:15.785+0000] {logging_mixin.py:137} INFO - [2022-12-03T14:39:15.785+0000] {dag.py:3427} INFO - Setting next_dagrun for example_subdag_operator.section-2 to None, run_after=None
[2022-12-03T14:39:15.795+0000] {processor.py:175} INFO - Processing /home/airflow/.local/lib/python3.7/site-packages/airflow/example_dags/example_subdag_operator.py took 0.133 seconds
[2022-12-03T14:39:45.851+0000] {processor.py:153} INFO - Started process (PID=785) to work on /home/airflow/.local/lib/python3.7/site-packages/airflow/example_dags/example_subdag_operator.py
[2022-12-03T14:39:45.851+0000] {processor.py:743} INFO - Processing file /home/airflow/.local/lib/python3.7/site-packages/airflow/example_dags/example_subdag_operator.py for tasks to queue
[2022-12-03T14:39:45.852+0000] {logging_mixin.py:137} INFO - [2022-12-03T14:39:45.852+0000] {dagbag.py:538} INFO - Filling up the DagBag from /home/airflow/.local/lib/python3.7/site-packages/airflow/example_dags/example_subdag_operator.py
[2022-12-03T14:39:45.894+0000] {processor.py:753} INFO - DAG(s) dict_keys(['example_subdag_operator.section-1', 'example_subdag_operator.section-2', 'example_subdag_operator']) retrieved from /home/airflow/.local/lib/python3.7/site-packages/airflow/example_dags/example_subdag_operator.py
[2022-12-03T14:39:45.926+0000] {logging_mixin.py:137} INFO - [2022-12-03T14:39:45.926+0000] {dag.py:2676} INFO - Sync 3 DAGs
[2022-12-03T14:39:45.951+0000] {logging_mixin.py:137} INFO - [2022-12-03T14:39:45.951+0000] {dag.py:3427} INFO - Setting next_dagrun for example_subdag_operator to 2022-01-01T00:00:00+00:00, run_after=2022-01-01T00:00:00+00:00
[2022-12-03T14:39:45.954+0000] {logging_mixin.py:137} INFO - [2022-12-03T14:39:45.954+0000] {dag.py:3427} INFO - Setting next_dagrun for example_subdag_operator.section-1 to None, run_after=None
[2022-12-03T14:39:45.956+0000] {logging_mixin.py:137} INFO - [2022-12-03T14:39:45.955+0000] {dag.py:3427} INFO - Setting next_dagrun for example_subdag_operator.section-2 to None, run_after=None
[2022-12-03T14:39:45.963+0000] {logging_mixin.py:137} INFO - [2022-12-03T14:39:45.963+0000] {dag.py:2676} INFO - Sync 2 DAGs
[2022-12-03T14:39:45.979+0000] {logging_mixin.py:137} INFO - [2022-12-03T14:39:45.979+0000] {dag.py:3427} INFO - Setting next_dagrun for example_subdag_operator.section-1 to None, run_after=None
[2022-12-03T14:39:45.980+0000] {logging_mixin.py:137} INFO - [2022-12-03T14:39:45.980+0000] {dag.py:3427} INFO - Setting next_dagrun for example_subdag_operator.section-2 to None, run_after=None
[2022-12-03T14:39:45.993+0000] {processor.py:175} INFO - Processing /home/airflow/.local/lib/python3.7/site-packages/airflow/example_dags/example_subdag_operator.py took 0.145 seconds
[2022-12-03T14:40:16.427+0000] {processor.py:153} INFO - Started process (PID=871) to work on /home/airflow/.local/lib/python3.7/site-packages/airflow/example_dags/example_subdag_operator.py
[2022-12-03T14:40:16.427+0000] {processor.py:743} INFO - Processing file /home/airflow/.local/lib/python3.7/site-packages/airflow/example_dags/example_subdag_operator.py for tasks to queue
[2022-12-03T14:40:16.428+0000] {logging_mixin.py:137} INFO - [2022-12-03T14:40:16.428+0000] {dagbag.py:538} INFO - Filling up the DagBag from /home/airflow/.local/lib/python3.7/site-packages/airflow/example_dags/example_subdag_operator.py
[2022-12-03T14:40:16.457+0000] {processor.py:753} INFO - DAG(s) dict_keys(['example_subdag_operator.section-1', 'example_subdag_operator.section-2', 'example_subdag_operator']) retrieved from /home/airflow/.local/lib/python3.7/site-packages/airflow/example_dags/example_subdag_operator.py
[2022-12-03T14:40:16.507+0000] {logging_mixin.py:137} INFO - [2022-12-03T14:40:16.507+0000] {dag.py:2676} INFO - Sync 3 DAGs
[2022-12-03T14:40:16.530+0000] {logging_mixin.py:137} INFO - [2022-12-03T14:40:16.530+0000] {dag.py:3427} INFO - Setting next_dagrun for example_subdag_operator to 2022-01-01T00:00:00+00:00, run_after=2022-01-01T00:00:00+00:00
[2022-12-03T14:40:16.533+0000] {logging_mixin.py:137} INFO - [2022-12-03T14:40:16.533+0000] {dag.py:3427} INFO - Setting next_dagrun for example_subdag_operator.section-1 to None, run_after=None
[2022-12-03T14:40:16.534+0000] {logging_mixin.py:137} INFO - [2022-12-03T14:40:16.534+0000] {dag.py:3427} INFO - Setting next_dagrun for example_subdag_operator.section-2 to None, run_after=None
[2022-12-03T14:40:16.542+0000] {logging_mixin.py:137} INFO - [2022-12-03T14:40:16.542+0000] {dag.py:2676} INFO - Sync 2 DAGs
[2022-12-03T14:40:16.547+0000] {logging_mixin.py:137} INFO - [2022-12-03T14:40:16.547+0000] {dag.py:3427} INFO - Setting next_dagrun for example_subdag_operator.section-1 to None, run_after=None
[2022-12-03T14:40:16.548+0000] {logging_mixin.py:137} INFO - [2022-12-03T14:40:16.548+0000] {dag.py:3427} INFO - Setting next_dagrun for example_subdag_operator.section-2 to None, run_after=None
[2022-12-03T14:40:16.557+0000] {processor.py:175} INFO - Processing /home/airflow/.local/lib/python3.7/site-packages/airflow/example_dags/example_subdag_operator.py took 0.133 seconds
[2022-12-03T14:40:46.806+0000] {processor.py:153} INFO - Started process (PID=966) to work on /home/airflow/.local/lib/python3.7/site-packages/airflow/example_dags/example_subdag_operator.py
[2022-12-03T14:40:46.808+0000] {processor.py:743} INFO - Processing file /home/airflow/.local/lib/python3.7/site-packages/airflow/example_dags/example_subdag_operator.py for tasks to queue
[2022-12-03T14:40:46.808+0000] {logging_mixin.py:137} INFO - [2022-12-03T14:40:46.808+0000] {dagbag.py:538} INFO - Filling up the DagBag from /home/airflow/.local/lib/python3.7/site-packages/airflow/example_dags/example_subdag_operator.py
[2022-12-03T14:40:46.843+0000] {processor.py:753} INFO - DAG(s) dict_keys(['example_subdag_operator.section-1', 'example_subdag_operator.section-2', 'example_subdag_operator']) retrieved from /home/airflow/.local/lib/python3.7/site-packages/airflow/example_dags/example_subdag_operator.py
[2022-12-03T14:40:46.885+0000] {logging_mixin.py:137} INFO - [2022-12-03T14:40:46.885+0000] {dag.py:2676} INFO - Sync 3 DAGs
[2022-12-03T14:40:46.926+0000] {logging_mixin.py:137} INFO - [2022-12-03T14:40:46.926+0000] {dag.py:3427} INFO - Setting next_dagrun for example_subdag_operator to 2022-01-01T00:00:00+00:00, run_after=2022-01-01T00:00:00+00:00
[2022-12-03T14:40:46.929+0000] {logging_mixin.py:137} INFO - [2022-12-03T14:40:46.929+0000] {dag.py:3427} INFO - Setting next_dagrun for example_subdag_operator.section-1 to None, run_after=None
[2022-12-03T14:40:46.930+0000] {logging_mixin.py:137} INFO - [2022-12-03T14:40:46.930+0000] {dag.py:3427} INFO - Setting next_dagrun for example_subdag_operator.section-2 to None, run_after=None
[2022-12-03T14:40:46.936+0000] {logging_mixin.py:137} INFO - [2022-12-03T14:40:46.936+0000] {dag.py:2676} INFO - Sync 2 DAGs
[2022-12-03T14:40:46.941+0000] {logging_mixin.py:137} INFO - [2022-12-03T14:40:46.941+0000] {dag.py:3427} INFO - Setting next_dagrun for example_subdag_operator.section-1 to None, run_after=None
[2022-12-03T14:40:46.942+0000] {logging_mixin.py:137} INFO - [2022-12-03T14:40:46.942+0000] {dag.py:3427} INFO - Setting next_dagrun for example_subdag_operator.section-2 to None, run_after=None
[2022-12-03T14:40:46.952+0000] {processor.py:175} INFO - Processing /home/airflow/.local/lib/python3.7/site-packages/airflow/example_dags/example_subdag_operator.py took 0.152 seconds
[2022-12-03T14:41:17.218+0000] {processor.py:153} INFO - Started process (PID=1067) to work on /home/airflow/.local/lib/python3.7/site-packages/airflow/example_dags/example_subdag_operator.py
[2022-12-03T14:41:17.219+0000] {processor.py:743} INFO - Processing file /home/airflow/.local/lib/python3.7/site-packages/airflow/example_dags/example_subdag_operator.py for tasks to queue
[2022-12-03T14:41:17.220+0000] {logging_mixin.py:137} INFO - [2022-12-03T14:41:17.220+0000] {dagbag.py:538} INFO - Filling up the DagBag from /home/airflow/.local/lib/python3.7/site-packages/airflow/example_dags/example_subdag_operator.py
[2022-12-03T14:41:17.396+0000] {processor.py:753} INFO - DAG(s) dict_keys(['example_subdag_operator.section-1', 'example_subdag_operator.section-2', 'example_subdag_operator']) retrieved from /home/airflow/.local/lib/python3.7/site-packages/airflow/example_dags/example_subdag_operator.py
[2022-12-03T14:41:17.500+0000] {logging_mixin.py:137} INFO - [2022-12-03T14:41:17.500+0000] {dag.py:2676} INFO - Sync 3 DAGs
[2022-12-03T14:41:17.604+0000] {logging_mixin.py:137} INFO - [2022-12-03T14:41:17.604+0000] {dag.py:3427} INFO - Setting next_dagrun for example_subdag_operator to 2022-01-01T00:00:00+00:00, run_after=2022-01-01T00:00:00+00:00
[2022-12-03T14:41:17.609+0000] {logging_mixin.py:137} INFO - [2022-12-03T14:41:17.609+0000] {dag.py:3427} INFO - Setting next_dagrun for example_subdag_operator.section-1 to None, run_after=None
[2022-12-03T14:41:17.611+0000] {logging_mixin.py:137} INFO - [2022-12-03T14:41:17.611+0000] {dag.py:3427} INFO - Setting next_dagrun for example_subdag_operator.section-2 to None, run_after=None
[2022-12-03T14:41:17.623+0000] {logging_mixin.py:137} INFO - [2022-12-03T14:41:17.623+0000] {dag.py:2676} INFO - Sync 2 DAGs
[2022-12-03T14:41:17.681+0000] {logging_mixin.py:137} INFO - [2022-12-03T14:41:17.680+0000] {dag.py:3427} INFO - Setting next_dagrun for example_subdag_operator.section-1 to None, run_after=None
[2022-12-03T14:41:17.682+0000] {logging_mixin.py:137} INFO - [2022-12-03T14:41:17.682+0000] {dag.py:3427} INFO - Setting next_dagrun for example_subdag_operator.section-2 to None, run_after=None
[2022-12-03T14:41:17.698+0000] {processor.py:175} INFO - Processing /home/airflow/.local/lib/python3.7/site-packages/airflow/example_dags/example_subdag_operator.py took 0.483 seconds
[2022-12-03T14:41:48.429+0000] {processor.py:153} INFO - Started process (PID=1153) to work on /home/airflow/.local/lib/python3.7/site-packages/airflow/example_dags/example_subdag_operator.py
[2022-12-03T14:41:48.430+0000] {processor.py:743} INFO - Processing file /home/airflow/.local/lib/python3.7/site-packages/airflow/example_dags/example_subdag_operator.py for tasks to queue
[2022-12-03T14:41:48.431+0000] {logging_mixin.py:137} INFO - [2022-12-03T14:41:48.431+0000] {dagbag.py:538} INFO - Filling up the DagBag from /home/airflow/.local/lib/python3.7/site-packages/airflow/example_dags/example_subdag_operator.py
[2022-12-03T14:41:48.463+0000] {processor.py:753} INFO - DAG(s) dict_keys(['example_subdag_operator.section-1', 'example_subdag_operator.section-2', 'example_subdag_operator']) retrieved from /home/airflow/.local/lib/python3.7/site-packages/airflow/example_dags/example_subdag_operator.py
[2022-12-03T14:41:48.502+0000] {logging_mixin.py:137} INFO - [2022-12-03T14:41:48.502+0000] {dag.py:2676} INFO - Sync 3 DAGs
[2022-12-03T14:41:48.533+0000] {logging_mixin.py:137} INFO - [2022-12-03T14:41:48.532+0000] {dag.py:3427} INFO - Setting next_dagrun for example_subdag_operator to 2022-01-01T00:00:00+00:00, run_after=2022-01-01T00:00:00+00:00
[2022-12-03T14:41:48.536+0000] {logging_mixin.py:137} INFO - [2022-12-03T14:41:48.536+0000] {dag.py:3427} INFO - Setting next_dagrun for example_subdag_operator.section-1 to None, run_after=None
[2022-12-03T14:41:48.537+0000] {logging_mixin.py:137} INFO - [2022-12-03T14:41:48.537+0000] {dag.py:3427} INFO - Setting next_dagrun for example_subdag_operator.section-2 to None, run_after=None
[2022-12-03T14:41:48.544+0000] {logging_mixin.py:137} INFO - [2022-12-03T14:41:48.544+0000] {dag.py:2676} INFO - Sync 2 DAGs
[2022-12-03T14:41:48.553+0000] {logging_mixin.py:137} INFO - [2022-12-03T14:41:48.553+0000] {dag.py:3427} INFO - Setting next_dagrun for example_subdag_operator.section-1 to None, run_after=None
[2022-12-03T14:41:48.554+0000] {logging_mixin.py:137} INFO - [2022-12-03T14:41:48.554+0000] {dag.py:3427} INFO - Setting next_dagrun for example_subdag_operator.section-2 to None, run_after=None
[2022-12-03T14:41:48.582+0000] {processor.py:175} INFO - Processing /home/airflow/.local/lib/python3.7/site-packages/airflow/example_dags/example_subdag_operator.py took 0.155 seconds
[2022-12-03T14:42:18.987+0000] {processor.py:153} INFO - Started process (PID=1239) to work on /home/airflow/.local/lib/python3.7/site-packages/airflow/example_dags/example_subdag_operator.py
[2022-12-03T14:42:18.988+0000] {processor.py:743} INFO - Processing file /home/airflow/.local/lib/python3.7/site-packages/airflow/example_dags/example_subdag_operator.py for tasks to queue
[2022-12-03T14:42:18.988+0000] {logging_mixin.py:137} INFO - [2022-12-03T14:42:18.988+0000] {dagbag.py:538} INFO - Filling up the DagBag from /home/airflow/.local/lib/python3.7/site-packages/airflow/example_dags/example_subdag_operator.py
[2022-12-03T14:42:19.021+0000] {processor.py:753} INFO - DAG(s) dict_keys(['example_subdag_operator.section-1', 'example_subdag_operator.section-2', 'example_subdag_operator']) retrieved from /home/airflow/.local/lib/python3.7/site-packages/airflow/example_dags/example_subdag_operator.py
[2022-12-03T14:42:19.067+0000] {logging_mixin.py:137} INFO - [2022-12-03T14:42:19.067+0000] {dag.py:2676} INFO - Sync 3 DAGs
[2022-12-03T14:42:19.102+0000] {logging_mixin.py:137} INFO - [2022-12-03T14:42:19.102+0000] {dag.py:3427} INFO - Setting next_dagrun for example_subdag_operator to 2022-01-01T00:00:00+00:00, run_after=2022-01-01T00:00:00+00:00
[2022-12-03T14:42:19.105+0000] {logging_mixin.py:137} INFO - [2022-12-03T14:42:19.105+0000] {dag.py:3427} INFO - Setting next_dagrun for example_subdag_operator.section-1 to None, run_after=None
[2022-12-03T14:42:19.107+0000] {logging_mixin.py:137} INFO - [2022-12-03T14:42:19.107+0000] {dag.py:3427} INFO - Setting next_dagrun for example_subdag_operator.section-2 to None, run_after=None
[2022-12-03T14:42:19.115+0000] {logging_mixin.py:137} INFO - [2022-12-03T14:42:19.114+0000] {dag.py:2676} INFO - Sync 2 DAGs
[2022-12-03T14:42:19.120+0000] {logging_mixin.py:137} INFO - [2022-12-03T14:42:19.120+0000] {dag.py:3427} INFO - Setting next_dagrun for example_subdag_operator.section-1 to None, run_after=None
[2022-12-03T14:42:19.120+0000] {logging_mixin.py:137} INFO - [2022-12-03T14:42:19.120+0000] {dag.py:3427} INFO - Setting next_dagrun for example_subdag_operator.section-2 to None, run_after=None
[2022-12-03T14:42:19.130+0000] {processor.py:175} INFO - Processing /home/airflow/.local/lib/python3.7/site-packages/airflow/example_dags/example_subdag_operator.py took 0.145 seconds
[2022-12-03T14:42:49.609+0000] {processor.py:153} INFO - Started process (PID=1349) to work on /home/airflow/.local/lib/python3.7/site-packages/airflow/example_dags/example_subdag_operator.py
[2022-12-03T14:42:49.610+0000] {processor.py:743} INFO - Processing file /home/airflow/.local/lib/python3.7/site-packages/airflow/example_dags/example_subdag_operator.py for tasks to queue
[2022-12-03T14:42:49.610+0000] {logging_mixin.py:137} INFO - [2022-12-03T14:42:49.610+0000] {dagbag.py:538} INFO - Filling up the DagBag from /home/airflow/.local/lib/python3.7/site-packages/airflow/example_dags/example_subdag_operator.py
[2022-12-03T14:42:49.672+0000] {processor.py:753} INFO - DAG(s) dict_keys(['example_subdag_operator.section-1', 'example_subdag_operator.section-2', 'example_subdag_operator']) retrieved from /home/airflow/.local/lib/python3.7/site-packages/airflow/example_dags/example_subdag_operator.py
[2022-12-03T14:42:49.718+0000] {logging_mixin.py:137} INFO - [2022-12-03T14:42:49.718+0000] {dag.py:2676} INFO - Sync 3 DAGs
[2022-12-03T14:42:49.744+0000] {logging_mixin.py:137} INFO - [2022-12-03T14:42:49.743+0000] {dag.py:3427} INFO - Setting next_dagrun for example_subdag_operator to 2022-01-01T00:00:00+00:00, run_after=2022-01-01T00:00:00+00:00
[2022-12-03T14:42:49.747+0000] {logging_mixin.py:137} INFO - [2022-12-03T14:42:49.747+0000] {dag.py:3427} INFO - Setting next_dagrun for example_subdag_operator.section-1 to None, run_after=None
[2022-12-03T14:42:49.748+0000] {logging_mixin.py:137} INFO - [2022-12-03T14:42:49.748+0000] {dag.py:3427} INFO - Setting next_dagrun for example_subdag_operator.section-2 to None, run_after=None
[2022-12-03T14:42:49.755+0000] {logging_mixin.py:137} INFO - [2022-12-03T14:42:49.755+0000] {dag.py:2676} INFO - Sync 2 DAGs
[2022-12-03T14:42:49.760+0000] {logging_mixin.py:137} INFO - [2022-12-03T14:42:49.760+0000] {dag.py:3427} INFO - Setting next_dagrun for example_subdag_operator.section-1 to None, run_after=None
[2022-12-03T14:42:49.760+0000] {logging_mixin.py:137} INFO - [2022-12-03T14:42:49.760+0000] {dag.py:3427} INFO - Setting next_dagrun for example_subdag_operator.section-2 to None, run_after=None
[2022-12-03T14:42:49.783+0000] {processor.py:175} INFO - Processing /home/airflow/.local/lib/python3.7/site-packages/airflow/example_dags/example_subdag_operator.py took 0.176 seconds
[2022-12-03T14:43:19.934+0000] {processor.py:153} INFO - Started process (PID=1434) to work on /home/airflow/.local/lib/python3.7/site-packages/airflow/example_dags/example_subdag_operator.py
[2022-12-03T14:43:19.934+0000] {processor.py:743} INFO - Processing file /home/airflow/.local/lib/python3.7/site-packages/airflow/example_dags/example_subdag_operator.py for tasks to queue
[2022-12-03T14:43:19.935+0000] {logging_mixin.py:137} INFO - [2022-12-03T14:43:19.935+0000] {dagbag.py:538} INFO - Filling up the DagBag from /home/airflow/.local/lib/python3.7/site-packages/airflow/example_dags/example_subdag_operator.py
[2022-12-03T14:43:19.963+0000] {processor.py:753} INFO - DAG(s) dict_keys(['example_subdag_operator.section-1', 'example_subdag_operator.section-2', 'example_subdag_operator']) retrieved from /home/airflow/.local/lib/python3.7/site-packages/airflow/example_dags/example_subdag_operator.py
[2022-12-03T14:43:20.003+0000] {logging_mixin.py:137} INFO - [2022-12-03T14:43:20.003+0000] {dag.py:2676} INFO - Sync 3 DAGs
[2022-12-03T14:43:20.028+0000] {logging_mixin.py:137} INFO - [2022-12-03T14:43:20.027+0000] {dag.py:3427} INFO - Setting next_dagrun for example_subdag_operator to 2022-01-01T00:00:00+00:00, run_after=2022-01-01T00:00:00+00:00
[2022-12-03T14:43:20.031+0000] {logging_mixin.py:137} INFO - [2022-12-03T14:43:20.031+0000] {dag.py:3427} INFO - Setting next_dagrun for example_subdag_operator.section-1 to None, run_after=None
[2022-12-03T14:43:20.032+0000] {logging_mixin.py:137} INFO - [2022-12-03T14:43:20.032+0000] {dag.py:3427} INFO - Setting next_dagrun for example_subdag_operator.section-2 to None, run_after=None
[2022-12-03T14:43:20.039+0000] {logging_mixin.py:137} INFO - [2022-12-03T14:43:20.038+0000] {dag.py:2676} INFO - Sync 2 DAGs
[2022-12-03T14:43:20.044+0000] {logging_mixin.py:137} INFO - [2022-12-03T14:43:20.044+0000] {dag.py:3427} INFO - Setting next_dagrun for example_subdag_operator.section-1 to None, run_after=None
[2022-12-03T14:43:20.044+0000] {logging_mixin.py:137} INFO - [2022-12-03T14:43:20.044+0000] {dag.py:3427} INFO - Setting next_dagrun for example_subdag_operator.section-2 to None, run_after=None
[2022-12-03T14:43:20.055+0000] {processor.py:175} INFO - Processing /home/airflow/.local/lib/python3.7/site-packages/airflow/example_dags/example_subdag_operator.py took 0.124 seconds
[2022-12-03T14:43:50.201+0000] {processor.py:153} INFO - Started process (PID=1544) to work on /home/airflow/.local/lib/python3.7/site-packages/airflow/example_dags/example_subdag_operator.py
[2022-12-03T14:43:50.202+0000] {processor.py:743} INFO - Processing file /home/airflow/.local/lib/python3.7/site-packages/airflow/example_dags/example_subdag_operator.py for tasks to queue
[2022-12-03T14:43:50.202+0000] {logging_mixin.py:137} INFO - [2022-12-03T14:43:50.202+0000] {dagbag.py:538} INFO - Filling up the DagBag from /home/airflow/.local/lib/python3.7/site-packages/airflow/example_dags/example_subdag_operator.py
[2022-12-03T14:43:50.232+0000] {processor.py:753} INFO - DAG(s) dict_keys(['example_subdag_operator.section-1', 'example_subdag_operator.section-2', 'example_subdag_operator']) retrieved from /home/airflow/.local/lib/python3.7/site-packages/airflow/example_dags/example_subdag_operator.py
[2022-12-03T14:43:50.263+0000] {logging_mixin.py:137} INFO - [2022-12-03T14:43:50.263+0000] {dag.py:2676} INFO - Sync 3 DAGs
[2022-12-03T14:43:50.300+0000] {logging_mixin.py:137} INFO - [2022-12-03T14:43:50.300+0000] {dag.py:3427} INFO - Setting next_dagrun for example_subdag_operator to 2022-01-01T00:00:00+00:00, run_after=2022-01-01T00:00:00+00:00
[2022-12-03T14:43:50.303+0000] {logging_mixin.py:137} INFO - [2022-12-03T14:43:50.303+0000] {dag.py:3427} INFO - Setting next_dagrun for example_subdag_operator.section-1 to None, run_after=None
[2022-12-03T14:43:50.304+0000] {logging_mixin.py:137} INFO - [2022-12-03T14:43:50.304+0000] {dag.py:3427} INFO - Setting next_dagrun for example_subdag_operator.section-2 to None, run_after=None
[2022-12-03T14:43:50.311+0000] {logging_mixin.py:137} INFO - [2022-12-03T14:43:50.310+0000] {dag.py:2676} INFO - Sync 2 DAGs
[2022-12-03T14:43:50.316+0000] {logging_mixin.py:137} INFO - [2022-12-03T14:43:50.316+0000] {dag.py:3427} INFO - Setting next_dagrun for example_subdag_operator.section-1 to None, run_after=None
[2022-12-03T14:43:50.316+0000] {logging_mixin.py:137} INFO - [2022-12-03T14:43:50.316+0000] {dag.py:3427} INFO - Setting next_dagrun for example_subdag_operator.section-2 to None, run_after=None
[2022-12-03T14:43:50.327+0000] {processor.py:175} INFO - Processing /home/airflow/.local/lib/python3.7/site-packages/airflow/example_dags/example_subdag_operator.py took 0.128 seconds
