[2022-12-03T14:36:07.228+0000] {processor.py:153} INFO - Started process (PID=105) to work on /home/airflow/.local/lib/python3.7/site-packages/airflow/example_dags/example_python_operator.py
[2022-12-03T14:36:07.228+0000] {processor.py:743} INFO - Processing file /home/airflow/.local/lib/python3.7/site-packages/airflow/example_dags/example_python_operator.py for tasks to queue
[2022-12-03T14:36:07.229+0000] {logging_mixin.py:137} INFO - [2022-12-03T14:36:07.229+0000] {dagbag.py:538} INFO - Filling up the DagBag from /home/airflow/.local/lib/python3.7/site-packages/airflow/example_dags/example_python_operator.py
[2022-12-03T14:36:07.252+0000] {logging_mixin.py:137} INFO - [2022-12-03T14:36:07.252+0000] {taskmixin.py:205} WARNING - Dependency <Task(_PythonDecoratedOperator): print_the_context>, log_sql_query already registered for DAG: example_python_operator
[2022-12-03T14:36:07.252+0000] {logging_mixin.py:137} INFO - [2022-12-03T14:36:07.252+0000] {taskmixin.py:205} WARNING - Dependency <Task(_PythonDecoratedOperator): log_sql_query>, print_the_context already registered for DAG: example_python_operator
[2022-12-03T14:36:07.257+0000] {logging_mixin.py:137} INFO - [2022-12-03T14:36:07.257+0000] {taskmixin.py:205} WARNING - Dependency <Task(_PythonDecoratedOperator): print_the_context>, log_sql_query already registered for DAG: example_python_operator
[2022-12-03T14:36:07.257+0000] {logging_mixin.py:137} INFO - [2022-12-03T14:36:07.257+0000] {taskmixin.py:205} WARNING - Dependency <Task(_PythonDecoratedOperator): log_sql_query>, print_the_context already registered for DAG: example_python_operator
[2022-12-03T14:36:07.258+0000] {logging_mixin.py:137} INFO - [2022-12-03T14:36:07.258+0000] {taskmixin.py:205} WARNING - Dependency <Task(_PythonDecoratedOperator): print_the_context>, log_sql_query already registered for DAG: example_python_operator
[2022-12-03T14:36:07.258+0000] {logging_mixin.py:137} INFO - [2022-12-03T14:36:07.258+0000] {taskmixin.py:205} WARNING - Dependency <Task(_PythonDecoratedOperator): log_sql_query>, print_the_context already registered for DAG: example_python_operator
[2022-12-03T14:36:07.259+0000] {logging_mixin.py:137} INFO - [2022-12-03T14:36:07.259+0000] {taskmixin.py:205} WARNING - Dependency <Task(_PythonDecoratedOperator): print_the_context>, log_sql_query already registered for DAG: example_python_operator
[2022-12-03T14:36:07.259+0000] {logging_mixin.py:137} INFO - [2022-12-03T14:36:07.259+0000] {taskmixin.py:205} WARNING - Dependency <Task(_PythonDecoratedOperator): log_sql_query>, print_the_context already registered for DAG: example_python_operator
[2022-12-03T14:36:07.275+0000] {processor.py:753} INFO - DAG(s) dict_keys(['example_python_operator']) retrieved from /home/airflow/.local/lib/python3.7/site-packages/airflow/example_dags/example_python_operator.py
[2022-12-03T14:36:07.389+0000] {logging_mixin.py:137} INFO - [2022-12-03T14:36:07.389+0000] {dag.py:2676} INFO - Sync 1 DAGs
[2022-12-03T14:36:07.423+0000] {logging_mixin.py:137} INFO - [2022-12-03T14:36:07.423+0000] {dag.py:3427} INFO - Setting next_dagrun for example_python_operator to None, run_after=None
[2022-12-03T14:36:07.452+0000] {processor.py:175} INFO - Processing /home/airflow/.local/lib/python3.7/site-packages/airflow/example_dags/example_python_operator.py took 0.226 seconds
[2022-12-03T14:36:37.723+0000] {processor.py:153} INFO - Started process (PID=191) to work on /home/airflow/.local/lib/python3.7/site-packages/airflow/example_dags/example_python_operator.py
[2022-12-03T14:36:37.724+0000] {processor.py:743} INFO - Processing file /home/airflow/.local/lib/python3.7/site-packages/airflow/example_dags/example_python_operator.py for tasks to queue
[2022-12-03T14:36:37.725+0000] {logging_mixin.py:137} INFO - [2022-12-03T14:36:37.724+0000] {dagbag.py:538} INFO - Filling up the DagBag from /home/airflow/.local/lib/python3.7/site-packages/airflow/example_dags/example_python_operator.py
[2022-12-03T14:36:37.743+0000] {logging_mixin.py:137} INFO - [2022-12-03T14:36:37.743+0000] {taskmixin.py:205} WARNING - Dependency <Task(_PythonDecoratedOperator): print_the_context>, log_sql_query already registered for DAG: example_python_operator
[2022-12-03T14:36:37.744+0000] {logging_mixin.py:137} INFO - [2022-12-03T14:36:37.744+0000] {taskmixin.py:205} WARNING - Dependency <Task(_PythonDecoratedOperator): log_sql_query>, print_the_context already registered for DAG: example_python_operator
[2022-12-03T14:36:37.744+0000] {logging_mixin.py:137} INFO - [2022-12-03T14:36:37.744+0000] {taskmixin.py:205} WARNING - Dependency <Task(_PythonDecoratedOperator): print_the_context>, log_sql_query already registered for DAG: example_python_operator
[2022-12-03T14:36:37.745+0000] {logging_mixin.py:137} INFO - [2022-12-03T14:36:37.744+0000] {taskmixin.py:205} WARNING - Dependency <Task(_PythonDecoratedOperator): log_sql_query>, print_the_context already registered for DAG: example_python_operator
[2022-12-03T14:36:37.745+0000] {logging_mixin.py:137} INFO - [2022-12-03T14:36:37.745+0000] {taskmixin.py:205} WARNING - Dependency <Task(_PythonDecoratedOperator): print_the_context>, log_sql_query already registered for DAG: example_python_operator
[2022-12-03T14:36:37.745+0000] {logging_mixin.py:137} INFO - [2022-12-03T14:36:37.745+0000] {taskmixin.py:205} WARNING - Dependency <Task(_PythonDecoratedOperator): log_sql_query>, print_the_context already registered for DAG: example_python_operator
[2022-12-03T14:36:37.746+0000] {logging_mixin.py:137} INFO - [2022-12-03T14:36:37.746+0000] {taskmixin.py:205} WARNING - Dependency <Task(_PythonDecoratedOperator): print_the_context>, log_sql_query already registered for DAG: example_python_operator
[2022-12-03T14:36:37.746+0000] {logging_mixin.py:137} INFO - [2022-12-03T14:36:37.746+0000] {taskmixin.py:205} WARNING - Dependency <Task(_PythonDecoratedOperator): log_sql_query>, print_the_context already registered for DAG: example_python_operator
[2022-12-03T14:36:37.767+0000] {processor.py:753} INFO - DAG(s) dict_keys(['example_python_operator']) retrieved from /home/airflow/.local/lib/python3.7/site-packages/airflow/example_dags/example_python_operator.py
[2022-12-03T14:36:37.814+0000] {logging_mixin.py:137} INFO - [2022-12-03T14:36:37.813+0000] {dag.py:2676} INFO - Sync 1 DAGs
[2022-12-03T14:36:37.839+0000] {logging_mixin.py:137} INFO - [2022-12-03T14:36:37.839+0000] {dag.py:3427} INFO - Setting next_dagrun for example_python_operator to None, run_after=None
[2022-12-03T14:36:37.857+0000] {processor.py:175} INFO - Processing /home/airflow/.local/lib/python3.7/site-packages/airflow/example_dags/example_python_operator.py took 0.136 seconds
[2022-12-03T14:37:09.269+0000] {processor.py:153} INFO - Started process (PID=286) to work on /home/airflow/.local/lib/python3.7/site-packages/airflow/example_dags/example_python_operator.py
[2022-12-03T14:37:09.276+0000] {processor.py:743} INFO - Processing file /home/airflow/.local/lib/python3.7/site-packages/airflow/example_dags/example_python_operator.py for tasks to queue
[2022-12-03T14:37:09.277+0000] {logging_mixin.py:137} INFO - [2022-12-03T14:37:09.277+0000] {dagbag.py:538} INFO - Filling up the DagBag from /home/airflow/.local/lib/python3.7/site-packages/airflow/example_dags/example_python_operator.py
[2022-12-03T14:37:09.298+0000] {logging_mixin.py:137} INFO - [2022-12-03T14:37:09.298+0000] {taskmixin.py:205} WARNING - Dependency <Task(_PythonDecoratedOperator): print_the_context>, log_sql_query already registered for DAG: example_python_operator
[2022-12-03T14:37:09.298+0000] {logging_mixin.py:137} INFO - [2022-12-03T14:37:09.298+0000] {taskmixin.py:205} WARNING - Dependency <Task(_PythonDecoratedOperator): log_sql_query>, print_the_context already registered for DAG: example_python_operator
[2022-12-03T14:37:09.299+0000] {logging_mixin.py:137} INFO - [2022-12-03T14:37:09.299+0000] {taskmixin.py:205} WARNING - Dependency <Task(_PythonDecoratedOperator): print_the_context>, log_sql_query already registered for DAG: example_python_operator
[2022-12-03T14:37:09.299+0000] {logging_mixin.py:137} INFO - [2022-12-03T14:37:09.299+0000] {taskmixin.py:205} WARNING - Dependency <Task(_PythonDecoratedOperator): log_sql_query>, print_the_context already registered for DAG: example_python_operator
[2022-12-03T14:37:09.300+0000] {logging_mixin.py:137} INFO - [2022-12-03T14:37:09.300+0000] {taskmixin.py:205} WARNING - Dependency <Task(_PythonDecoratedOperator): print_the_context>, log_sql_query already registered for DAG: example_python_operator
[2022-12-03T14:37:09.300+0000] {logging_mixin.py:137} INFO - [2022-12-03T14:37:09.300+0000] {taskmixin.py:205} WARNING - Dependency <Task(_PythonDecoratedOperator): log_sql_query>, print_the_context already registered for DAG: example_python_operator
[2022-12-03T14:37:09.301+0000] {logging_mixin.py:137} INFO - [2022-12-03T14:37:09.301+0000] {taskmixin.py:205} WARNING - Dependency <Task(_PythonDecoratedOperator): print_the_context>, log_sql_query already registered for DAG: example_python_operator
[2022-12-03T14:37:09.301+0000] {logging_mixin.py:137} INFO - [2022-12-03T14:37:09.301+0000] {taskmixin.py:205} WARNING - Dependency <Task(_PythonDecoratedOperator): log_sql_query>, print_the_context already registered for DAG: example_python_operator
[2022-12-03T14:37:09.309+0000] {processor.py:753} INFO - DAG(s) dict_keys(['example_python_operator']) retrieved from /home/airflow/.local/lib/python3.7/site-packages/airflow/example_dags/example_python_operator.py
[2022-12-03T14:37:09.411+0000] {logging_mixin.py:137} INFO - [2022-12-03T14:37:09.411+0000] {dag.py:2676} INFO - Sync 1 DAGs
[2022-12-03T14:37:09.501+0000] {logging_mixin.py:137} INFO - [2022-12-03T14:37:09.501+0000] {dag.py:3427} INFO - Setting next_dagrun for example_python_operator to None, run_after=None
[2022-12-03T14:37:09.593+0000] {processor.py:175} INFO - Processing /home/airflow/.local/lib/python3.7/site-packages/airflow/example_dags/example_python_operator.py took 0.379 seconds
[2022-12-03T14:37:39.916+0000] {processor.py:153} INFO - Started process (PID=387) to work on /home/airflow/.local/lib/python3.7/site-packages/airflow/example_dags/example_python_operator.py
[2022-12-03T14:37:39.969+0000] {processor.py:743} INFO - Processing file /home/airflow/.local/lib/python3.7/site-packages/airflow/example_dags/example_python_operator.py for tasks to queue
[2022-12-03T14:37:39.970+0000] {logging_mixin.py:137} INFO - [2022-12-03T14:37:39.970+0000] {dagbag.py:538} INFO - Filling up the DagBag from /home/airflow/.local/lib/python3.7/site-packages/airflow/example_dags/example_python_operator.py
[2022-12-03T14:37:39.994+0000] {logging_mixin.py:137} INFO - [2022-12-03T14:37:39.994+0000] {taskmixin.py:205} WARNING - Dependency <Task(_PythonDecoratedOperator): print_the_context>, log_sql_query already registered for DAG: example_python_operator
[2022-12-03T14:37:39.994+0000] {logging_mixin.py:137} INFO - [2022-12-03T14:37:39.994+0000] {taskmixin.py:205} WARNING - Dependency <Task(_PythonDecoratedOperator): log_sql_query>, print_the_context already registered for DAG: example_python_operator
[2022-12-03T14:37:39.995+0000] {logging_mixin.py:137} INFO - [2022-12-03T14:37:39.995+0000] {taskmixin.py:205} WARNING - Dependency <Task(_PythonDecoratedOperator): print_the_context>, log_sql_query already registered for DAG: example_python_operator
[2022-12-03T14:37:39.995+0000] {logging_mixin.py:137} INFO - [2022-12-03T14:37:39.995+0000] {taskmixin.py:205} WARNING - Dependency <Task(_PythonDecoratedOperator): log_sql_query>, print_the_context already registered for DAG: example_python_operator
[2022-12-03T14:37:39.996+0000] {logging_mixin.py:137} INFO - [2022-12-03T14:37:39.995+0000] {taskmixin.py:205} WARNING - Dependency <Task(_PythonDecoratedOperator): print_the_context>, log_sql_query already registered for DAG: example_python_operator
[2022-12-03T14:37:39.996+0000] {logging_mixin.py:137} INFO - [2022-12-03T14:37:39.996+0000] {taskmixin.py:205} WARNING - Dependency <Task(_PythonDecoratedOperator): log_sql_query>, print_the_context already registered for DAG: example_python_operator
[2022-12-03T14:37:39.996+0000] {logging_mixin.py:137} INFO - [2022-12-03T14:37:39.996+0000] {taskmixin.py:205} WARNING - Dependency <Task(_PythonDecoratedOperator): print_the_context>, log_sql_query already registered for DAG: example_python_operator
[2022-12-03T14:37:39.996+0000] {logging_mixin.py:137} INFO - [2022-12-03T14:37:39.996+0000] {taskmixin.py:205} WARNING - Dependency <Task(_PythonDecoratedOperator): log_sql_query>, print_the_context already registered for DAG: example_python_operator
[2022-12-03T14:37:40.003+0000] {processor.py:753} INFO - DAG(s) dict_keys(['example_python_operator']) retrieved from /home/airflow/.local/lib/python3.7/site-packages/airflow/example_dags/example_python_operator.py
[2022-12-03T14:37:40.081+0000] {logging_mixin.py:137} INFO - [2022-12-03T14:37:40.081+0000] {dag.py:2676} INFO - Sync 1 DAGs
[2022-12-03T14:37:40.106+0000] {logging_mixin.py:137} INFO - [2022-12-03T14:37:40.106+0000] {dag.py:3427} INFO - Setting next_dagrun for example_python_operator to None, run_after=None
[2022-12-03T14:37:40.125+0000] {processor.py:175} INFO - Processing /home/airflow/.local/lib/python3.7/site-packages/airflow/example_dags/example_python_operator.py took 0.212 seconds
[2022-12-03T14:38:10.236+0000] {processor.py:153} INFO - Started process (PID=473) to work on /home/airflow/.local/lib/python3.7/site-packages/airflow/example_dags/example_python_operator.py
[2022-12-03T14:38:10.237+0000] {processor.py:743} INFO - Processing file /home/airflow/.local/lib/python3.7/site-packages/airflow/example_dags/example_python_operator.py for tasks to queue
[2022-12-03T14:38:10.237+0000] {logging_mixin.py:137} INFO - [2022-12-03T14:38:10.237+0000] {dagbag.py:538} INFO - Filling up the DagBag from /home/airflow/.local/lib/python3.7/site-packages/airflow/example_dags/example_python_operator.py
[2022-12-03T14:38:10.256+0000] {logging_mixin.py:137} INFO - [2022-12-03T14:38:10.256+0000] {taskmixin.py:205} WARNING - Dependency <Task(_PythonDecoratedOperator): print_the_context>, log_sql_query already registered for DAG: example_python_operator
[2022-12-03T14:38:10.257+0000] {logging_mixin.py:137} INFO - [2022-12-03T14:38:10.257+0000] {taskmixin.py:205} WARNING - Dependency <Task(_PythonDecoratedOperator): log_sql_query>, print_the_context already registered for DAG: example_python_operator
[2022-12-03T14:38:10.257+0000] {logging_mixin.py:137} INFO - [2022-12-03T14:38:10.257+0000] {taskmixin.py:205} WARNING - Dependency <Task(_PythonDecoratedOperator): print_the_context>, log_sql_query already registered for DAG: example_python_operator
[2022-12-03T14:38:10.257+0000] {logging_mixin.py:137} INFO - [2022-12-03T14:38:10.257+0000] {taskmixin.py:205} WARNING - Dependency <Task(_PythonDecoratedOperator): log_sql_query>, print_the_context already registered for DAG: example_python_operator
[2022-12-03T14:38:10.258+0000] {logging_mixin.py:137} INFO - [2022-12-03T14:38:10.258+0000] {taskmixin.py:205} WARNING - Dependency <Task(_PythonDecoratedOperator): print_the_context>, log_sql_query already registered for DAG: example_python_operator
[2022-12-03T14:38:10.258+0000] {logging_mixin.py:137} INFO - [2022-12-03T14:38:10.258+0000] {taskmixin.py:205} WARNING - Dependency <Task(_PythonDecoratedOperator): log_sql_query>, print_the_context already registered for DAG: example_python_operator
[2022-12-03T14:38:10.259+0000] {logging_mixin.py:137} INFO - [2022-12-03T14:38:10.259+0000] {taskmixin.py:205} WARNING - Dependency <Task(_PythonDecoratedOperator): print_the_context>, log_sql_query already registered for DAG: example_python_operator
[2022-12-03T14:38:10.259+0000] {logging_mixin.py:137} INFO - [2022-12-03T14:38:10.259+0000] {taskmixin.py:205} WARNING - Dependency <Task(_PythonDecoratedOperator): log_sql_query>, print_the_context already registered for DAG: example_python_operator
[2022-12-03T14:38:10.267+0000] {processor.py:753} INFO - DAG(s) dict_keys(['example_python_operator']) retrieved from /home/airflow/.local/lib/python3.7/site-packages/airflow/example_dags/example_python_operator.py
[2022-12-03T14:38:10.316+0000] {logging_mixin.py:137} INFO - [2022-12-03T14:38:10.316+0000] {dag.py:2676} INFO - Sync 1 DAGs
[2022-12-03T14:38:10.342+0000] {logging_mixin.py:137} INFO - [2022-12-03T14:38:10.342+0000] {dag.py:3427} INFO - Setting next_dagrun for example_python_operator to None, run_after=None
[2022-12-03T14:38:10.360+0000] {processor.py:175} INFO - Processing /home/airflow/.local/lib/python3.7/site-packages/airflow/example_dags/example_python_operator.py took 0.127 seconds
[2022-12-03T14:38:40.939+0000] {processor.py:153} INFO - Started process (PID=582) to work on /home/airflow/.local/lib/python3.7/site-packages/airflow/example_dags/example_python_operator.py
[2022-12-03T14:38:40.940+0000] {processor.py:743} INFO - Processing file /home/airflow/.local/lib/python3.7/site-packages/airflow/example_dags/example_python_operator.py for tasks to queue
[2022-12-03T14:38:40.941+0000] {logging_mixin.py:137} INFO - [2022-12-03T14:38:40.941+0000] {dagbag.py:538} INFO - Filling up the DagBag from /home/airflow/.local/lib/python3.7/site-packages/airflow/example_dags/example_python_operator.py
[2022-12-03T14:38:40.959+0000] {logging_mixin.py:137} INFO - [2022-12-03T14:38:40.958+0000] {taskmixin.py:205} WARNING - Dependency <Task(_PythonDecoratedOperator): print_the_context>, log_sql_query already registered for DAG: example_python_operator
[2022-12-03T14:38:40.959+0000] {logging_mixin.py:137} INFO - [2022-12-03T14:38:40.959+0000] {taskmixin.py:205} WARNING - Dependency <Task(_PythonDecoratedOperator): log_sql_query>, print_the_context already registered for DAG: example_python_operator
[2022-12-03T14:38:40.959+0000] {logging_mixin.py:137} INFO - [2022-12-03T14:38:40.959+0000] {taskmixin.py:205} WARNING - Dependency <Task(_PythonDecoratedOperator): print_the_context>, log_sql_query already registered for DAG: example_python_operator
[2022-12-03T14:38:40.960+0000] {logging_mixin.py:137} INFO - [2022-12-03T14:38:40.960+0000] {taskmixin.py:205} WARNING - Dependency <Task(_PythonDecoratedOperator): log_sql_query>, print_the_context already registered for DAG: example_python_operator
[2022-12-03T14:38:40.960+0000] {logging_mixin.py:137} INFO - [2022-12-03T14:38:40.960+0000] {taskmixin.py:205} WARNING - Dependency <Task(_PythonDecoratedOperator): print_the_context>, log_sql_query already registered for DAG: example_python_operator
[2022-12-03T14:38:40.960+0000] {logging_mixin.py:137} INFO - [2022-12-03T14:38:40.960+0000] {taskmixin.py:205} WARNING - Dependency <Task(_PythonDecoratedOperator): log_sql_query>, print_the_context already registered for DAG: example_python_operator
[2022-12-03T14:38:40.961+0000] {logging_mixin.py:137} INFO - [2022-12-03T14:38:40.961+0000] {taskmixin.py:205} WARNING - Dependency <Task(_PythonDecoratedOperator): print_the_context>, log_sql_query already registered for DAG: example_python_operator
[2022-12-03T14:38:40.961+0000] {logging_mixin.py:137} INFO - [2022-12-03T14:38:40.961+0000] {taskmixin.py:205} WARNING - Dependency <Task(_PythonDecoratedOperator): log_sql_query>, print_the_context already registered for DAG: example_python_operator
[2022-12-03T14:38:40.973+0000] {processor.py:753} INFO - DAG(s) dict_keys(['example_python_operator']) retrieved from /home/airflow/.local/lib/python3.7/site-packages/airflow/example_dags/example_python_operator.py
[2022-12-03T14:38:41.017+0000] {logging_mixin.py:137} INFO - [2022-12-03T14:38:41.017+0000] {dag.py:2676} INFO - Sync 1 DAGs
[2022-12-03T14:38:41.043+0000] {logging_mixin.py:137} INFO - [2022-12-03T14:38:41.043+0000] {dag.py:3427} INFO - Setting next_dagrun for example_python_operator to None, run_after=None
[2022-12-03T14:38:41.063+0000] {processor.py:175} INFO - Processing /home/airflow/.local/lib/python3.7/site-packages/airflow/example_dags/example_python_operator.py took 0.126 seconds
[2022-12-03T14:39:11.238+0000] {processor.py:153} INFO - Started process (PID=668) to work on /home/airflow/.local/lib/python3.7/site-packages/airflow/example_dags/example_python_operator.py
[2022-12-03T14:39:11.239+0000] {processor.py:743} INFO - Processing file /home/airflow/.local/lib/python3.7/site-packages/airflow/example_dags/example_python_operator.py for tasks to queue
[2022-12-03T14:39:11.239+0000] {logging_mixin.py:137} INFO - [2022-12-03T14:39:11.239+0000] {dagbag.py:538} INFO - Filling up the DagBag from /home/airflow/.local/lib/python3.7/site-packages/airflow/example_dags/example_python_operator.py
[2022-12-03T14:39:11.257+0000] {logging_mixin.py:137} INFO - [2022-12-03T14:39:11.257+0000] {taskmixin.py:205} WARNING - Dependency <Task(_PythonDecoratedOperator): print_the_context>, log_sql_query already registered for DAG: example_python_operator
[2022-12-03T14:39:11.257+0000] {logging_mixin.py:137} INFO - [2022-12-03T14:39:11.257+0000] {taskmixin.py:205} WARNING - Dependency <Task(_PythonDecoratedOperator): log_sql_query>, print_the_context already registered for DAG: example_python_operator
[2022-12-03T14:39:11.258+0000] {logging_mixin.py:137} INFO - [2022-12-03T14:39:11.258+0000] {taskmixin.py:205} WARNING - Dependency <Task(_PythonDecoratedOperator): print_the_context>, log_sql_query already registered for DAG: example_python_operator
[2022-12-03T14:39:11.258+0000] {logging_mixin.py:137} INFO - [2022-12-03T14:39:11.258+0000] {taskmixin.py:205} WARNING - Dependency <Task(_PythonDecoratedOperator): log_sql_query>, print_the_context already registered for DAG: example_python_operator
[2022-12-03T14:39:11.258+0000] {logging_mixin.py:137} INFO - [2022-12-03T14:39:11.258+0000] {taskmixin.py:205} WARNING - Dependency <Task(_PythonDecoratedOperator): print_the_context>, log_sql_query already registered for DAG: example_python_operator
[2022-12-03T14:39:11.259+0000] {logging_mixin.py:137} INFO - [2022-12-03T14:39:11.258+0000] {taskmixin.py:205} WARNING - Dependency <Task(_PythonDecoratedOperator): log_sql_query>, print_the_context already registered for DAG: example_python_operator
[2022-12-03T14:39:11.259+0000] {logging_mixin.py:137} INFO - [2022-12-03T14:39:11.259+0000] {taskmixin.py:205} WARNING - Dependency <Task(_PythonDecoratedOperator): print_the_context>, log_sql_query already registered for DAG: example_python_operator
[2022-12-03T14:39:11.259+0000] {logging_mixin.py:137} INFO - [2022-12-03T14:39:11.259+0000] {taskmixin.py:205} WARNING - Dependency <Task(_PythonDecoratedOperator): log_sql_query>, print_the_context already registered for DAG: example_python_operator
[2022-12-03T14:39:11.266+0000] {processor.py:753} INFO - DAG(s) dict_keys(['example_python_operator']) retrieved from /home/airflow/.local/lib/python3.7/site-packages/airflow/example_dags/example_python_operator.py
[2022-12-03T14:39:11.311+0000] {logging_mixin.py:137} INFO - [2022-12-03T14:39:11.311+0000] {dag.py:2676} INFO - Sync 1 DAGs
[2022-12-03T14:39:11.335+0000] {logging_mixin.py:137} INFO - [2022-12-03T14:39:11.335+0000] {dag.py:3427} INFO - Setting next_dagrun for example_python_operator to None, run_after=None
[2022-12-03T14:39:11.352+0000] {processor.py:175} INFO - Processing /home/airflow/.local/lib/python3.7/site-packages/airflow/example_dags/example_python_operator.py took 0.117 seconds
[2022-12-03T14:39:41.370+0000] {processor.py:153} INFO - Started process (PID=754) to work on /home/airflow/.local/lib/python3.7/site-packages/airflow/example_dags/example_python_operator.py
[2022-12-03T14:39:41.376+0000] {processor.py:743} INFO - Processing file /home/airflow/.local/lib/python3.7/site-packages/airflow/example_dags/example_python_operator.py for tasks to queue
[2022-12-03T14:39:41.377+0000] {logging_mixin.py:137} INFO - [2022-12-03T14:39:41.377+0000] {dagbag.py:538} INFO - Filling up the DagBag from /home/airflow/.local/lib/python3.7/site-packages/airflow/example_dags/example_python_operator.py
[2022-12-03T14:39:41.398+0000] {logging_mixin.py:137} INFO - [2022-12-03T14:39:41.398+0000] {taskmixin.py:205} WARNING - Dependency <Task(_PythonDecoratedOperator): print_the_context>, log_sql_query already registered for DAG: example_python_operator
[2022-12-03T14:39:41.398+0000] {logging_mixin.py:137} INFO - [2022-12-03T14:39:41.398+0000] {taskmixin.py:205} WARNING - Dependency <Task(_PythonDecoratedOperator): log_sql_query>, print_the_context already registered for DAG: example_python_operator
[2022-12-03T14:39:41.399+0000] {logging_mixin.py:137} INFO - [2022-12-03T14:39:41.399+0000] {taskmixin.py:205} WARNING - Dependency <Task(_PythonDecoratedOperator): print_the_context>, log_sql_query already registered for DAG: example_python_operator
[2022-12-03T14:39:41.399+0000] {logging_mixin.py:137} INFO - [2022-12-03T14:39:41.399+0000] {taskmixin.py:205} WARNING - Dependency <Task(_PythonDecoratedOperator): log_sql_query>, print_the_context already registered for DAG: example_python_operator
[2022-12-03T14:39:41.400+0000] {logging_mixin.py:137} INFO - [2022-12-03T14:39:41.400+0000] {taskmixin.py:205} WARNING - Dependency <Task(_PythonDecoratedOperator): print_the_context>, log_sql_query already registered for DAG: example_python_operator
[2022-12-03T14:39:41.400+0000] {logging_mixin.py:137} INFO - [2022-12-03T14:39:41.400+0000] {taskmixin.py:205} WARNING - Dependency <Task(_PythonDecoratedOperator): log_sql_query>, print_the_context already registered for DAG: example_python_operator
[2022-12-03T14:39:41.401+0000] {logging_mixin.py:137} INFO - [2022-12-03T14:39:41.400+0000] {taskmixin.py:205} WARNING - Dependency <Task(_PythonDecoratedOperator): print_the_context>, log_sql_query already registered for DAG: example_python_operator
[2022-12-03T14:39:41.401+0000] {logging_mixin.py:137} INFO - [2022-12-03T14:39:41.401+0000] {taskmixin.py:205} WARNING - Dependency <Task(_PythonDecoratedOperator): log_sql_query>, print_the_context already registered for DAG: example_python_operator
[2022-12-03T14:39:41.407+0000] {processor.py:753} INFO - DAG(s) dict_keys(['example_python_operator']) retrieved from /home/airflow/.local/lib/python3.7/site-packages/airflow/example_dags/example_python_operator.py
[2022-12-03T14:39:41.448+0000] {logging_mixin.py:137} INFO - [2022-12-03T14:39:41.448+0000] {dag.py:2676} INFO - Sync 1 DAGs
[2022-12-03T14:39:41.480+0000] {logging_mixin.py:137} INFO - [2022-12-03T14:39:41.480+0000] {dag.py:3427} INFO - Setting next_dagrun for example_python_operator to None, run_after=None
[2022-12-03T14:39:41.499+0000] {processor.py:175} INFO - Processing /home/airflow/.local/lib/python3.7/site-packages/airflow/example_dags/example_python_operator.py took 0.132 seconds
[2022-12-03T14:40:11.932+0000] {processor.py:153} INFO - Started process (PID=864) to work on /home/airflow/.local/lib/python3.7/site-packages/airflow/example_dags/example_python_operator.py
[2022-12-03T14:40:11.933+0000] {processor.py:743} INFO - Processing file /home/airflow/.local/lib/python3.7/site-packages/airflow/example_dags/example_python_operator.py for tasks to queue
[2022-12-03T14:40:11.933+0000] {logging_mixin.py:137} INFO - [2022-12-03T14:40:11.933+0000] {dagbag.py:538} INFO - Filling up the DagBag from /home/airflow/.local/lib/python3.7/site-packages/airflow/example_dags/example_python_operator.py
[2022-12-03T14:40:11.951+0000] {logging_mixin.py:137} INFO - [2022-12-03T14:40:11.951+0000] {taskmixin.py:205} WARNING - Dependency <Task(_PythonDecoratedOperator): print_the_context>, log_sql_query already registered for DAG: example_python_operator
[2022-12-03T14:40:11.951+0000] {logging_mixin.py:137} INFO - [2022-12-03T14:40:11.951+0000] {taskmixin.py:205} WARNING - Dependency <Task(_PythonDecoratedOperator): log_sql_query>, print_the_context already registered for DAG: example_python_operator
[2022-12-03T14:40:11.952+0000] {logging_mixin.py:137} INFO - [2022-12-03T14:40:11.952+0000] {taskmixin.py:205} WARNING - Dependency <Task(_PythonDecoratedOperator): print_the_context>, log_sql_query already registered for DAG: example_python_operator
[2022-12-03T14:40:11.952+0000] {logging_mixin.py:137} INFO - [2022-12-03T14:40:11.952+0000] {taskmixin.py:205} WARNING - Dependency <Task(_PythonDecoratedOperator): log_sql_query>, print_the_context already registered for DAG: example_python_operator
[2022-12-03T14:40:11.953+0000] {logging_mixin.py:137} INFO - [2022-12-03T14:40:11.953+0000] {taskmixin.py:205} WARNING - Dependency <Task(_PythonDecoratedOperator): print_the_context>, log_sql_query already registered for DAG: example_python_operator
[2022-12-03T14:40:11.953+0000] {logging_mixin.py:137} INFO - [2022-12-03T14:40:11.953+0000] {taskmixin.py:205} WARNING - Dependency <Task(_PythonDecoratedOperator): log_sql_query>, print_the_context already registered for DAG: example_python_operator
[2022-12-03T14:40:11.954+0000] {logging_mixin.py:137} INFO - [2022-12-03T14:40:11.954+0000] {taskmixin.py:205} WARNING - Dependency <Task(_PythonDecoratedOperator): print_the_context>, log_sql_query already registered for DAG: example_python_operator
[2022-12-03T14:40:11.954+0000] {logging_mixin.py:137} INFO - [2022-12-03T14:40:11.954+0000] {taskmixin.py:205} WARNING - Dependency <Task(_PythonDecoratedOperator): log_sql_query>, print_the_context already registered for DAG: example_python_operator
[2022-12-03T14:40:11.961+0000] {processor.py:753} INFO - DAG(s) dict_keys(['example_python_operator']) retrieved from /home/airflow/.local/lib/python3.7/site-packages/airflow/example_dags/example_python_operator.py
[2022-12-03T14:40:12.016+0000] {logging_mixin.py:137} INFO - [2022-12-03T14:40:12.016+0000] {dag.py:2676} INFO - Sync 1 DAGs
[2022-12-03T14:40:12.043+0000] {logging_mixin.py:137} INFO - [2022-12-03T14:40:12.043+0000] {dag.py:3427} INFO - Setting next_dagrun for example_python_operator to None, run_after=None
[2022-12-03T14:40:12.061+0000] {processor.py:175} INFO - Processing /home/airflow/.local/lib/python3.7/site-packages/airflow/example_dags/example_python_operator.py took 0.131 seconds
[2022-12-03T14:40:42.225+0000] {processor.py:153} INFO - Started process (PID=950) to work on /home/airflow/.local/lib/python3.7/site-packages/airflow/example_dags/example_python_operator.py
[2022-12-03T14:40:42.226+0000] {processor.py:743} INFO - Processing file /home/airflow/.local/lib/python3.7/site-packages/airflow/example_dags/example_python_operator.py for tasks to queue
[2022-12-03T14:40:42.227+0000] {logging_mixin.py:137} INFO - [2022-12-03T14:40:42.226+0000] {dagbag.py:538} INFO - Filling up the DagBag from /home/airflow/.local/lib/python3.7/site-packages/airflow/example_dags/example_python_operator.py
[2022-12-03T14:40:42.246+0000] {logging_mixin.py:137} INFO - [2022-12-03T14:40:42.245+0000] {taskmixin.py:205} WARNING - Dependency <Task(_PythonDecoratedOperator): print_the_context>, log_sql_query already registered for DAG: example_python_operator
[2022-12-03T14:40:42.246+0000] {logging_mixin.py:137} INFO - [2022-12-03T14:40:42.246+0000] {taskmixin.py:205} WARNING - Dependency <Task(_PythonDecoratedOperator): log_sql_query>, print_the_context already registered for DAG: example_python_operator
[2022-12-03T14:40:42.247+0000] {logging_mixin.py:137} INFO - [2022-12-03T14:40:42.247+0000] {taskmixin.py:205} WARNING - Dependency <Task(_PythonDecoratedOperator): print_the_context>, log_sql_query already registered for DAG: example_python_operator
[2022-12-03T14:40:42.247+0000] {logging_mixin.py:137} INFO - [2022-12-03T14:40:42.247+0000] {taskmixin.py:205} WARNING - Dependency <Task(_PythonDecoratedOperator): log_sql_query>, print_the_context already registered for DAG: example_python_operator
[2022-12-03T14:40:42.248+0000] {logging_mixin.py:137} INFO - [2022-12-03T14:40:42.247+0000] {taskmixin.py:205} WARNING - Dependency <Task(_PythonDecoratedOperator): print_the_context>, log_sql_query already registered for DAG: example_python_operator
[2022-12-03T14:40:42.248+0000] {logging_mixin.py:137} INFO - [2022-12-03T14:40:42.248+0000] {taskmixin.py:205} WARNING - Dependency <Task(_PythonDecoratedOperator): log_sql_query>, print_the_context already registered for DAG: example_python_operator
[2022-12-03T14:40:42.248+0000] {logging_mixin.py:137} INFO - [2022-12-03T14:40:42.248+0000] {taskmixin.py:205} WARNING - Dependency <Task(_PythonDecoratedOperator): print_the_context>, log_sql_query already registered for DAG: example_python_operator
[2022-12-03T14:40:42.249+0000] {logging_mixin.py:137} INFO - [2022-12-03T14:40:42.248+0000] {taskmixin.py:205} WARNING - Dependency <Task(_PythonDecoratedOperator): log_sql_query>, print_the_context already registered for DAG: example_python_operator
[2022-12-03T14:40:42.255+0000] {processor.py:753} INFO - DAG(s) dict_keys(['example_python_operator']) retrieved from /home/airflow/.local/lib/python3.7/site-packages/airflow/example_dags/example_python_operator.py
[2022-12-03T14:40:42.334+0000] {logging_mixin.py:137} INFO - [2022-12-03T14:40:42.333+0000] {dag.py:2676} INFO - Sync 1 DAGs
[2022-12-03T14:40:42.363+0000] {logging_mixin.py:137} INFO - [2022-12-03T14:40:42.363+0000] {dag.py:3427} INFO - Setting next_dagrun for example_python_operator to None, run_after=None
[2022-12-03T14:40:42.394+0000] {processor.py:175} INFO - Processing /home/airflow/.local/lib/python3.7/site-packages/airflow/example_dags/example_python_operator.py took 0.172 seconds
[2022-12-03T14:41:13.211+0000] {processor.py:153} INFO - Started process (PID=1045) to work on /home/airflow/.local/lib/python3.7/site-packages/airflow/example_dags/example_python_operator.py
[2022-12-03T14:41:13.212+0000] {processor.py:743} INFO - Processing file /home/airflow/.local/lib/python3.7/site-packages/airflow/example_dags/example_python_operator.py for tasks to queue
[2022-12-03T14:41:13.213+0000] {logging_mixin.py:137} INFO - [2022-12-03T14:41:13.213+0000] {dagbag.py:538} INFO - Filling up the DagBag from /home/airflow/.local/lib/python3.7/site-packages/airflow/example_dags/example_python_operator.py
[2022-12-03T14:41:13.271+0000] {logging_mixin.py:137} INFO - [2022-12-03T14:41:13.270+0000] {taskmixin.py:205} WARNING - Dependency <Task(_PythonDecoratedOperator): print_the_context>, log_sql_query already registered for DAG: example_python_operator
[2022-12-03T14:41:13.271+0000] {logging_mixin.py:137} INFO - [2022-12-03T14:41:13.271+0000] {taskmixin.py:205} WARNING - Dependency <Task(_PythonDecoratedOperator): log_sql_query>, print_the_context already registered for DAG: example_python_operator
[2022-12-03T14:41:13.272+0000] {logging_mixin.py:137} INFO - [2022-12-03T14:41:13.272+0000] {taskmixin.py:205} WARNING - Dependency <Task(_PythonDecoratedOperator): print_the_context>, log_sql_query already registered for DAG: example_python_operator
[2022-12-03T14:41:13.276+0000] {logging_mixin.py:137} INFO - [2022-12-03T14:41:13.272+0000] {taskmixin.py:205} WARNING - Dependency <Task(_PythonDecoratedOperator): log_sql_query>, print_the_context already registered for DAG: example_python_operator
[2022-12-03T14:41:13.277+0000] {logging_mixin.py:137} INFO - [2022-12-03T14:41:13.277+0000] {taskmixin.py:205} WARNING - Dependency <Task(_PythonDecoratedOperator): print_the_context>, log_sql_query already registered for DAG: example_python_operator
[2022-12-03T14:41:13.277+0000] {logging_mixin.py:137} INFO - [2022-12-03T14:41:13.277+0000] {taskmixin.py:205} WARNING - Dependency <Task(_PythonDecoratedOperator): log_sql_query>, print_the_context already registered for DAG: example_python_operator
[2022-12-03T14:41:13.278+0000] {logging_mixin.py:137} INFO - [2022-12-03T14:41:13.278+0000] {taskmixin.py:205} WARNING - Dependency <Task(_PythonDecoratedOperator): print_the_context>, log_sql_query already registered for DAG: example_python_operator
[2022-12-03T14:41:13.278+0000] {logging_mixin.py:137} INFO - [2022-12-03T14:41:13.278+0000] {taskmixin.py:205} WARNING - Dependency <Task(_PythonDecoratedOperator): log_sql_query>, print_the_context already registered for DAG: example_python_operator
[2022-12-03T14:41:13.286+0000] {processor.py:753} INFO - DAG(s) dict_keys(['example_python_operator']) retrieved from /home/airflow/.local/lib/python3.7/site-packages/airflow/example_dags/example_python_operator.py
[2022-12-03T14:41:13.385+0000] {logging_mixin.py:137} INFO - [2022-12-03T14:41:13.385+0000] {dag.py:2676} INFO - Sync 1 DAGs
[2022-12-03T14:41:13.416+0000] {logging_mixin.py:137} INFO - [2022-12-03T14:41:13.416+0000] {dag.py:3427} INFO - Setting next_dagrun for example_python_operator to None, run_after=None
[2022-12-03T14:41:13.478+0000] {processor.py:175} INFO - Processing /home/airflow/.local/lib/python3.7/site-packages/airflow/example_dags/example_python_operator.py took 0.270 seconds
[2022-12-03T14:41:43.531+0000] {processor.py:153} INFO - Started process (PID=1146) to work on /home/airflow/.local/lib/python3.7/site-packages/airflow/example_dags/example_python_operator.py
[2022-12-03T14:41:43.532+0000] {processor.py:743} INFO - Processing file /home/airflow/.local/lib/python3.7/site-packages/airflow/example_dags/example_python_operator.py for tasks to queue
[2022-12-03T14:41:43.532+0000] {logging_mixin.py:137} INFO - [2022-12-03T14:41:43.532+0000] {dagbag.py:538} INFO - Filling up the DagBag from /home/airflow/.local/lib/python3.7/site-packages/airflow/example_dags/example_python_operator.py
[2022-12-03T14:41:43.549+0000] {logging_mixin.py:137} INFO - [2022-12-03T14:41:43.549+0000] {taskmixin.py:205} WARNING - Dependency <Task(_PythonDecoratedOperator): print_the_context>, log_sql_query already registered for DAG: example_python_operator
[2022-12-03T14:41:43.549+0000] {logging_mixin.py:137} INFO - [2022-12-03T14:41:43.549+0000] {taskmixin.py:205} WARNING - Dependency <Task(_PythonDecoratedOperator): log_sql_query>, print_the_context already registered for DAG: example_python_operator
[2022-12-03T14:41:43.550+0000] {logging_mixin.py:137} INFO - [2022-12-03T14:41:43.550+0000] {taskmixin.py:205} WARNING - Dependency <Task(_PythonDecoratedOperator): print_the_context>, log_sql_query already registered for DAG: example_python_operator
[2022-12-03T14:41:43.550+0000] {logging_mixin.py:137} INFO - [2022-12-03T14:41:43.550+0000] {taskmixin.py:205} WARNING - Dependency <Task(_PythonDecoratedOperator): log_sql_query>, print_the_context already registered for DAG: example_python_operator
[2022-12-03T14:41:43.551+0000] {logging_mixin.py:137} INFO - [2022-12-03T14:41:43.551+0000] {taskmixin.py:205} WARNING - Dependency <Task(_PythonDecoratedOperator): print_the_context>, log_sql_query already registered for DAG: example_python_operator
[2022-12-03T14:41:43.551+0000] {logging_mixin.py:137} INFO - [2022-12-03T14:41:43.551+0000] {taskmixin.py:205} WARNING - Dependency <Task(_PythonDecoratedOperator): log_sql_query>, print_the_context already registered for DAG: example_python_operator
[2022-12-03T14:41:43.552+0000] {logging_mixin.py:137} INFO - [2022-12-03T14:41:43.552+0000] {taskmixin.py:205} WARNING - Dependency <Task(_PythonDecoratedOperator): print_the_context>, log_sql_query already registered for DAG: example_python_operator
[2022-12-03T14:41:43.552+0000] {logging_mixin.py:137} INFO - [2022-12-03T14:41:43.552+0000] {taskmixin.py:205} WARNING - Dependency <Task(_PythonDecoratedOperator): log_sql_query>, print_the_context already registered for DAG: example_python_operator
[2022-12-03T14:41:43.559+0000] {processor.py:753} INFO - DAG(s) dict_keys(['example_python_operator']) retrieved from /home/airflow/.local/lib/python3.7/site-packages/airflow/example_dags/example_python_operator.py
[2022-12-03T14:41:43.628+0000] {logging_mixin.py:137} INFO - [2022-12-03T14:41:43.628+0000] {dag.py:2676} INFO - Sync 1 DAGs
[2022-12-03T14:41:43.654+0000] {logging_mixin.py:137} INFO - [2022-12-03T14:41:43.654+0000] {dag.py:3427} INFO - Setting next_dagrun for example_python_operator to None, run_after=None
[2022-12-03T14:41:43.687+0000] {processor.py:175} INFO - Processing /home/airflow/.local/lib/python3.7/site-packages/airflow/example_dags/example_python_operator.py took 0.159 seconds
[2022-12-03T14:42:14.395+0000] {processor.py:153} INFO - Started process (PID=1232) to work on /home/airflow/.local/lib/python3.7/site-packages/airflow/example_dags/example_python_operator.py
[2022-12-03T14:42:14.395+0000] {processor.py:743} INFO - Processing file /home/airflow/.local/lib/python3.7/site-packages/airflow/example_dags/example_python_operator.py for tasks to queue
[2022-12-03T14:42:14.396+0000] {logging_mixin.py:137} INFO - [2022-12-03T14:42:14.396+0000] {dagbag.py:538} INFO - Filling up the DagBag from /home/airflow/.local/lib/python3.7/site-packages/airflow/example_dags/example_python_operator.py
[2022-12-03T14:42:14.413+0000] {logging_mixin.py:137} INFO - [2022-12-03T14:42:14.413+0000] {taskmixin.py:205} WARNING - Dependency <Task(_PythonDecoratedOperator): print_the_context>, log_sql_query already registered for DAG: example_python_operator
[2022-12-03T14:42:14.413+0000] {logging_mixin.py:137} INFO - [2022-12-03T14:42:14.413+0000] {taskmixin.py:205} WARNING - Dependency <Task(_PythonDecoratedOperator): log_sql_query>, print_the_context already registered for DAG: example_python_operator
[2022-12-03T14:42:14.414+0000] {logging_mixin.py:137} INFO - [2022-12-03T14:42:14.414+0000] {taskmixin.py:205} WARNING - Dependency <Task(_PythonDecoratedOperator): print_the_context>, log_sql_query already registered for DAG: example_python_operator
[2022-12-03T14:42:14.414+0000] {logging_mixin.py:137} INFO - [2022-12-03T14:42:14.414+0000] {taskmixin.py:205} WARNING - Dependency <Task(_PythonDecoratedOperator): log_sql_query>, print_the_context already registered for DAG: example_python_operator
[2022-12-03T14:42:14.415+0000] {logging_mixin.py:137} INFO - [2022-12-03T14:42:14.415+0000] {taskmixin.py:205} WARNING - Dependency <Task(_PythonDecoratedOperator): print_the_context>, log_sql_query already registered for DAG: example_python_operator
[2022-12-03T14:42:14.415+0000] {logging_mixin.py:137} INFO - [2022-12-03T14:42:14.415+0000] {taskmixin.py:205} WARNING - Dependency <Task(_PythonDecoratedOperator): log_sql_query>, print_the_context already registered for DAG: example_python_operator
[2022-12-03T14:42:14.416+0000] {logging_mixin.py:137} INFO - [2022-12-03T14:42:14.415+0000] {taskmixin.py:205} WARNING - Dependency <Task(_PythonDecoratedOperator): print_the_context>, log_sql_query already registered for DAG: example_python_operator
[2022-12-03T14:42:14.416+0000] {logging_mixin.py:137} INFO - [2022-12-03T14:42:14.416+0000] {taskmixin.py:205} WARNING - Dependency <Task(_PythonDecoratedOperator): log_sql_query>, print_the_context already registered for DAG: example_python_operator
[2022-12-03T14:42:14.422+0000] {processor.py:753} INFO - DAG(s) dict_keys(['example_python_operator']) retrieved from /home/airflow/.local/lib/python3.7/site-packages/airflow/example_dags/example_python_operator.py
[2022-12-03T14:42:14.503+0000] {logging_mixin.py:137} INFO - [2022-12-03T14:42:14.503+0000] {dag.py:2676} INFO - Sync 1 DAGs
[2022-12-03T14:42:14.526+0000] {logging_mixin.py:137} INFO - [2022-12-03T14:42:14.526+0000] {dag.py:3427} INFO - Setting next_dagrun for example_python_operator to None, run_after=None
[2022-12-03T14:42:14.589+0000] {processor.py:175} INFO - Processing /home/airflow/.local/lib/python3.7/site-packages/airflow/example_dags/example_python_operator.py took 0.197 seconds
[2022-12-03T14:42:45.024+0000] {processor.py:153} INFO - Started process (PID=1325) to work on /home/airflow/.local/lib/python3.7/site-packages/airflow/example_dags/example_python_operator.py
[2022-12-03T14:42:45.025+0000] {processor.py:743} INFO - Processing file /home/airflow/.local/lib/python3.7/site-packages/airflow/example_dags/example_python_operator.py for tasks to queue
[2022-12-03T14:42:45.026+0000] {logging_mixin.py:137} INFO - [2022-12-03T14:42:45.026+0000] {dagbag.py:538} INFO - Filling up the DagBag from /home/airflow/.local/lib/python3.7/site-packages/airflow/example_dags/example_python_operator.py
[2022-12-03T14:42:45.044+0000] {logging_mixin.py:137} INFO - [2022-12-03T14:42:45.044+0000] {taskmixin.py:205} WARNING - Dependency <Task(_PythonDecoratedOperator): print_the_context>, log_sql_query already registered for DAG: example_python_operator
[2022-12-03T14:42:45.044+0000] {logging_mixin.py:137} INFO - [2022-12-03T14:42:45.044+0000] {taskmixin.py:205} WARNING - Dependency <Task(_PythonDecoratedOperator): log_sql_query>, print_the_context already registered for DAG: example_python_operator
[2022-12-03T14:42:45.045+0000] {logging_mixin.py:137} INFO - [2022-12-03T14:42:45.045+0000] {taskmixin.py:205} WARNING - Dependency <Task(_PythonDecoratedOperator): print_the_context>, log_sql_query already registered for DAG: example_python_operator
[2022-12-03T14:42:45.045+0000] {logging_mixin.py:137} INFO - [2022-12-03T14:42:45.045+0000] {taskmixin.py:205} WARNING - Dependency <Task(_PythonDecoratedOperator): log_sql_query>, print_the_context already registered for DAG: example_python_operator
[2022-12-03T14:42:45.046+0000] {logging_mixin.py:137} INFO - [2022-12-03T14:42:45.046+0000] {taskmixin.py:205} WARNING - Dependency <Task(_PythonDecoratedOperator): print_the_context>, log_sql_query already registered for DAG: example_python_operator
[2022-12-03T14:42:45.046+0000] {logging_mixin.py:137} INFO - [2022-12-03T14:42:45.046+0000] {taskmixin.py:205} WARNING - Dependency <Task(_PythonDecoratedOperator): log_sql_query>, print_the_context already registered for DAG: example_python_operator
[2022-12-03T14:42:45.047+0000] {logging_mixin.py:137} INFO - [2022-12-03T14:42:45.046+0000] {taskmixin.py:205} WARNING - Dependency <Task(_PythonDecoratedOperator): print_the_context>, log_sql_query already registered for DAG: example_python_operator
[2022-12-03T14:42:45.047+0000] {logging_mixin.py:137} INFO - [2022-12-03T14:42:45.047+0000] {taskmixin.py:205} WARNING - Dependency <Task(_PythonDecoratedOperator): log_sql_query>, print_the_context already registered for DAG: example_python_operator
[2022-12-03T14:42:45.054+0000] {processor.py:753} INFO - DAG(s) dict_keys(['example_python_operator']) retrieved from /home/airflow/.local/lib/python3.7/site-packages/airflow/example_dags/example_python_operator.py
[2022-12-03T14:42:45.109+0000] {logging_mixin.py:137} INFO - [2022-12-03T14:42:45.109+0000] {dag.py:2676} INFO - Sync 1 DAGs
[2022-12-03T14:42:45.136+0000] {logging_mixin.py:137} INFO - [2022-12-03T14:42:45.136+0000] {dag.py:3427} INFO - Setting next_dagrun for example_python_operator to None, run_after=None
[2022-12-03T14:42:45.153+0000] {processor.py:175} INFO - Processing /home/airflow/.local/lib/python3.7/site-packages/airflow/example_dags/example_python_operator.py took 0.132 seconds
[2022-12-03T14:43:15.414+0000] {processor.py:153} INFO - Started process (PID=1427) to work on /home/airflow/.local/lib/python3.7/site-packages/airflow/example_dags/example_python_operator.py
[2022-12-03T14:43:15.415+0000] {processor.py:743} INFO - Processing file /home/airflow/.local/lib/python3.7/site-packages/airflow/example_dags/example_python_operator.py for tasks to queue
[2022-12-03T14:43:15.415+0000] {logging_mixin.py:137} INFO - [2022-12-03T14:43:15.415+0000] {dagbag.py:538} INFO - Filling up the DagBag from /home/airflow/.local/lib/python3.7/site-packages/airflow/example_dags/example_python_operator.py
[2022-12-03T14:43:15.433+0000] {logging_mixin.py:137} INFO - [2022-12-03T14:43:15.433+0000] {taskmixin.py:205} WARNING - Dependency <Task(_PythonDecoratedOperator): print_the_context>, log_sql_query already registered for DAG: example_python_operator
[2022-12-03T14:43:15.433+0000] {logging_mixin.py:137} INFO - [2022-12-03T14:43:15.433+0000] {taskmixin.py:205} WARNING - Dependency <Task(_PythonDecoratedOperator): log_sql_query>, print_the_context already registered for DAG: example_python_operator
[2022-12-03T14:43:15.433+0000] {logging_mixin.py:137} INFO - [2022-12-03T14:43:15.433+0000] {taskmixin.py:205} WARNING - Dependency <Task(_PythonDecoratedOperator): print_the_context>, log_sql_query already registered for DAG: example_python_operator
[2022-12-03T14:43:15.434+0000] {logging_mixin.py:137} INFO - [2022-12-03T14:43:15.434+0000] {taskmixin.py:205} WARNING - Dependency <Task(_PythonDecoratedOperator): log_sql_query>, print_the_context already registered for DAG: example_python_operator
[2022-12-03T14:43:15.434+0000] {logging_mixin.py:137} INFO - [2022-12-03T14:43:15.434+0000] {taskmixin.py:205} WARNING - Dependency <Task(_PythonDecoratedOperator): print_the_context>, log_sql_query already registered for DAG: example_python_operator
[2022-12-03T14:43:15.434+0000] {logging_mixin.py:137} INFO - [2022-12-03T14:43:15.434+0000] {taskmixin.py:205} WARNING - Dependency <Task(_PythonDecoratedOperator): log_sql_query>, print_the_context already registered for DAG: example_python_operator
[2022-12-03T14:43:15.435+0000] {logging_mixin.py:137} INFO - [2022-12-03T14:43:15.435+0000] {taskmixin.py:205} WARNING - Dependency <Task(_PythonDecoratedOperator): print_the_context>, log_sql_query already registered for DAG: example_python_operator
[2022-12-03T14:43:15.435+0000] {logging_mixin.py:137} INFO - [2022-12-03T14:43:15.435+0000] {taskmixin.py:205} WARNING - Dependency <Task(_PythonDecoratedOperator): log_sql_query>, print_the_context already registered for DAG: example_python_operator
[2022-12-03T14:43:15.442+0000] {processor.py:753} INFO - DAG(s) dict_keys(['example_python_operator']) retrieved from /home/airflow/.local/lib/python3.7/site-packages/airflow/example_dags/example_python_operator.py
[2022-12-03T14:43:15.493+0000] {logging_mixin.py:137} INFO - [2022-12-03T14:43:15.493+0000] {dag.py:2676} INFO - Sync 1 DAGs
[2022-12-03T14:43:15.522+0000] {logging_mixin.py:137} INFO - [2022-12-03T14:43:15.522+0000] {dag.py:3427} INFO - Setting next_dagrun for example_python_operator to None, run_after=None
[2022-12-03T14:43:15.539+0000] {processor.py:175} INFO - Processing /home/airflow/.local/lib/python3.7/site-packages/airflow/example_dags/example_python_operator.py took 0.128 seconds
[2022-12-03T14:43:45.597+0000] {processor.py:153} INFO - Started process (PID=1513) to work on /home/airflow/.local/lib/python3.7/site-packages/airflow/example_dags/example_python_operator.py
[2022-12-03T14:43:45.598+0000] {processor.py:743} INFO - Processing file /home/airflow/.local/lib/python3.7/site-packages/airflow/example_dags/example_python_operator.py for tasks to queue
[2022-12-03T14:43:45.599+0000] {logging_mixin.py:137} INFO - [2022-12-03T14:43:45.599+0000] {dagbag.py:538} INFO - Filling up the DagBag from /home/airflow/.local/lib/python3.7/site-packages/airflow/example_dags/example_python_operator.py
[2022-12-03T14:43:45.617+0000] {logging_mixin.py:137} INFO - [2022-12-03T14:43:45.617+0000] {taskmixin.py:205} WARNING - Dependency <Task(_PythonDecoratedOperator): print_the_context>, log_sql_query already registered for DAG: example_python_operator
[2022-12-03T14:43:45.617+0000] {logging_mixin.py:137} INFO - [2022-12-03T14:43:45.617+0000] {taskmixin.py:205} WARNING - Dependency <Task(_PythonDecoratedOperator): log_sql_query>, print_the_context already registered for DAG: example_python_operator
[2022-12-03T14:43:45.618+0000] {logging_mixin.py:137} INFO - [2022-12-03T14:43:45.618+0000] {taskmixin.py:205} WARNING - Dependency <Task(_PythonDecoratedOperator): print_the_context>, log_sql_query already registered for DAG: example_python_operator
[2022-12-03T14:43:45.618+0000] {logging_mixin.py:137} INFO - [2022-12-03T14:43:45.618+0000] {taskmixin.py:205} WARNING - Dependency <Task(_PythonDecoratedOperator): log_sql_query>, print_the_context already registered for DAG: example_python_operator
[2022-12-03T14:43:45.619+0000] {logging_mixin.py:137} INFO - [2022-12-03T14:43:45.619+0000] {taskmixin.py:205} WARNING - Dependency <Task(_PythonDecoratedOperator): print_the_context>, log_sql_query already registered for DAG: example_python_operator
[2022-12-03T14:43:45.619+0000] {logging_mixin.py:137} INFO - [2022-12-03T14:43:45.619+0000] {taskmixin.py:205} WARNING - Dependency <Task(_PythonDecoratedOperator): log_sql_query>, print_the_context already registered for DAG: example_python_operator
[2022-12-03T14:43:45.620+0000] {logging_mixin.py:137} INFO - [2022-12-03T14:43:45.619+0000] {taskmixin.py:205} WARNING - Dependency <Task(_PythonDecoratedOperator): print_the_context>, log_sql_query already registered for DAG: example_python_operator
[2022-12-03T14:43:45.620+0000] {logging_mixin.py:137} INFO - [2022-12-03T14:43:45.620+0000] {taskmixin.py:205} WARNING - Dependency <Task(_PythonDecoratedOperator): log_sql_query>, print_the_context already registered for DAG: example_python_operator
[2022-12-03T14:43:45.626+0000] {processor.py:753} INFO - DAG(s) dict_keys(['example_python_operator']) retrieved from /home/airflow/.local/lib/python3.7/site-packages/airflow/example_dags/example_python_operator.py
[2022-12-03T14:43:45.662+0000] {logging_mixin.py:137} INFO - [2022-12-03T14:43:45.662+0000] {dag.py:2676} INFO - Sync 1 DAGs
[2022-12-03T14:43:45.702+0000] {logging_mixin.py:137} INFO - [2022-12-03T14:43:45.702+0000] {dag.py:3427} INFO - Setting next_dagrun for example_python_operator to None, run_after=None
[2022-12-03T14:43:45.723+0000] {processor.py:175} INFO - Processing /home/airflow/.local/lib/python3.7/site-packages/airflow/example_dags/example_python_operator.py took 0.128 seconds
