[2022-12-03T14:36:05.363+0000] {processor.py:153} INFO - Started process (PID=88) to work on /home/airflow/.local/lib/python3.7/site-packages/airflow/example_dags/example_bash_operator.py
[2022-12-03T14:36:05.363+0000] {processor.py:743} INFO - Processing file /home/airflow/.local/lib/python3.7/site-packages/airflow/example_dags/example_bash_operator.py for tasks to queue
[2022-12-03T14:36:05.364+0000] {logging_mixin.py:137} INFO - [2022-12-03T14:36:05.364+0000] {dagbag.py:538} INFO - Filling up the DagBag from /home/airflow/.local/lib/python3.7/site-packages/airflow/example_dags/example_bash_operator.py
[2022-12-03T14:36:05.413+0000] {processor.py:753} INFO - DAG(s) dict_keys(['example_bash_operator']) retrieved from /home/airflow/.local/lib/python3.7/site-packages/airflow/example_dags/example_bash_operator.py
[2022-12-03T14:36:05.495+0000] {logging_mixin.py:137} INFO - [2022-12-03T14:36:05.495+0000] {dag.py:2676} INFO - Sync 1 DAGs
[2022-12-03T14:36:05.536+0000] {logging_mixin.py:137} INFO - [2022-12-03T14:36:05.536+0000] {dag.py:3427} INFO - Setting next_dagrun for example_bash_operator to 2022-12-02T00:00:00+00:00, run_after=2022-12-03T00:00:00+00:00
[2022-12-03T14:36:05.567+0000] {processor.py:175} INFO - Processing /home/airflow/.local/lib/python3.7/site-packages/airflow/example_dags/example_bash_operator.py took 0.206 seconds
[2022-12-03T14:36:36.126+0000] {processor.py:153} INFO - Started process (PID=174) to work on /home/airflow/.local/lib/python3.7/site-packages/airflow/example_dags/example_bash_operator.py
[2022-12-03T14:36:36.127+0000] {processor.py:743} INFO - Processing file /home/airflow/.local/lib/python3.7/site-packages/airflow/example_dags/example_bash_operator.py for tasks to queue
[2022-12-03T14:36:36.128+0000] {logging_mixin.py:137} INFO - [2022-12-03T14:36:36.128+0000] {dagbag.py:538} INFO - Filling up the DagBag from /home/airflow/.local/lib/python3.7/site-packages/airflow/example_dags/example_bash_operator.py
[2022-12-03T14:36:36.153+0000] {processor.py:753} INFO - DAG(s) dict_keys(['example_bash_operator']) retrieved from /home/airflow/.local/lib/python3.7/site-packages/airflow/example_dags/example_bash_operator.py
[2022-12-03T14:36:36.212+0000] {logging_mixin.py:137} INFO - [2022-12-03T14:36:36.212+0000] {dag.py:2676} INFO - Sync 1 DAGs
[2022-12-03T14:36:36.238+0000] {logging_mixin.py:137} INFO - [2022-12-03T14:36:36.237+0000] {dag.py:3427} INFO - Setting next_dagrun for example_bash_operator to 2022-12-02T00:00:00+00:00, run_after=2022-12-03T00:00:00+00:00
[2022-12-03T14:36:36.282+0000] {processor.py:175} INFO - Processing /home/airflow/.local/lib/python3.7/site-packages/airflow/example_dags/example_bash_operator.py took 0.158 seconds
[2022-12-03T14:37:06.762+0000] {processor.py:153} INFO - Started process (PID=260) to work on /home/airflow/.local/lib/python3.7/site-packages/airflow/example_dags/example_bash_operator.py
[2022-12-03T14:37:06.763+0000] {processor.py:743} INFO - Processing file /home/airflow/.local/lib/python3.7/site-packages/airflow/example_dags/example_bash_operator.py for tasks to queue
[2022-12-03T14:37:06.764+0000] {logging_mixin.py:137} INFO - [2022-12-03T14:37:06.764+0000] {dagbag.py:538} INFO - Filling up the DagBag from /home/airflow/.local/lib/python3.7/site-packages/airflow/example_dags/example_bash_operator.py
[2022-12-03T14:37:06.793+0000] {processor.py:753} INFO - DAG(s) dict_keys(['example_bash_operator']) retrieved from /home/airflow/.local/lib/python3.7/site-packages/airflow/example_dags/example_bash_operator.py
[2022-12-03T14:37:06.844+0000] {logging_mixin.py:137} INFO - [2022-12-03T14:37:06.844+0000] {dag.py:2676} INFO - Sync 1 DAGs
[2022-12-03T14:37:06.882+0000] {logging_mixin.py:137} INFO - [2022-12-03T14:37:06.882+0000] {dag.py:3427} INFO - Setting next_dagrun for example_bash_operator to 2022-12-02T00:00:00+00:00, run_after=2022-12-03T00:00:00+00:00
[2022-12-03T14:37:06.900+0000] {processor.py:175} INFO - Processing /home/airflow/.local/lib/python3.7/site-packages/airflow/example_dags/example_bash_operator.py took 0.140 seconds
[2022-12-03T14:37:37.229+0000] {processor.py:153} INFO - Started process (PID=370) to work on /home/airflow/.local/lib/python3.7/site-packages/airflow/example_dags/example_bash_operator.py
[2022-12-03T14:37:37.229+0000] {processor.py:743} INFO - Processing file /home/airflow/.local/lib/python3.7/site-packages/airflow/example_dags/example_bash_operator.py for tasks to queue
[2022-12-03T14:37:37.230+0000] {logging_mixin.py:137} INFO - [2022-12-03T14:37:37.230+0000] {dagbag.py:538} INFO - Filling up the DagBag from /home/airflow/.local/lib/python3.7/site-packages/airflow/example_dags/example_bash_operator.py
[2022-12-03T14:37:37.252+0000] {processor.py:753} INFO - DAG(s) dict_keys(['example_bash_operator']) retrieved from /home/airflow/.local/lib/python3.7/site-packages/airflow/example_dags/example_bash_operator.py
[2022-12-03T14:37:37.317+0000] {logging_mixin.py:137} INFO - [2022-12-03T14:37:37.316+0000] {dag.py:2676} INFO - Sync 1 DAGs
[2022-12-03T14:37:37.342+0000] {logging_mixin.py:137} INFO - [2022-12-03T14:37:37.342+0000] {dag.py:3427} INFO - Setting next_dagrun for example_bash_operator to 2022-12-02T00:00:00+00:00, run_after=2022-12-03T00:00:00+00:00
[2022-12-03T14:37:37.359+0000] {processor.py:175} INFO - Processing /home/airflow/.local/lib/python3.7/site-packages/airflow/example_dags/example_bash_operator.py took 0.133 seconds
[2022-12-03T14:38:07.729+0000] {processor.py:153} INFO - Started process (PID=456) to work on /home/airflow/.local/lib/python3.7/site-packages/airflow/example_dags/example_bash_operator.py
[2022-12-03T14:38:07.730+0000] {processor.py:743} INFO - Processing file /home/airflow/.local/lib/python3.7/site-packages/airflow/example_dags/example_bash_operator.py for tasks to queue
[2022-12-03T14:38:07.730+0000] {logging_mixin.py:137} INFO - [2022-12-03T14:38:07.730+0000] {dagbag.py:538} INFO - Filling up the DagBag from /home/airflow/.local/lib/python3.7/site-packages/airflow/example_dags/example_bash_operator.py
[2022-12-03T14:38:07.752+0000] {processor.py:753} INFO - DAG(s) dict_keys(['example_bash_operator']) retrieved from /home/airflow/.local/lib/python3.7/site-packages/airflow/example_dags/example_bash_operator.py
[2022-12-03T14:38:07.806+0000] {logging_mixin.py:137} INFO - [2022-12-03T14:38:07.806+0000] {dag.py:2676} INFO - Sync 1 DAGs
[2022-12-03T14:38:07.836+0000] {logging_mixin.py:137} INFO - [2022-12-03T14:38:07.836+0000] {dag.py:3427} INFO - Setting next_dagrun for example_bash_operator to 2022-12-02T00:00:00+00:00, run_after=2022-12-03T00:00:00+00:00
[2022-12-03T14:38:07.853+0000] {processor.py:175} INFO - Processing /home/airflow/.local/lib/python3.7/site-packages/airflow/example_dags/example_bash_operator.py took 0.127 seconds
[2022-12-03T14:38:38.319+0000] {processor.py:153} INFO - Started process (PID=542) to work on /home/airflow/.local/lib/python3.7/site-packages/airflow/example_dags/example_bash_operator.py
[2022-12-03T14:38:38.320+0000] {processor.py:743} INFO - Processing file /home/airflow/.local/lib/python3.7/site-packages/airflow/example_dags/example_bash_operator.py for tasks to queue
[2022-12-03T14:38:38.321+0000] {logging_mixin.py:137} INFO - [2022-12-03T14:38:38.321+0000] {dagbag.py:538} INFO - Filling up the DagBag from /home/airflow/.local/lib/python3.7/site-packages/airflow/example_dags/example_bash_operator.py
[2022-12-03T14:38:38.341+0000] {processor.py:753} INFO - DAG(s) dict_keys(['example_bash_operator']) retrieved from /home/airflow/.local/lib/python3.7/site-packages/airflow/example_dags/example_bash_operator.py
[2022-12-03T14:38:38.399+0000] {logging_mixin.py:137} INFO - [2022-12-03T14:38:38.399+0000] {dag.py:2676} INFO - Sync 1 DAGs
[2022-12-03T14:38:38.425+0000] {logging_mixin.py:137} INFO - [2022-12-03T14:38:38.424+0000] {dag.py:3427} INFO - Setting next_dagrun for example_bash_operator to 2022-12-02T00:00:00+00:00, run_after=2022-12-03T00:00:00+00:00
[2022-12-03T14:38:38.441+0000] {processor.py:175} INFO - Processing /home/airflow/.local/lib/python3.7/site-packages/airflow/example_dags/example_bash_operator.py took 0.124 seconds
[2022-12-03T14:39:08.531+0000] {processor.py:153} INFO - Started process (PID=651) to work on /home/airflow/.local/lib/python3.7/site-packages/airflow/example_dags/example_bash_operator.py
[2022-12-03T14:39:08.532+0000] {processor.py:743} INFO - Processing file /home/airflow/.local/lib/python3.7/site-packages/airflow/example_dags/example_bash_operator.py for tasks to queue
[2022-12-03T14:39:08.533+0000] {logging_mixin.py:137} INFO - [2022-12-03T14:39:08.532+0000] {dagbag.py:538} INFO - Filling up the DagBag from /home/airflow/.local/lib/python3.7/site-packages/airflow/example_dags/example_bash_operator.py
[2022-12-03T14:39:08.554+0000] {processor.py:753} INFO - DAG(s) dict_keys(['example_bash_operator']) retrieved from /home/airflow/.local/lib/python3.7/site-packages/airflow/example_dags/example_bash_operator.py
[2022-12-03T14:39:08.630+0000] {logging_mixin.py:137} INFO - [2022-12-03T14:39:08.630+0000] {dag.py:2676} INFO - Sync 1 DAGs
[2022-12-03T14:39:08.694+0000] {logging_mixin.py:137} INFO - [2022-12-03T14:39:08.694+0000] {dag.py:3427} INFO - Setting next_dagrun for example_bash_operator to 2022-12-02T00:00:00+00:00, run_after=2022-12-03T00:00:00+00:00
[2022-12-03T14:39:08.713+0000] {processor.py:175} INFO - Processing /home/airflow/.local/lib/python3.7/site-packages/airflow/example_dags/example_bash_operator.py took 0.185 seconds
[2022-12-03T14:39:38.851+0000] {processor.py:153} INFO - Started process (PID=737) to work on /home/airflow/.local/lib/python3.7/site-packages/airflow/example_dags/example_bash_operator.py
[2022-12-03T14:39:38.852+0000] {processor.py:743} INFO - Processing file /home/airflow/.local/lib/python3.7/site-packages/airflow/example_dags/example_bash_operator.py for tasks to queue
[2022-12-03T14:39:38.852+0000] {logging_mixin.py:137} INFO - [2022-12-03T14:39:38.852+0000] {dagbag.py:538} INFO - Filling up the DagBag from /home/airflow/.local/lib/python3.7/site-packages/airflow/example_dags/example_bash_operator.py
[2022-12-03T14:39:38.883+0000] {processor.py:753} INFO - DAG(s) dict_keys(['example_bash_operator']) retrieved from /home/airflow/.local/lib/python3.7/site-packages/airflow/example_dags/example_bash_operator.py
[2022-12-03T14:39:38.931+0000] {logging_mixin.py:137} INFO - [2022-12-03T14:39:38.931+0000] {dag.py:2676} INFO - Sync 1 DAGs
[2022-12-03T14:39:38.956+0000] {logging_mixin.py:137} INFO - [2022-12-03T14:39:38.956+0000] {dag.py:3427} INFO - Setting next_dagrun for example_bash_operator to 2022-12-02T00:00:00+00:00, run_after=2022-12-03T00:00:00+00:00
[2022-12-03T14:39:38.981+0000] {processor.py:175} INFO - Processing /home/airflow/.local/lib/python3.7/site-packages/airflow/example_dags/example_bash_operator.py took 0.133 seconds
[2022-12-03T14:40:09.067+0000] {processor.py:153} INFO - Started process (PID=848) to work on /home/airflow/.local/lib/python3.7/site-packages/airflow/example_dags/example_bash_operator.py
[2022-12-03T14:40:09.068+0000] {processor.py:743} INFO - Processing file /home/airflow/.local/lib/python3.7/site-packages/airflow/example_dags/example_bash_operator.py for tasks to queue
[2022-12-03T14:40:09.069+0000] {logging_mixin.py:137} INFO - [2022-12-03T14:40:09.069+0000] {dagbag.py:538} INFO - Filling up the DagBag from /home/airflow/.local/lib/python3.7/site-packages/airflow/example_dags/example_bash_operator.py
[2022-12-03T14:40:09.098+0000] {processor.py:753} INFO - DAG(s) dict_keys(['example_bash_operator']) retrieved from /home/airflow/.local/lib/python3.7/site-packages/airflow/example_dags/example_bash_operator.py
[2022-12-03T14:40:09.149+0000] {logging_mixin.py:137} INFO - [2022-12-03T14:40:09.149+0000] {dag.py:2676} INFO - Sync 1 DAGs
[2022-12-03T14:40:09.190+0000] {logging_mixin.py:137} INFO - [2022-12-03T14:40:09.190+0000] {dag.py:3427} INFO - Setting next_dagrun for example_bash_operator to 2022-12-02T00:00:00+00:00, run_after=2022-12-03T00:00:00+00:00
[2022-12-03T14:40:09.211+0000] {processor.py:175} INFO - Processing /home/airflow/.local/lib/python3.7/site-packages/airflow/example_dags/example_bash_operator.py took 0.147 seconds
[2022-12-03T14:40:39.454+0000] {processor.py:153} INFO - Started process (PID=933) to work on /home/airflow/.local/lib/python3.7/site-packages/airflow/example_dags/example_bash_operator.py
[2022-12-03T14:40:39.455+0000] {processor.py:743} INFO - Processing file /home/airflow/.local/lib/python3.7/site-packages/airflow/example_dags/example_bash_operator.py for tasks to queue
[2022-12-03T14:40:39.456+0000] {logging_mixin.py:137} INFO - [2022-12-03T14:40:39.456+0000] {dagbag.py:538} INFO - Filling up the DagBag from /home/airflow/.local/lib/python3.7/site-packages/airflow/example_dags/example_bash_operator.py
[2022-12-03T14:40:39.489+0000] {processor.py:753} INFO - DAG(s) dict_keys(['example_bash_operator']) retrieved from /home/airflow/.local/lib/python3.7/site-packages/airflow/example_dags/example_bash_operator.py
[2022-12-03T14:40:39.558+0000] {logging_mixin.py:137} INFO - [2022-12-03T14:40:39.558+0000] {dag.py:2676} INFO - Sync 1 DAGs
[2022-12-03T14:40:39.611+0000] {logging_mixin.py:137} INFO - [2022-12-03T14:40:39.611+0000] {dag.py:3427} INFO - Setting next_dagrun for example_bash_operator to 2022-12-02T00:00:00+00:00, run_after=2022-12-03T00:00:00+00:00
[2022-12-03T14:40:39.632+0000] {processor.py:175} INFO - Processing /home/airflow/.local/lib/python3.7/site-packages/airflow/example_dags/example_bash_operator.py took 0.180 seconds
[2022-12-03T14:41:10.238+0000] {processor.py:153} INFO - Started process (PID=1018) to work on /home/airflow/.local/lib/python3.7/site-packages/airflow/example_dags/example_bash_operator.py
[2022-12-03T14:41:10.238+0000] {processor.py:743} INFO - Processing file /home/airflow/.local/lib/python3.7/site-packages/airflow/example_dags/example_bash_operator.py for tasks to queue
[2022-12-03T14:41:10.239+0000] {logging_mixin.py:137} INFO - [2022-12-03T14:41:10.239+0000] {dagbag.py:538} INFO - Filling up the DagBag from /home/airflow/.local/lib/python3.7/site-packages/airflow/example_dags/example_bash_operator.py
[2022-12-03T14:41:10.263+0000] {processor.py:753} INFO - DAG(s) dict_keys(['example_bash_operator']) retrieved from /home/airflow/.local/lib/python3.7/site-packages/airflow/example_dags/example_bash_operator.py
[2022-12-03T14:41:10.343+0000] {logging_mixin.py:137} INFO - [2022-12-03T14:41:10.343+0000] {dag.py:2676} INFO - Sync 1 DAGs
[2022-12-03T14:41:10.395+0000] {logging_mixin.py:137} INFO - [2022-12-03T14:41:10.395+0000] {dag.py:3427} INFO - Setting next_dagrun for example_bash_operator to 2022-12-02T00:00:00+00:00, run_after=2022-12-03T00:00:00+00:00
[2022-12-03T14:41:10.416+0000] {processor.py:175} INFO - Processing /home/airflow/.local/lib/python3.7/site-packages/airflow/example_dags/example_bash_operator.py took 0.181 seconds
[2022-12-03T14:41:41.142+0000] {processor.py:153} INFO - Started process (PID=1129) to work on /home/airflow/.local/lib/python3.7/site-packages/airflow/example_dags/example_bash_operator.py
[2022-12-03T14:41:41.148+0000] {processor.py:743} INFO - Processing file /home/airflow/.local/lib/python3.7/site-packages/airflow/example_dags/example_bash_operator.py for tasks to queue
[2022-12-03T14:41:41.148+0000] {logging_mixin.py:137} INFO - [2022-12-03T14:41:41.148+0000] {dagbag.py:538} INFO - Filling up the DagBag from /home/airflow/.local/lib/python3.7/site-packages/airflow/example_dags/example_bash_operator.py
[2022-12-03T14:41:41.180+0000] {processor.py:753} INFO - DAG(s) dict_keys(['example_bash_operator']) retrieved from /home/airflow/.local/lib/python3.7/site-packages/airflow/example_dags/example_bash_operator.py
[2022-12-03T14:41:41.291+0000] {logging_mixin.py:137} INFO - [2022-12-03T14:41:41.291+0000] {dag.py:2676} INFO - Sync 1 DAGs
[2022-12-03T14:41:41.377+0000] {logging_mixin.py:137} INFO - [2022-12-03T14:41:41.377+0000] {dag.py:3427} INFO - Setting next_dagrun for example_bash_operator to 2022-12-02T00:00:00+00:00, run_after=2022-12-03T00:00:00+00:00
[2022-12-03T14:41:41.407+0000] {processor.py:175} INFO - Processing /home/airflow/.local/lib/python3.7/site-packages/airflow/example_dags/example_bash_operator.py took 0.269 seconds
[2022-12-03T14:42:11.789+0000] {processor.py:153} INFO - Started process (PID=1215) to work on /home/airflow/.local/lib/python3.7/site-packages/airflow/example_dags/example_bash_operator.py
[2022-12-03T14:42:11.790+0000] {processor.py:743} INFO - Processing file /home/airflow/.local/lib/python3.7/site-packages/airflow/example_dags/example_bash_operator.py for tasks to queue
[2022-12-03T14:42:11.790+0000] {logging_mixin.py:137} INFO - [2022-12-03T14:42:11.790+0000] {dagbag.py:538} INFO - Filling up the DagBag from /home/airflow/.local/lib/python3.7/site-packages/airflow/example_dags/example_bash_operator.py
[2022-12-03T14:42:11.812+0000] {processor.py:753} INFO - DAG(s) dict_keys(['example_bash_operator']) retrieved from /home/airflow/.local/lib/python3.7/site-packages/airflow/example_dags/example_bash_operator.py
[2022-12-03T14:42:11.970+0000] {logging_mixin.py:137} INFO - [2022-12-03T14:42:11.970+0000] {dag.py:2676} INFO - Sync 1 DAGs
[2022-12-03T14:42:12.005+0000] {logging_mixin.py:137} INFO - [2022-12-03T14:42:12.005+0000] {dag.py:3427} INFO - Setting next_dagrun for example_bash_operator to 2022-12-02T00:00:00+00:00, run_after=2022-12-03T00:00:00+00:00
[2022-12-03T14:42:12.082+0000] {processor.py:175} INFO - Processing /home/airflow/.local/lib/python3.7/site-packages/airflow/example_dags/example_bash_operator.py took 0.296 seconds
[2022-12-03T14:42:42.561+0000] {processor.py:153} INFO - Started process (PID=1301) to work on /home/airflow/.local/lib/python3.7/site-packages/airflow/example_dags/example_bash_operator.py
[2022-12-03T14:42:42.562+0000] {processor.py:743} INFO - Processing file /home/airflow/.local/lib/python3.7/site-packages/airflow/example_dags/example_bash_operator.py for tasks to queue
[2022-12-03T14:42:42.563+0000] {logging_mixin.py:137} INFO - [2022-12-03T14:42:42.563+0000] {dagbag.py:538} INFO - Filling up the DagBag from /home/airflow/.local/lib/python3.7/site-packages/airflow/example_dags/example_bash_operator.py
[2022-12-03T14:42:42.593+0000] {processor.py:753} INFO - DAG(s) dict_keys(['example_bash_operator']) retrieved from /home/airflow/.local/lib/python3.7/site-packages/airflow/example_dags/example_bash_operator.py
[2022-12-03T14:42:42.644+0000] {logging_mixin.py:137} INFO - [2022-12-03T14:42:42.644+0000] {dag.py:2676} INFO - Sync 1 DAGs
[2022-12-03T14:42:42.679+0000] {logging_mixin.py:137} INFO - [2022-12-03T14:42:42.679+0000] {dag.py:3427} INFO - Setting next_dagrun for example_bash_operator to 2022-12-02T00:00:00+00:00, run_after=2022-12-03T00:00:00+00:00
[2022-12-03T14:42:42.702+0000] {processor.py:175} INFO - Processing /home/airflow/.local/lib/python3.7/site-packages/airflow/example_dags/example_bash_operator.py took 0.143 seconds
[2022-12-03T14:43:12.844+0000] {processor.py:153} INFO - Started process (PID=1410) to work on /home/airflow/.local/lib/python3.7/site-packages/airflow/example_dags/example_bash_operator.py
[2022-12-03T14:43:12.845+0000] {processor.py:743} INFO - Processing file /home/airflow/.local/lib/python3.7/site-packages/airflow/example_dags/example_bash_operator.py for tasks to queue
[2022-12-03T14:43:12.846+0000] {logging_mixin.py:137} INFO - [2022-12-03T14:43:12.846+0000] {dagbag.py:538} INFO - Filling up the DagBag from /home/airflow/.local/lib/python3.7/site-packages/airflow/example_dags/example_bash_operator.py
[2022-12-03T14:43:12.874+0000] {processor.py:753} INFO - DAG(s) dict_keys(['example_bash_operator']) retrieved from /home/airflow/.local/lib/python3.7/site-packages/airflow/example_dags/example_bash_operator.py
[2022-12-03T14:43:12.949+0000] {logging_mixin.py:137} INFO - [2022-12-03T14:43:12.949+0000] {dag.py:2676} INFO - Sync 1 DAGs
[2022-12-03T14:43:12.994+0000] {logging_mixin.py:137} INFO - [2022-12-03T14:43:12.993+0000] {dag.py:3427} INFO - Setting next_dagrun for example_bash_operator to 2022-12-02T00:00:00+00:00, run_after=2022-12-03T00:00:00+00:00
[2022-12-03T14:43:13.021+0000] {processor.py:175} INFO - Processing /home/airflow/.local/lib/python3.7/site-packages/airflow/example_dags/example_bash_operator.py took 0.180 seconds
[2022-12-03T14:43:43.130+0000] {processor.py:153} INFO - Started process (PID=1496) to work on /home/airflow/.local/lib/python3.7/site-packages/airflow/example_dags/example_bash_operator.py
[2022-12-03T14:43:43.131+0000] {processor.py:743} INFO - Processing file /home/airflow/.local/lib/python3.7/site-packages/airflow/example_dags/example_bash_operator.py for tasks to queue
[2022-12-03T14:43:43.132+0000] {logging_mixin.py:137} INFO - [2022-12-03T14:43:43.132+0000] {dagbag.py:538} INFO - Filling up the DagBag from /home/airflow/.local/lib/python3.7/site-packages/airflow/example_dags/example_bash_operator.py
[2022-12-03T14:43:43.156+0000] {processor.py:753} INFO - DAG(s) dict_keys(['example_bash_operator']) retrieved from /home/airflow/.local/lib/python3.7/site-packages/airflow/example_dags/example_bash_operator.py
[2022-12-03T14:43:43.222+0000] {logging_mixin.py:137} INFO - [2022-12-03T14:43:43.222+0000] {dag.py:2676} INFO - Sync 1 DAGs
[2022-12-03T14:43:43.249+0000] {logging_mixin.py:137} INFO - [2022-12-03T14:43:43.249+0000] {dag.py:3427} INFO - Setting next_dagrun for example_bash_operator to 2022-12-02T00:00:00+00:00, run_after=2022-12-03T00:00:00+00:00
[2022-12-03T14:43:43.268+0000] {processor.py:175} INFO - Processing /home/airflow/.local/lib/python3.7/site-packages/airflow/example_dags/example_bash_operator.py took 0.140 seconds
