[2022-12-03T14:36:06.867+0000] {processor.py:153} INFO - Started process (PID=101) to work on /home/airflow/.local/lib/python3.7/site-packages/airflow/example_dags/example_latest_only_with_trigger.py
[2022-12-03T14:36:06.869+0000] {processor.py:743} INFO - Processing file /home/airflow/.local/lib/python3.7/site-packages/airflow/example_dags/example_latest_only_with_trigger.py for tasks to queue
[2022-12-03T14:36:06.870+0000] {logging_mixin.py:137} INFO - [2022-12-03T14:36:06.870+0000] {dagbag.py:538} INFO - Filling up the DagBag from /home/airflow/.local/lib/python3.7/site-packages/airflow/example_dags/example_latest_only_with_trigger.py
[2022-12-03T14:36:06.897+0000] {processor.py:753} INFO - DAG(s) dict_keys(['latest_only_with_trigger']) retrieved from /home/airflow/.local/lib/python3.7/site-packages/airflow/example_dags/example_latest_only_with_trigger.py
[2022-12-03T14:36:06.938+0000] {logging_mixin.py:137} INFO - [2022-12-03T14:36:06.938+0000] {dag.py:2676} INFO - Sync 1 DAGs
[2022-12-03T14:36:06.978+0000] {logging_mixin.py:137} INFO - [2022-12-03T14:36:06.978+0000] {dag.py:3427} INFO - Setting next_dagrun for latest_only_with_trigger to 2022-12-03T10:36:06.977462+00:00, run_after=2022-12-03T14:36:06.977462+00:00
[2022-12-03T14:36:07.008+0000] {processor.py:175} INFO - Processing /home/airflow/.local/lib/python3.7/site-packages/airflow/example_dags/example_latest_only_with_trigger.py took 0.161 seconds
[2022-12-03T14:36:37.342+0000] {processor.py:153} INFO - Started process (PID=187) to work on /home/airflow/.local/lib/python3.7/site-packages/airflow/example_dags/example_latest_only_with_trigger.py
[2022-12-03T14:36:37.343+0000] {processor.py:743} INFO - Processing file /home/airflow/.local/lib/python3.7/site-packages/airflow/example_dags/example_latest_only_with_trigger.py for tasks to queue
[2022-12-03T14:36:37.343+0000] {logging_mixin.py:137} INFO - [2022-12-03T14:36:37.343+0000] {dagbag.py:538} INFO - Filling up the DagBag from /home/airflow/.local/lib/python3.7/site-packages/airflow/example_dags/example_latest_only_with_trigger.py
[2022-12-03T14:36:37.374+0000] {processor.py:753} INFO - DAG(s) dict_keys(['latest_only_with_trigger']) retrieved from /home/airflow/.local/lib/python3.7/site-packages/airflow/example_dags/example_latest_only_with_trigger.py
[2022-12-03T14:36:37.411+0000] {logging_mixin.py:137} INFO - [2022-12-03T14:36:37.411+0000] {dag.py:2676} INFO - Sync 1 DAGs
[2022-12-03T14:36:37.488+0000] {logging_mixin.py:137} INFO - [2022-12-03T14:36:37.487+0000] {dag.py:3427} INFO - Setting next_dagrun for latest_only_with_trigger to 2022-12-03T10:36:37.487735+00:00, run_after=2022-12-03T14:36:37.487735+00:00
[2022-12-03T14:36:37.506+0000] {processor.py:175} INFO - Processing /home/airflow/.local/lib/python3.7/site-packages/airflow/example_dags/example_latest_only_with_trigger.py took 0.167 seconds
[2022-12-03T14:37:08.670+0000] {processor.py:153} INFO - Started process (PID=282) to work on /home/airflow/.local/lib/python3.7/site-packages/airflow/example_dags/example_latest_only_with_trigger.py
[2022-12-03T14:37:08.676+0000] {processor.py:743} INFO - Processing file /home/airflow/.local/lib/python3.7/site-packages/airflow/example_dags/example_latest_only_with_trigger.py for tasks to queue
[2022-12-03T14:37:08.677+0000] {logging_mixin.py:137} INFO - [2022-12-03T14:37:08.677+0000] {dagbag.py:538} INFO - Filling up the DagBag from /home/airflow/.local/lib/python3.7/site-packages/airflow/example_dags/example_latest_only_with_trigger.py
[2022-12-03T14:37:08.695+0000] {processor.py:753} INFO - DAG(s) dict_keys(['latest_only_with_trigger']) retrieved from /home/airflow/.local/lib/python3.7/site-packages/airflow/example_dags/example_latest_only_with_trigger.py
[2022-12-03T14:37:08.786+0000] {logging_mixin.py:137} INFO - [2022-12-03T14:37:08.785+0000] {dag.py:2676} INFO - Sync 1 DAGs
[2022-12-03T14:37:08.811+0000] {logging_mixin.py:137} INFO - [2022-12-03T14:37:08.811+0000] {dag.py:3427} INFO - Setting next_dagrun for latest_only_with_trigger to 2022-12-03T10:37:08.811190+00:00, run_after=2022-12-03T14:37:08.811190+00:00
[2022-12-03T14:37:08.887+0000] {processor.py:175} INFO - Processing /home/airflow/.local/lib/python3.7/site-packages/airflow/example_dags/example_latest_only_with_trigger.py took 0.220 seconds
[2022-12-03T14:37:39.532+0000] {processor.py:153} INFO - Started process (PID=383) to work on /home/airflow/.local/lib/python3.7/site-packages/airflow/example_dags/example_latest_only_with_trigger.py
[2022-12-03T14:37:39.533+0000] {processor.py:743} INFO - Processing file /home/airflow/.local/lib/python3.7/site-packages/airflow/example_dags/example_latest_only_with_trigger.py for tasks to queue
[2022-12-03T14:37:39.534+0000] {logging_mixin.py:137} INFO - [2022-12-03T14:37:39.534+0000] {dagbag.py:538} INFO - Filling up the DagBag from /home/airflow/.local/lib/python3.7/site-packages/airflow/example_dags/example_latest_only_with_trigger.py
[2022-12-03T14:37:39.547+0000] {processor.py:753} INFO - DAG(s) dict_keys(['latest_only_with_trigger']) retrieved from /home/airflow/.local/lib/python3.7/site-packages/airflow/example_dags/example_latest_only_with_trigger.py
[2022-12-03T14:37:39.591+0000] {logging_mixin.py:137} INFO - [2022-12-03T14:37:39.591+0000] {dag.py:2676} INFO - Sync 1 DAGs
[2022-12-03T14:37:39.614+0000] {logging_mixin.py:137} INFO - [2022-12-03T14:37:39.614+0000] {dag.py:3427} INFO - Setting next_dagrun for latest_only_with_trigger to 2022-12-03T10:37:39.614510+00:00, run_after=2022-12-03T14:37:39.614510+00:00
[2022-12-03T14:37:39.631+0000] {processor.py:175} INFO - Processing /home/airflow/.local/lib/python3.7/site-packages/airflow/example_dags/example_latest_only_with_trigger.py took 0.102 seconds
[2022-12-03T14:38:09.805+0000] {processor.py:153} INFO - Started process (PID=469) to work on /home/airflow/.local/lib/python3.7/site-packages/airflow/example_dags/example_latest_only_with_trigger.py
[2022-12-03T14:38:09.806+0000] {processor.py:743} INFO - Processing file /home/airflow/.local/lib/python3.7/site-packages/airflow/example_dags/example_latest_only_with_trigger.py for tasks to queue
[2022-12-03T14:38:09.807+0000] {logging_mixin.py:137} INFO - [2022-12-03T14:38:09.807+0000] {dagbag.py:538} INFO - Filling up the DagBag from /home/airflow/.local/lib/python3.7/site-packages/airflow/example_dags/example_latest_only_with_trigger.py
[2022-12-03T14:38:09.821+0000] {processor.py:753} INFO - DAG(s) dict_keys(['latest_only_with_trigger']) retrieved from /home/airflow/.local/lib/python3.7/site-packages/airflow/example_dags/example_latest_only_with_trigger.py
[2022-12-03T14:38:09.869+0000] {logging_mixin.py:137} INFO - [2022-12-03T14:38:09.869+0000] {dag.py:2676} INFO - Sync 1 DAGs
[2022-12-03T14:38:09.897+0000] {logging_mixin.py:137} INFO - [2022-12-03T14:38:09.897+0000] {dag.py:3427} INFO - Setting next_dagrun for latest_only_with_trigger to 2022-12-03T10:38:09.897423+00:00, run_after=2022-12-03T14:38:09.897423+00:00
[2022-12-03T14:38:09.914+0000] {processor.py:175} INFO - Processing /home/airflow/.local/lib/python3.7/site-packages/airflow/example_dags/example_latest_only_with_trigger.py took 0.111 seconds
[2022-12-03T14:38:40.684+0000] {processor.py:153} INFO - Started process (PID=578) to work on /home/airflow/.local/lib/python3.7/site-packages/airflow/example_dags/example_latest_only_with_trigger.py
[2022-12-03T14:38:40.685+0000] {processor.py:743} INFO - Processing file /home/airflow/.local/lib/python3.7/site-packages/airflow/example_dags/example_latest_only_with_trigger.py for tasks to queue
[2022-12-03T14:38:40.685+0000] {logging_mixin.py:137} INFO - [2022-12-03T14:38:40.685+0000] {dagbag.py:538} INFO - Filling up the DagBag from /home/airflow/.local/lib/python3.7/site-packages/airflow/example_dags/example_latest_only_with_trigger.py
[2022-12-03T14:38:40.699+0000] {processor.py:753} INFO - DAG(s) dict_keys(['latest_only_with_trigger']) retrieved from /home/airflow/.local/lib/python3.7/site-packages/airflow/example_dags/example_latest_only_with_trigger.py
[2022-12-03T14:38:40.735+0000] {logging_mixin.py:137} INFO - [2022-12-03T14:38:40.735+0000] {dag.py:2676} INFO - Sync 1 DAGs
[2022-12-03T14:38:40.760+0000] {logging_mixin.py:137} INFO - [2022-12-03T14:38:40.760+0000] {dag.py:3427} INFO - Setting next_dagrun for latest_only_with_trigger to 2022-12-03T10:38:40.760097+00:00, run_after=2022-12-03T14:38:40.760097+00:00
[2022-12-03T14:38:40.781+0000] {processor.py:175} INFO - Processing /home/airflow/.local/lib/python3.7/site-packages/airflow/example_dags/example_latest_only_with_trigger.py took 0.100 seconds
[2022-12-03T14:39:10.844+0000] {processor.py:153} INFO - Started process (PID=664) to work on /home/airflow/.local/lib/python3.7/site-packages/airflow/example_dags/example_latest_only_with_trigger.py
[2022-12-03T14:39:10.845+0000] {processor.py:743} INFO - Processing file /home/airflow/.local/lib/python3.7/site-packages/airflow/example_dags/example_latest_only_with_trigger.py for tasks to queue
[2022-12-03T14:39:10.846+0000] {logging_mixin.py:137} INFO - [2022-12-03T14:39:10.846+0000] {dagbag.py:538} INFO - Filling up the DagBag from /home/airflow/.local/lib/python3.7/site-packages/airflow/example_dags/example_latest_only_with_trigger.py
[2022-12-03T14:39:10.858+0000] {processor.py:753} INFO - DAG(s) dict_keys(['latest_only_with_trigger']) retrieved from /home/airflow/.local/lib/python3.7/site-packages/airflow/example_dags/example_latest_only_with_trigger.py
[2022-12-03T14:39:10.898+0000] {logging_mixin.py:137} INFO - [2022-12-03T14:39:10.898+0000] {dag.py:2676} INFO - Sync 1 DAGs
[2022-12-03T14:39:10.922+0000] {logging_mixin.py:137} INFO - [2022-12-03T14:39:10.922+0000] {dag.py:3427} INFO - Setting next_dagrun for latest_only_with_trigger to 2022-12-03T10:39:10.922430+00:00, run_after=2022-12-03T14:39:10.922430+00:00
[2022-12-03T14:39:10.939+0000] {processor.py:175} INFO - Processing /home/airflow/.local/lib/python3.7/site-packages/airflow/example_dags/example_latest_only_with_trigger.py took 0.097 seconds
[2022-12-03T14:39:41.086+0000] {processor.py:153} INFO - Started process (PID=750) to work on /home/airflow/.local/lib/python3.7/site-packages/airflow/example_dags/example_latest_only_with_trigger.py
[2022-12-03T14:39:41.087+0000] {processor.py:743} INFO - Processing file /home/airflow/.local/lib/python3.7/site-packages/airflow/example_dags/example_latest_only_with_trigger.py for tasks to queue
[2022-12-03T14:39:41.088+0000] {logging_mixin.py:137} INFO - [2022-12-03T14:39:41.088+0000] {dagbag.py:538} INFO - Filling up the DagBag from /home/airflow/.local/lib/python3.7/site-packages/airflow/example_dags/example_latest_only_with_trigger.py
[2022-12-03T14:39:41.105+0000] {processor.py:753} INFO - DAG(s) dict_keys(['latest_only_with_trigger']) retrieved from /home/airflow/.local/lib/python3.7/site-packages/airflow/example_dags/example_latest_only_with_trigger.py
[2022-12-03T14:39:41.147+0000] {logging_mixin.py:137} INFO - [2022-12-03T14:39:41.147+0000] {dag.py:2676} INFO - Sync 1 DAGs
[2022-12-03T14:39:41.185+0000] {logging_mixin.py:137} INFO - [2022-12-03T14:39:41.185+0000] {dag.py:3427} INFO - Setting next_dagrun for latest_only_with_trigger to 2022-12-03T10:39:41.185269+00:00, run_after=2022-12-03T14:39:41.185269+00:00
[2022-12-03T14:39:41.209+0000] {processor.py:175} INFO - Processing /home/airflow/.local/lib/python3.7/site-packages/airflow/example_dags/example_latest_only_with_trigger.py took 0.125 seconds
[2022-12-03T14:40:11.398+0000] {processor.py:153} INFO - Started process (PID=860) to work on /home/airflow/.local/lib/python3.7/site-packages/airflow/example_dags/example_latest_only_with_trigger.py
[2022-12-03T14:40:11.399+0000] {processor.py:743} INFO - Processing file /home/airflow/.local/lib/python3.7/site-packages/airflow/example_dags/example_latest_only_with_trigger.py for tasks to queue
[2022-12-03T14:40:11.400+0000] {logging_mixin.py:137} INFO - [2022-12-03T14:40:11.400+0000] {dagbag.py:538} INFO - Filling up the DagBag from /home/airflow/.local/lib/python3.7/site-packages/airflow/example_dags/example_latest_only_with_trigger.py
[2022-12-03T14:40:11.416+0000] {processor.py:753} INFO - DAG(s) dict_keys(['latest_only_with_trigger']) retrieved from /home/airflow/.local/lib/python3.7/site-packages/airflow/example_dags/example_latest_only_with_trigger.py
[2022-12-03T14:40:11.519+0000] {logging_mixin.py:137} INFO - [2022-12-03T14:40:11.518+0000] {dag.py:2676} INFO - Sync 1 DAGs
[2022-12-03T14:40:11.544+0000] {logging_mixin.py:137} INFO - [2022-12-03T14:40:11.544+0000] {dag.py:3427} INFO - Setting next_dagrun for latest_only_with_trigger to 2022-12-03T10:40:11.543982+00:00, run_after=2022-12-03T14:40:11.543982+00:00
[2022-12-03T14:40:11.564+0000] {processor.py:175} INFO - Processing /home/airflow/.local/lib/python3.7/site-packages/airflow/example_dags/example_latest_only_with_trigger.py took 0.177 seconds
[2022-12-03T14:40:41.826+0000] {processor.py:153} INFO - Started process (PID=946) to work on /home/airflow/.local/lib/python3.7/site-packages/airflow/example_dags/example_latest_only_with_trigger.py
[2022-12-03T14:40:41.827+0000] {processor.py:743} INFO - Processing file /home/airflow/.local/lib/python3.7/site-packages/airflow/example_dags/example_latest_only_with_trigger.py for tasks to queue
[2022-12-03T14:40:41.828+0000] {logging_mixin.py:137} INFO - [2022-12-03T14:40:41.828+0000] {dagbag.py:538} INFO - Filling up the DagBag from /home/airflow/.local/lib/python3.7/site-packages/airflow/example_dags/example_latest_only_with_trigger.py
[2022-12-03T14:40:41.842+0000] {processor.py:753} INFO - DAG(s) dict_keys(['latest_only_with_trigger']) retrieved from /home/airflow/.local/lib/python3.7/site-packages/airflow/example_dags/example_latest_only_with_trigger.py
[2022-12-03T14:40:41.893+0000] {logging_mixin.py:137} INFO - [2022-12-03T14:40:41.893+0000] {dag.py:2676} INFO - Sync 1 DAGs
[2022-12-03T14:40:41.932+0000] {logging_mixin.py:137} INFO - [2022-12-03T14:40:41.932+0000] {dag.py:3427} INFO - Setting next_dagrun for latest_only_with_trigger to 2022-12-03T10:40:41.931891+00:00, run_after=2022-12-03T14:40:41.931891+00:00
[2022-12-03T14:40:41.952+0000] {processor.py:175} INFO - Processing /home/airflow/.local/lib/python3.7/site-packages/airflow/example_dags/example_latest_only_with_trigger.py took 0.129 seconds
[2022-12-03T14:41:12.684+0000] {processor.py:153} INFO - Started process (PID=1039) to work on /home/airflow/.local/lib/python3.7/site-packages/airflow/example_dags/example_latest_only_with_trigger.py
[2022-12-03T14:41:12.685+0000] {processor.py:743} INFO - Processing file /home/airflow/.local/lib/python3.7/site-packages/airflow/example_dags/example_latest_only_with_trigger.py for tasks to queue
[2022-12-03T14:41:12.685+0000] {logging_mixin.py:137} INFO - [2022-12-03T14:41:12.685+0000] {dagbag.py:538} INFO - Filling up the DagBag from /home/airflow/.local/lib/python3.7/site-packages/airflow/example_dags/example_latest_only_with_trigger.py
[2022-12-03T14:41:12.701+0000] {processor.py:753} INFO - DAG(s) dict_keys(['latest_only_with_trigger']) retrieved from /home/airflow/.local/lib/python3.7/site-packages/airflow/example_dags/example_latest_only_with_trigger.py
[2022-12-03T14:41:12.801+0000] {logging_mixin.py:137} INFO - [2022-12-03T14:41:12.801+0000] {dag.py:2676} INFO - Sync 1 DAGs
[2022-12-03T14:41:12.877+0000] {logging_mixin.py:137} INFO - [2022-12-03T14:41:12.877+0000] {dag.py:3427} INFO - Setting next_dagrun for latest_only_with_trigger to 2022-12-03T10:41:12.877422+00:00, run_after=2022-12-03T14:41:12.877422+00:00
[2022-12-03T14:41:12.903+0000] {processor.py:175} INFO - Processing /home/airflow/.local/lib/python3.7/site-packages/airflow/example_dags/example_latest_only_with_trigger.py took 0.229 seconds
[2022-12-03T14:41:43.156+0000] {processor.py:153} INFO - Started process (PID=1142) to work on /home/airflow/.local/lib/python3.7/site-packages/airflow/example_dags/example_latest_only_with_trigger.py
[2022-12-03T14:41:43.157+0000] {processor.py:743} INFO - Processing file /home/airflow/.local/lib/python3.7/site-packages/airflow/example_dags/example_latest_only_with_trigger.py for tasks to queue
[2022-12-03T14:41:43.158+0000] {logging_mixin.py:137} INFO - [2022-12-03T14:41:43.158+0000] {dagbag.py:538} INFO - Filling up the DagBag from /home/airflow/.local/lib/python3.7/site-packages/airflow/example_dags/example_latest_only_with_trigger.py
[2022-12-03T14:41:43.184+0000] {processor.py:753} INFO - DAG(s) dict_keys(['latest_only_with_trigger']) retrieved from /home/airflow/.local/lib/python3.7/site-packages/airflow/example_dags/example_latest_only_with_trigger.py
[2022-12-03T14:41:43.233+0000] {logging_mixin.py:137} INFO - [2022-12-03T14:41:43.232+0000] {dag.py:2676} INFO - Sync 1 DAGs
[2022-12-03T14:41:43.274+0000] {logging_mixin.py:137} INFO - [2022-12-03T14:41:43.273+0000] {dag.py:3427} INFO - Setting next_dagrun for latest_only_with_trigger to 2022-12-03T10:41:43.273575+00:00, run_after=2022-12-03T14:41:43.273575+00:00
[2022-12-03T14:41:43.299+0000] {processor.py:175} INFO - Processing /home/airflow/.local/lib/python3.7/site-packages/airflow/example_dags/example_latest_only_with_trigger.py took 0.146 seconds
[2022-12-03T14:42:13.913+0000] {processor.py:153} INFO - Started process (PID=1228) to work on /home/airflow/.local/lib/python3.7/site-packages/airflow/example_dags/example_latest_only_with_trigger.py
[2022-12-03T14:42:13.914+0000] {processor.py:743} INFO - Processing file /home/airflow/.local/lib/python3.7/site-packages/airflow/example_dags/example_latest_only_with_trigger.py for tasks to queue
[2022-12-03T14:42:13.914+0000] {logging_mixin.py:137} INFO - [2022-12-03T14:42:13.914+0000] {dagbag.py:538} INFO - Filling up the DagBag from /home/airflow/.local/lib/python3.7/site-packages/airflow/example_dags/example_latest_only_with_trigger.py
[2022-12-03T14:42:13.927+0000] {processor.py:753} INFO - DAG(s) dict_keys(['latest_only_with_trigger']) retrieved from /home/airflow/.local/lib/python3.7/site-packages/airflow/example_dags/example_latest_only_with_trigger.py
[2022-12-03T14:42:13.994+0000] {logging_mixin.py:137} INFO - [2022-12-03T14:42:13.994+0000] {dag.py:2676} INFO - Sync 1 DAGs
[2022-12-03T14:42:14.027+0000] {logging_mixin.py:137} INFO - [2022-12-03T14:42:14.026+0000] {dag.py:3427} INFO - Setting next_dagrun for latest_only_with_trigger to 2022-12-03T10:42:14.026663+00:00, run_after=2022-12-03T14:42:14.026663+00:00
[2022-12-03T14:42:14.090+0000] {processor.py:175} INFO - Processing /home/airflow/.local/lib/python3.7/site-packages/airflow/example_dags/example_latest_only_with_trigger.py took 0.180 seconds
[2022-12-03T14:42:44.723+0000] {processor.py:153} INFO - Started process (PID=1314) to work on /home/airflow/.local/lib/python3.7/site-packages/airflow/example_dags/example_latest_only_with_trigger.py
[2022-12-03T14:42:44.724+0000] {processor.py:743} INFO - Processing file /home/airflow/.local/lib/python3.7/site-packages/airflow/example_dags/example_latest_only_with_trigger.py for tasks to queue
[2022-12-03T14:42:44.724+0000] {logging_mixin.py:137} INFO - [2022-12-03T14:42:44.724+0000] {dagbag.py:538} INFO - Filling up the DagBag from /home/airflow/.local/lib/python3.7/site-packages/airflow/example_dags/example_latest_only_with_trigger.py
[2022-12-03T14:42:44.737+0000] {processor.py:753} INFO - DAG(s) dict_keys(['latest_only_with_trigger']) retrieved from /home/airflow/.local/lib/python3.7/site-packages/airflow/example_dags/example_latest_only_with_trigger.py
[2022-12-03T14:42:44.785+0000] {logging_mixin.py:137} INFO - [2022-12-03T14:42:44.784+0000] {dag.py:2676} INFO - Sync 1 DAGs
[2022-12-03T14:42:44.814+0000] {logging_mixin.py:137} INFO - [2022-12-03T14:42:44.814+0000] {dag.py:3427} INFO - Setting next_dagrun for latest_only_with_trigger to 2022-12-03T10:42:44.813812+00:00, run_after=2022-12-03T14:42:44.813812+00:00
[2022-12-03T14:42:44.831+0000] {processor.py:175} INFO - Processing /home/airflow/.local/lib/python3.7/site-packages/airflow/example_dags/example_latest_only_with_trigger.py took 0.111 seconds
[2022-12-03T14:43:15.118+0000] {processor.py:153} INFO - Started process (PID=1423) to work on /home/airflow/.local/lib/python3.7/site-packages/airflow/example_dags/example_latest_only_with_trigger.py
[2022-12-03T14:43:15.119+0000] {processor.py:743} INFO - Processing file /home/airflow/.local/lib/python3.7/site-packages/airflow/example_dags/example_latest_only_with_trigger.py for tasks to queue
[2022-12-03T14:43:15.121+0000] {logging_mixin.py:137} INFO - [2022-12-03T14:43:15.120+0000] {dagbag.py:538} INFO - Filling up the DagBag from /home/airflow/.local/lib/python3.7/site-packages/airflow/example_dags/example_latest_only_with_trigger.py
[2022-12-03T14:43:15.135+0000] {processor.py:753} INFO - DAG(s) dict_keys(['latest_only_with_trigger']) retrieved from /home/airflow/.local/lib/python3.7/site-packages/airflow/example_dags/example_latest_only_with_trigger.py
[2022-12-03T14:43:15.182+0000] {logging_mixin.py:137} INFO - [2022-12-03T14:43:15.182+0000] {dag.py:2676} INFO - Sync 1 DAGs
[2022-12-03T14:43:15.213+0000] {logging_mixin.py:137} INFO - [2022-12-03T14:43:15.213+0000] {dag.py:3427} INFO - Setting next_dagrun for latest_only_with_trigger to 2022-12-03T10:43:15.213050+00:00, run_after=2022-12-03T14:43:15.213050+00:00
[2022-12-03T14:43:15.231+0000] {processor.py:175} INFO - Processing /home/airflow/.local/lib/python3.7/site-packages/airflow/example_dags/example_latest_only_with_trigger.py took 0.116 seconds
[2022-12-03T14:43:45.283+0000] {processor.py:153} INFO - Started process (PID=1509) to work on /home/airflow/.local/lib/python3.7/site-packages/airflow/example_dags/example_latest_only_with_trigger.py
[2022-12-03T14:43:45.284+0000] {processor.py:743} INFO - Processing file /home/airflow/.local/lib/python3.7/site-packages/airflow/example_dags/example_latest_only_with_trigger.py for tasks to queue
[2022-12-03T14:43:45.285+0000] {logging_mixin.py:137} INFO - [2022-12-03T14:43:45.284+0000] {dagbag.py:538} INFO - Filling up the DagBag from /home/airflow/.local/lib/python3.7/site-packages/airflow/example_dags/example_latest_only_with_trigger.py
[2022-12-03T14:43:45.298+0000] {processor.py:753} INFO - DAG(s) dict_keys(['latest_only_with_trigger']) retrieved from /home/airflow/.local/lib/python3.7/site-packages/airflow/example_dags/example_latest_only_with_trigger.py
[2022-12-03T14:43:45.334+0000] {logging_mixin.py:137} INFO - [2022-12-03T14:43:45.334+0000] {dag.py:2676} INFO - Sync 1 DAGs
[2022-12-03T14:43:45.360+0000] {logging_mixin.py:137} INFO - [2022-12-03T14:43:45.360+0000] {dag.py:3427} INFO - Setting next_dagrun for latest_only_with_trigger to 2022-12-03T10:43:45.359805+00:00, run_after=2022-12-03T14:43:45.359805+00:00
[2022-12-03T14:43:45.386+0000] {processor.py:175} INFO - Processing /home/airflow/.local/lib/python3.7/site-packages/airflow/example_dags/example_latest_only_with_trigger.py took 0.107 seconds
[2022-12-03T14:44:16.291+0000] {processor.py:153} INFO - Started process (PID=1619) to work on /home/airflow/.local/lib/python3.7/site-packages/airflow/example_dags/example_latest_only_with_trigger.py
[2022-12-03T14:44:16.292+0000] {processor.py:743} INFO - Processing file /home/airflow/.local/lib/python3.7/site-packages/airflow/example_dags/example_latest_only_with_trigger.py for tasks to queue
[2022-12-03T14:44:16.293+0000] {logging_mixin.py:137} INFO - [2022-12-03T14:44:16.293+0000] {dagbag.py:538} INFO - Filling up the DagBag from /home/airflow/.local/lib/python3.7/site-packages/airflow/example_dags/example_latest_only_with_trigger.py
[2022-12-03T14:44:16.307+0000] {processor.py:753} INFO - DAG(s) dict_keys(['latest_only_with_trigger']) retrieved from /home/airflow/.local/lib/python3.7/site-packages/airflow/example_dags/example_latest_only_with_trigger.py
[2022-12-03T14:44:16.405+0000] {logging_mixin.py:137} INFO - [2022-12-03T14:44:16.404+0000] {dag.py:2676} INFO - Sync 1 DAGs
[2022-12-03T14:44:16.574+0000] {logging_mixin.py:137} INFO - [2022-12-03T14:44:16.574+0000] {dag.py:3427} INFO - Setting next_dagrun for latest_only_with_trigger to 2022-12-03T10:44:16.573874+00:00, run_after=2022-12-03T14:44:16.573874+00:00
[2022-12-03T14:44:16.687+0000] {processor.py:175} INFO - Processing /home/airflow/.local/lib/python3.7/site-packages/airflow/example_dags/example_latest_only_with_trigger.py took 0.398 seconds
[2022-12-03T14:44:47.364+0000] {processor.py:153} INFO - Started process (PID=1705) to work on /home/airflow/.local/lib/python3.7/site-packages/airflow/example_dags/example_latest_only_with_trigger.py
[2022-12-03T14:44:47.364+0000] {processor.py:743} INFO - Processing file /home/airflow/.local/lib/python3.7/site-packages/airflow/example_dags/example_latest_only_with_trigger.py for tasks to queue
[2022-12-03T14:44:47.365+0000] {logging_mixin.py:137} INFO - [2022-12-03T14:44:47.365+0000] {dagbag.py:538} INFO - Filling up the DagBag from /home/airflow/.local/lib/python3.7/site-packages/airflow/example_dags/example_latest_only_with_trigger.py
[2022-12-03T14:44:47.385+0000] {processor.py:753} INFO - DAG(s) dict_keys(['latest_only_with_trigger']) retrieved from /home/airflow/.local/lib/python3.7/site-packages/airflow/example_dags/example_latest_only_with_trigger.py
[2022-12-03T14:44:47.421+0000] {logging_mixin.py:137} INFO - [2022-12-03T14:44:47.421+0000] {dag.py:2676} INFO - Sync 1 DAGs
[2022-12-03T14:44:47.482+0000] {logging_mixin.py:137} INFO - [2022-12-03T14:44:47.482+0000] {dag.py:3427} INFO - Setting next_dagrun for latest_only_with_trigger to 2022-12-03T10:44:47.482434+00:00, run_after=2022-12-03T14:44:47.482434+00:00
[2022-12-03T14:44:47.502+0000] {processor.py:175} INFO - Processing /home/airflow/.local/lib/python3.7/site-packages/airflow/example_dags/example_latest_only_with_trigger.py took 0.141 seconds
[2022-12-03T14:45:17.918+0000] {processor.py:153} INFO - Started process (PID=1791) to work on /home/airflow/.local/lib/python3.7/site-packages/airflow/example_dags/example_latest_only_with_trigger.py
[2022-12-03T14:45:17.919+0000] {processor.py:743} INFO - Processing file /home/airflow/.local/lib/python3.7/site-packages/airflow/example_dags/example_latest_only_with_trigger.py for tasks to queue
[2022-12-03T14:45:17.919+0000] {logging_mixin.py:137} INFO - [2022-12-03T14:45:17.919+0000] {dagbag.py:538} INFO - Filling up the DagBag from /home/airflow/.local/lib/python3.7/site-packages/airflow/example_dags/example_latest_only_with_trigger.py
[2022-12-03T14:45:17.933+0000] {processor.py:753} INFO - DAG(s) dict_keys(['latest_only_with_trigger']) retrieved from /home/airflow/.local/lib/python3.7/site-packages/airflow/example_dags/example_latest_only_with_trigger.py
[2022-12-03T14:45:17.982+0000] {logging_mixin.py:137} INFO - [2022-12-03T14:45:17.981+0000] {dag.py:2676} INFO - Sync 1 DAGs
[2022-12-03T14:45:18.017+0000] {logging_mixin.py:137} INFO - [2022-12-03T14:45:18.017+0000] {dag.py:3427} INFO - Setting next_dagrun for latest_only_with_trigger to 2022-12-03T10:45:18.017300+00:00, run_after=2022-12-03T14:45:18.017300+00:00
[2022-12-03T14:45:18.036+0000] {processor.py:175} INFO - Processing /home/airflow/.local/lib/python3.7/site-packages/airflow/example_dags/example_latest_only_with_trigger.py took 0.120 seconds
[2022-12-03T14:45:48.719+0000] {processor.py:153} INFO - Started process (PID=1887) to work on /home/airflow/.local/lib/python3.7/site-packages/airflow/example_dags/example_latest_only_with_trigger.py
[2022-12-03T14:45:48.720+0000] {processor.py:743} INFO - Processing file /home/airflow/.local/lib/python3.7/site-packages/airflow/example_dags/example_latest_only_with_trigger.py for tasks to queue
[2022-12-03T14:45:48.721+0000] {logging_mixin.py:137} INFO - [2022-12-03T14:45:48.721+0000] {dagbag.py:538} INFO - Filling up the DagBag from /home/airflow/.local/lib/python3.7/site-packages/airflow/example_dags/example_latest_only_with_trigger.py
[2022-12-03T14:45:48.734+0000] {processor.py:753} INFO - DAG(s) dict_keys(['latest_only_with_trigger']) retrieved from /home/airflow/.local/lib/python3.7/site-packages/airflow/example_dags/example_latest_only_with_trigger.py
[2022-12-03T14:45:48.783+0000] {logging_mixin.py:137} INFO - [2022-12-03T14:45:48.783+0000] {dag.py:2676} INFO - Sync 1 DAGs
[2022-12-03T14:45:48.808+0000] {logging_mixin.py:137} INFO - [2022-12-03T14:45:48.808+0000] {dag.py:3427} INFO - Setting next_dagrun for latest_only_with_trigger to 2022-12-03T10:45:48.807890+00:00, run_after=2022-12-03T14:45:48.807890+00:00
[2022-12-03T14:45:48.829+0000] {processor.py:175} INFO - Processing /home/airflow/.local/lib/python3.7/site-packages/airflow/example_dags/example_latest_only_with_trigger.py took 0.112 seconds
[2022-12-03T14:46:19.252+0000] {processor.py:153} INFO - Started process (PID=1988) to work on /home/airflow/.local/lib/python3.7/site-packages/airflow/example_dags/example_latest_only_with_trigger.py
[2022-12-03T14:46:19.253+0000] {processor.py:743} INFO - Processing file /home/airflow/.local/lib/python3.7/site-packages/airflow/example_dags/example_latest_only_with_trigger.py for tasks to queue
[2022-12-03T14:46:19.254+0000] {logging_mixin.py:137} INFO - [2022-12-03T14:46:19.254+0000] {dagbag.py:538} INFO - Filling up the DagBag from /home/airflow/.local/lib/python3.7/site-packages/airflow/example_dags/example_latest_only_with_trigger.py
[2022-12-03T14:46:19.267+0000] {processor.py:753} INFO - DAG(s) dict_keys(['latest_only_with_trigger']) retrieved from /home/airflow/.local/lib/python3.7/site-packages/airflow/example_dags/example_latest_only_with_trigger.py
[2022-12-03T14:46:19.311+0000] {logging_mixin.py:137} INFO - [2022-12-03T14:46:19.311+0000] {dag.py:2676} INFO - Sync 1 DAGs
[2022-12-03T14:46:19.335+0000] {logging_mixin.py:137} INFO - [2022-12-03T14:46:19.335+0000] {dag.py:3427} INFO - Setting next_dagrun for latest_only_with_trigger to 2022-12-03T10:46:19.335448+00:00, run_after=2022-12-03T14:46:19.335448+00:00
[2022-12-03T14:46:19.354+0000] {processor.py:175} INFO - Processing /home/airflow/.local/lib/python3.7/site-packages/airflow/example_dags/example_latest_only_with_trigger.py took 0.104 seconds
[2022-12-03T14:46:49.925+0000] {processor.py:153} INFO - Started process (PID=2074) to work on /home/airflow/.local/lib/python3.7/site-packages/airflow/example_dags/example_latest_only_with_trigger.py
[2022-12-03T14:46:49.926+0000] {processor.py:743} INFO - Processing file /home/airflow/.local/lib/python3.7/site-packages/airflow/example_dags/example_latest_only_with_trigger.py for tasks to queue
[2022-12-03T14:46:49.927+0000] {logging_mixin.py:137} INFO - [2022-12-03T14:46:49.927+0000] {dagbag.py:538} INFO - Filling up the DagBag from /home/airflow/.local/lib/python3.7/site-packages/airflow/example_dags/example_latest_only_with_trigger.py
[2022-12-03T14:46:49.940+0000] {processor.py:753} INFO - DAG(s) dict_keys(['latest_only_with_trigger']) retrieved from /home/airflow/.local/lib/python3.7/site-packages/airflow/example_dags/example_latest_only_with_trigger.py
[2022-12-03T14:46:49.975+0000] {logging_mixin.py:137} INFO - [2022-12-03T14:46:49.974+0000] {dag.py:2676} INFO - Sync 1 DAGs
[2022-12-03T14:46:50.008+0000] {logging_mixin.py:137} INFO - [2022-12-03T14:46:50.008+0000] {dag.py:3427} INFO - Setting next_dagrun for latest_only_with_trigger to 2022-12-03T10:46:50.008011+00:00, run_after=2022-12-03T14:46:50.008011+00:00
[2022-12-03T14:46:50.025+0000] {processor.py:175} INFO - Processing /home/airflow/.local/lib/python3.7/site-packages/airflow/example_dags/example_latest_only_with_trigger.py took 0.102 seconds
[2022-12-03T14:47:20.415+0000] {processor.py:153} INFO - Started process (PID=2168) to work on /home/airflow/.local/lib/python3.7/site-packages/airflow/example_dags/example_latest_only_with_trigger.py
[2022-12-03T14:47:20.416+0000] {processor.py:743} INFO - Processing file /home/airflow/.local/lib/python3.7/site-packages/airflow/example_dags/example_latest_only_with_trigger.py for tasks to queue
[2022-12-03T14:47:20.417+0000] {logging_mixin.py:137} INFO - [2022-12-03T14:47:20.416+0000] {dagbag.py:538} INFO - Filling up the DagBag from /home/airflow/.local/lib/python3.7/site-packages/airflow/example_dags/example_latest_only_with_trigger.py
[2022-12-03T14:47:20.430+0000] {processor.py:753} INFO - DAG(s) dict_keys(['latest_only_with_trigger']) retrieved from /home/airflow/.local/lib/python3.7/site-packages/airflow/example_dags/example_latest_only_with_trigger.py
[2022-12-03T14:47:20.500+0000] {logging_mixin.py:137} INFO - [2022-12-03T14:47:20.500+0000] {dag.py:2676} INFO - Sync 1 DAGs
[2022-12-03T14:47:20.530+0000] {logging_mixin.py:137} INFO - [2022-12-03T14:47:20.530+0000] {dag.py:3427} INFO - Setting next_dagrun for latest_only_with_trigger to 2022-12-03T10:47:20.530103+00:00, run_after=2022-12-03T14:47:20.530103+00:00
[2022-12-03T14:47:20.547+0000] {processor.py:175} INFO - Processing /home/airflow/.local/lib/python3.7/site-packages/airflow/example_dags/example_latest_only_with_trigger.py took 0.135 seconds
[2022-12-03T14:47:51.314+0000] {processor.py:153} INFO - Started process (PID=2269) to work on /home/airflow/.local/lib/python3.7/site-packages/airflow/example_dags/example_latest_only_with_trigger.py
[2022-12-03T14:47:51.315+0000] {processor.py:743} INFO - Processing file /home/airflow/.local/lib/python3.7/site-packages/airflow/example_dags/example_latest_only_with_trigger.py for tasks to queue
[2022-12-03T14:47:51.316+0000] {logging_mixin.py:137} INFO - [2022-12-03T14:47:51.316+0000] {dagbag.py:538} INFO - Filling up the DagBag from /home/airflow/.local/lib/python3.7/site-packages/airflow/example_dags/example_latest_only_with_trigger.py
[2022-12-03T14:47:51.330+0000] {processor.py:753} INFO - DAG(s) dict_keys(['latest_only_with_trigger']) retrieved from /home/airflow/.local/lib/python3.7/site-packages/airflow/example_dags/example_latest_only_with_trigger.py
[2022-12-03T14:47:51.411+0000] {logging_mixin.py:137} INFO - [2022-12-03T14:47:51.411+0000] {dag.py:2676} INFO - Sync 1 DAGs
[2022-12-03T14:47:51.495+0000] {logging_mixin.py:137} INFO - [2022-12-03T14:47:51.494+0000] {dag.py:3427} INFO - Setting next_dagrun for latest_only_with_trigger to 2022-12-03T10:47:51.494564+00:00, run_after=2022-12-03T14:47:51.494564+00:00
[2022-12-03T14:47:51.520+0000] {processor.py:175} INFO - Processing /home/airflow/.local/lib/python3.7/site-packages/airflow/example_dags/example_latest_only_with_trigger.py took 0.208 seconds
[2022-12-03T14:48:21.802+0000] {processor.py:153} INFO - Started process (PID=2354) to work on /home/airflow/.local/lib/python3.7/site-packages/airflow/example_dags/example_latest_only_with_trigger.py
[2022-12-03T14:48:21.803+0000] {processor.py:743} INFO - Processing file /home/airflow/.local/lib/python3.7/site-packages/airflow/example_dags/example_latest_only_with_trigger.py for tasks to queue
[2022-12-03T14:48:21.804+0000] {logging_mixin.py:137} INFO - [2022-12-03T14:48:21.804+0000] {dagbag.py:538} INFO - Filling up the DagBag from /home/airflow/.local/lib/python3.7/site-packages/airflow/example_dags/example_latest_only_with_trigger.py
[2022-12-03T14:48:21.825+0000] {processor.py:753} INFO - DAG(s) dict_keys(['latest_only_with_trigger']) retrieved from /home/airflow/.local/lib/python3.7/site-packages/airflow/example_dags/example_latest_only_with_trigger.py
[2022-12-03T14:48:21.866+0000] {logging_mixin.py:137} INFO - [2022-12-03T14:48:21.866+0000] {dag.py:2676} INFO - Sync 1 DAGs
[2022-12-03T14:48:21.921+0000] {logging_mixin.py:137} INFO - [2022-12-03T14:48:21.921+0000] {dag.py:3427} INFO - Setting next_dagrun for latest_only_with_trigger to 2022-12-03T10:48:21.920914+00:00, run_after=2022-12-03T14:48:21.920914+00:00
[2022-12-03T14:48:21.941+0000] {processor.py:175} INFO - Processing /home/airflow/.local/lib/python3.7/site-packages/airflow/example_dags/example_latest_only_with_trigger.py took 0.147 seconds
[2022-12-03T14:48:52.926+0000] {processor.py:153} INFO - Started process (PID=2447) to work on /home/airflow/.local/lib/python3.7/site-packages/airflow/example_dags/example_latest_only_with_trigger.py
[2022-12-03T14:48:52.927+0000] {processor.py:743} INFO - Processing file /home/airflow/.local/lib/python3.7/site-packages/airflow/example_dags/example_latest_only_with_trigger.py for tasks to queue
[2022-12-03T14:48:52.928+0000] {logging_mixin.py:137} INFO - [2022-12-03T14:48:52.928+0000] {dagbag.py:538} INFO - Filling up the DagBag from /home/airflow/.local/lib/python3.7/site-packages/airflow/example_dags/example_latest_only_with_trigger.py
[2022-12-03T14:48:52.943+0000] {processor.py:753} INFO - DAG(s) dict_keys(['latest_only_with_trigger']) retrieved from /home/airflow/.local/lib/python3.7/site-packages/airflow/example_dags/example_latest_only_with_trigger.py
[2022-12-03T14:48:53.017+0000] {logging_mixin.py:137} INFO - [2022-12-03T14:48:53.017+0000] {dag.py:2676} INFO - Sync 1 DAGs
[2022-12-03T14:48:53.094+0000] {logging_mixin.py:137} INFO - [2022-12-03T14:48:53.094+0000] {dag.py:3427} INFO - Setting next_dagrun for latest_only_with_trigger to 2022-12-03T10:48:53.094050+00:00, run_after=2022-12-03T14:48:53.094050+00:00
[2022-12-03T14:48:53.204+0000] {processor.py:175} INFO - Processing /home/airflow/.local/lib/python3.7/site-packages/airflow/example_dags/example_latest_only_with_trigger.py took 0.281 seconds
[2022-12-03T14:49:23.649+0000] {processor.py:153} INFO - Started process (PID=2548) to work on /home/airflow/.local/lib/python3.7/site-packages/airflow/example_dags/example_latest_only_with_trigger.py
[2022-12-03T14:49:23.650+0000] {processor.py:743} INFO - Processing file /home/airflow/.local/lib/python3.7/site-packages/airflow/example_dags/example_latest_only_with_trigger.py for tasks to queue
[2022-12-03T14:49:23.651+0000] {logging_mixin.py:137} INFO - [2022-12-03T14:49:23.651+0000] {dagbag.py:538} INFO - Filling up the DagBag from /home/airflow/.local/lib/python3.7/site-packages/airflow/example_dags/example_latest_only_with_trigger.py
[2022-12-03T14:49:23.693+0000] {processor.py:753} INFO - DAG(s) dict_keys(['latest_only_with_trigger']) retrieved from /home/airflow/.local/lib/python3.7/site-packages/airflow/example_dags/example_latest_only_with_trigger.py
[2022-12-03T14:49:23.779+0000] {logging_mixin.py:137} INFO - [2022-12-03T14:49:23.778+0000] {dag.py:2676} INFO - Sync 1 DAGs
[2022-12-03T14:49:23.814+0000] {logging_mixin.py:137} INFO - [2022-12-03T14:49:23.814+0000] {dag.py:3427} INFO - Setting next_dagrun for latest_only_with_trigger to 2022-12-03T10:49:23.813850+00:00, run_after=2022-12-03T14:49:23.813850+00:00
[2022-12-03T14:49:23.900+0000] {processor.py:175} INFO - Processing /home/airflow/.local/lib/python3.7/site-packages/airflow/example_dags/example_latest_only_with_trigger.py took 0.254 seconds
[2022-12-03T14:49:54.039+0000] {processor.py:153} INFO - Started process (PID=2633) to work on /home/airflow/.local/lib/python3.7/site-packages/airflow/example_dags/example_latest_only_with_trigger.py
[2022-12-03T14:49:54.040+0000] {processor.py:743} INFO - Processing file /home/airflow/.local/lib/python3.7/site-packages/airflow/example_dags/example_latest_only_with_trigger.py for tasks to queue
[2022-12-03T14:49:54.041+0000] {logging_mixin.py:137} INFO - [2022-12-03T14:49:54.040+0000] {dagbag.py:538} INFO - Filling up the DagBag from /home/airflow/.local/lib/python3.7/site-packages/airflow/example_dags/example_latest_only_with_trigger.py
[2022-12-03T14:49:54.055+0000] {processor.py:753} INFO - DAG(s) dict_keys(['latest_only_with_trigger']) retrieved from /home/airflow/.local/lib/python3.7/site-packages/airflow/example_dags/example_latest_only_with_trigger.py
[2022-12-03T14:49:54.115+0000] {logging_mixin.py:137} INFO - [2022-12-03T14:49:54.115+0000] {dag.py:2676} INFO - Sync 1 DAGs
[2022-12-03T14:49:54.142+0000] {logging_mixin.py:137} INFO - [2022-12-03T14:49:54.142+0000] {dag.py:3427} INFO - Setting next_dagrun for latest_only_with_trigger to 2022-12-03T10:49:54.141740+00:00, run_after=2022-12-03T14:49:54.141740+00:00
[2022-12-03T14:49:54.191+0000] {processor.py:175} INFO - Processing /home/airflow/.local/lib/python3.7/site-packages/airflow/example_dags/example_latest_only_with_trigger.py took 0.156 seconds
[2022-12-03T14:50:24.309+0000] {processor.py:153} INFO - Started process (PID=2726) to work on /home/airflow/.local/lib/python3.7/site-packages/airflow/example_dags/example_latest_only_with_trigger.py
[2022-12-03T14:50:24.310+0000] {processor.py:743} INFO - Processing file /home/airflow/.local/lib/python3.7/site-packages/airflow/example_dags/example_latest_only_with_trigger.py for tasks to queue
[2022-12-03T14:50:24.310+0000] {logging_mixin.py:137} INFO - [2022-12-03T14:50:24.310+0000] {dagbag.py:538} INFO - Filling up the DagBag from /home/airflow/.local/lib/python3.7/site-packages/airflow/example_dags/example_latest_only_with_trigger.py
[2022-12-03T14:50:24.325+0000] {processor.py:753} INFO - DAG(s) dict_keys(['latest_only_with_trigger']) retrieved from /home/airflow/.local/lib/python3.7/site-packages/airflow/example_dags/example_latest_only_with_trigger.py
[2022-12-03T14:50:24.401+0000] {logging_mixin.py:137} INFO - [2022-12-03T14:50:24.400+0000] {dag.py:2676} INFO - Sync 1 DAGs
[2022-12-03T14:50:24.426+0000] {logging_mixin.py:137} INFO - [2022-12-03T14:50:24.426+0000] {dag.py:3427} INFO - Setting next_dagrun for latest_only_with_trigger to 2022-12-03T10:50:24.425897+00:00, run_after=2022-12-03T14:50:24.425897+00:00
[2022-12-03T14:50:24.443+0000] {processor.py:175} INFO - Processing /home/airflow/.local/lib/python3.7/site-packages/airflow/example_dags/example_latest_only_with_trigger.py took 0.138 seconds
[2022-12-03T14:50:54.614+0000] {processor.py:153} INFO - Started process (PID=2829) to work on /home/airflow/.local/lib/python3.7/site-packages/airflow/example_dags/example_latest_only_with_trigger.py
[2022-12-03T14:50:54.615+0000] {processor.py:743} INFO - Processing file /home/airflow/.local/lib/python3.7/site-packages/airflow/example_dags/example_latest_only_with_trigger.py for tasks to queue
[2022-12-03T14:50:54.616+0000] {logging_mixin.py:137} INFO - [2022-12-03T14:50:54.616+0000] {dagbag.py:538} INFO - Filling up the DagBag from /home/airflow/.local/lib/python3.7/site-packages/airflow/example_dags/example_latest_only_with_trigger.py
[2022-12-03T14:50:54.630+0000] {processor.py:753} INFO - DAG(s) dict_keys(['latest_only_with_trigger']) retrieved from /home/airflow/.local/lib/python3.7/site-packages/airflow/example_dags/example_latest_only_with_trigger.py
[2022-12-03T14:50:54.667+0000] {logging_mixin.py:137} INFO - [2022-12-03T14:50:54.666+0000] {dag.py:2676} INFO - Sync 1 DAGs
[2022-12-03T14:50:54.721+0000] {logging_mixin.py:137} INFO - [2022-12-03T14:50:54.720+0000] {dag.py:3427} INFO - Setting next_dagrun for latest_only_with_trigger to 2022-12-03T10:50:54.720658+00:00, run_after=2022-12-03T14:50:54.720658+00:00
[2022-12-03T14:50:54.739+0000] {processor.py:175} INFO - Processing /home/airflow/.local/lib/python3.7/site-packages/airflow/example_dags/example_latest_only_with_trigger.py took 0.129 seconds
[2022-12-03T14:51:24.941+0000] {processor.py:153} INFO - Started process (PID=2915) to work on /home/airflow/.local/lib/python3.7/site-packages/airflow/example_dags/example_latest_only_with_trigger.py
[2022-12-03T14:51:24.942+0000] {processor.py:743} INFO - Processing file /home/airflow/.local/lib/python3.7/site-packages/airflow/example_dags/example_latest_only_with_trigger.py for tasks to queue
[2022-12-03T14:51:24.942+0000] {logging_mixin.py:137} INFO - [2022-12-03T14:51:24.942+0000] {dagbag.py:538} INFO - Filling up the DagBag from /home/airflow/.local/lib/python3.7/site-packages/airflow/example_dags/example_latest_only_with_trigger.py
[2022-12-03T14:51:25.003+0000] {processor.py:753} INFO - DAG(s) dict_keys(['latest_only_with_trigger']) retrieved from /home/airflow/.local/lib/python3.7/site-packages/airflow/example_dags/example_latest_only_with_trigger.py
[2022-12-03T14:51:25.042+0000] {logging_mixin.py:137} INFO - [2022-12-03T14:51:25.042+0000] {dag.py:2676} INFO - Sync 1 DAGs
[2022-12-03T14:51:25.124+0000] {logging_mixin.py:137} INFO - [2022-12-03T14:51:25.124+0000] {dag.py:3427} INFO - Setting next_dagrun for latest_only_with_trigger to 2022-12-03T10:51:25.124329+00:00, run_after=2022-12-03T14:51:25.124329+00:00
[2022-12-03T14:51:25.145+0000] {processor.py:175} INFO - Processing /home/airflow/.local/lib/python3.7/site-packages/airflow/example_dags/example_latest_only_with_trigger.py took 0.207 seconds
[2022-12-03T14:51:55.287+0000] {processor.py:153} INFO - Started process (PID=3000) to work on /home/airflow/.local/lib/python3.7/site-packages/airflow/example_dags/example_latest_only_with_trigger.py
[2022-12-03T14:51:55.288+0000] {processor.py:743} INFO - Processing file /home/airflow/.local/lib/python3.7/site-packages/airflow/example_dags/example_latest_only_with_trigger.py for tasks to queue
[2022-12-03T14:51:55.289+0000] {logging_mixin.py:137} INFO - [2022-12-03T14:51:55.289+0000] {dagbag.py:538} INFO - Filling up the DagBag from /home/airflow/.local/lib/python3.7/site-packages/airflow/example_dags/example_latest_only_with_trigger.py
[2022-12-03T14:51:55.303+0000] {processor.py:753} INFO - DAG(s) dict_keys(['latest_only_with_trigger']) retrieved from /home/airflow/.local/lib/python3.7/site-packages/airflow/example_dags/example_latest_only_with_trigger.py
[2022-12-03T14:51:55.340+0000] {logging_mixin.py:137} INFO - [2022-12-03T14:51:55.340+0000] {dag.py:2676} INFO - Sync 1 DAGs
[2022-12-03T14:51:55.365+0000] {logging_mixin.py:137} INFO - [2022-12-03T14:51:55.364+0000] {dag.py:3427} INFO - Setting next_dagrun for latest_only_with_trigger to 2022-12-03T10:51:55.364724+00:00, run_after=2022-12-03T14:51:55.364724+00:00
[2022-12-03T14:51:55.398+0000] {processor.py:175} INFO - Processing /home/airflow/.local/lib/python3.7/site-packages/airflow/example_dags/example_latest_only_with_trigger.py took 0.115 seconds
[2022-12-03T14:52:25.454+0000] {processor.py:153} INFO - Started process (PID=3086) to work on /home/airflow/.local/lib/python3.7/site-packages/airflow/example_dags/example_latest_only_with_trigger.py
[2022-12-03T14:52:25.455+0000] {processor.py:743} INFO - Processing file /home/airflow/.local/lib/python3.7/site-packages/airflow/example_dags/example_latest_only_with_trigger.py for tasks to queue
[2022-12-03T14:52:25.455+0000] {logging_mixin.py:137} INFO - [2022-12-03T14:52:25.455+0000] {dagbag.py:538} INFO - Filling up the DagBag from /home/airflow/.local/lib/python3.7/site-packages/airflow/example_dags/example_latest_only_with_trigger.py
[2022-12-03T14:52:25.479+0000] {processor.py:753} INFO - DAG(s) dict_keys(['latest_only_with_trigger']) retrieved from /home/airflow/.local/lib/python3.7/site-packages/airflow/example_dags/example_latest_only_with_trigger.py
[2022-12-03T14:52:25.533+0000] {logging_mixin.py:137} INFO - [2022-12-03T14:52:25.533+0000] {dag.py:2676} INFO - Sync 1 DAGs
[2022-12-03T14:52:25.561+0000] {logging_mixin.py:137} INFO - [2022-12-03T14:52:25.561+0000] {dag.py:3427} INFO - Setting next_dagrun for latest_only_with_trigger to 2022-12-03T10:52:25.560960+00:00, run_after=2022-12-03T14:52:25.560960+00:00
[2022-12-03T14:52:25.600+0000] {processor.py:175} INFO - Processing /home/airflow/.local/lib/python3.7/site-packages/airflow/example_dags/example_latest_only_with_trigger.py took 0.149 seconds
[2022-12-03T14:52:58.293+0000] {processor.py:153} INFO - Started process (PID=3181) to work on /home/airflow/.local/lib/python3.7/site-packages/airflow/example_dags/example_latest_only_with_trigger.py
[2022-12-03T14:52:58.297+0000] {processor.py:743} INFO - Processing file /home/airflow/.local/lib/python3.7/site-packages/airflow/example_dags/example_latest_only_with_trigger.py for tasks to queue
[2022-12-03T14:52:58.298+0000] {logging_mixin.py:137} INFO - [2022-12-03T14:52:58.297+0000] {dagbag.py:538} INFO - Filling up the DagBag from /home/airflow/.local/lib/python3.7/site-packages/airflow/example_dags/example_latest_only_with_trigger.py
[2022-12-03T14:52:58.371+0000] {processor.py:753} INFO - DAG(s) dict_keys(['latest_only_with_trigger']) retrieved from /home/airflow/.local/lib/python3.7/site-packages/airflow/example_dags/example_latest_only_with_trigger.py
[2022-12-03T14:52:58.567+0000] {logging_mixin.py:137} INFO - [2022-12-03T14:52:58.567+0000] {dag.py:2676} INFO - Sync 1 DAGs
[2022-12-03T14:52:58.693+0000] {logging_mixin.py:137} INFO - [2022-12-03T14:52:58.693+0000] {dag.py:3427} INFO - Setting next_dagrun for latest_only_with_trigger to 2022-12-03T10:52:58.693298+00:00, run_after=2022-12-03T14:52:58.693298+00:00
[2022-12-03T14:52:58.785+0000] {processor.py:175} INFO - Processing /home/airflow/.local/lib/python3.7/site-packages/airflow/example_dags/example_latest_only_with_trigger.py took 0.515 seconds
[2022-12-03T14:53:29.816+0000] {processor.py:153} INFO - Started process (PID=3258) to work on /home/airflow/.local/lib/python3.7/site-packages/airflow/example_dags/example_latest_only_with_trigger.py
[2022-12-03T14:53:29.817+0000] {processor.py:743} INFO - Processing file /home/airflow/.local/lib/python3.7/site-packages/airflow/example_dags/example_latest_only_with_trigger.py for tasks to queue
[2022-12-03T14:53:29.818+0000] {logging_mixin.py:137} INFO - [2022-12-03T14:53:29.818+0000] {dagbag.py:538} INFO - Filling up the DagBag from /home/airflow/.local/lib/python3.7/site-packages/airflow/example_dags/example_latest_only_with_trigger.py
[2022-12-03T14:53:29.899+0000] {processor.py:753} INFO - DAG(s) dict_keys(['latest_only_with_trigger']) retrieved from /home/airflow/.local/lib/python3.7/site-packages/airflow/example_dags/example_latest_only_with_trigger.py
[2022-12-03T14:53:30.073+0000] {logging_mixin.py:137} INFO - [2022-12-03T14:53:30.073+0000] {dag.py:2676} INFO - Sync 1 DAGs
[2022-12-03T14:53:30.209+0000] {logging_mixin.py:137} INFO - [2022-12-03T14:53:30.209+0000] {dag.py:3427} INFO - Setting next_dagrun for latest_only_with_trigger to 2022-12-03T10:53:30.208773+00:00, run_after=2022-12-03T14:53:30.208773+00:00
[2022-12-03T14:53:30.295+0000] {processor.py:175} INFO - Processing /home/airflow/.local/lib/python3.7/site-packages/airflow/example_dags/example_latest_only_with_trigger.py took 0.482 seconds
[2022-12-03T14:54:00.383+0000] {processor.py:153} INFO - Started process (PID=3343) to work on /home/airflow/.local/lib/python3.7/site-packages/airflow/example_dags/example_latest_only_with_trigger.py
[2022-12-03T14:54:00.392+0000] {processor.py:743} INFO - Processing file /home/airflow/.local/lib/python3.7/site-packages/airflow/example_dags/example_latest_only_with_trigger.py for tasks to queue
[2022-12-03T14:54:00.393+0000] {logging_mixin.py:137} INFO - [2022-12-03T14:54:00.393+0000] {dagbag.py:538} INFO - Filling up the DagBag from /home/airflow/.local/lib/python3.7/site-packages/airflow/example_dags/example_latest_only_with_trigger.py
[2022-12-03T14:54:00.419+0000] {processor.py:753} INFO - DAG(s) dict_keys(['latest_only_with_trigger']) retrieved from /home/airflow/.local/lib/python3.7/site-packages/airflow/example_dags/example_latest_only_with_trigger.py
[2022-12-03T14:54:00.604+0000] {logging_mixin.py:137} INFO - [2022-12-03T14:54:00.603+0000] {dag.py:2676} INFO - Sync 1 DAGs
[2022-12-03T14:54:00.703+0000] {logging_mixin.py:137} INFO - [2022-12-03T14:54:00.703+0000] {dag.py:3427} INFO - Setting next_dagrun for latest_only_with_trigger to 2022-12-03T10:54:00.703412+00:00, run_after=2022-12-03T14:54:00.703412+00:00
[2022-12-03T14:54:00.785+0000] {processor.py:175} INFO - Processing /home/airflow/.local/lib/python3.7/site-packages/airflow/example_dags/example_latest_only_with_trigger.py took 0.410 seconds
[2022-12-03T14:54:33.209+0000] {processor.py:153} INFO - Started process (PID=3413) to work on /home/airflow/.local/lib/python3.7/site-packages/airflow/example_dags/example_latest_only_with_trigger.py
[2022-12-03T14:54:33.214+0000] {processor.py:743} INFO - Processing file /home/airflow/.local/lib/python3.7/site-packages/airflow/example_dags/example_latest_only_with_trigger.py for tasks to queue
[2022-12-03T14:54:33.215+0000] {logging_mixin.py:137} INFO - [2022-12-03T14:54:33.215+0000] {dagbag.py:538} INFO - Filling up the DagBag from /home/airflow/.local/lib/python3.7/site-packages/airflow/example_dags/example_latest_only_with_trigger.py
[2022-12-03T14:54:33.271+0000] {processor.py:753} INFO - DAG(s) dict_keys(['latest_only_with_trigger']) retrieved from /home/airflow/.local/lib/python3.7/site-packages/airflow/example_dags/example_latest_only_with_trigger.py
[2022-12-03T14:54:33.517+0000] {logging_mixin.py:137} INFO - [2022-12-03T14:54:33.517+0000] {dag.py:2676} INFO - Sync 1 DAGs
[2022-12-03T14:54:33.625+0000] {logging_mixin.py:137} INFO - [2022-12-03T14:54:33.625+0000] {dag.py:3427} INFO - Setting next_dagrun for latest_only_with_trigger to 2022-12-03T10:54:33.624750+00:00, run_after=2022-12-03T14:54:33.624750+00:00
[2022-12-03T14:54:33.724+0000] {processor.py:175} INFO - Processing /home/airflow/.local/lib/python3.7/site-packages/airflow/example_dags/example_latest_only_with_trigger.py took 0.532 seconds
[2022-12-03T14:55:04.319+0000] {processor.py:153} INFO - Started process (PID=3514) to work on /home/airflow/.local/lib/python3.7/site-packages/airflow/example_dags/example_latest_only_with_trigger.py
[2022-12-03T14:55:04.324+0000] {processor.py:743} INFO - Processing file /home/airflow/.local/lib/python3.7/site-packages/airflow/example_dags/example_latest_only_with_trigger.py for tasks to queue
[2022-12-03T14:55:04.325+0000] {logging_mixin.py:137} INFO - [2022-12-03T14:55:04.325+0000] {dagbag.py:538} INFO - Filling up the DagBag from /home/airflow/.local/lib/python3.7/site-packages/airflow/example_dags/example_latest_only_with_trigger.py
[2022-12-03T14:55:04.353+0000] {processor.py:753} INFO - DAG(s) dict_keys(['latest_only_with_trigger']) retrieved from /home/airflow/.local/lib/python3.7/site-packages/airflow/example_dags/example_latest_only_with_trigger.py
[2022-12-03T14:55:04.439+0000] {logging_mixin.py:137} INFO - [2022-12-03T14:55:04.439+0000] {dag.py:2676} INFO - Sync 1 DAGs
[2022-12-03T14:55:04.537+0000] {logging_mixin.py:137} INFO - [2022-12-03T14:55:04.537+0000] {dag.py:3427} INFO - Setting next_dagrun for latest_only_with_trigger to 2022-12-03T10:55:04.536883+00:00, run_after=2022-12-03T14:55:04.536883+00:00
[2022-12-03T14:55:04.604+0000] {processor.py:175} INFO - Processing /home/airflow/.local/lib/python3.7/site-packages/airflow/example_dags/example_latest_only_with_trigger.py took 0.293 seconds
[2022-12-03T14:55:35.228+0000] {processor.py:153} INFO - Started process (PID=3600) to work on /home/airflow/.local/lib/python3.7/site-packages/airflow/example_dags/example_latest_only_with_trigger.py
[2022-12-03T14:55:35.229+0000] {processor.py:743} INFO - Processing file /home/airflow/.local/lib/python3.7/site-packages/airflow/example_dags/example_latest_only_with_trigger.py for tasks to queue
[2022-12-03T14:55:35.230+0000] {logging_mixin.py:137} INFO - [2022-12-03T14:55:35.230+0000] {dagbag.py:538} INFO - Filling up the DagBag from /home/airflow/.local/lib/python3.7/site-packages/airflow/example_dags/example_latest_only_with_trigger.py
[2022-12-03T14:55:35.243+0000] {processor.py:753} INFO - DAG(s) dict_keys(['latest_only_with_trigger']) retrieved from /home/airflow/.local/lib/python3.7/site-packages/airflow/example_dags/example_latest_only_with_trigger.py
[2022-12-03T14:55:35.297+0000] {logging_mixin.py:137} INFO - [2022-12-03T14:55:35.296+0000] {dag.py:2676} INFO - Sync 1 DAGs
[2022-12-03T14:55:35.324+0000] {logging_mixin.py:137} INFO - [2022-12-03T14:55:35.323+0000] {dag.py:3427} INFO - Setting next_dagrun for latest_only_with_trigger to 2022-12-03T10:55:35.323760+00:00, run_after=2022-12-03T14:55:35.323760+00:00
[2022-12-03T14:55:35.342+0000] {processor.py:175} INFO - Processing /home/airflow/.local/lib/python3.7/site-packages/airflow/example_dags/example_latest_only_with_trigger.py took 0.116 seconds
[2022-12-03T14:56:06.154+0000] {processor.py:153} INFO - Started process (PID=3686) to work on /home/airflow/.local/lib/python3.7/site-packages/airflow/example_dags/example_latest_only_with_trigger.py
[2022-12-03T14:56:06.155+0000] {processor.py:743} INFO - Processing file /home/airflow/.local/lib/python3.7/site-packages/airflow/example_dags/example_latest_only_with_trigger.py for tasks to queue
[2022-12-03T14:56:06.155+0000] {logging_mixin.py:137} INFO - [2022-12-03T14:56:06.155+0000] {dagbag.py:538} INFO - Filling up the DagBag from /home/airflow/.local/lib/python3.7/site-packages/airflow/example_dags/example_latest_only_with_trigger.py
[2022-12-03T14:56:06.172+0000] {processor.py:753} INFO - DAG(s) dict_keys(['latest_only_with_trigger']) retrieved from /home/airflow/.local/lib/python3.7/site-packages/airflow/example_dags/example_latest_only_with_trigger.py
[2022-12-03T14:56:06.228+0000] {logging_mixin.py:137} INFO - [2022-12-03T14:56:06.228+0000] {dag.py:2676} INFO - Sync 1 DAGs
[2022-12-03T14:56:06.252+0000] {logging_mixin.py:137} INFO - [2022-12-03T14:56:06.252+0000] {dag.py:3427} INFO - Setting next_dagrun for latest_only_with_trigger to 2022-12-03T10:56:06.252044+00:00, run_after=2022-12-03T14:56:06.252044+00:00
[2022-12-03T14:56:06.315+0000] {processor.py:175} INFO - Processing /home/airflow/.local/lib/python3.7/site-packages/airflow/example_dags/example_latest_only_with_trigger.py took 0.163 seconds
