[2022-12-03T14:36:06.077+0000] {processor.py:153} INFO - Started process (PID=95) to work on /home/airflow/.local/lib/python3.7/site-packages/airflow/example_dags/example_complex.py
[2022-12-03T14:36:06.078+0000] {processor.py:743} INFO - Processing file /home/airflow/.local/lib/python3.7/site-packages/airflow/example_dags/example_complex.py for tasks to queue
[2022-12-03T14:36:06.078+0000] {logging_mixin.py:137} INFO - [2022-12-03T14:36:06.078+0000] {dagbag.py:538} INFO - Filling up the DagBag from /home/airflow/.local/lib/python3.7/site-packages/airflow/example_dags/example_complex.py
[2022-12-03T14:36:06.093+0000] {logging_mixin.py:137} INFO - [2022-12-03T14:36:06.092+0000] {taskmixin.py:205} WARNING - Dependency <Task(BashOperator): create_entry_group>, delete_entry_group already registered for DAG: example_complex
[2022-12-03T14:36:06.093+0000] {logging_mixin.py:137} INFO - [2022-12-03T14:36:06.093+0000] {taskmixin.py:205} WARNING - Dependency <Task(BashOperator): delete_entry_group>, create_entry_group already registered for DAG: example_complex
[2022-12-03T14:36:06.093+0000] {logging_mixin.py:137} INFO - [2022-12-03T14:36:06.093+0000] {taskmixin.py:205} WARNING - Dependency <Task(BashOperator): create_entry_gcs>, delete_entry already registered for DAG: example_complex
[2022-12-03T14:36:06.093+0000] {logging_mixin.py:137} INFO - [2022-12-03T14:36:06.093+0000] {taskmixin.py:205} WARNING - Dependency <Task(BashOperator): delete_entry>, create_entry_gcs already registered for DAG: example_complex
[2022-12-03T14:36:06.094+0000] {logging_mixin.py:137} INFO - [2022-12-03T14:36:06.094+0000] {taskmixin.py:205} WARNING - Dependency <Task(BashOperator): create_tag>, delete_tag already registered for DAG: example_complex
[2022-12-03T14:36:06.094+0000] {logging_mixin.py:137} INFO - [2022-12-03T14:36:06.094+0000] {taskmixin.py:205} WARNING - Dependency <Task(BashOperator): delete_tag>, create_tag already registered for DAG: example_complex
[2022-12-03T14:36:06.103+0000] {processor.py:753} INFO - DAG(s) dict_keys(['example_complex']) retrieved from /home/airflow/.local/lib/python3.7/site-packages/airflow/example_dags/example_complex.py
[2022-12-03T14:36:06.177+0000] {logging_mixin.py:137} INFO - [2022-12-03T14:36:06.177+0000] {dag.py:2676} INFO - Sync 1 DAGs
[2022-12-03T14:36:06.216+0000] {logging_mixin.py:137} INFO - [2022-12-03T14:36:06.215+0000] {dag.py:3427} INFO - Setting next_dagrun for example_complex to None, run_after=None
[2022-12-03T14:36:06.237+0000] {processor.py:175} INFO - Processing /home/airflow/.local/lib/python3.7/site-packages/airflow/example_dags/example_complex.py took 0.172 seconds
[2022-12-03T14:36:36.873+0000] {processor.py:153} INFO - Started process (PID=181) to work on /home/airflow/.local/lib/python3.7/site-packages/airflow/example_dags/example_complex.py
[2022-12-03T14:36:36.874+0000] {processor.py:743} INFO - Processing file /home/airflow/.local/lib/python3.7/site-packages/airflow/example_dags/example_complex.py for tasks to queue
[2022-12-03T14:36:36.875+0000] {logging_mixin.py:137} INFO - [2022-12-03T14:36:36.875+0000] {dagbag.py:538} INFO - Filling up the DagBag from /home/airflow/.local/lib/python3.7/site-packages/airflow/example_dags/example_complex.py
[2022-12-03T14:36:36.891+0000] {logging_mixin.py:137} INFO - [2022-12-03T14:36:36.891+0000] {taskmixin.py:205} WARNING - Dependency <Task(BashOperator): create_entry_group>, delete_entry_group already registered for DAG: example_complex
[2022-12-03T14:36:36.891+0000] {logging_mixin.py:137} INFO - [2022-12-03T14:36:36.891+0000] {taskmixin.py:205} WARNING - Dependency <Task(BashOperator): delete_entry_group>, create_entry_group already registered for DAG: example_complex
[2022-12-03T14:36:36.891+0000] {logging_mixin.py:137} INFO - [2022-12-03T14:36:36.891+0000] {taskmixin.py:205} WARNING - Dependency <Task(BashOperator): create_entry_gcs>, delete_entry already registered for DAG: example_complex
[2022-12-03T14:36:36.891+0000] {logging_mixin.py:137} INFO - [2022-12-03T14:36:36.891+0000] {taskmixin.py:205} WARNING - Dependency <Task(BashOperator): delete_entry>, create_entry_gcs already registered for DAG: example_complex
[2022-12-03T14:36:36.892+0000] {logging_mixin.py:137} INFO - [2022-12-03T14:36:36.892+0000] {taskmixin.py:205} WARNING - Dependency <Task(BashOperator): create_tag>, delete_tag already registered for DAG: example_complex
[2022-12-03T14:36:36.892+0000] {logging_mixin.py:137} INFO - [2022-12-03T14:36:36.892+0000] {taskmixin.py:205} WARNING - Dependency <Task(BashOperator): delete_tag>, create_tag already registered for DAG: example_complex
[2022-12-03T14:36:36.900+0000] {processor.py:753} INFO - DAG(s) dict_keys(['example_complex']) retrieved from /home/airflow/.local/lib/python3.7/site-packages/airflow/example_dags/example_complex.py
[2022-12-03T14:36:36.941+0000] {logging_mixin.py:137} INFO - [2022-12-03T14:36:36.941+0000] {dag.py:2676} INFO - Sync 1 DAGs
[2022-12-03T14:36:36.967+0000] {logging_mixin.py:137} INFO - [2022-12-03T14:36:36.967+0000] {dag.py:3427} INFO - Setting next_dagrun for example_complex to None, run_after=None
[2022-12-03T14:36:36.988+0000] {processor.py:175} INFO - Processing /home/airflow/.local/lib/python3.7/site-packages/airflow/example_dags/example_complex.py took 0.118 seconds
[2022-12-03T14:37:07.423+0000] {processor.py:153} INFO - Started process (PID=267) to work on /home/airflow/.local/lib/python3.7/site-packages/airflow/example_dags/example_complex.py
[2022-12-03T14:37:07.424+0000] {processor.py:743} INFO - Processing file /home/airflow/.local/lib/python3.7/site-packages/airflow/example_dags/example_complex.py for tasks to queue
[2022-12-03T14:37:07.425+0000] {logging_mixin.py:137} INFO - [2022-12-03T14:37:07.424+0000] {dagbag.py:538} INFO - Filling up the DagBag from /home/airflow/.local/lib/python3.7/site-packages/airflow/example_dags/example_complex.py
[2022-12-03T14:37:07.440+0000] {logging_mixin.py:137} INFO - [2022-12-03T14:37:07.440+0000] {taskmixin.py:205} WARNING - Dependency <Task(BashOperator): create_entry_group>, delete_entry_group already registered for DAG: example_complex
[2022-12-03T14:37:07.440+0000] {logging_mixin.py:137} INFO - [2022-12-03T14:37:07.440+0000] {taskmixin.py:205} WARNING - Dependency <Task(BashOperator): delete_entry_group>, create_entry_group already registered for DAG: example_complex
[2022-12-03T14:37:07.441+0000] {logging_mixin.py:137} INFO - [2022-12-03T14:37:07.440+0000] {taskmixin.py:205} WARNING - Dependency <Task(BashOperator): create_entry_gcs>, delete_entry already registered for DAG: example_complex
[2022-12-03T14:37:07.441+0000] {logging_mixin.py:137} INFO - [2022-12-03T14:37:07.441+0000] {taskmixin.py:205} WARNING - Dependency <Task(BashOperator): delete_entry>, create_entry_gcs already registered for DAG: example_complex
[2022-12-03T14:37:07.441+0000] {logging_mixin.py:137} INFO - [2022-12-03T14:37:07.441+0000] {taskmixin.py:205} WARNING - Dependency <Task(BashOperator): create_tag>, delete_tag already registered for DAG: example_complex
[2022-12-03T14:37:07.441+0000] {logging_mixin.py:137} INFO - [2022-12-03T14:37:07.441+0000] {taskmixin.py:205} WARNING - Dependency <Task(BashOperator): delete_tag>, create_tag already registered for DAG: example_complex
[2022-12-03T14:37:07.451+0000] {processor.py:753} INFO - DAG(s) dict_keys(['example_complex']) retrieved from /home/airflow/.local/lib/python3.7/site-packages/airflow/example_dags/example_complex.py
[2022-12-03T14:37:07.527+0000] {logging_mixin.py:137} INFO - [2022-12-03T14:37:07.527+0000] {dag.py:2676} INFO - Sync 1 DAGs
[2022-12-03T14:37:07.594+0000] {logging_mixin.py:137} INFO - [2022-12-03T14:37:07.594+0000] {dag.py:3427} INFO - Setting next_dagrun for example_complex to None, run_after=None
[2022-12-03T14:37:07.612+0000] {processor.py:175} INFO - Processing /home/airflow/.local/lib/python3.7/site-packages/airflow/example_dags/example_complex.py took 0.193 seconds
[2022-12-03T14:37:37.894+0000] {processor.py:153} INFO - Started process (PID=377) to work on /home/airflow/.local/lib/python3.7/site-packages/airflow/example_dags/example_complex.py
[2022-12-03T14:37:37.895+0000] {processor.py:743} INFO - Processing file /home/airflow/.local/lib/python3.7/site-packages/airflow/example_dags/example_complex.py for tasks to queue
[2022-12-03T14:37:37.896+0000] {logging_mixin.py:137} INFO - [2022-12-03T14:37:37.895+0000] {dagbag.py:538} INFO - Filling up the DagBag from /home/airflow/.local/lib/python3.7/site-packages/airflow/example_dags/example_complex.py
[2022-12-03T14:37:37.907+0000] {logging_mixin.py:137} INFO - [2022-12-03T14:37:37.907+0000] {taskmixin.py:205} WARNING - Dependency <Task(BashOperator): create_entry_group>, delete_entry_group already registered for DAG: example_complex
[2022-12-03T14:37:37.907+0000] {logging_mixin.py:137} INFO - [2022-12-03T14:37:37.907+0000] {taskmixin.py:205} WARNING - Dependency <Task(BashOperator): delete_entry_group>, create_entry_group already registered for DAG: example_complex
[2022-12-03T14:37:37.908+0000] {logging_mixin.py:137} INFO - [2022-12-03T14:37:37.908+0000] {taskmixin.py:205} WARNING - Dependency <Task(BashOperator): create_entry_gcs>, delete_entry already registered for DAG: example_complex
[2022-12-03T14:37:37.908+0000] {logging_mixin.py:137} INFO - [2022-12-03T14:37:37.908+0000] {taskmixin.py:205} WARNING - Dependency <Task(BashOperator): delete_entry>, create_entry_gcs already registered for DAG: example_complex
[2022-12-03T14:37:37.908+0000] {logging_mixin.py:137} INFO - [2022-12-03T14:37:37.908+0000] {taskmixin.py:205} WARNING - Dependency <Task(BashOperator): create_tag>, delete_tag already registered for DAG: example_complex
[2022-12-03T14:37:37.908+0000] {logging_mixin.py:137} INFO - [2022-12-03T14:37:37.908+0000] {taskmixin.py:205} WARNING - Dependency <Task(BashOperator): delete_tag>, create_tag already registered for DAG: example_complex
[2022-12-03T14:37:37.915+0000] {processor.py:753} INFO - DAG(s) dict_keys(['example_complex']) retrieved from /home/airflow/.local/lib/python3.7/site-packages/airflow/example_dags/example_complex.py
[2022-12-03T14:37:37.956+0000] {logging_mixin.py:137} INFO - [2022-12-03T14:37:37.956+0000] {dag.py:2676} INFO - Sync 1 DAGs
[2022-12-03T14:37:37.998+0000] {logging_mixin.py:137} INFO - [2022-12-03T14:37:37.998+0000] {dag.py:3427} INFO - Setting next_dagrun for example_complex to None, run_after=None
[2022-12-03T14:37:38.016+0000] {processor.py:175} INFO - Processing /home/airflow/.local/lib/python3.7/site-packages/airflow/example_dags/example_complex.py took 0.125 seconds
[2022-12-03T14:38:08.298+0000] {processor.py:153} INFO - Started process (PID=463) to work on /home/airflow/.local/lib/python3.7/site-packages/airflow/example_dags/example_complex.py
[2022-12-03T14:38:08.298+0000] {processor.py:743} INFO - Processing file /home/airflow/.local/lib/python3.7/site-packages/airflow/example_dags/example_complex.py for tasks to queue
[2022-12-03T14:38:08.299+0000] {logging_mixin.py:137} INFO - [2022-12-03T14:38:08.299+0000] {dagbag.py:538} INFO - Filling up the DagBag from /home/airflow/.local/lib/python3.7/site-packages/airflow/example_dags/example_complex.py
[2022-12-03T14:38:08.310+0000] {logging_mixin.py:137} INFO - [2022-12-03T14:38:08.309+0000] {taskmixin.py:205} WARNING - Dependency <Task(BashOperator): create_entry_group>, delete_entry_group already registered for DAG: example_complex
[2022-12-03T14:38:08.310+0000] {logging_mixin.py:137} INFO - [2022-12-03T14:38:08.310+0000] {taskmixin.py:205} WARNING - Dependency <Task(BashOperator): delete_entry_group>, create_entry_group already registered for DAG: example_complex
[2022-12-03T14:38:08.310+0000] {logging_mixin.py:137} INFO - [2022-12-03T14:38:08.310+0000] {taskmixin.py:205} WARNING - Dependency <Task(BashOperator): create_entry_gcs>, delete_entry already registered for DAG: example_complex
[2022-12-03T14:38:08.310+0000] {logging_mixin.py:137} INFO - [2022-12-03T14:38:08.310+0000] {taskmixin.py:205} WARNING - Dependency <Task(BashOperator): delete_entry>, create_entry_gcs already registered for DAG: example_complex
[2022-12-03T14:38:08.310+0000] {logging_mixin.py:137} INFO - [2022-12-03T14:38:08.310+0000] {taskmixin.py:205} WARNING - Dependency <Task(BashOperator): create_tag>, delete_tag already registered for DAG: example_complex
[2022-12-03T14:38:08.311+0000] {logging_mixin.py:137} INFO - [2022-12-03T14:38:08.311+0000] {taskmixin.py:205} WARNING - Dependency <Task(BashOperator): delete_tag>, create_tag already registered for DAG: example_complex
[2022-12-03T14:38:08.318+0000] {processor.py:753} INFO - DAG(s) dict_keys(['example_complex']) retrieved from /home/airflow/.local/lib/python3.7/site-packages/airflow/example_dags/example_complex.py
[2022-12-03T14:38:08.359+0000] {logging_mixin.py:137} INFO - [2022-12-03T14:38:08.359+0000] {dag.py:2676} INFO - Sync 1 DAGs
[2022-12-03T14:38:08.389+0000] {logging_mixin.py:137} INFO - [2022-12-03T14:38:08.389+0000] {dag.py:3427} INFO - Setting next_dagrun for example_complex to None, run_after=None
[2022-12-03T14:38:08.408+0000] {processor.py:175} INFO - Processing /home/airflow/.local/lib/python3.7/site-packages/airflow/example_dags/example_complex.py took 0.113 seconds
[2022-12-03T14:38:39.024+0000] {processor.py:153} INFO - Started process (PID=549) to work on /home/airflow/.local/lib/python3.7/site-packages/airflow/example_dags/example_complex.py
[2022-12-03T14:38:39.025+0000] {processor.py:743} INFO - Processing file /home/airflow/.local/lib/python3.7/site-packages/airflow/example_dags/example_complex.py for tasks to queue
[2022-12-03T14:38:39.026+0000] {logging_mixin.py:137} INFO - [2022-12-03T14:38:39.025+0000] {dagbag.py:538} INFO - Filling up the DagBag from /home/airflow/.local/lib/python3.7/site-packages/airflow/example_dags/example_complex.py
[2022-12-03T14:38:39.041+0000] {logging_mixin.py:137} INFO - [2022-12-03T14:38:39.041+0000] {taskmixin.py:205} WARNING - Dependency <Task(BashOperator): create_entry_group>, delete_entry_group already registered for DAG: example_complex
[2022-12-03T14:38:39.041+0000] {logging_mixin.py:137} INFO - [2022-12-03T14:38:39.041+0000] {taskmixin.py:205} WARNING - Dependency <Task(BashOperator): delete_entry_group>, create_entry_group already registered for DAG: example_complex
[2022-12-03T14:38:39.042+0000] {logging_mixin.py:137} INFO - [2022-12-03T14:38:39.041+0000] {taskmixin.py:205} WARNING - Dependency <Task(BashOperator): create_entry_gcs>, delete_entry already registered for DAG: example_complex
[2022-12-03T14:38:39.042+0000] {logging_mixin.py:137} INFO - [2022-12-03T14:38:39.042+0000] {taskmixin.py:205} WARNING - Dependency <Task(BashOperator): delete_entry>, create_entry_gcs already registered for DAG: example_complex
[2022-12-03T14:38:39.042+0000] {logging_mixin.py:137} INFO - [2022-12-03T14:38:39.042+0000] {taskmixin.py:205} WARNING - Dependency <Task(BashOperator): create_tag>, delete_tag already registered for DAG: example_complex
[2022-12-03T14:38:39.042+0000] {logging_mixin.py:137} INFO - [2022-12-03T14:38:39.042+0000] {taskmixin.py:205} WARNING - Dependency <Task(BashOperator): delete_tag>, create_tag already registered for DAG: example_complex
[2022-12-03T14:38:39.050+0000] {processor.py:753} INFO - DAG(s) dict_keys(['example_complex']) retrieved from /home/airflow/.local/lib/python3.7/site-packages/airflow/example_dags/example_complex.py
[2022-12-03T14:38:39.108+0000] {logging_mixin.py:137} INFO - [2022-12-03T14:38:39.108+0000] {dag.py:2676} INFO - Sync 1 DAGs
[2022-12-03T14:38:39.142+0000] {logging_mixin.py:137} INFO - [2022-12-03T14:38:39.141+0000] {dag.py:3427} INFO - Setting next_dagrun for example_complex to None, run_after=None
[2022-12-03T14:38:39.161+0000] {processor.py:175} INFO - Processing /home/airflow/.local/lib/python3.7/site-packages/airflow/example_dags/example_complex.py took 0.140 seconds
[2022-12-03T14:39:09.255+0000] {processor.py:153} INFO - Started process (PID=658) to work on /home/airflow/.local/lib/python3.7/site-packages/airflow/example_dags/example_complex.py
[2022-12-03T14:39:09.256+0000] {processor.py:743} INFO - Processing file /home/airflow/.local/lib/python3.7/site-packages/airflow/example_dags/example_complex.py for tasks to queue
[2022-12-03T14:39:09.267+0000] {logging_mixin.py:137} INFO - [2022-12-03T14:39:09.266+0000] {dagbag.py:538} INFO - Filling up the DagBag from /home/airflow/.local/lib/python3.7/site-packages/airflow/example_dags/example_complex.py
[2022-12-03T14:39:09.286+0000] {logging_mixin.py:137} INFO - [2022-12-03T14:39:09.286+0000] {taskmixin.py:205} WARNING - Dependency <Task(BashOperator): create_entry_group>, delete_entry_group already registered for DAG: example_complex
[2022-12-03T14:39:09.286+0000] {logging_mixin.py:137} INFO - [2022-12-03T14:39:09.286+0000] {taskmixin.py:205} WARNING - Dependency <Task(BashOperator): delete_entry_group>, create_entry_group already registered for DAG: example_complex
[2022-12-03T14:39:09.287+0000] {logging_mixin.py:137} INFO - [2022-12-03T14:39:09.287+0000] {taskmixin.py:205} WARNING - Dependency <Task(BashOperator): create_entry_gcs>, delete_entry already registered for DAG: example_complex
[2022-12-03T14:39:09.287+0000] {logging_mixin.py:137} INFO - [2022-12-03T14:39:09.287+0000] {taskmixin.py:205} WARNING - Dependency <Task(BashOperator): delete_entry>, create_entry_gcs already registered for DAG: example_complex
[2022-12-03T14:39:09.287+0000] {logging_mixin.py:137} INFO - [2022-12-03T14:39:09.287+0000] {taskmixin.py:205} WARNING - Dependency <Task(BashOperator): create_tag>, delete_tag already registered for DAG: example_complex
[2022-12-03T14:39:09.287+0000] {logging_mixin.py:137} INFO - [2022-12-03T14:39:09.287+0000] {taskmixin.py:205} WARNING - Dependency <Task(BashOperator): delete_tag>, create_tag already registered for DAG: example_complex
[2022-12-03T14:39:09.296+0000] {processor.py:753} INFO - DAG(s) dict_keys(['example_complex']) retrieved from /home/airflow/.local/lib/python3.7/site-packages/airflow/example_dags/example_complex.py
[2022-12-03T14:39:09.381+0000] {logging_mixin.py:137} INFO - [2022-12-03T14:39:09.380+0000] {dag.py:2676} INFO - Sync 1 DAGs
[2022-12-03T14:39:09.407+0000] {logging_mixin.py:137} INFO - [2022-12-03T14:39:09.407+0000] {dag.py:3427} INFO - Setting next_dagrun for example_complex to None, run_after=None
[2022-12-03T14:39:09.425+0000] {processor.py:175} INFO - Processing /home/airflow/.local/lib/python3.7/site-packages/airflow/example_dags/example_complex.py took 0.173 seconds
[2022-12-03T14:39:40.401+0000] {processor.py:153} INFO - Started process (PID=744) to work on /home/airflow/.local/lib/python3.7/site-packages/airflow/example_dags/example_complex.py
[2022-12-03T14:39:40.402+0000] {processor.py:743} INFO - Processing file /home/airflow/.local/lib/python3.7/site-packages/airflow/example_dags/example_complex.py for tasks to queue
[2022-12-03T14:39:40.403+0000] {logging_mixin.py:137} INFO - [2022-12-03T14:39:40.403+0000] {dagbag.py:538} INFO - Filling up the DagBag from /home/airflow/.local/lib/python3.7/site-packages/airflow/example_dags/example_complex.py
[2022-12-03T14:39:40.414+0000] {logging_mixin.py:137} INFO - [2022-12-03T14:39:40.414+0000] {taskmixin.py:205} WARNING - Dependency <Task(BashOperator): create_entry_group>, delete_entry_group already registered for DAG: example_complex
[2022-12-03T14:39:40.414+0000] {logging_mixin.py:137} INFO - [2022-12-03T14:39:40.414+0000] {taskmixin.py:205} WARNING - Dependency <Task(BashOperator): delete_entry_group>, create_entry_group already registered for DAG: example_complex
[2022-12-03T14:39:40.415+0000] {logging_mixin.py:137} INFO - [2022-12-03T14:39:40.414+0000] {taskmixin.py:205} WARNING - Dependency <Task(BashOperator): create_entry_gcs>, delete_entry already registered for DAG: example_complex
[2022-12-03T14:39:40.415+0000] {logging_mixin.py:137} INFO - [2022-12-03T14:39:40.415+0000] {taskmixin.py:205} WARNING - Dependency <Task(BashOperator): delete_entry>, create_entry_gcs already registered for DAG: example_complex
[2022-12-03T14:39:40.415+0000] {logging_mixin.py:137} INFO - [2022-12-03T14:39:40.415+0000] {taskmixin.py:205} WARNING - Dependency <Task(BashOperator): create_tag>, delete_tag already registered for DAG: example_complex
[2022-12-03T14:39:40.415+0000] {logging_mixin.py:137} INFO - [2022-12-03T14:39:40.415+0000] {taskmixin.py:205} WARNING - Dependency <Task(BashOperator): delete_tag>, create_tag already registered for DAG: example_complex
[2022-12-03T14:39:40.422+0000] {processor.py:753} INFO - DAG(s) dict_keys(['example_complex']) retrieved from /home/airflow/.local/lib/python3.7/site-packages/airflow/example_dags/example_complex.py
[2022-12-03T14:39:40.462+0000] {logging_mixin.py:137} INFO - [2022-12-03T14:39:40.462+0000] {dag.py:2676} INFO - Sync 1 DAGs
[2022-12-03T14:39:40.493+0000] {logging_mixin.py:137} INFO - [2022-12-03T14:39:40.493+0000] {dag.py:3427} INFO - Setting next_dagrun for example_complex to None, run_after=None
[2022-12-03T14:39:40.509+0000] {processor.py:175} INFO - Processing /home/airflow/.local/lib/python3.7/site-packages/airflow/example_dags/example_complex.py took 0.111 seconds
[2022-12-03T14:40:10.581+0000] {processor.py:153} INFO - Started process (PID=854) to work on /home/airflow/.local/lib/python3.7/site-packages/airflow/example_dags/example_complex.py
[2022-12-03T14:40:10.584+0000] {processor.py:743} INFO - Processing file /home/airflow/.local/lib/python3.7/site-packages/airflow/example_dags/example_complex.py for tasks to queue
[2022-12-03T14:40:10.585+0000] {logging_mixin.py:137} INFO - [2022-12-03T14:40:10.585+0000] {dagbag.py:538} INFO - Filling up the DagBag from /home/airflow/.local/lib/python3.7/site-packages/airflow/example_dags/example_complex.py
[2022-12-03T14:40:10.600+0000] {logging_mixin.py:137} INFO - [2022-12-03T14:40:10.599+0000] {taskmixin.py:205} WARNING - Dependency <Task(BashOperator): create_entry_group>, delete_entry_group already registered for DAG: example_complex
[2022-12-03T14:40:10.600+0000] {logging_mixin.py:137} INFO - [2022-12-03T14:40:10.600+0000] {taskmixin.py:205} WARNING - Dependency <Task(BashOperator): delete_entry_group>, create_entry_group already registered for DAG: example_complex
[2022-12-03T14:40:10.600+0000] {logging_mixin.py:137} INFO - [2022-12-03T14:40:10.600+0000] {taskmixin.py:205} WARNING - Dependency <Task(BashOperator): create_entry_gcs>, delete_entry already registered for DAG: example_complex
[2022-12-03T14:40:10.600+0000] {logging_mixin.py:137} INFO - [2022-12-03T14:40:10.600+0000] {taskmixin.py:205} WARNING - Dependency <Task(BashOperator): delete_entry>, create_entry_gcs already registered for DAG: example_complex
[2022-12-03T14:40:10.601+0000] {logging_mixin.py:137} INFO - [2022-12-03T14:40:10.601+0000] {taskmixin.py:205} WARNING - Dependency <Task(BashOperator): create_tag>, delete_tag already registered for DAG: example_complex
[2022-12-03T14:40:10.601+0000] {logging_mixin.py:137} INFO - [2022-12-03T14:40:10.601+0000] {taskmixin.py:205} WARNING - Dependency <Task(BashOperator): delete_tag>, create_tag already registered for DAG: example_complex
[2022-12-03T14:40:10.608+0000] {processor.py:753} INFO - DAG(s) dict_keys(['example_complex']) retrieved from /home/airflow/.local/lib/python3.7/site-packages/airflow/example_dags/example_complex.py
[2022-12-03T14:40:10.647+0000] {logging_mixin.py:137} INFO - [2022-12-03T14:40:10.647+0000] {dag.py:2676} INFO - Sync 1 DAGs
[2022-12-03T14:40:10.677+0000] {logging_mixin.py:137} INFO - [2022-12-03T14:40:10.677+0000] {dag.py:3427} INFO - Setting next_dagrun for example_complex to None, run_after=None
[2022-12-03T14:40:10.704+0000] {processor.py:175} INFO - Processing /home/airflow/.local/lib/python3.7/site-packages/airflow/example_dags/example_complex.py took 0.135 seconds
[2022-12-03T14:40:41.210+0000] {processor.py:153} INFO - Started process (PID=940) to work on /home/airflow/.local/lib/python3.7/site-packages/airflow/example_dags/example_complex.py
[2022-12-03T14:40:41.211+0000] {processor.py:743} INFO - Processing file /home/airflow/.local/lib/python3.7/site-packages/airflow/example_dags/example_complex.py for tasks to queue
[2022-12-03T14:40:41.212+0000] {logging_mixin.py:137} INFO - [2022-12-03T14:40:41.212+0000] {dagbag.py:538} INFO - Filling up the DagBag from /home/airflow/.local/lib/python3.7/site-packages/airflow/example_dags/example_complex.py
[2022-12-03T14:40:41.227+0000] {logging_mixin.py:137} INFO - [2022-12-03T14:40:41.227+0000] {taskmixin.py:205} WARNING - Dependency <Task(BashOperator): create_entry_group>, delete_entry_group already registered for DAG: example_complex
[2022-12-03T14:40:41.227+0000] {logging_mixin.py:137} INFO - [2022-12-03T14:40:41.227+0000] {taskmixin.py:205} WARNING - Dependency <Task(BashOperator): delete_entry_group>, create_entry_group already registered for DAG: example_complex
[2022-12-03T14:40:41.228+0000] {logging_mixin.py:137} INFO - [2022-12-03T14:40:41.227+0000] {taskmixin.py:205} WARNING - Dependency <Task(BashOperator): create_entry_gcs>, delete_entry already registered for DAG: example_complex
[2022-12-03T14:40:41.228+0000] {logging_mixin.py:137} INFO - [2022-12-03T14:40:41.228+0000] {taskmixin.py:205} WARNING - Dependency <Task(BashOperator): delete_entry>, create_entry_gcs already registered for DAG: example_complex
[2022-12-03T14:40:41.228+0000] {logging_mixin.py:137} INFO - [2022-12-03T14:40:41.228+0000] {taskmixin.py:205} WARNING - Dependency <Task(BashOperator): create_tag>, delete_tag already registered for DAG: example_complex
[2022-12-03T14:40:41.228+0000] {logging_mixin.py:137} INFO - [2022-12-03T14:40:41.228+0000] {taskmixin.py:205} WARNING - Dependency <Task(BashOperator): delete_tag>, create_tag already registered for DAG: example_complex
[2022-12-03T14:40:41.238+0000] {processor.py:753} INFO - DAG(s) dict_keys(['example_complex']) retrieved from /home/airflow/.local/lib/python3.7/site-packages/airflow/example_dags/example_complex.py
[2022-12-03T14:40:41.311+0000] {logging_mixin.py:137} INFO - [2022-12-03T14:40:41.311+0000] {dag.py:2676} INFO - Sync 1 DAGs
[2022-12-03T14:40:41.340+0000] {logging_mixin.py:137} INFO - [2022-12-03T14:40:41.340+0000] {dag.py:3427} INFO - Setting next_dagrun for example_complex to None, run_after=None
[2022-12-03T14:40:41.361+0000] {processor.py:175} INFO - Processing /home/airflow/.local/lib/python3.7/site-packages/airflow/example_dags/example_complex.py took 0.154 seconds
[2022-12-03T14:41:11.810+0000] {processor.py:153} INFO - Started process (PID=1025) to work on /home/airflow/.local/lib/python3.7/site-packages/airflow/example_dags/example_complex.py
[2022-12-03T14:41:11.811+0000] {processor.py:743} INFO - Processing file /home/airflow/.local/lib/python3.7/site-packages/airflow/example_dags/example_complex.py for tasks to queue
[2022-12-03T14:41:11.812+0000] {logging_mixin.py:137} INFO - [2022-12-03T14:41:11.811+0000] {dagbag.py:538} INFO - Filling up the DagBag from /home/airflow/.local/lib/python3.7/site-packages/airflow/example_dags/example_complex.py
[2022-12-03T14:41:11.825+0000] {logging_mixin.py:137} INFO - [2022-12-03T14:41:11.825+0000] {taskmixin.py:205} WARNING - Dependency <Task(BashOperator): create_entry_group>, delete_entry_group already registered for DAG: example_complex
[2022-12-03T14:41:11.825+0000] {logging_mixin.py:137} INFO - [2022-12-03T14:41:11.825+0000] {taskmixin.py:205} WARNING - Dependency <Task(BashOperator): delete_entry_group>, create_entry_group already registered for DAG: example_complex
[2022-12-03T14:41:11.825+0000] {logging_mixin.py:137} INFO - [2022-12-03T14:41:11.825+0000] {taskmixin.py:205} WARNING - Dependency <Task(BashOperator): create_entry_gcs>, delete_entry already registered for DAG: example_complex
[2022-12-03T14:41:11.826+0000] {logging_mixin.py:137} INFO - [2022-12-03T14:41:11.826+0000] {taskmixin.py:205} WARNING - Dependency <Task(BashOperator): delete_entry>, create_entry_gcs already registered for DAG: example_complex
[2022-12-03T14:41:11.826+0000] {logging_mixin.py:137} INFO - [2022-12-03T14:41:11.826+0000] {taskmixin.py:205} WARNING - Dependency <Task(BashOperator): create_tag>, delete_tag already registered for DAG: example_complex
[2022-12-03T14:41:11.826+0000] {logging_mixin.py:137} INFO - [2022-12-03T14:41:11.826+0000] {taskmixin.py:205} WARNING - Dependency <Task(BashOperator): delete_tag>, create_tag already registered for DAG: example_complex
[2022-12-03T14:41:11.835+0000] {processor.py:753} INFO - DAG(s) dict_keys(['example_complex']) retrieved from /home/airflow/.local/lib/python3.7/site-packages/airflow/example_dags/example_complex.py
[2022-12-03T14:41:11.895+0000] {logging_mixin.py:137} INFO - [2022-12-03T14:41:11.895+0000] {dag.py:2676} INFO - Sync 1 DAGs
[2022-12-03T14:41:11.928+0000] {logging_mixin.py:137} INFO - [2022-12-03T14:41:11.928+0000] {dag.py:3427} INFO - Setting next_dagrun for example_complex to None, run_after=None
[2022-12-03T14:41:11.946+0000] {processor.py:175} INFO - Processing /home/airflow/.local/lib/python3.7/site-packages/airflow/example_dags/example_complex.py took 0.138 seconds
[2022-12-03T14:41:42.089+0000] {processor.py:153} INFO - Started process (PID=1136) to work on /home/airflow/.local/lib/python3.7/site-packages/airflow/example_dags/example_complex.py
[2022-12-03T14:41:42.090+0000] {processor.py:743} INFO - Processing file /home/airflow/.local/lib/python3.7/site-packages/airflow/example_dags/example_complex.py for tasks to queue
[2022-12-03T14:41:42.091+0000] {logging_mixin.py:137} INFO - [2022-12-03T14:41:42.091+0000] {dagbag.py:538} INFO - Filling up the DagBag from /home/airflow/.local/lib/python3.7/site-packages/airflow/example_dags/example_complex.py
[2022-12-03T14:41:42.109+0000] {logging_mixin.py:137} INFO - [2022-12-03T14:41:42.109+0000] {taskmixin.py:205} WARNING - Dependency <Task(BashOperator): create_entry_group>, delete_entry_group already registered for DAG: example_complex
[2022-12-03T14:41:42.109+0000] {logging_mixin.py:137} INFO - [2022-12-03T14:41:42.109+0000] {taskmixin.py:205} WARNING - Dependency <Task(BashOperator): delete_entry_group>, create_entry_group already registered for DAG: example_complex
[2022-12-03T14:41:42.110+0000] {logging_mixin.py:137} INFO - [2022-12-03T14:41:42.109+0000] {taskmixin.py:205} WARNING - Dependency <Task(BashOperator): create_entry_gcs>, delete_entry already registered for DAG: example_complex
[2022-12-03T14:41:42.110+0000] {logging_mixin.py:137} INFO - [2022-12-03T14:41:42.110+0000] {taskmixin.py:205} WARNING - Dependency <Task(BashOperator): delete_entry>, create_entry_gcs already registered for DAG: example_complex
[2022-12-03T14:41:42.110+0000] {logging_mixin.py:137} INFO - [2022-12-03T14:41:42.110+0000] {taskmixin.py:205} WARNING - Dependency <Task(BashOperator): create_tag>, delete_tag already registered for DAG: example_complex
[2022-12-03T14:41:42.111+0000] {logging_mixin.py:137} INFO - [2022-12-03T14:41:42.110+0000] {taskmixin.py:205} WARNING - Dependency <Task(BashOperator): delete_tag>, create_tag already registered for DAG: example_complex
[2022-12-03T14:41:42.121+0000] {processor.py:753} INFO - DAG(s) dict_keys(['example_complex']) retrieved from /home/airflow/.local/lib/python3.7/site-packages/airflow/example_dags/example_complex.py
[2022-12-03T14:41:42.222+0000] {logging_mixin.py:137} INFO - [2022-12-03T14:41:42.222+0000] {dag.py:2676} INFO - Sync 1 DAGs
[2022-12-03T14:41:42.298+0000] {logging_mixin.py:137} INFO - [2022-12-03T14:41:42.297+0000] {dag.py:3427} INFO - Setting next_dagrun for example_complex to None, run_after=None
[2022-12-03T14:41:42.330+0000] {processor.py:175} INFO - Processing /home/airflow/.local/lib/python3.7/site-packages/airflow/example_dags/example_complex.py took 0.245 seconds
[2022-12-03T14:42:12.790+0000] {processor.py:153} INFO - Started process (PID=1222) to work on /home/airflow/.local/lib/python3.7/site-packages/airflow/example_dags/example_complex.py
[2022-12-03T14:42:12.791+0000] {processor.py:743} INFO - Processing file /home/airflow/.local/lib/python3.7/site-packages/airflow/example_dags/example_complex.py for tasks to queue
[2022-12-03T14:42:12.792+0000] {logging_mixin.py:137} INFO - [2022-12-03T14:42:12.792+0000] {dagbag.py:538} INFO - Filling up the DagBag from /home/airflow/.local/lib/python3.7/site-packages/airflow/example_dags/example_complex.py
[2022-12-03T14:42:12.809+0000] {logging_mixin.py:137} INFO - [2022-12-03T14:42:12.809+0000] {taskmixin.py:205} WARNING - Dependency <Task(BashOperator): create_entry_group>, delete_entry_group already registered for DAG: example_complex
[2022-12-03T14:42:12.809+0000] {logging_mixin.py:137} INFO - [2022-12-03T14:42:12.809+0000] {taskmixin.py:205} WARNING - Dependency <Task(BashOperator): delete_entry_group>, create_entry_group already registered for DAG: example_complex
[2022-12-03T14:42:12.810+0000] {logging_mixin.py:137} INFO - [2022-12-03T14:42:12.809+0000] {taskmixin.py:205} WARNING - Dependency <Task(BashOperator): create_entry_gcs>, delete_entry already registered for DAG: example_complex
[2022-12-03T14:42:12.810+0000] {logging_mixin.py:137} INFO - [2022-12-03T14:42:12.810+0000] {taskmixin.py:205} WARNING - Dependency <Task(BashOperator): delete_entry>, create_entry_gcs already registered for DAG: example_complex
[2022-12-03T14:42:12.810+0000] {logging_mixin.py:137} INFO - [2022-12-03T14:42:12.810+0000] {taskmixin.py:205} WARNING - Dependency <Task(BashOperator): create_tag>, delete_tag already registered for DAG: example_complex
[2022-12-03T14:42:12.811+0000] {logging_mixin.py:137} INFO - [2022-12-03T14:42:12.810+0000] {taskmixin.py:205} WARNING - Dependency <Task(BashOperator): delete_tag>, create_tag already registered for DAG: example_complex
[2022-12-03T14:42:12.821+0000] {processor.py:753} INFO - DAG(s) dict_keys(['example_complex']) retrieved from /home/airflow/.local/lib/python3.7/site-packages/airflow/example_dags/example_complex.py
[2022-12-03T14:42:12.967+0000] {logging_mixin.py:137} INFO - [2022-12-03T14:42:12.967+0000] {dag.py:2676} INFO - Sync 1 DAGs
[2022-12-03T14:42:13.004+0000] {logging_mixin.py:137} INFO - [2022-12-03T14:42:13.003+0000] {dag.py:3427} INFO - Setting next_dagrun for example_complex to None, run_after=None
[2022-12-03T14:42:13.094+0000] {processor.py:175} INFO - Processing /home/airflow/.local/lib/python3.7/site-packages/airflow/example_dags/example_complex.py took 0.307 seconds
[2022-12-03T14:42:43.316+0000] {processor.py:153} INFO - Started process (PID=1308) to work on /home/airflow/.local/lib/python3.7/site-packages/airflow/example_dags/example_complex.py
[2022-12-03T14:42:43.317+0000] {processor.py:743} INFO - Processing file /home/airflow/.local/lib/python3.7/site-packages/airflow/example_dags/example_complex.py for tasks to queue
[2022-12-03T14:42:43.318+0000] {logging_mixin.py:137} INFO - [2022-12-03T14:42:43.318+0000] {dagbag.py:538} INFO - Filling up the DagBag from /home/airflow/.local/lib/python3.7/site-packages/airflow/example_dags/example_complex.py
[2022-12-03T14:42:43.329+0000] {logging_mixin.py:137} INFO - [2022-12-03T14:42:43.329+0000] {taskmixin.py:205} WARNING - Dependency <Task(BashOperator): create_entry_group>, delete_entry_group already registered for DAG: example_complex
[2022-12-03T14:42:43.329+0000] {logging_mixin.py:137} INFO - [2022-12-03T14:42:43.329+0000] {taskmixin.py:205} WARNING - Dependency <Task(BashOperator): delete_entry_group>, create_entry_group already registered for DAG: example_complex
[2022-12-03T14:42:43.329+0000] {logging_mixin.py:137} INFO - [2022-12-03T14:42:43.329+0000] {taskmixin.py:205} WARNING - Dependency <Task(BashOperator): create_entry_gcs>, delete_entry already registered for DAG: example_complex
[2022-12-03T14:42:43.329+0000] {logging_mixin.py:137} INFO - [2022-12-03T14:42:43.329+0000] {taskmixin.py:205} WARNING - Dependency <Task(BashOperator): delete_entry>, create_entry_gcs already registered for DAG: example_complex
[2022-12-03T14:42:43.330+0000] {logging_mixin.py:137} INFO - [2022-12-03T14:42:43.330+0000] {taskmixin.py:205} WARNING - Dependency <Task(BashOperator): create_tag>, delete_tag already registered for DAG: example_complex
[2022-12-03T14:42:43.330+0000] {logging_mixin.py:137} INFO - [2022-12-03T14:42:43.330+0000] {taskmixin.py:205} WARNING - Dependency <Task(BashOperator): delete_tag>, create_tag already registered for DAG: example_complex
[2022-12-03T14:42:43.337+0000] {processor.py:753} INFO - DAG(s) dict_keys(['example_complex']) retrieved from /home/airflow/.local/lib/python3.7/site-packages/airflow/example_dags/example_complex.py
[2022-12-03T14:42:43.389+0000] {logging_mixin.py:137} INFO - [2022-12-03T14:42:43.389+0000] {dag.py:2676} INFO - Sync 1 DAGs
[2022-12-03T14:42:43.415+0000] {logging_mixin.py:137} INFO - [2022-12-03T14:42:43.415+0000] {dag.py:3427} INFO - Setting next_dagrun for example_complex to None, run_after=None
[2022-12-03T14:42:43.431+0000] {processor.py:175} INFO - Processing /home/airflow/.local/lib/python3.7/site-packages/airflow/example_dags/example_complex.py took 0.117 seconds
[2022-12-03T14:43:13.510+0000] {processor.py:153} INFO - Started process (PID=1417) to work on /home/airflow/.local/lib/python3.7/site-packages/airflow/example_dags/example_complex.py
[2022-12-03T14:43:13.511+0000] {processor.py:743} INFO - Processing file /home/airflow/.local/lib/python3.7/site-packages/airflow/example_dags/example_complex.py for tasks to queue
[2022-12-03T14:43:13.512+0000] {logging_mixin.py:137} INFO - [2022-12-03T14:43:13.512+0000] {dagbag.py:538} INFO - Filling up the DagBag from /home/airflow/.local/lib/python3.7/site-packages/airflow/example_dags/example_complex.py
[2022-12-03T14:43:13.526+0000] {logging_mixin.py:137} INFO - [2022-12-03T14:43:13.526+0000] {taskmixin.py:205} WARNING - Dependency <Task(BashOperator): create_entry_group>, delete_entry_group already registered for DAG: example_complex
[2022-12-03T14:43:13.527+0000] {logging_mixin.py:137} INFO - [2022-12-03T14:43:13.527+0000] {taskmixin.py:205} WARNING - Dependency <Task(BashOperator): delete_entry_group>, create_entry_group already registered for DAG: example_complex
[2022-12-03T14:43:13.527+0000] {logging_mixin.py:137} INFO - [2022-12-03T14:43:13.527+0000] {taskmixin.py:205} WARNING - Dependency <Task(BashOperator): create_entry_gcs>, delete_entry already registered for DAG: example_complex
[2022-12-03T14:43:13.527+0000] {logging_mixin.py:137} INFO - [2022-12-03T14:43:13.527+0000] {taskmixin.py:205} WARNING - Dependency <Task(BashOperator): delete_entry>, create_entry_gcs already registered for DAG: example_complex
[2022-12-03T14:43:13.527+0000] {logging_mixin.py:137} INFO - [2022-12-03T14:43:13.527+0000] {taskmixin.py:205} WARNING - Dependency <Task(BashOperator): create_tag>, delete_tag already registered for DAG: example_complex
[2022-12-03T14:43:13.527+0000] {logging_mixin.py:137} INFO - [2022-12-03T14:43:13.527+0000] {taskmixin.py:205} WARNING - Dependency <Task(BashOperator): delete_tag>, create_tag already registered for DAG: example_complex
[2022-12-03T14:43:13.535+0000] {processor.py:753} INFO - DAG(s) dict_keys(['example_complex']) retrieved from /home/airflow/.local/lib/python3.7/site-packages/airflow/example_dags/example_complex.py
[2022-12-03T14:43:13.608+0000] {logging_mixin.py:137} INFO - [2022-12-03T14:43:13.608+0000] {dag.py:2676} INFO - Sync 1 DAGs
[2022-12-03T14:43:13.636+0000] {logging_mixin.py:137} INFO - [2022-12-03T14:43:13.636+0000] {dag.py:3427} INFO - Setting next_dagrun for example_complex to None, run_after=None
[2022-12-03T14:43:13.654+0000] {processor.py:175} INFO - Processing /home/airflow/.local/lib/python3.7/site-packages/airflow/example_dags/example_complex.py took 0.148 seconds
[2022-12-03T14:43:43.734+0000] {processor.py:153} INFO - Started process (PID=1503) to work on /home/airflow/.local/lib/python3.7/site-packages/airflow/example_dags/example_complex.py
[2022-12-03T14:43:43.735+0000] {processor.py:743} INFO - Processing file /home/airflow/.local/lib/python3.7/site-packages/airflow/example_dags/example_complex.py for tasks to queue
[2022-12-03T14:43:43.736+0000] {logging_mixin.py:137} INFO - [2022-12-03T14:43:43.736+0000] {dagbag.py:538} INFO - Filling up the DagBag from /home/airflow/.local/lib/python3.7/site-packages/airflow/example_dags/example_complex.py
[2022-12-03T14:43:43.747+0000] {logging_mixin.py:137} INFO - [2022-12-03T14:43:43.747+0000] {taskmixin.py:205} WARNING - Dependency <Task(BashOperator): create_entry_group>, delete_entry_group already registered for DAG: example_complex
[2022-12-03T14:43:43.747+0000] {logging_mixin.py:137} INFO - [2022-12-03T14:43:43.747+0000] {taskmixin.py:205} WARNING - Dependency <Task(BashOperator): delete_entry_group>, create_entry_group already registered for DAG: example_complex
[2022-12-03T14:43:43.747+0000] {logging_mixin.py:137} INFO - [2022-12-03T14:43:43.747+0000] {taskmixin.py:205} WARNING - Dependency <Task(BashOperator): create_entry_gcs>, delete_entry already registered for DAG: example_complex
[2022-12-03T14:43:43.747+0000] {logging_mixin.py:137} INFO - [2022-12-03T14:43:43.747+0000] {taskmixin.py:205} WARNING - Dependency <Task(BashOperator): delete_entry>, create_entry_gcs already registered for DAG: example_complex
[2022-12-03T14:43:43.748+0000] {logging_mixin.py:137} INFO - [2022-12-03T14:43:43.748+0000] {taskmixin.py:205} WARNING - Dependency <Task(BashOperator): create_tag>, delete_tag already registered for DAG: example_complex
[2022-12-03T14:43:43.748+0000] {logging_mixin.py:137} INFO - [2022-12-03T14:43:43.748+0000] {taskmixin.py:205} WARNING - Dependency <Task(BashOperator): delete_tag>, create_tag already registered for DAG: example_complex
[2022-12-03T14:43:43.755+0000] {processor.py:753} INFO - DAG(s) dict_keys(['example_complex']) retrieved from /home/airflow/.local/lib/python3.7/site-packages/airflow/example_dags/example_complex.py
[2022-12-03T14:43:43.805+0000] {logging_mixin.py:137} INFO - [2022-12-03T14:43:43.805+0000] {dag.py:2676} INFO - Sync 1 DAGs
[2022-12-03T14:43:43.828+0000] {logging_mixin.py:137} INFO - [2022-12-03T14:43:43.828+0000] {dag.py:3427} INFO - Setting next_dagrun for example_complex to None, run_after=None
[2022-12-03T14:43:43.844+0000] {processor.py:175} INFO - Processing /home/airflow/.local/lib/python3.7/site-packages/airflow/example_dags/example_complex.py took 0.112 seconds
