[2022-12-03T14:36:13.311+0000] {processor.py:153} INFO - Started process (PID=117) to work on /home/airflow/.local/lib/python3.7/site-packages/airflow/example_dags/example_trigger_target_dag.py
[2022-12-03T14:36:13.312+0000] {processor.py:743} INFO - Processing file /home/airflow/.local/lib/python3.7/site-packages/airflow/example_dags/example_trigger_target_dag.py for tasks to queue
[2022-12-03T14:36:13.312+0000] {logging_mixin.py:137} INFO - [2022-12-03T14:36:13.312+0000] {dagbag.py:538} INFO - Filling up the DagBag from /home/airflow/.local/lib/python3.7/site-packages/airflow/example_dags/example_trigger_target_dag.py
[2022-12-03T14:36:13.338+0000] {processor.py:753} INFO - DAG(s) dict_keys(['example_trigger_target_dag']) retrieved from /home/airflow/.local/lib/python3.7/site-packages/airflow/example_dags/example_trigger_target_dag.py
[2022-12-03T14:36:13.393+0000] {logging_mixin.py:137} INFO - [2022-12-03T14:36:13.393+0000] {dag.py:2676} INFO - Sync 1 DAGs
[2022-12-03T14:36:13.430+0000] {logging_mixin.py:137} INFO - [2022-12-03T14:36:13.430+0000] {dag.py:3427} INFO - Setting next_dagrun for example_trigger_target_dag to None, run_after=None
[2022-12-03T14:36:13.453+0000] {processor.py:175} INFO - Processing /home/airflow/.local/lib/python3.7/site-packages/airflow/example_dags/example_trigger_target_dag.py took 0.144 seconds
[2022-12-03T14:36:43.932+0000] {processor.py:153} INFO - Started process (PID=227) to work on /home/airflow/.local/lib/python3.7/site-packages/airflow/example_dags/example_trigger_target_dag.py
[2022-12-03T14:36:43.933+0000] {processor.py:743} INFO - Processing file /home/airflow/.local/lib/python3.7/site-packages/airflow/example_dags/example_trigger_target_dag.py for tasks to queue
[2022-12-03T14:36:43.934+0000] {logging_mixin.py:137} INFO - [2022-12-03T14:36:43.934+0000] {dagbag.py:538} INFO - Filling up the DagBag from /home/airflow/.local/lib/python3.7/site-packages/airflow/example_dags/example_trigger_target_dag.py
[2022-12-03T14:36:43.957+0000] {processor.py:753} INFO - DAG(s) dict_keys(['example_trigger_target_dag']) retrieved from /home/airflow/.local/lib/python3.7/site-packages/airflow/example_dags/example_trigger_target_dag.py
[2022-12-03T14:36:44.023+0000] {logging_mixin.py:137} INFO - [2022-12-03T14:36:44.023+0000] {dag.py:2676} INFO - Sync 1 DAGs
[2022-12-03T14:36:44.050+0000] {logging_mixin.py:137} INFO - [2022-12-03T14:36:44.049+0000] {dag.py:3427} INFO - Setting next_dagrun for example_trigger_target_dag to None, run_after=None
[2022-12-03T14:36:44.075+0000] {processor.py:175} INFO - Processing /home/airflow/.local/lib/python3.7/site-packages/airflow/example_dags/example_trigger_target_dag.py took 0.145 seconds
[2022-12-03T14:37:14.217+0000] {processor.py:153} INFO - Started process (PID=313) to work on /home/airflow/.local/lib/python3.7/site-packages/airflow/example_dags/example_trigger_target_dag.py
[2022-12-03T14:37:14.218+0000] {processor.py:743} INFO - Processing file /home/airflow/.local/lib/python3.7/site-packages/airflow/example_dags/example_trigger_target_dag.py for tasks to queue
[2022-12-03T14:37:14.218+0000] {logging_mixin.py:137} INFO - [2022-12-03T14:37:14.218+0000] {dagbag.py:538} INFO - Filling up the DagBag from /home/airflow/.local/lib/python3.7/site-packages/airflow/example_dags/example_trigger_target_dag.py
[2022-12-03T14:37:14.281+0000] {processor.py:753} INFO - DAG(s) dict_keys(['example_trigger_target_dag']) retrieved from /home/airflow/.local/lib/python3.7/site-packages/airflow/example_dags/example_trigger_target_dag.py
[2022-12-03T14:37:14.318+0000] {logging_mixin.py:137} INFO - [2022-12-03T14:37:14.318+0000] {dag.py:2676} INFO - Sync 1 DAGs
[2022-12-03T14:37:14.342+0000] {logging_mixin.py:137} INFO - [2022-12-03T14:37:14.342+0000] {dag.py:3427} INFO - Setting next_dagrun for example_trigger_target_dag to None, run_after=None
[2022-12-03T14:37:14.372+0000] {processor.py:175} INFO - Processing /home/airflow/.local/lib/python3.7/site-packages/airflow/example_dags/example_trigger_target_dag.py took 0.158 seconds
[2022-12-03T14:37:45.046+0000] {processor.py:153} INFO - Started process (PID=399) to work on /home/airflow/.local/lib/python3.7/site-packages/airflow/example_dags/example_trigger_target_dag.py
[2022-12-03T14:37:45.047+0000] {processor.py:743} INFO - Processing file /home/airflow/.local/lib/python3.7/site-packages/airflow/example_dags/example_trigger_target_dag.py for tasks to queue
[2022-12-03T14:37:45.048+0000] {logging_mixin.py:137} INFO - [2022-12-03T14:37:45.048+0000] {dagbag.py:538} INFO - Filling up the DagBag from /home/airflow/.local/lib/python3.7/site-packages/airflow/example_dags/example_trigger_target_dag.py
[2022-12-03T14:37:45.069+0000] {processor.py:753} INFO - DAG(s) dict_keys(['example_trigger_target_dag']) retrieved from /home/airflow/.local/lib/python3.7/site-packages/airflow/example_dags/example_trigger_target_dag.py
[2022-12-03T14:37:45.112+0000] {logging_mixin.py:137} INFO - [2022-12-03T14:37:45.112+0000] {dag.py:2676} INFO - Sync 1 DAGs
[2022-12-03T14:37:45.136+0000] {logging_mixin.py:137} INFO - [2022-12-03T14:37:45.136+0000] {dag.py:3427} INFO - Setting next_dagrun for example_trigger_target_dag to None, run_after=None
[2022-12-03T14:37:45.153+0000] {processor.py:175} INFO - Processing /home/airflow/.local/lib/python3.7/site-packages/airflow/example_dags/example_trigger_target_dag.py took 0.109 seconds
[2022-12-03T14:38:15.404+0000] {processor.py:153} INFO - Started process (PID=509) to work on /home/airflow/.local/lib/python3.7/site-packages/airflow/example_dags/example_trigger_target_dag.py
[2022-12-03T14:38:15.405+0000] {processor.py:743} INFO - Processing file /home/airflow/.local/lib/python3.7/site-packages/airflow/example_dags/example_trigger_target_dag.py for tasks to queue
[2022-12-03T14:38:15.406+0000] {logging_mixin.py:137} INFO - [2022-12-03T14:38:15.406+0000] {dagbag.py:538} INFO - Filling up the DagBag from /home/airflow/.local/lib/python3.7/site-packages/airflow/example_dags/example_trigger_target_dag.py
[2022-12-03T14:38:15.428+0000] {processor.py:753} INFO - DAG(s) dict_keys(['example_trigger_target_dag']) retrieved from /home/airflow/.local/lib/python3.7/site-packages/airflow/example_dags/example_trigger_target_dag.py
[2022-12-03T14:38:15.505+0000] {logging_mixin.py:137} INFO - [2022-12-03T14:38:15.505+0000] {dag.py:2676} INFO - Sync 1 DAGs
[2022-12-03T14:38:15.528+0000] {logging_mixin.py:137} INFO - [2022-12-03T14:38:15.528+0000] {dag.py:3427} INFO - Setting next_dagrun for example_trigger_target_dag to None, run_after=None
[2022-12-03T14:38:15.586+0000] {processor.py:175} INFO - Processing /home/airflow/.local/lib/python3.7/site-packages/airflow/example_dags/example_trigger_target_dag.py took 0.184 seconds
[2022-12-03T14:38:45.815+0000] {processor.py:153} INFO - Started process (PID=594) to work on /home/airflow/.local/lib/python3.7/site-packages/airflow/example_dags/example_trigger_target_dag.py
[2022-12-03T14:38:45.816+0000] {processor.py:743} INFO - Processing file /home/airflow/.local/lib/python3.7/site-packages/airflow/example_dags/example_trigger_target_dag.py for tasks to queue
[2022-12-03T14:38:45.816+0000] {logging_mixin.py:137} INFO - [2022-12-03T14:38:45.816+0000] {dagbag.py:538} INFO - Filling up the DagBag from /home/airflow/.local/lib/python3.7/site-packages/airflow/example_dags/example_trigger_target_dag.py
[2022-12-03T14:38:45.837+0000] {processor.py:753} INFO - DAG(s) dict_keys(['example_trigger_target_dag']) retrieved from /home/airflow/.local/lib/python3.7/site-packages/airflow/example_dags/example_trigger_target_dag.py
[2022-12-03T14:38:45.880+0000] {logging_mixin.py:137} INFO - [2022-12-03T14:38:45.880+0000] {dag.py:2676} INFO - Sync 1 DAGs
[2022-12-03T14:38:45.904+0000] {logging_mixin.py:137} INFO - [2022-12-03T14:38:45.903+0000] {dag.py:3427} INFO - Setting next_dagrun for example_trigger_target_dag to None, run_after=None
[2022-12-03T14:38:45.921+0000] {processor.py:175} INFO - Processing /home/airflow/.local/lib/python3.7/site-packages/airflow/example_dags/example_trigger_target_dag.py took 0.108 seconds
[2022-12-03T14:39:16.106+0000] {processor.py:153} INFO - Started process (PID=680) to work on /home/airflow/.local/lib/python3.7/site-packages/airflow/example_dags/example_trigger_target_dag.py
[2022-12-03T14:39:16.107+0000] {processor.py:743} INFO - Processing file /home/airflow/.local/lib/python3.7/site-packages/airflow/example_dags/example_trigger_target_dag.py for tasks to queue
[2022-12-03T14:39:16.107+0000] {logging_mixin.py:137} INFO - [2022-12-03T14:39:16.107+0000] {dagbag.py:538} INFO - Filling up the DagBag from /home/airflow/.local/lib/python3.7/site-packages/airflow/example_dags/example_trigger_target_dag.py
[2022-12-03T14:39:16.129+0000] {processor.py:753} INFO - DAG(s) dict_keys(['example_trigger_target_dag']) retrieved from /home/airflow/.local/lib/python3.7/site-packages/airflow/example_dags/example_trigger_target_dag.py
[2022-12-03T14:39:16.166+0000] {logging_mixin.py:137} INFO - [2022-12-03T14:39:16.166+0000] {dag.py:2676} INFO - Sync 1 DAGs
[2022-12-03T14:39:16.195+0000] {logging_mixin.py:137} INFO - [2022-12-03T14:39:16.194+0000] {dag.py:3427} INFO - Setting next_dagrun for example_trigger_target_dag to None, run_after=None
[2022-12-03T14:39:16.212+0000] {processor.py:175} INFO - Processing /home/airflow/.local/lib/python3.7/site-packages/airflow/example_dags/example_trigger_target_dag.py took 0.109 seconds
[2022-12-03T14:39:46.415+0000] {processor.py:153} INFO - Started process (PID=790) to work on /home/airflow/.local/lib/python3.7/site-packages/airflow/example_dags/example_trigger_target_dag.py
[2022-12-03T14:39:46.416+0000] {processor.py:743} INFO - Processing file /home/airflow/.local/lib/python3.7/site-packages/airflow/example_dags/example_trigger_target_dag.py for tasks to queue
[2022-12-03T14:39:46.416+0000] {logging_mixin.py:137} INFO - [2022-12-03T14:39:46.416+0000] {dagbag.py:538} INFO - Filling up the DagBag from /home/airflow/.local/lib/python3.7/site-packages/airflow/example_dags/example_trigger_target_dag.py
[2022-12-03T14:39:46.439+0000] {processor.py:753} INFO - DAG(s) dict_keys(['example_trigger_target_dag']) retrieved from /home/airflow/.local/lib/python3.7/site-packages/airflow/example_dags/example_trigger_target_dag.py
[2022-12-03T14:39:46.486+0000] {logging_mixin.py:137} INFO - [2022-12-03T14:39:46.486+0000] {dag.py:2676} INFO - Sync 1 DAGs
[2022-12-03T14:39:46.511+0000] {logging_mixin.py:137} INFO - [2022-12-03T14:39:46.511+0000] {dag.py:3427} INFO - Setting next_dagrun for example_trigger_target_dag to None, run_after=None
[2022-12-03T14:39:46.529+0000] {processor.py:175} INFO - Processing /home/airflow/.local/lib/python3.7/site-packages/airflow/example_dags/example_trigger_target_dag.py took 0.117 seconds
[2022-12-03T14:40:16.811+0000] {processor.py:153} INFO - Started process (PID=876) to work on /home/airflow/.local/lib/python3.7/site-packages/airflow/example_dags/example_trigger_target_dag.py
[2022-12-03T14:40:16.812+0000] {processor.py:743} INFO - Processing file /home/airflow/.local/lib/python3.7/site-packages/airflow/example_dags/example_trigger_target_dag.py for tasks to queue
[2022-12-03T14:40:16.812+0000] {logging_mixin.py:137} INFO - [2022-12-03T14:40:16.812+0000] {dagbag.py:538} INFO - Filling up the DagBag from /home/airflow/.local/lib/python3.7/site-packages/airflow/example_dags/example_trigger_target_dag.py
[2022-12-03T14:40:16.833+0000] {processor.py:753} INFO - DAG(s) dict_keys(['example_trigger_target_dag']) retrieved from /home/airflow/.local/lib/python3.7/site-packages/airflow/example_dags/example_trigger_target_dag.py
[2022-12-03T14:40:16.873+0000] {logging_mixin.py:137} INFO - [2022-12-03T14:40:16.873+0000] {dag.py:2676} INFO - Sync 1 DAGs
[2022-12-03T14:40:16.904+0000] {logging_mixin.py:137} INFO - [2022-12-03T14:40:16.904+0000] {dag.py:3427} INFO - Setting next_dagrun for example_trigger_target_dag to None, run_after=None
[2022-12-03T14:40:16.922+0000] {processor.py:175} INFO - Processing /home/airflow/.local/lib/python3.7/site-packages/airflow/example_dags/example_trigger_target_dag.py took 0.114 seconds
[2022-12-03T14:40:47.244+0000] {processor.py:153} INFO - Started process (PID=971) to work on /home/airflow/.local/lib/python3.7/site-packages/airflow/example_dags/example_trigger_target_dag.py
[2022-12-03T14:40:47.244+0000] {processor.py:743} INFO - Processing file /home/airflow/.local/lib/python3.7/site-packages/airflow/example_dags/example_trigger_target_dag.py for tasks to queue
[2022-12-03T14:40:47.245+0000] {logging_mixin.py:137} INFO - [2022-12-03T14:40:47.245+0000] {dagbag.py:538} INFO - Filling up the DagBag from /home/airflow/.local/lib/python3.7/site-packages/airflow/example_dags/example_trigger_target_dag.py
[2022-12-03T14:40:47.267+0000] {processor.py:753} INFO - DAG(s) dict_keys(['example_trigger_target_dag']) retrieved from /home/airflow/.local/lib/python3.7/site-packages/airflow/example_dags/example_trigger_target_dag.py
[2022-12-03T14:40:47.331+0000] {logging_mixin.py:137} INFO - [2022-12-03T14:40:47.331+0000] {dag.py:2676} INFO - Sync 1 DAGs
[2022-12-03T14:40:47.358+0000] {logging_mixin.py:137} INFO - [2022-12-03T14:40:47.358+0000] {dag.py:3427} INFO - Setting next_dagrun for example_trigger_target_dag to None, run_after=None
[2022-12-03T14:40:47.387+0000] {processor.py:175} INFO - Processing /home/airflow/.local/lib/python3.7/site-packages/airflow/example_dags/example_trigger_target_dag.py took 0.146 seconds
[2022-12-03T14:41:18.398+0000] {processor.py:153} INFO - Started process (PID=1072) to work on /home/airflow/.local/lib/python3.7/site-packages/airflow/example_dags/example_trigger_target_dag.py
[2022-12-03T14:41:18.399+0000] {processor.py:743} INFO - Processing file /home/airflow/.local/lib/python3.7/site-packages/airflow/example_dags/example_trigger_target_dag.py for tasks to queue
[2022-12-03T14:41:18.400+0000] {logging_mixin.py:137} INFO - [2022-12-03T14:41:18.399+0000] {dagbag.py:538} INFO - Filling up the DagBag from /home/airflow/.local/lib/python3.7/site-packages/airflow/example_dags/example_trigger_target_dag.py
[2022-12-03T14:41:18.479+0000] {processor.py:753} INFO - DAG(s) dict_keys(['example_trigger_target_dag']) retrieved from /home/airflow/.local/lib/python3.7/site-packages/airflow/example_dags/example_trigger_target_dag.py
[2022-12-03T14:41:18.597+0000] {logging_mixin.py:137} INFO - [2022-12-03T14:41:18.597+0000] {dag.py:2676} INFO - Sync 1 DAGs
[2022-12-03T14:41:18.685+0000] {logging_mixin.py:137} INFO - [2022-12-03T14:41:18.685+0000] {dag.py:3427} INFO - Setting next_dagrun for example_trigger_target_dag to None, run_after=None
[2022-12-03T14:41:18.712+0000] {processor.py:175} INFO - Processing /home/airflow/.local/lib/python3.7/site-packages/airflow/example_dags/example_trigger_target_dag.py took 0.318 seconds
[2022-12-03T14:41:48.938+0000] {processor.py:153} INFO - Started process (PID=1158) to work on /home/airflow/.local/lib/python3.7/site-packages/airflow/example_dags/example_trigger_target_dag.py
[2022-12-03T14:41:48.939+0000] {processor.py:743} INFO - Processing file /home/airflow/.local/lib/python3.7/site-packages/airflow/example_dags/example_trigger_target_dag.py for tasks to queue
[2022-12-03T14:41:48.940+0000] {logging_mixin.py:137} INFO - [2022-12-03T14:41:48.940+0000] {dagbag.py:538} INFO - Filling up the DagBag from /home/airflow/.local/lib/python3.7/site-packages/airflow/example_dags/example_trigger_target_dag.py
[2022-12-03T14:41:48.972+0000] {processor.py:753} INFO - DAG(s) dict_keys(['example_trigger_target_dag']) retrieved from /home/airflow/.local/lib/python3.7/site-packages/airflow/example_dags/example_trigger_target_dag.py
[2022-12-03T14:41:49.026+0000] {logging_mixin.py:137} INFO - [2022-12-03T14:41:49.026+0000] {dag.py:2676} INFO - Sync 1 DAGs
[2022-12-03T14:41:49.051+0000] {logging_mixin.py:137} INFO - [2022-12-03T14:41:49.051+0000] {dag.py:3427} INFO - Setting next_dagrun for example_trigger_target_dag to None, run_after=None
[2022-12-03T14:41:49.078+0000] {processor.py:175} INFO - Processing /home/airflow/.local/lib/python3.7/site-packages/airflow/example_dags/example_trigger_target_dag.py took 0.142 seconds
[2022-12-03T14:42:19.601+0000] {processor.py:153} INFO - Started process (PID=1253) to work on /home/airflow/.local/lib/python3.7/site-packages/airflow/example_dags/example_trigger_target_dag.py
[2022-12-03T14:42:19.602+0000] {processor.py:743} INFO - Processing file /home/airflow/.local/lib/python3.7/site-packages/airflow/example_dags/example_trigger_target_dag.py for tasks to queue
[2022-12-03T14:42:19.603+0000] {logging_mixin.py:137} INFO - [2022-12-03T14:42:19.603+0000] {dagbag.py:538} INFO - Filling up the DagBag from /home/airflow/.local/lib/python3.7/site-packages/airflow/example_dags/example_trigger_target_dag.py
[2022-12-03T14:42:19.625+0000] {processor.py:753} INFO - DAG(s) dict_keys(['example_trigger_target_dag']) retrieved from /home/airflow/.local/lib/python3.7/site-packages/airflow/example_dags/example_trigger_target_dag.py
[2022-12-03T14:42:19.699+0000] {logging_mixin.py:137} INFO - [2022-12-03T14:42:19.699+0000] {dag.py:2676} INFO - Sync 1 DAGs
[2022-12-03T14:42:19.773+0000] {logging_mixin.py:137} INFO - [2022-12-03T14:42:19.773+0000] {dag.py:3427} INFO - Setting next_dagrun for example_trigger_target_dag to None, run_after=None
[2022-12-03T14:42:19.797+0000] {processor.py:175} INFO - Processing /home/airflow/.local/lib/python3.7/site-packages/airflow/example_dags/example_trigger_target_dag.py took 0.198 seconds
[2022-12-03T14:42:50.025+0000] {processor.py:153} INFO - Started process (PID=1354) to work on /home/airflow/.local/lib/python3.7/site-packages/airflow/example_dags/example_trigger_target_dag.py
[2022-12-03T14:42:50.026+0000] {processor.py:743} INFO - Processing file /home/airflow/.local/lib/python3.7/site-packages/airflow/example_dags/example_trigger_target_dag.py for tasks to queue
[2022-12-03T14:42:50.027+0000] {logging_mixin.py:137} INFO - [2022-12-03T14:42:50.027+0000] {dagbag.py:538} INFO - Filling up the DagBag from /home/airflow/.local/lib/python3.7/site-packages/airflow/example_dags/example_trigger_target_dag.py
[2022-12-03T14:42:50.048+0000] {processor.py:753} INFO - DAG(s) dict_keys(['example_trigger_target_dag']) retrieved from /home/airflow/.local/lib/python3.7/site-packages/airflow/example_dags/example_trigger_target_dag.py
[2022-12-03T14:42:50.089+0000] {logging_mixin.py:137} INFO - [2022-12-03T14:42:50.088+0000] {dag.py:2676} INFO - Sync 1 DAGs
[2022-12-03T14:42:50.114+0000] {logging_mixin.py:137} INFO - [2022-12-03T14:42:50.114+0000] {dag.py:3427} INFO - Setting next_dagrun for example_trigger_target_dag to None, run_after=None
[2022-12-03T14:42:50.131+0000] {processor.py:175} INFO - Processing /home/airflow/.local/lib/python3.7/site-packages/airflow/example_dags/example_trigger_target_dag.py took 0.108 seconds
[2022-12-03T14:43:20.348+0000] {processor.py:153} INFO - Started process (PID=1439) to work on /home/airflow/.local/lib/python3.7/site-packages/airflow/example_dags/example_trigger_target_dag.py
[2022-12-03T14:43:20.348+0000] {processor.py:743} INFO - Processing file /home/airflow/.local/lib/python3.7/site-packages/airflow/example_dags/example_trigger_target_dag.py for tasks to queue
[2022-12-03T14:43:20.349+0000] {logging_mixin.py:137} INFO - [2022-12-03T14:43:20.349+0000] {dagbag.py:538} INFO - Filling up the DagBag from /home/airflow/.local/lib/python3.7/site-packages/airflow/example_dags/example_trigger_target_dag.py
[2022-12-03T14:43:20.371+0000] {processor.py:753} INFO - DAG(s) dict_keys(['example_trigger_target_dag']) retrieved from /home/airflow/.local/lib/python3.7/site-packages/airflow/example_dags/example_trigger_target_dag.py
[2022-12-03T14:43:20.421+0000] {logging_mixin.py:137} INFO - [2022-12-03T14:43:20.421+0000] {dag.py:2676} INFO - Sync 1 DAGs
[2022-12-03T14:43:20.452+0000] {logging_mixin.py:137} INFO - [2022-12-03T14:43:20.452+0000] {dag.py:3427} INFO - Setting next_dagrun for example_trigger_target_dag to None, run_after=None
[2022-12-03T14:43:20.475+0000] {processor.py:175} INFO - Processing /home/airflow/.local/lib/python3.7/site-packages/airflow/example_dags/example_trigger_target_dag.py took 0.130 seconds
[2022-12-03T14:43:50.684+0000] {processor.py:153} INFO - Started process (PID=1549) to work on /home/airflow/.local/lib/python3.7/site-packages/airflow/example_dags/example_trigger_target_dag.py
[2022-12-03T14:43:50.685+0000] {processor.py:743} INFO - Processing file /home/airflow/.local/lib/python3.7/site-packages/airflow/example_dags/example_trigger_target_dag.py for tasks to queue
[2022-12-03T14:43:50.685+0000] {logging_mixin.py:137} INFO - [2022-12-03T14:43:50.685+0000] {dagbag.py:538} INFO - Filling up the DagBag from /home/airflow/.local/lib/python3.7/site-packages/airflow/example_dags/example_trigger_target_dag.py
[2022-12-03T14:43:50.708+0000] {processor.py:753} INFO - DAG(s) dict_keys(['example_trigger_target_dag']) retrieved from /home/airflow/.local/lib/python3.7/site-packages/airflow/example_dags/example_trigger_target_dag.py
[2022-12-03T14:43:50.744+0000] {logging_mixin.py:137} INFO - [2022-12-03T14:43:50.744+0000] {dag.py:2676} INFO - Sync 1 DAGs
[2022-12-03T14:43:50.787+0000] {logging_mixin.py:137} INFO - [2022-12-03T14:43:50.787+0000] {dag.py:3427} INFO - Setting next_dagrun for example_trigger_target_dag to None, run_after=None
[2022-12-03T14:43:50.812+0000] {processor.py:175} INFO - Processing /home/airflow/.local/lib/python3.7/site-packages/airflow/example_dags/example_trigger_target_dag.py took 0.132 seconds
