[2022-12-03T14:36:06.553+0000] {processor.py:153} INFO - Started process (PID=98) to work on /home/airflow/.local/lib/python3.7/site-packages/airflow/example_dags/example_external_task_marker_dag.py
[2022-12-03T14:36:06.554+0000] {processor.py:743} INFO - Processing file /home/airflow/.local/lib/python3.7/site-packages/airflow/example_dags/example_external_task_marker_dag.py for tasks to queue
[2022-12-03T14:36:06.555+0000] {logging_mixin.py:137} INFO - [2022-12-03T14:36:06.554+0000] {dagbag.py:538} INFO - Filling up the DagBag from /home/airflow/.local/lib/python3.7/site-packages/airflow/example_dags/example_external_task_marker_dag.py
[2022-12-03T14:36:06.574+0000] {processor.py:753} INFO - DAG(s) dict_keys(['example_external_task_marker_parent', 'example_external_task_marker_child']) retrieved from /home/airflow/.local/lib/python3.7/site-packages/airflow/example_dags/example_external_task_marker_dag.py
[2022-12-03T14:36:06.625+0000] {logging_mixin.py:137} INFO - [2022-12-03T14:36:06.625+0000] {dag.py:2676} INFO - Sync 2 DAGs
[2022-12-03T14:36:06.684+0000] {logging_mixin.py:137} INFO - [2022-12-03T14:36:06.680+0000] {dag.py:3427} INFO - Setting next_dagrun for example_external_task_marker_child to None, run_after=None
[2022-12-03T14:36:06.689+0000] {logging_mixin.py:137} INFO - [2022-12-03T14:36:06.689+0000] {dag.py:3427} INFO - Setting next_dagrun for example_external_task_marker_parent to None, run_after=None
[2022-12-03T14:36:06.712+0000] {processor.py:175} INFO - Processing /home/airflow/.local/lib/python3.7/site-packages/airflow/example_dags/example_external_task_marker_dag.py took 0.161 seconds
[2022-12-03T14:36:37.082+0000] {processor.py:153} INFO - Started process (PID=184) to work on /home/airflow/.local/lib/python3.7/site-packages/airflow/example_dags/example_external_task_marker_dag.py
[2022-12-03T14:36:37.083+0000] {processor.py:743} INFO - Processing file /home/airflow/.local/lib/python3.7/site-packages/airflow/example_dags/example_external_task_marker_dag.py for tasks to queue
[2022-12-03T14:36:37.084+0000] {logging_mixin.py:137} INFO - [2022-12-03T14:36:37.083+0000] {dagbag.py:538} INFO - Filling up the DagBag from /home/airflow/.local/lib/python3.7/site-packages/airflow/example_dags/example_external_task_marker_dag.py
[2022-12-03T14:36:37.098+0000] {processor.py:753} INFO - DAG(s) dict_keys(['example_external_task_marker_child', 'example_external_task_marker_parent']) retrieved from /home/airflow/.local/lib/python3.7/site-packages/airflow/example_dags/example_external_task_marker_dag.py
[2022-12-03T14:36:37.135+0000] {logging_mixin.py:137} INFO - [2022-12-03T14:36:37.135+0000] {dag.py:2676} INFO - Sync 2 DAGs
[2022-12-03T14:36:37.160+0000] {logging_mixin.py:137} INFO - [2022-12-03T14:36:37.160+0000] {dag.py:3427} INFO - Setting next_dagrun for example_external_task_marker_child to None, run_after=None
[2022-12-03T14:36:37.164+0000] {logging_mixin.py:137} INFO - [2022-12-03T14:36:37.163+0000] {dag.py:3427} INFO - Setting next_dagrun for example_external_task_marker_parent to None, run_after=None
[2022-12-03T14:36:37.185+0000] {processor.py:175} INFO - Processing /home/airflow/.local/lib/python3.7/site-packages/airflow/example_dags/example_external_task_marker_dag.py took 0.106 seconds
[2022-12-03T14:37:07.900+0000] {processor.py:153} INFO - Started process (PID=277) to work on /home/airflow/.local/lib/python3.7/site-packages/airflow/example_dags/example_external_task_marker_dag.py
[2022-12-03T14:37:07.901+0000] {processor.py:743} INFO - Processing file /home/airflow/.local/lib/python3.7/site-packages/airflow/example_dags/example_external_task_marker_dag.py for tasks to queue
[2022-12-03T14:37:07.901+0000] {logging_mixin.py:137} INFO - [2022-12-03T14:37:07.901+0000] {dagbag.py:538} INFO - Filling up the DagBag from /home/airflow/.local/lib/python3.7/site-packages/airflow/example_dags/example_external_task_marker_dag.py
[2022-12-03T14:37:07.914+0000] {processor.py:753} INFO - DAG(s) dict_keys(['example_external_task_marker_child', 'example_external_task_marker_parent']) retrieved from /home/airflow/.local/lib/python3.7/site-packages/airflow/example_dags/example_external_task_marker_dag.py
[2022-12-03T14:37:08.006+0000] {logging_mixin.py:137} INFO - [2022-12-03T14:37:08.005+0000] {dag.py:2676} INFO - Sync 2 DAGs
[2022-12-03T14:37:08.094+0000] {logging_mixin.py:137} INFO - [2022-12-03T14:37:08.094+0000] {dag.py:3427} INFO - Setting next_dagrun for example_external_task_marker_child to None, run_after=None
[2022-12-03T14:37:08.170+0000] {logging_mixin.py:137} INFO - [2022-12-03T14:37:08.169+0000] {dag.py:3427} INFO - Setting next_dagrun for example_external_task_marker_parent to None, run_after=None
[2022-12-03T14:37:08.196+0000] {processor.py:175} INFO - Processing /home/airflow/.local/lib/python3.7/site-packages/airflow/example_dags/example_external_task_marker_dag.py took 0.299 seconds
[2022-12-03T14:37:38.225+0000] {processor.py:153} INFO - Started process (PID=379) to work on /home/airflow/.local/lib/python3.7/site-packages/airflow/example_dags/example_external_task_marker_dag.py
[2022-12-03T14:37:38.226+0000] {processor.py:743} INFO - Processing file /home/airflow/.local/lib/python3.7/site-packages/airflow/example_dags/example_external_task_marker_dag.py for tasks to queue
[2022-12-03T14:37:38.226+0000] {logging_mixin.py:137} INFO - [2022-12-03T14:37:38.226+0000] {dagbag.py:538} INFO - Filling up the DagBag from /home/airflow/.local/lib/python3.7/site-packages/airflow/example_dags/example_external_task_marker_dag.py
[2022-12-03T14:37:38.239+0000] {processor.py:753} INFO - DAG(s) dict_keys(['example_external_task_marker_parent', 'example_external_task_marker_child']) retrieved from /home/airflow/.local/lib/python3.7/site-packages/airflow/example_dags/example_external_task_marker_dag.py
[2022-12-03T14:37:38.291+0000] {logging_mixin.py:137} INFO - [2022-12-03T14:37:38.291+0000] {dag.py:2676} INFO - Sync 2 DAGs
[2022-12-03T14:37:38.315+0000] {logging_mixin.py:137} INFO - [2022-12-03T14:37:38.315+0000] {dag.py:3427} INFO - Setting next_dagrun for example_external_task_marker_child to None, run_after=None
[2022-12-03T14:37:38.318+0000] {logging_mixin.py:137} INFO - [2022-12-03T14:37:38.318+0000] {dag.py:3427} INFO - Setting next_dagrun for example_external_task_marker_parent to None, run_after=None
[2022-12-03T14:37:38.333+0000] {processor.py:175} INFO - Processing /home/airflow/.local/lib/python3.7/site-packages/airflow/example_dags/example_external_task_marker_dag.py took 0.111 seconds
[2022-12-03T14:38:08.434+0000] {processor.py:153} INFO - Started process (PID=465) to work on /home/airflow/.local/lib/python3.7/site-packages/airflow/example_dags/example_external_task_marker_dag.py
[2022-12-03T14:38:08.435+0000] {processor.py:743} INFO - Processing file /home/airflow/.local/lib/python3.7/site-packages/airflow/example_dags/example_external_task_marker_dag.py for tasks to queue
[2022-12-03T14:38:08.436+0000] {logging_mixin.py:137} INFO - [2022-12-03T14:38:08.436+0000] {dagbag.py:538} INFO - Filling up the DagBag from /home/airflow/.local/lib/python3.7/site-packages/airflow/example_dags/example_external_task_marker_dag.py
[2022-12-03T14:38:08.449+0000] {processor.py:753} INFO - DAG(s) dict_keys(['example_external_task_marker_parent', 'example_external_task_marker_child']) retrieved from /home/airflow/.local/lib/python3.7/site-packages/airflow/example_dags/example_external_task_marker_dag.py
[2022-12-03T14:38:08.500+0000] {logging_mixin.py:137} INFO - [2022-12-03T14:38:08.500+0000] {dag.py:2676} INFO - Sync 2 DAGs
[2022-12-03T14:38:08.526+0000] {logging_mixin.py:137} INFO - [2022-12-03T14:38:08.526+0000] {dag.py:3427} INFO - Setting next_dagrun for example_external_task_marker_child to None, run_after=None
[2022-12-03T14:38:08.529+0000] {logging_mixin.py:137} INFO - [2022-12-03T14:38:08.529+0000] {dag.py:3427} INFO - Setting next_dagrun for example_external_task_marker_parent to None, run_after=None
[2022-12-03T14:38:08.548+0000] {processor.py:175} INFO - Processing /home/airflow/.local/lib/python3.7/site-packages/airflow/example_dags/example_external_task_marker_dag.py took 0.116 seconds
[2022-12-03T14:38:39.251+0000] {processor.py:153} INFO - Started process (PID=552) to work on /home/airflow/.local/lib/python3.7/site-packages/airflow/example_dags/example_external_task_marker_dag.py
[2022-12-03T14:38:39.267+0000] {processor.py:743} INFO - Processing file /home/airflow/.local/lib/python3.7/site-packages/airflow/example_dags/example_external_task_marker_dag.py for tasks to queue
[2022-12-03T14:38:39.267+0000] {logging_mixin.py:137} INFO - [2022-12-03T14:38:39.267+0000] {dagbag.py:538} INFO - Filling up the DagBag from /home/airflow/.local/lib/python3.7/site-packages/airflow/example_dags/example_external_task_marker_dag.py
[2022-12-03T14:38:39.290+0000] {processor.py:753} INFO - DAG(s) dict_keys(['example_external_task_marker_child', 'example_external_task_marker_parent']) retrieved from /home/airflow/.local/lib/python3.7/site-packages/airflow/example_dags/example_external_task_marker_dag.py
[2022-12-03T14:38:39.338+0000] {logging_mixin.py:137} INFO - [2022-12-03T14:38:39.337+0000] {dag.py:2676} INFO - Sync 2 DAGs
[2022-12-03T14:38:39.398+0000] {logging_mixin.py:137} INFO - [2022-12-03T14:38:39.398+0000] {dag.py:3427} INFO - Setting next_dagrun for example_external_task_marker_child to None, run_after=None
[2022-12-03T14:38:39.401+0000] {logging_mixin.py:137} INFO - [2022-12-03T14:38:39.401+0000] {dag.py:3427} INFO - Setting next_dagrun for example_external_task_marker_parent to None, run_after=None
[2022-12-03T14:38:39.418+0000] {processor.py:175} INFO - Processing /home/airflow/.local/lib/python3.7/site-packages/airflow/example_dags/example_external_task_marker_dag.py took 0.169 seconds
[2022-12-03T14:39:09.694+0000] {processor.py:153} INFO - Started process (PID=661) to work on /home/airflow/.local/lib/python3.7/site-packages/airflow/example_dags/example_external_task_marker_dag.py
[2022-12-03T14:39:09.695+0000] {processor.py:743} INFO - Processing file /home/airflow/.local/lib/python3.7/site-packages/airflow/example_dags/example_external_task_marker_dag.py for tasks to queue
[2022-12-03T14:39:09.696+0000] {logging_mixin.py:137} INFO - [2022-12-03T14:39:09.696+0000] {dagbag.py:538} INFO - Filling up the DagBag from /home/airflow/.local/lib/python3.7/site-packages/airflow/example_dags/example_external_task_marker_dag.py
[2022-12-03T14:39:09.709+0000] {processor.py:753} INFO - DAG(s) dict_keys(['example_external_task_marker_parent', 'example_external_task_marker_child']) retrieved from /home/airflow/.local/lib/python3.7/site-packages/airflow/example_dags/example_external_task_marker_dag.py
[2022-12-03T14:39:09.752+0000] {logging_mixin.py:137} INFO - [2022-12-03T14:39:09.752+0000] {dag.py:2676} INFO - Sync 2 DAGs
[2022-12-03T14:39:09.786+0000] {logging_mixin.py:137} INFO - [2022-12-03T14:39:09.786+0000] {dag.py:3427} INFO - Setting next_dagrun for example_external_task_marker_child to None, run_after=None
[2022-12-03T14:39:09.789+0000] {logging_mixin.py:137} INFO - [2022-12-03T14:39:09.789+0000] {dag.py:3427} INFO - Setting next_dagrun for example_external_task_marker_parent to None, run_after=None
[2022-12-03T14:39:09.807+0000] {processor.py:175} INFO - Processing /home/airflow/.local/lib/python3.7/site-packages/airflow/example_dags/example_external_task_marker_dag.py took 0.115 seconds
[2022-12-03T14:39:40.727+0000] {processor.py:153} INFO - Started process (PID=747) to work on /home/airflow/.local/lib/python3.7/site-packages/airflow/example_dags/example_external_task_marker_dag.py
[2022-12-03T14:39:40.728+0000] {processor.py:743} INFO - Processing file /home/airflow/.local/lib/python3.7/site-packages/airflow/example_dags/example_external_task_marker_dag.py for tasks to queue
[2022-12-03T14:39:40.729+0000] {logging_mixin.py:137} INFO - [2022-12-03T14:39:40.729+0000] {dagbag.py:538} INFO - Filling up the DagBag from /home/airflow/.local/lib/python3.7/site-packages/airflow/example_dags/example_external_task_marker_dag.py
[2022-12-03T14:39:40.745+0000] {processor.py:753} INFO - DAG(s) dict_keys(['example_external_task_marker_child', 'example_external_task_marker_parent']) retrieved from /home/airflow/.local/lib/python3.7/site-packages/airflow/example_dags/example_external_task_marker_dag.py
[2022-12-03T14:39:40.799+0000] {logging_mixin.py:137} INFO - [2022-12-03T14:39:40.799+0000] {dag.py:2676} INFO - Sync 2 DAGs
[2022-12-03T14:39:40.828+0000] {logging_mixin.py:137} INFO - [2022-12-03T14:39:40.828+0000] {dag.py:3427} INFO - Setting next_dagrun for example_external_task_marker_child to None, run_after=None
[2022-12-03T14:39:40.832+0000] {logging_mixin.py:137} INFO - [2022-12-03T14:39:40.832+0000] {dag.py:3427} INFO - Setting next_dagrun for example_external_task_marker_parent to None, run_after=None
[2022-12-03T14:39:40.852+0000] {processor.py:175} INFO - Processing /home/airflow/.local/lib/python3.7/site-packages/airflow/example_dags/example_external_task_marker_dag.py took 0.128 seconds
[2022-12-03T14:40:10.956+0000] {processor.py:153} INFO - Started process (PID=857) to work on /home/airflow/.local/lib/python3.7/site-packages/airflow/example_dags/example_external_task_marker_dag.py
[2022-12-03T14:40:10.956+0000] {processor.py:743} INFO - Processing file /home/airflow/.local/lib/python3.7/site-packages/airflow/example_dags/example_external_task_marker_dag.py for tasks to queue
[2022-12-03T14:40:10.957+0000] {logging_mixin.py:137} INFO - [2022-12-03T14:40:10.957+0000] {dagbag.py:538} INFO - Filling up the DagBag from /home/airflow/.local/lib/python3.7/site-packages/airflow/example_dags/example_external_task_marker_dag.py
[2022-12-03T14:40:10.975+0000] {processor.py:753} INFO - DAG(s) dict_keys(['example_external_task_marker_child', 'example_external_task_marker_parent']) retrieved from /home/airflow/.local/lib/python3.7/site-packages/airflow/example_dags/example_external_task_marker_dag.py
[2022-12-03T14:40:11.025+0000] {logging_mixin.py:137} INFO - [2022-12-03T14:40:11.025+0000] {dag.py:2676} INFO - Sync 2 DAGs
[2022-12-03T14:40:11.050+0000] {logging_mixin.py:137} INFO - [2022-12-03T14:40:11.050+0000] {dag.py:3427} INFO - Setting next_dagrun for example_external_task_marker_child to None, run_after=None
[2022-12-03T14:40:11.053+0000] {logging_mixin.py:137} INFO - [2022-12-03T14:40:11.053+0000] {dag.py:3427} INFO - Setting next_dagrun for example_external_task_marker_parent to None, run_after=None
[2022-12-03T14:40:11.076+0000] {processor.py:175} INFO - Processing /home/airflow/.local/lib/python3.7/site-packages/airflow/example_dags/example_external_task_marker_dag.py took 0.123 seconds
[2022-12-03T14:40:41.590+0000] {processor.py:153} INFO - Started process (PID=943) to work on /home/airflow/.local/lib/python3.7/site-packages/airflow/example_dags/example_external_task_marker_dag.py
[2022-12-03T14:40:41.596+0000] {processor.py:743} INFO - Processing file /home/airflow/.local/lib/python3.7/site-packages/airflow/example_dags/example_external_task_marker_dag.py for tasks to queue
[2022-12-03T14:40:41.597+0000] {logging_mixin.py:137} INFO - [2022-12-03T14:40:41.597+0000] {dagbag.py:538} INFO - Filling up the DagBag from /home/airflow/.local/lib/python3.7/site-packages/airflow/example_dags/example_external_task_marker_dag.py
[2022-12-03T14:40:41.619+0000] {processor.py:753} INFO - DAG(s) dict_keys(['example_external_task_marker_child', 'example_external_task_marker_parent']) retrieved from /home/airflow/.local/lib/python3.7/site-packages/airflow/example_dags/example_external_task_marker_dag.py
[2022-12-03T14:40:41.657+0000] {logging_mixin.py:137} INFO - [2022-12-03T14:40:41.657+0000] {dag.py:2676} INFO - Sync 2 DAGs
[2022-12-03T14:40:41.714+0000] {logging_mixin.py:137} INFO - [2022-12-03T14:40:41.713+0000] {dag.py:3427} INFO - Setting next_dagrun for example_external_task_marker_child to None, run_after=None
[2022-12-03T14:40:41.719+0000] {logging_mixin.py:137} INFO - [2022-12-03T14:40:41.719+0000] {dag.py:3427} INFO - Setting next_dagrun for example_external_task_marker_parent to None, run_after=None
[2022-12-03T14:40:41.740+0000] {processor.py:175} INFO - Processing /home/airflow/.local/lib/python3.7/site-packages/airflow/example_dags/example_external_task_marker_dag.py took 0.157 seconds
[2022-12-03T14:41:12.186+0000] {processor.py:153} INFO - Started process (PID=1028) to work on /home/airflow/.local/lib/python3.7/site-packages/airflow/example_dags/example_external_task_marker_dag.py
[2022-12-03T14:41:12.188+0000] {processor.py:743} INFO - Processing file /home/airflow/.local/lib/python3.7/site-packages/airflow/example_dags/example_external_task_marker_dag.py for tasks to queue
[2022-12-03T14:41:12.189+0000] {logging_mixin.py:137} INFO - [2022-12-03T14:41:12.189+0000] {dagbag.py:538} INFO - Filling up the DagBag from /home/airflow/.local/lib/python3.7/site-packages/airflow/example_dags/example_external_task_marker_dag.py
[2022-12-03T14:41:12.205+0000] {processor.py:753} INFO - DAG(s) dict_keys(['example_external_task_marker_parent', 'example_external_task_marker_child']) retrieved from /home/airflow/.local/lib/python3.7/site-packages/airflow/example_dags/example_external_task_marker_dag.py
[2022-12-03T14:41:12.245+0000] {logging_mixin.py:137} INFO - [2022-12-03T14:41:12.245+0000] {dag.py:2676} INFO - Sync 2 DAGs
[2022-12-03T14:41:12.293+0000] {logging_mixin.py:137} INFO - [2022-12-03T14:41:12.293+0000] {dag.py:3427} INFO - Setting next_dagrun for example_external_task_marker_child to None, run_after=None
[2022-12-03T14:41:12.297+0000] {logging_mixin.py:137} INFO - [2022-12-03T14:41:12.297+0000] {dag.py:3427} INFO - Setting next_dagrun for example_external_task_marker_parent to None, run_after=None
[2022-12-03T14:41:12.316+0000] {processor.py:175} INFO - Processing /home/airflow/.local/lib/python3.7/site-packages/airflow/example_dags/example_external_task_marker_dag.py took 0.137 seconds
[2022-12-03T14:41:42.402+0000] {processor.py:153} INFO - Started process (PID=1138) to work on /home/airflow/.local/lib/python3.7/site-packages/airflow/example_dags/example_external_task_marker_dag.py
[2022-12-03T14:41:42.403+0000] {processor.py:743} INFO - Processing file /home/airflow/.local/lib/python3.7/site-packages/airflow/example_dags/example_external_task_marker_dag.py for tasks to queue
[2022-12-03T14:41:42.404+0000] {logging_mixin.py:137} INFO - [2022-12-03T14:41:42.404+0000] {dagbag.py:538} INFO - Filling up the DagBag from /home/airflow/.local/lib/python3.7/site-packages/airflow/example_dags/example_external_task_marker_dag.py
[2022-12-03T14:41:42.423+0000] {processor.py:753} INFO - DAG(s) dict_keys(['example_external_task_marker_child', 'example_external_task_marker_parent']) retrieved from /home/airflow/.local/lib/python3.7/site-packages/airflow/example_dags/example_external_task_marker_dag.py
[2022-12-03T14:41:42.583+0000] {logging_mixin.py:137} INFO - [2022-12-03T14:41:42.582+0000] {dag.py:2676} INFO - Sync 2 DAGs
[2022-12-03T14:41:42.619+0000] {logging_mixin.py:137} INFO - [2022-12-03T14:41:42.619+0000] {dag.py:3427} INFO - Setting next_dagrun for example_external_task_marker_child to None, run_after=None
[2022-12-03T14:41:42.624+0000] {logging_mixin.py:137} INFO - [2022-12-03T14:41:42.624+0000] {dag.py:3427} INFO - Setting next_dagrun for example_external_task_marker_parent to None, run_after=None
[2022-12-03T14:41:42.696+0000] {processor.py:175} INFO - Processing /home/airflow/.local/lib/python3.7/site-packages/airflow/example_dags/example_external_task_marker_dag.py took 0.298 seconds
[2022-12-03T14:42:13.131+0000] {processor.py:153} INFO - Started process (PID=1224) to work on /home/airflow/.local/lib/python3.7/site-packages/airflow/example_dags/example_external_task_marker_dag.py
[2022-12-03T14:42:13.132+0000] {processor.py:743} INFO - Processing file /home/airflow/.local/lib/python3.7/site-packages/airflow/example_dags/example_external_task_marker_dag.py for tasks to queue
[2022-12-03T14:42:13.132+0000] {logging_mixin.py:137} INFO - [2022-12-03T14:42:13.132+0000] {dagbag.py:538} INFO - Filling up the DagBag from /home/airflow/.local/lib/python3.7/site-packages/airflow/example_dags/example_external_task_marker_dag.py
[2022-12-03T14:42:13.171+0000] {processor.py:753} INFO - DAG(s) dict_keys(['example_external_task_marker_parent', 'example_external_task_marker_child']) retrieved from /home/airflow/.local/lib/python3.7/site-packages/airflow/example_dags/example_external_task_marker_dag.py
[2022-12-03T14:42:13.267+0000] {logging_mixin.py:137} INFO - [2022-12-03T14:42:13.267+0000] {dag.py:2676} INFO - Sync 2 DAGs
[2022-12-03T14:42:13.397+0000] {logging_mixin.py:137} INFO - [2022-12-03T14:42:13.397+0000] {dag.py:3427} INFO - Setting next_dagrun for example_external_task_marker_child to None, run_after=None
[2022-12-03T14:42:13.400+0000] {logging_mixin.py:137} INFO - [2022-12-03T14:42:13.400+0000] {dag.py:3427} INFO - Setting next_dagrun for example_external_task_marker_parent to None, run_after=None
[2022-12-03T14:42:13.416+0000] {processor.py:175} INFO - Processing /home/airflow/.local/lib/python3.7/site-packages/airflow/example_dags/example_external_task_marker_dag.py took 0.289 seconds
[2022-12-03T14:42:44.508+0000] {processor.py:153} INFO - Started process (PID=1311) to work on /home/airflow/.local/lib/python3.7/site-packages/airflow/example_dags/example_external_task_marker_dag.py
[2022-12-03T14:42:44.509+0000] {processor.py:743} INFO - Processing file /home/airflow/.local/lib/python3.7/site-packages/airflow/example_dags/example_external_task_marker_dag.py for tasks to queue
[2022-12-03T14:42:44.510+0000] {logging_mixin.py:137} INFO - [2022-12-03T14:42:44.510+0000] {dagbag.py:538} INFO - Filling up the DagBag from /home/airflow/.local/lib/python3.7/site-packages/airflow/example_dags/example_external_task_marker_dag.py
[2022-12-03T14:42:44.523+0000] {processor.py:753} INFO - DAG(s) dict_keys(['example_external_task_marker_child', 'example_external_task_marker_parent']) retrieved from /home/airflow/.local/lib/python3.7/site-packages/airflow/example_dags/example_external_task_marker_dag.py
[2022-12-03T14:42:44.592+0000] {logging_mixin.py:137} INFO - [2022-12-03T14:42:44.592+0000] {dag.py:2676} INFO - Sync 2 DAGs
[2022-12-03T14:42:44.621+0000] {logging_mixin.py:137} INFO - [2022-12-03T14:42:44.621+0000] {dag.py:3427} INFO - Setting next_dagrun for example_external_task_marker_child to None, run_after=None
[2022-12-03T14:42:44.625+0000] {logging_mixin.py:137} INFO - [2022-12-03T14:42:44.625+0000] {dag.py:3427} INFO - Setting next_dagrun for example_external_task_marker_parent to None, run_after=None
[2022-12-03T14:42:44.642+0000] {processor.py:175} INFO - Processing /home/airflow/.local/lib/python3.7/site-packages/airflow/example_dags/example_external_task_marker_dag.py took 0.136 seconds
[2022-12-03T14:43:14.812+0000] {processor.py:153} INFO - Started process (PID=1420) to work on /home/airflow/.local/lib/python3.7/site-packages/airflow/example_dags/example_external_task_marker_dag.py
[2022-12-03T14:43:14.813+0000] {processor.py:743} INFO - Processing file /home/airflow/.local/lib/python3.7/site-packages/airflow/example_dags/example_external_task_marker_dag.py for tasks to queue
[2022-12-03T14:43:14.813+0000] {logging_mixin.py:137} INFO - [2022-12-03T14:43:14.813+0000] {dagbag.py:538} INFO - Filling up the DagBag from /home/airflow/.local/lib/python3.7/site-packages/airflow/example_dags/example_external_task_marker_dag.py
[2022-12-03T14:43:14.826+0000] {processor.py:753} INFO - DAG(s) dict_keys(['example_external_task_marker_child', 'example_external_task_marker_parent']) retrieved from /home/airflow/.local/lib/python3.7/site-packages/airflow/example_dags/example_external_task_marker_dag.py
[2022-12-03T14:43:14.863+0000] {logging_mixin.py:137} INFO - [2022-12-03T14:43:14.863+0000] {dag.py:2676} INFO - Sync 2 DAGs
[2022-12-03T14:43:14.897+0000] {logging_mixin.py:137} INFO - [2022-12-03T14:43:14.897+0000] {dag.py:3427} INFO - Setting next_dagrun for example_external_task_marker_child to None, run_after=None
[2022-12-03T14:43:14.901+0000] {logging_mixin.py:137} INFO - [2022-12-03T14:43:14.901+0000] {dag.py:3427} INFO - Setting next_dagrun for example_external_task_marker_parent to None, run_after=None
[2022-12-03T14:43:14.916+0000] {processor.py:175} INFO - Processing /home/airflow/.local/lib/python3.7/site-packages/airflow/example_dags/example_external_task_marker_dag.py took 0.106 seconds
[2022-12-03T14:43:45.016+0000] {processor.py:153} INFO - Started process (PID=1506) to work on /home/airflow/.local/lib/python3.7/site-packages/airflow/example_dags/example_external_task_marker_dag.py
[2022-12-03T14:43:45.016+0000] {processor.py:743} INFO - Processing file /home/airflow/.local/lib/python3.7/site-packages/airflow/example_dags/example_external_task_marker_dag.py for tasks to queue
[2022-12-03T14:43:45.017+0000] {logging_mixin.py:137} INFO - [2022-12-03T14:43:45.017+0000] {dagbag.py:538} INFO - Filling up the DagBag from /home/airflow/.local/lib/python3.7/site-packages/airflow/example_dags/example_external_task_marker_dag.py
[2022-12-03T14:43:45.030+0000] {processor.py:753} INFO - DAG(s) dict_keys(['example_external_task_marker_child', 'example_external_task_marker_parent']) retrieved from /home/airflow/.local/lib/python3.7/site-packages/airflow/example_dags/example_external_task_marker_dag.py
[2022-12-03T14:43:45.079+0000] {logging_mixin.py:137} INFO - [2022-12-03T14:43:45.079+0000] {dag.py:2676} INFO - Sync 2 DAGs
[2022-12-03T14:43:45.105+0000] {logging_mixin.py:137} INFO - [2022-12-03T14:43:45.105+0000] {dag.py:3427} INFO - Setting next_dagrun for example_external_task_marker_child to None, run_after=None
[2022-12-03T14:43:45.108+0000] {logging_mixin.py:137} INFO - [2022-12-03T14:43:45.108+0000] {dag.py:3427} INFO - Setting next_dagrun for example_external_task_marker_parent to None, run_after=None
[2022-12-03T14:43:45.124+0000] {processor.py:175} INFO - Processing /home/airflow/.local/lib/python3.7/site-packages/airflow/example_dags/example_external_task_marker_dag.py took 0.111 seconds
