[2022-12-03T14:36:06.260+0000] {processor.py:153} INFO - Started process (PID=96) to work on /home/airflow/.local/lib/python3.7/site-packages/airflow/example_dags/example_dag_decorator.py
[2022-12-03T14:36:06.261+0000] {processor.py:743} INFO - Processing file /home/airflow/.local/lib/python3.7/site-packages/airflow/example_dags/example_dag_decorator.py for tasks to queue
[2022-12-03T14:36:06.262+0000] {logging_mixin.py:137} INFO - [2022-12-03T14:36:06.261+0000] {dagbag.py:538} INFO - Filling up the DagBag from /home/airflow/.local/lib/python3.7/site-packages/airflow/example_dags/example_dag_decorator.py
[2022-12-03T14:36:06.299+0000] {logging_mixin.py:137} INFO - [2022-12-03T14:36:06.298+0000] {taskmixin.py:205} WARNING - Dependency <Task(_PythonDecoratedOperator): prepare_email>, send_email already registered for DAG: example_dag_decorator
[2022-12-03T14:36:06.299+0000] {logging_mixin.py:137} INFO - [2022-12-03T14:36:06.299+0000] {taskmixin.py:205} WARNING - Dependency <Task(EmailOperator): send_email>, prepare_email already registered for DAG: example_dag_decorator
[2022-12-03T14:36:06.329+0000] {processor.py:753} INFO - DAG(s) dict_keys(['example_dag_decorator']) retrieved from /home/airflow/.local/lib/python3.7/site-packages/airflow/example_dags/example_dag_decorator.py
[2022-12-03T14:36:06.482+0000] {logging_mixin.py:137} INFO - [2022-12-03T14:36:06.481+0000] {dag.py:2676} INFO - Sync 1 DAGs
[2022-12-03T14:36:06.510+0000] {logging_mixin.py:137} INFO - [2022-12-03T14:36:06.509+0000] {dag.py:3427} INFO - Setting next_dagrun for example_dag_decorator to None, run_after=None
[2022-12-03T14:36:06.531+0000] {processor.py:175} INFO - Processing /home/airflow/.local/lib/python3.7/site-packages/airflow/example_dags/example_dag_decorator.py took 0.273 seconds
[2022-12-03T14:36:36.896+0000] {processor.py:153} INFO - Started process (PID=182) to work on /home/airflow/.local/lib/python3.7/site-packages/airflow/example_dags/example_dag_decorator.py
[2022-12-03T14:36:36.897+0000] {processor.py:743} INFO - Processing file /home/airflow/.local/lib/python3.7/site-packages/airflow/example_dags/example_dag_decorator.py for tasks to queue
[2022-12-03T14:36:36.897+0000] {logging_mixin.py:137} INFO - [2022-12-03T14:36:36.897+0000] {dagbag.py:538} INFO - Filling up the DagBag from /home/airflow/.local/lib/python3.7/site-packages/airflow/example_dags/example_dag_decorator.py
[2022-12-03T14:36:36.916+0000] {logging_mixin.py:137} INFO - [2022-12-03T14:36:36.916+0000] {taskmixin.py:205} WARNING - Dependency <Task(_PythonDecoratedOperator): prepare_email>, send_email already registered for DAG: example_dag_decorator
[2022-12-03T14:36:36.916+0000] {logging_mixin.py:137} INFO - [2022-12-03T14:36:36.916+0000] {taskmixin.py:205} WARNING - Dependency <Task(EmailOperator): send_email>, prepare_email already registered for DAG: example_dag_decorator
[2022-12-03T14:36:36.927+0000] {processor.py:753} INFO - DAG(s) dict_keys(['example_dag_decorator']) retrieved from /home/airflow/.local/lib/python3.7/site-packages/airflow/example_dags/example_dag_decorator.py
[2022-12-03T14:36:37.011+0000] {logging_mixin.py:137} INFO - [2022-12-03T14:36:37.010+0000] {dag.py:2676} INFO - Sync 1 DAGs
[2022-12-03T14:36:37.033+0000] {logging_mixin.py:137} INFO - [2022-12-03T14:36:37.033+0000] {dag.py:3427} INFO - Setting next_dagrun for example_dag_decorator to None, run_after=None
[2022-12-03T14:36:37.052+0000] {processor.py:175} INFO - Processing /home/airflow/.local/lib/python3.7/site-packages/airflow/example_dags/example_dag_decorator.py took 0.159 seconds
[2022-12-03T14:37:07.669+0000] {processor.py:153} INFO - Started process (PID=268) to work on /home/airflow/.local/lib/python3.7/site-packages/airflow/example_dags/example_dag_decorator.py
[2022-12-03T14:37:07.670+0000] {processor.py:743} INFO - Processing file /home/airflow/.local/lib/python3.7/site-packages/airflow/example_dags/example_dag_decorator.py for tasks to queue
[2022-12-03T14:37:07.671+0000] {logging_mixin.py:137} INFO - [2022-12-03T14:37:07.671+0000] {dagbag.py:538} INFO - Filling up the DagBag from /home/airflow/.local/lib/python3.7/site-packages/airflow/example_dags/example_dag_decorator.py
[2022-12-03T14:37:07.690+0000] {logging_mixin.py:137} INFO - [2022-12-03T14:37:07.690+0000] {taskmixin.py:205} WARNING - Dependency <Task(_PythonDecoratedOperator): prepare_email>, send_email already registered for DAG: example_dag_decorator
[2022-12-03T14:37:07.691+0000] {logging_mixin.py:137} INFO - [2022-12-03T14:37:07.690+0000] {taskmixin.py:205} WARNING - Dependency <Task(EmailOperator): send_email>, prepare_email already registered for DAG: example_dag_decorator
[2022-12-03T14:37:07.702+0000] {processor.py:753} INFO - DAG(s) dict_keys(['example_dag_decorator']) retrieved from /home/airflow/.local/lib/python3.7/site-packages/airflow/example_dags/example_dag_decorator.py
[2022-12-03T14:37:07.789+0000] {logging_mixin.py:137} INFO - [2022-12-03T14:37:07.788+0000] {dag.py:2676} INFO - Sync 1 DAGs
[2022-12-03T14:37:07.814+0000] {logging_mixin.py:137} INFO - [2022-12-03T14:37:07.814+0000] {dag.py:3427} INFO - Setting next_dagrun for example_dag_decorator to None, run_after=None
[2022-12-03T14:37:07.837+0000] {processor.py:175} INFO - Processing /home/airflow/.local/lib/python3.7/site-packages/airflow/example_dags/example_dag_decorator.py took 0.205 seconds
[2022-12-03T14:37:38.019+0000] {processor.py:153} INFO - Started process (PID=378) to work on /home/airflow/.local/lib/python3.7/site-packages/airflow/example_dags/example_dag_decorator.py
[2022-12-03T14:37:38.019+0000] {processor.py:743} INFO - Processing file /home/airflow/.local/lib/python3.7/site-packages/airflow/example_dags/example_dag_decorator.py for tasks to queue
[2022-12-03T14:37:38.020+0000] {logging_mixin.py:137} INFO - [2022-12-03T14:37:38.020+0000] {dagbag.py:538} INFO - Filling up the DagBag from /home/airflow/.local/lib/python3.7/site-packages/airflow/example_dags/example_dag_decorator.py
[2022-12-03T14:37:38.037+0000] {logging_mixin.py:137} INFO - [2022-12-03T14:37:38.037+0000] {taskmixin.py:205} WARNING - Dependency <Task(_PythonDecoratedOperator): prepare_email>, send_email already registered for DAG: example_dag_decorator
[2022-12-03T14:37:38.037+0000] {logging_mixin.py:137} INFO - [2022-12-03T14:37:38.037+0000] {taskmixin.py:205} WARNING - Dependency <Task(EmailOperator): send_email>, prepare_email already registered for DAG: example_dag_decorator
[2022-12-03T14:37:38.048+0000] {processor.py:753} INFO - DAG(s) dict_keys(['example_dag_decorator']) retrieved from /home/airflow/.local/lib/python3.7/site-packages/airflow/example_dags/example_dag_decorator.py
[2022-12-03T14:37:38.140+0000] {logging_mixin.py:137} INFO - [2022-12-03T14:37:38.139+0000] {dag.py:2676} INFO - Sync 1 DAGs
[2022-12-03T14:37:38.162+0000] {logging_mixin.py:137} INFO - [2022-12-03T14:37:38.162+0000] {dag.py:3427} INFO - Setting next_dagrun for example_dag_decorator to None, run_after=None
[2022-12-03T14:37:38.201+0000] {processor.py:175} INFO - Processing /home/airflow/.local/lib/python3.7/site-packages/airflow/example_dags/example_dag_decorator.py took 0.184 seconds
[2022-12-03T14:38:08.310+0000] {processor.py:153} INFO - Started process (PID=464) to work on /home/airflow/.local/lib/python3.7/site-packages/airflow/example_dags/example_dag_decorator.py
[2022-12-03T14:38:08.311+0000] {processor.py:743} INFO - Processing file /home/airflow/.local/lib/python3.7/site-packages/airflow/example_dags/example_dag_decorator.py for tasks to queue
[2022-12-03T14:38:08.312+0000] {logging_mixin.py:137} INFO - [2022-12-03T14:38:08.312+0000] {dagbag.py:538} INFO - Filling up the DagBag from /home/airflow/.local/lib/python3.7/site-packages/airflow/example_dags/example_dag_decorator.py
[2022-12-03T14:38:08.327+0000] {logging_mixin.py:137} INFO - [2022-12-03T14:38:08.327+0000] {taskmixin.py:205} WARNING - Dependency <Task(_PythonDecoratedOperator): prepare_email>, send_email already registered for DAG: example_dag_decorator
[2022-12-03T14:38:08.327+0000] {logging_mixin.py:137} INFO - [2022-12-03T14:38:08.327+0000] {taskmixin.py:205} WARNING - Dependency <Task(EmailOperator): send_email>, prepare_email already registered for DAG: example_dag_decorator
[2022-12-03T14:38:08.342+0000] {processor.py:753} INFO - DAG(s) dict_keys(['example_dag_decorator']) retrieved from /home/airflow/.local/lib/python3.7/site-packages/airflow/example_dags/example_dag_decorator.py
[2022-12-03T14:38:08.434+0000] {logging_mixin.py:137} INFO - [2022-12-03T14:38:08.434+0000] {dag.py:2676} INFO - Sync 1 DAGs
[2022-12-03T14:38:08.460+0000] {logging_mixin.py:137} INFO - [2022-12-03T14:38:08.459+0000] {dag.py:3427} INFO - Setting next_dagrun for example_dag_decorator to None, run_after=None
[2022-12-03T14:38:08.497+0000] {processor.py:175} INFO - Processing /home/airflow/.local/lib/python3.7/site-packages/airflow/example_dags/example_dag_decorator.py took 0.190 seconds
[2022-12-03T14:38:39.030+0000] {processor.py:153} INFO - Started process (PID=550) to work on /home/airflow/.local/lib/python3.7/site-packages/airflow/example_dags/example_dag_decorator.py
[2022-12-03T14:38:39.031+0000] {processor.py:743} INFO - Processing file /home/airflow/.local/lib/python3.7/site-packages/airflow/example_dags/example_dag_decorator.py for tasks to queue
[2022-12-03T14:38:39.032+0000] {logging_mixin.py:137} INFO - [2022-12-03T14:38:39.032+0000] {dagbag.py:538} INFO - Filling up the DagBag from /home/airflow/.local/lib/python3.7/site-packages/airflow/example_dags/example_dag_decorator.py
[2022-12-03T14:38:39.053+0000] {logging_mixin.py:137} INFO - [2022-12-03T14:38:39.053+0000] {taskmixin.py:205} WARNING - Dependency <Task(_PythonDecoratedOperator): prepare_email>, send_email already registered for DAG: example_dag_decorator
[2022-12-03T14:38:39.054+0000] {logging_mixin.py:137} INFO - [2022-12-03T14:38:39.054+0000] {taskmixin.py:205} WARNING - Dependency <Task(EmailOperator): send_email>, prepare_email already registered for DAG: example_dag_decorator
[2022-12-03T14:38:39.069+0000] {processor.py:753} INFO - DAG(s) dict_keys(['example_dag_decorator']) retrieved from /home/airflow/.local/lib/python3.7/site-packages/airflow/example_dags/example_dag_decorator.py
[2022-12-03T14:38:39.173+0000] {logging_mixin.py:137} INFO - [2022-12-03T14:38:39.173+0000] {dag.py:2676} INFO - Sync 1 DAGs
[2022-12-03T14:38:39.202+0000] {logging_mixin.py:137} INFO - [2022-12-03T14:38:39.202+0000] {dag.py:3427} INFO - Setting next_dagrun for example_dag_decorator to None, run_after=None
[2022-12-03T14:38:39.225+0000] {processor.py:175} INFO - Processing /home/airflow/.local/lib/python3.7/site-packages/airflow/example_dags/example_dag_decorator.py took 0.198 seconds
[2022-12-03T14:39:09.486+0000] {processor.py:153} INFO - Started process (PID=659) to work on /home/airflow/.local/lib/python3.7/site-packages/airflow/example_dags/example_dag_decorator.py
[2022-12-03T14:39:09.487+0000] {processor.py:743} INFO - Processing file /home/airflow/.local/lib/python3.7/site-packages/airflow/example_dags/example_dag_decorator.py for tasks to queue
[2022-12-03T14:39:09.488+0000] {logging_mixin.py:137} INFO - [2022-12-03T14:39:09.488+0000] {dagbag.py:538} INFO - Filling up the DagBag from /home/airflow/.local/lib/python3.7/site-packages/airflow/example_dags/example_dag_decorator.py
[2022-12-03T14:39:09.506+0000] {logging_mixin.py:137} INFO - [2022-12-03T14:39:09.506+0000] {taskmixin.py:205} WARNING - Dependency <Task(_PythonDecoratedOperator): prepare_email>, send_email already registered for DAG: example_dag_decorator
[2022-12-03T14:39:09.506+0000] {logging_mixin.py:137} INFO - [2022-12-03T14:39:09.506+0000] {taskmixin.py:205} WARNING - Dependency <Task(EmailOperator): send_email>, prepare_email already registered for DAG: example_dag_decorator
[2022-12-03T14:39:09.519+0000] {processor.py:753} INFO - DAG(s) dict_keys(['example_dag_decorator']) retrieved from /home/airflow/.local/lib/python3.7/site-packages/airflow/example_dags/example_dag_decorator.py
[2022-12-03T14:39:09.624+0000] {logging_mixin.py:137} INFO - [2022-12-03T14:39:09.624+0000] {dag.py:2676} INFO - Sync 1 DAGs
[2022-12-03T14:39:09.650+0000] {logging_mixin.py:137} INFO - [2022-12-03T14:39:09.650+0000] {dag.py:3427} INFO - Setting next_dagrun for example_dag_decorator to None, run_after=None
[2022-12-03T14:39:09.676+0000] {processor.py:175} INFO - Processing /home/airflow/.local/lib/python3.7/site-packages/airflow/example_dags/example_dag_decorator.py took 0.193 seconds
[2022-12-03T14:39:40.529+0000] {processor.py:153} INFO - Started process (PID=745) to work on /home/airflow/.local/lib/python3.7/site-packages/airflow/example_dags/example_dag_decorator.py
[2022-12-03T14:39:40.530+0000] {processor.py:743} INFO - Processing file /home/airflow/.local/lib/python3.7/site-packages/airflow/example_dags/example_dag_decorator.py for tasks to queue
[2022-12-03T14:39:40.530+0000] {logging_mixin.py:137} INFO - [2022-12-03T14:39:40.530+0000] {dagbag.py:538} INFO - Filling up the DagBag from /home/airflow/.local/lib/python3.7/site-packages/airflow/example_dags/example_dag_decorator.py
[2022-12-03T14:39:40.546+0000] {logging_mixin.py:137} INFO - [2022-12-03T14:39:40.546+0000] {taskmixin.py:205} WARNING - Dependency <Task(_PythonDecoratedOperator): prepare_email>, send_email already registered for DAG: example_dag_decorator
[2022-12-03T14:39:40.546+0000] {logging_mixin.py:137} INFO - [2022-12-03T14:39:40.546+0000] {taskmixin.py:205} WARNING - Dependency <Task(EmailOperator): send_email>, prepare_email already registered for DAG: example_dag_decorator
[2022-12-03T14:39:40.557+0000] {processor.py:753} INFO - DAG(s) dict_keys(['example_dag_decorator']) retrieved from /home/airflow/.local/lib/python3.7/site-packages/airflow/example_dags/example_dag_decorator.py
[2022-12-03T14:39:40.643+0000] {logging_mixin.py:137} INFO - [2022-12-03T14:39:40.642+0000] {dag.py:2676} INFO - Sync 1 DAGs
[2022-12-03T14:39:40.667+0000] {logging_mixin.py:137} INFO - [2022-12-03T14:39:40.666+0000] {dag.py:3427} INFO - Setting next_dagrun for example_dag_decorator to None, run_after=None
[2022-12-03T14:39:40.693+0000] {processor.py:175} INFO - Processing /home/airflow/.local/lib/python3.7/site-packages/airflow/example_dags/example_dag_decorator.py took 0.167 seconds
[2022-12-03T14:40:10.727+0000] {processor.py:153} INFO - Started process (PID=855) to work on /home/airflow/.local/lib/python3.7/site-packages/airflow/example_dags/example_dag_decorator.py
[2022-12-03T14:40:10.728+0000] {processor.py:743} INFO - Processing file /home/airflow/.local/lib/python3.7/site-packages/airflow/example_dags/example_dag_decorator.py for tasks to queue
[2022-12-03T14:40:10.728+0000] {logging_mixin.py:137} INFO - [2022-12-03T14:40:10.728+0000] {dagbag.py:538} INFO - Filling up the DagBag from /home/airflow/.local/lib/python3.7/site-packages/airflow/example_dags/example_dag_decorator.py
[2022-12-03T14:40:10.745+0000] {logging_mixin.py:137} INFO - [2022-12-03T14:40:10.745+0000] {taskmixin.py:205} WARNING - Dependency <Task(_PythonDecoratedOperator): prepare_email>, send_email already registered for DAG: example_dag_decorator
[2022-12-03T14:40:10.745+0000] {logging_mixin.py:137} INFO - [2022-12-03T14:40:10.745+0000] {taskmixin.py:205} WARNING - Dependency <Task(EmailOperator): send_email>, prepare_email already registered for DAG: example_dag_decorator
[2022-12-03T14:40:10.757+0000] {processor.py:753} INFO - DAG(s) dict_keys(['example_dag_decorator']) retrieved from /home/airflow/.local/lib/python3.7/site-packages/airflow/example_dags/example_dag_decorator.py
[2022-12-03T14:40:10.850+0000] {logging_mixin.py:137} INFO - [2022-12-03T14:40:10.849+0000] {dag.py:2676} INFO - Sync 1 DAGs
[2022-12-03T14:40:10.881+0000] {logging_mixin.py:137} INFO - [2022-12-03T14:40:10.881+0000] {dag.py:3427} INFO - Setting next_dagrun for example_dag_decorator to None, run_after=None
[2022-12-03T14:40:10.904+0000] {processor.py:175} INFO - Processing /home/airflow/.local/lib/python3.7/site-packages/airflow/example_dags/example_dag_decorator.py took 0.180 seconds
[2022-12-03T14:40:41.351+0000] {processor.py:153} INFO - Started process (PID=941) to work on /home/airflow/.local/lib/python3.7/site-packages/airflow/example_dags/example_dag_decorator.py
[2022-12-03T14:40:41.352+0000] {processor.py:743} INFO - Processing file /home/airflow/.local/lib/python3.7/site-packages/airflow/example_dags/example_dag_decorator.py for tasks to queue
[2022-12-03T14:40:41.353+0000] {logging_mixin.py:137} INFO - [2022-12-03T14:40:41.352+0000] {dagbag.py:538} INFO - Filling up the DagBag from /home/airflow/.local/lib/python3.7/site-packages/airflow/example_dags/example_dag_decorator.py
[2022-12-03T14:40:41.376+0000] {logging_mixin.py:137} INFO - [2022-12-03T14:40:41.376+0000] {taskmixin.py:205} WARNING - Dependency <Task(_PythonDecoratedOperator): prepare_email>, send_email already registered for DAG: example_dag_decorator
[2022-12-03T14:40:41.376+0000] {logging_mixin.py:137} INFO - [2022-12-03T14:40:41.376+0000] {taskmixin.py:205} WARNING - Dependency <Task(EmailOperator): send_email>, prepare_email already registered for DAG: example_dag_decorator
[2022-12-03T14:40:41.392+0000] {processor.py:753} INFO - DAG(s) dict_keys(['example_dag_decorator']) retrieved from /home/airflow/.local/lib/python3.7/site-packages/airflow/example_dags/example_dag_decorator.py
[2022-12-03T14:40:41.504+0000] {logging_mixin.py:137} INFO - [2022-12-03T14:40:41.504+0000] {dag.py:2676} INFO - Sync 1 DAGs
[2022-12-03T14:40:41.534+0000] {logging_mixin.py:137} INFO - [2022-12-03T14:40:41.534+0000] {dag.py:3427} INFO - Setting next_dagrun for example_dag_decorator to None, run_after=None
[2022-12-03T14:40:41.553+0000] {processor.py:175} INFO - Processing /home/airflow/.local/lib/python3.7/site-packages/airflow/example_dags/example_dag_decorator.py took 0.205 seconds
[2022-12-03T14:41:11.961+0000] {processor.py:153} INFO - Started process (PID=1026) to work on /home/airflow/.local/lib/python3.7/site-packages/airflow/example_dags/example_dag_decorator.py
[2022-12-03T14:41:11.962+0000] {processor.py:743} INFO - Processing file /home/airflow/.local/lib/python3.7/site-packages/airflow/example_dags/example_dag_decorator.py for tasks to queue
[2022-12-03T14:41:11.963+0000] {logging_mixin.py:137} INFO - [2022-12-03T14:41:11.963+0000] {dagbag.py:538} INFO - Filling up the DagBag from /home/airflow/.local/lib/python3.7/site-packages/airflow/example_dags/example_dag_decorator.py
[2022-12-03T14:41:11.986+0000] {logging_mixin.py:137} INFO - [2022-12-03T14:41:11.986+0000] {taskmixin.py:205} WARNING - Dependency <Task(_PythonDecoratedOperator): prepare_email>, send_email already registered for DAG: example_dag_decorator
[2022-12-03T14:41:11.987+0000] {logging_mixin.py:137} INFO - [2022-12-03T14:41:11.986+0000] {taskmixin.py:205} WARNING - Dependency <Task(EmailOperator): send_email>, prepare_email already registered for DAG: example_dag_decorator
[2022-12-03T14:41:12.000+0000] {processor.py:753} INFO - DAG(s) dict_keys(['example_dag_decorator']) retrieved from /home/airflow/.local/lib/python3.7/site-packages/airflow/example_dags/example_dag_decorator.py
[2022-12-03T14:41:12.097+0000] {logging_mixin.py:137} INFO - [2022-12-03T14:41:12.097+0000] {dag.py:2676} INFO - Sync 1 DAGs
[2022-12-03T14:41:12.127+0000] {logging_mixin.py:137} INFO - [2022-12-03T14:41:12.127+0000] {dag.py:3427} INFO - Setting next_dagrun for example_dag_decorator to None, run_after=None
[2022-12-03T14:41:12.147+0000] {processor.py:175} INFO - Processing /home/airflow/.local/lib/python3.7/site-packages/airflow/example_dags/example_dag_decorator.py took 0.189 seconds
[2022-12-03T14:41:42.327+0000] {processor.py:153} INFO - Started process (PID=1137) to work on /home/airflow/.local/lib/python3.7/site-packages/airflow/example_dags/example_dag_decorator.py
[2022-12-03T14:41:42.328+0000] {processor.py:743} INFO - Processing file /home/airflow/.local/lib/python3.7/site-packages/airflow/example_dags/example_dag_decorator.py for tasks to queue
[2022-12-03T14:41:42.329+0000] {logging_mixin.py:137} INFO - [2022-12-03T14:41:42.329+0000] {dagbag.py:538} INFO - Filling up the DagBag from /home/airflow/.local/lib/python3.7/site-packages/airflow/example_dags/example_dag_decorator.py
[2022-12-03T14:41:42.388+0000] {logging_mixin.py:137} INFO - [2022-12-03T14:41:42.388+0000] {taskmixin.py:205} WARNING - Dependency <Task(_PythonDecoratedOperator): prepare_email>, send_email already registered for DAG: example_dag_decorator
[2022-12-03T14:41:42.388+0000] {logging_mixin.py:137} INFO - [2022-12-03T14:41:42.388+0000] {taskmixin.py:205} WARNING - Dependency <Task(EmailOperator): send_email>, prepare_email already registered for DAG: example_dag_decorator
[2022-12-03T14:41:42.405+0000] {processor.py:753} INFO - DAG(s) dict_keys(['example_dag_decorator']) retrieved from /home/airflow/.local/lib/python3.7/site-packages/airflow/example_dags/example_dag_decorator.py
[2022-12-03T14:41:42.604+0000] {logging_mixin.py:137} INFO - [2022-12-03T14:41:42.604+0000] {dag.py:2676} INFO - Sync 1 DAGs
[2022-12-03T14:41:42.700+0000] {logging_mixin.py:137} INFO - [2022-12-03T14:41:42.700+0000] {dag.py:3427} INFO - Setting next_dagrun for example_dag_decorator to None, run_after=None
[2022-12-03T14:41:42.770+0000] {processor.py:175} INFO - Processing /home/airflow/.local/lib/python3.7/site-packages/airflow/example_dags/example_dag_decorator.py took 0.447 seconds
[2022-12-03T14:42:13.002+0000] {processor.py:153} INFO - Started process (PID=1223) to work on /home/airflow/.local/lib/python3.7/site-packages/airflow/example_dags/example_dag_decorator.py
[2022-12-03T14:42:13.003+0000] {processor.py:743} INFO - Processing file /home/airflow/.local/lib/python3.7/site-packages/airflow/example_dags/example_dag_decorator.py for tasks to queue
[2022-12-03T14:42:13.004+0000] {logging_mixin.py:137} INFO - [2022-12-03T14:42:13.004+0000] {dagbag.py:538} INFO - Filling up the DagBag from /home/airflow/.local/lib/python3.7/site-packages/airflow/example_dags/example_dag_decorator.py
[2022-12-03T14:42:13.079+0000] {logging_mixin.py:137} INFO - [2022-12-03T14:42:13.079+0000] {taskmixin.py:205} WARNING - Dependency <Task(_PythonDecoratedOperator): prepare_email>, send_email already registered for DAG: example_dag_decorator
[2022-12-03T14:42:13.079+0000] {logging_mixin.py:137} INFO - [2022-12-03T14:42:13.079+0000] {taskmixin.py:205} WARNING - Dependency <Task(EmailOperator): send_email>, prepare_email already registered for DAG: example_dag_decorator
[2022-12-03T14:42:13.092+0000] {processor.py:753} INFO - DAG(s) dict_keys(['example_dag_decorator']) retrieved from /home/airflow/.local/lib/python3.7/site-packages/airflow/example_dags/example_dag_decorator.py
[2022-12-03T14:42:13.275+0000] {logging_mixin.py:137} INFO - [2022-12-03T14:42:13.275+0000] {dag.py:2676} INFO - Sync 1 DAGs
[2022-12-03T14:42:13.381+0000] {logging_mixin.py:137} INFO - [2022-12-03T14:42:13.381+0000] {dag.py:3427} INFO - Setting next_dagrun for example_dag_decorator to None, run_after=None
[2022-12-03T14:42:13.406+0000] {processor.py:175} INFO - Processing /home/airflow/.local/lib/python3.7/site-packages/airflow/example_dags/example_dag_decorator.py took 0.407 seconds
[2022-12-03T14:42:44.328+0000] {processor.py:153} INFO - Started process (PID=1309) to work on /home/airflow/.local/lib/python3.7/site-packages/airflow/example_dags/example_dag_decorator.py
[2022-12-03T14:42:44.329+0000] {processor.py:743} INFO - Processing file /home/airflow/.local/lib/python3.7/site-packages/airflow/example_dags/example_dag_decorator.py for tasks to queue
[2022-12-03T14:42:44.329+0000] {logging_mixin.py:137} INFO - [2022-12-03T14:42:44.329+0000] {dagbag.py:538} INFO - Filling up the DagBag from /home/airflow/.local/lib/python3.7/site-packages/airflow/example_dags/example_dag_decorator.py
[2022-12-03T14:42:44.346+0000] {logging_mixin.py:137} INFO - [2022-12-03T14:42:44.345+0000] {taskmixin.py:205} WARNING - Dependency <Task(_PythonDecoratedOperator): prepare_email>, send_email already registered for DAG: example_dag_decorator
[2022-12-03T14:42:44.346+0000] {logging_mixin.py:137} INFO - [2022-12-03T14:42:44.346+0000] {taskmixin.py:205} WARNING - Dependency <Task(EmailOperator): send_email>, prepare_email already registered for DAG: example_dag_decorator
[2022-12-03T14:42:44.356+0000] {processor.py:753} INFO - DAG(s) dict_keys(['example_dag_decorator']) retrieved from /home/airflow/.local/lib/python3.7/site-packages/airflow/example_dags/example_dag_decorator.py
[2022-12-03T14:42:44.453+0000] {logging_mixin.py:137} INFO - [2022-12-03T14:42:44.453+0000] {dag.py:2676} INFO - Sync 1 DAGs
[2022-12-03T14:42:44.491+0000] {logging_mixin.py:137} INFO - [2022-12-03T14:42:44.491+0000] {dag.py:3427} INFO - Setting next_dagrun for example_dag_decorator to None, run_after=None
[2022-12-03T14:42:44.513+0000] {processor.py:175} INFO - Processing /home/airflow/.local/lib/python3.7/site-packages/airflow/example_dags/example_dag_decorator.py took 0.188 seconds
[2022-12-03T14:43:14.613+0000] {processor.py:153} INFO - Started process (PID=1418) to work on /home/airflow/.local/lib/python3.7/site-packages/airflow/example_dags/example_dag_decorator.py
[2022-12-03T14:43:14.614+0000] {processor.py:743} INFO - Processing file /home/airflow/.local/lib/python3.7/site-packages/airflow/example_dags/example_dag_decorator.py for tasks to queue
[2022-12-03T14:43:14.614+0000] {logging_mixin.py:137} INFO - [2022-12-03T14:43:14.614+0000] {dagbag.py:538} INFO - Filling up the DagBag from /home/airflow/.local/lib/python3.7/site-packages/airflow/example_dags/example_dag_decorator.py
[2022-12-03T14:43:14.632+0000] {logging_mixin.py:137} INFO - [2022-12-03T14:43:14.632+0000] {taskmixin.py:205} WARNING - Dependency <Task(_PythonDecoratedOperator): prepare_email>, send_email already registered for DAG: example_dag_decorator
[2022-12-03T14:43:14.632+0000] {logging_mixin.py:137} INFO - [2022-12-03T14:43:14.632+0000] {taskmixin.py:205} WARNING - Dependency <Task(EmailOperator): send_email>, prepare_email already registered for DAG: example_dag_decorator
[2022-12-03T14:43:14.644+0000] {processor.py:753} INFO - DAG(s) dict_keys(['example_dag_decorator']) retrieved from /home/airflow/.local/lib/python3.7/site-packages/airflow/example_dags/example_dag_decorator.py
[2022-12-03T14:43:14.731+0000] {logging_mixin.py:137} INFO - [2022-12-03T14:43:14.731+0000] {dag.py:2676} INFO - Sync 1 DAGs
[2022-12-03T14:43:14.754+0000] {logging_mixin.py:137} INFO - [2022-12-03T14:43:14.754+0000] {dag.py:3427} INFO - Setting next_dagrun for example_dag_decorator to None, run_after=None
[2022-12-03T14:43:14.786+0000] {processor.py:175} INFO - Processing /home/airflow/.local/lib/python3.7/site-packages/airflow/example_dags/example_dag_decorator.py took 0.176 seconds
[2022-12-03T14:43:44.842+0000] {processor.py:153} INFO - Started process (PID=1504) to work on /home/airflow/.local/lib/python3.7/site-packages/airflow/example_dags/example_dag_decorator.py
[2022-12-03T14:43:44.843+0000] {processor.py:743} INFO - Processing file /home/airflow/.local/lib/python3.7/site-packages/airflow/example_dags/example_dag_decorator.py for tasks to queue
[2022-12-03T14:43:44.844+0000] {logging_mixin.py:137} INFO - [2022-12-03T14:43:44.843+0000] {dagbag.py:538} INFO - Filling up the DagBag from /home/airflow/.local/lib/python3.7/site-packages/airflow/example_dags/example_dag_decorator.py
[2022-12-03T14:43:44.860+0000] {logging_mixin.py:137} INFO - [2022-12-03T14:43:44.860+0000] {taskmixin.py:205} WARNING - Dependency <Task(_PythonDecoratedOperator): prepare_email>, send_email already registered for DAG: example_dag_decorator
[2022-12-03T14:43:44.860+0000] {logging_mixin.py:137} INFO - [2022-12-03T14:43:44.860+0000] {taskmixin.py:205} WARNING - Dependency <Task(EmailOperator): send_email>, prepare_email already registered for DAG: example_dag_decorator
[2022-12-03T14:43:44.872+0000] {processor.py:753} INFO - DAG(s) dict_keys(['example_dag_decorator']) retrieved from /home/airflow/.local/lib/python3.7/site-packages/airflow/example_dags/example_dag_decorator.py
[2022-12-03T14:43:44.954+0000] {logging_mixin.py:137} INFO - [2022-12-03T14:43:44.953+0000] {dag.py:2676} INFO - Sync 1 DAGs
[2022-12-03T14:43:44.985+0000] {logging_mixin.py:137} INFO - [2022-12-03T14:43:44.985+0000] {dag.py:3427} INFO - Setting next_dagrun for example_dag_decorator to None, run_after=None
[2022-12-03T14:43:45.003+0000] {processor.py:175} INFO - Processing /home/airflow/.local/lib/python3.7/site-packages/airflow/example_dags/example_dag_decorator.py took 0.163 seconds
[2022-12-03T14:44:15.195+0000] {processor.py:153} INFO - Started process (PID=1599) to work on /home/airflow/.local/lib/python3.7/site-packages/airflow/example_dags/example_dag_decorator.py
[2022-12-03T14:44:15.195+0000] {processor.py:743} INFO - Processing file /home/airflow/.local/lib/python3.7/site-packages/airflow/example_dags/example_dag_decorator.py for tasks to queue
[2022-12-03T14:44:15.196+0000] {logging_mixin.py:137} INFO - [2022-12-03T14:44:15.196+0000] {dagbag.py:538} INFO - Filling up the DagBag from /home/airflow/.local/lib/python3.7/site-packages/airflow/example_dags/example_dag_decorator.py
[2022-12-03T14:44:15.213+0000] {logging_mixin.py:137} INFO - [2022-12-03T14:44:15.213+0000] {taskmixin.py:205} WARNING - Dependency <Task(_PythonDecoratedOperator): prepare_email>, send_email already registered for DAG: example_dag_decorator
[2022-12-03T14:44:15.213+0000] {logging_mixin.py:137} INFO - [2022-12-03T14:44:15.213+0000] {taskmixin.py:205} WARNING - Dependency <Task(EmailOperator): send_email>, prepare_email already registered for DAG: example_dag_decorator
[2022-12-03T14:44:15.278+0000] {processor.py:753} INFO - DAG(s) dict_keys(['example_dag_decorator']) retrieved from /home/airflow/.local/lib/python3.7/site-packages/airflow/example_dags/example_dag_decorator.py
[2022-12-03T14:44:15.480+0000] {logging_mixin.py:137} INFO - [2022-12-03T14:44:15.480+0000] {dag.py:2676} INFO - Sync 1 DAGs
[2022-12-03T14:44:15.505+0000] {logging_mixin.py:137} INFO - [2022-12-03T14:44:15.504+0000] {dag.py:3427} INFO - Setting next_dagrun for example_dag_decorator to None, run_after=None
[2022-12-03T14:44:15.587+0000] {processor.py:175} INFO - Processing /home/airflow/.local/lib/python3.7/site-packages/airflow/example_dags/example_dag_decorator.py took 0.395 seconds
[2022-12-03T14:44:45.690+0000] {processor.py:153} INFO - Started process (PID=1700) to work on /home/airflow/.local/lib/python3.7/site-packages/airflow/example_dags/example_dag_decorator.py
[2022-12-03T14:44:45.691+0000] {processor.py:743} INFO - Processing file /home/airflow/.local/lib/python3.7/site-packages/airflow/example_dags/example_dag_decorator.py for tasks to queue
[2022-12-03T14:44:45.691+0000] {logging_mixin.py:137} INFO - [2022-12-03T14:44:45.691+0000] {dagbag.py:538} INFO - Filling up the DagBag from /home/airflow/.local/lib/python3.7/site-packages/airflow/example_dags/example_dag_decorator.py
[2022-12-03T14:44:45.708+0000] {logging_mixin.py:137} INFO - [2022-12-03T14:44:45.708+0000] {taskmixin.py:205} WARNING - Dependency <Task(_PythonDecoratedOperator): prepare_email>, send_email already registered for DAG: example_dag_decorator
[2022-12-03T14:44:45.708+0000] {logging_mixin.py:137} INFO - [2022-12-03T14:44:45.708+0000] {taskmixin.py:205} WARNING - Dependency <Task(EmailOperator): send_email>, prepare_email already registered for DAG: example_dag_decorator
[2022-12-03T14:44:45.719+0000] {processor.py:753} INFO - DAG(s) dict_keys(['example_dag_decorator']) retrieved from /home/airflow/.local/lib/python3.7/site-packages/airflow/example_dags/example_dag_decorator.py
[2022-12-03T14:44:45.998+0000] {logging_mixin.py:137} INFO - [2022-12-03T14:44:45.998+0000] {dag.py:2676} INFO - Sync 1 DAGs
[2022-12-03T14:44:46.097+0000] {logging_mixin.py:137} INFO - [2022-12-03T14:44:46.097+0000] {dag.py:3427} INFO - Setting next_dagrun for example_dag_decorator to None, run_after=None
[2022-12-03T14:44:46.168+0000] {processor.py:175} INFO - Processing /home/airflow/.local/lib/python3.7/site-packages/airflow/example_dags/example_dag_decorator.py took 0.480 seconds
[2022-12-03T14:45:16.400+0000] {processor.py:153} INFO - Started process (PID=1786) to work on /home/airflow/.local/lib/python3.7/site-packages/airflow/example_dags/example_dag_decorator.py
[2022-12-03T14:45:16.401+0000] {processor.py:743} INFO - Processing file /home/airflow/.local/lib/python3.7/site-packages/airflow/example_dags/example_dag_decorator.py for tasks to queue
[2022-12-03T14:45:16.402+0000] {logging_mixin.py:137} INFO - [2022-12-03T14:45:16.402+0000] {dagbag.py:538} INFO - Filling up the DagBag from /home/airflow/.local/lib/python3.7/site-packages/airflow/example_dags/example_dag_decorator.py
[2022-12-03T14:45:16.428+0000] {logging_mixin.py:137} INFO - [2022-12-03T14:45:16.427+0000] {taskmixin.py:205} WARNING - Dependency <Task(_PythonDecoratedOperator): prepare_email>, send_email already registered for DAG: example_dag_decorator
[2022-12-03T14:45:16.428+0000] {logging_mixin.py:137} INFO - [2022-12-03T14:45:16.428+0000] {taskmixin.py:205} WARNING - Dependency <Task(EmailOperator): send_email>, prepare_email already registered for DAG: example_dag_decorator
[2022-12-03T14:45:16.445+0000] {processor.py:753} INFO - DAG(s) dict_keys(['example_dag_decorator']) retrieved from /home/airflow/.local/lib/python3.7/site-packages/airflow/example_dags/example_dag_decorator.py
[2022-12-03T14:45:16.552+0000] {logging_mixin.py:137} INFO - [2022-12-03T14:45:16.552+0000] {dag.py:2676} INFO - Sync 1 DAGs
[2022-12-03T14:45:16.604+0000] {logging_mixin.py:137} INFO - [2022-12-03T14:45:16.603+0000] {dag.py:3427} INFO - Setting next_dagrun for example_dag_decorator to None, run_after=None
[2022-12-03T14:45:16.628+0000] {processor.py:175} INFO - Processing /home/airflow/.local/lib/python3.7/site-packages/airflow/example_dags/example_dag_decorator.py took 0.231 seconds
[2022-12-03T14:45:47.301+0000] {processor.py:153} INFO - Started process (PID=1873) to work on /home/airflow/.local/lib/python3.7/site-packages/airflow/example_dags/example_dag_decorator.py
[2022-12-03T14:45:47.302+0000] {processor.py:743} INFO - Processing file /home/airflow/.local/lib/python3.7/site-packages/airflow/example_dags/example_dag_decorator.py for tasks to queue
[2022-12-03T14:45:47.302+0000] {logging_mixin.py:137} INFO - [2022-12-03T14:45:47.302+0000] {dagbag.py:538} INFO - Filling up the DagBag from /home/airflow/.local/lib/python3.7/site-packages/airflow/example_dags/example_dag_decorator.py
[2022-12-03T14:45:47.319+0000] {logging_mixin.py:137} INFO - [2022-12-03T14:45:47.318+0000] {taskmixin.py:205} WARNING - Dependency <Task(_PythonDecoratedOperator): prepare_email>, send_email already registered for DAG: example_dag_decorator
[2022-12-03T14:45:47.319+0000] {logging_mixin.py:137} INFO - [2022-12-03T14:45:47.319+0000] {taskmixin.py:205} WARNING - Dependency <Task(EmailOperator): send_email>, prepare_email already registered for DAG: example_dag_decorator
[2022-12-03T14:45:47.330+0000] {processor.py:753} INFO - DAG(s) dict_keys(['example_dag_decorator']) retrieved from /home/airflow/.local/lib/python3.7/site-packages/airflow/example_dags/example_dag_decorator.py
[2022-12-03T14:45:47.422+0000] {logging_mixin.py:137} INFO - [2022-12-03T14:45:47.422+0000] {dag.py:2676} INFO - Sync 1 DAGs
[2022-12-03T14:45:47.485+0000] {logging_mixin.py:137} INFO - [2022-12-03T14:45:47.485+0000] {dag.py:3427} INFO - Setting next_dagrun for example_dag_decorator to None, run_after=None
[2022-12-03T14:45:47.504+0000] {processor.py:175} INFO - Processing /home/airflow/.local/lib/python3.7/site-packages/airflow/example_dags/example_dag_decorator.py took 0.205 seconds
[2022-12-03T14:46:17.907+0000] {processor.py:153} INFO - Started process (PID=1983) to work on /home/airflow/.local/lib/python3.7/site-packages/airflow/example_dags/example_dag_decorator.py
[2022-12-03T14:46:17.908+0000] {processor.py:743} INFO - Processing file /home/airflow/.local/lib/python3.7/site-packages/airflow/example_dags/example_dag_decorator.py for tasks to queue
[2022-12-03T14:46:17.909+0000] {logging_mixin.py:137} INFO - [2022-12-03T14:46:17.909+0000] {dagbag.py:538} INFO - Filling up the DagBag from /home/airflow/.local/lib/python3.7/site-packages/airflow/example_dags/example_dag_decorator.py
[2022-12-03T14:46:17.925+0000] {logging_mixin.py:137} INFO - [2022-12-03T14:46:17.925+0000] {taskmixin.py:205} WARNING - Dependency <Task(_PythonDecoratedOperator): prepare_email>, send_email already registered for DAG: example_dag_decorator
[2022-12-03T14:46:17.925+0000] {logging_mixin.py:137} INFO - [2022-12-03T14:46:17.925+0000] {taskmixin.py:205} WARNING - Dependency <Task(EmailOperator): send_email>, prepare_email already registered for DAG: example_dag_decorator
[2022-12-03T14:46:17.935+0000] {processor.py:753} INFO - DAG(s) dict_keys(['example_dag_decorator']) retrieved from /home/airflow/.local/lib/python3.7/site-packages/airflow/example_dags/example_dag_decorator.py
[2022-12-03T14:46:18.025+0000] {logging_mixin.py:137} INFO - [2022-12-03T14:46:18.024+0000] {dag.py:2676} INFO - Sync 1 DAGs
[2022-12-03T14:46:18.049+0000] {logging_mixin.py:137} INFO - [2022-12-03T14:46:18.048+0000] {dag.py:3427} INFO - Setting next_dagrun for example_dag_decorator to None, run_after=None
[2022-12-03T14:46:18.071+0000] {processor.py:175} INFO - Processing /home/airflow/.local/lib/python3.7/site-packages/airflow/example_dags/example_dag_decorator.py took 0.167 seconds
[2022-12-03T14:46:48.456+0000] {processor.py:153} INFO - Started process (PID=2069) to work on /home/airflow/.local/lib/python3.7/site-packages/airflow/example_dags/example_dag_decorator.py
[2022-12-03T14:46:48.457+0000] {processor.py:743} INFO - Processing file /home/airflow/.local/lib/python3.7/site-packages/airflow/example_dags/example_dag_decorator.py for tasks to queue
[2022-12-03T14:46:48.457+0000] {logging_mixin.py:137} INFO - [2022-12-03T14:46:48.457+0000] {dagbag.py:538} INFO - Filling up the DagBag from /home/airflow/.local/lib/python3.7/site-packages/airflow/example_dags/example_dag_decorator.py
[2022-12-03T14:46:48.488+0000] {logging_mixin.py:137} INFO - [2022-12-03T14:46:48.487+0000] {taskmixin.py:205} WARNING - Dependency <Task(_PythonDecoratedOperator): prepare_email>, send_email already registered for DAG: example_dag_decorator
[2022-12-03T14:46:48.488+0000] {logging_mixin.py:137} INFO - [2022-12-03T14:46:48.488+0000] {taskmixin.py:205} WARNING - Dependency <Task(EmailOperator): send_email>, prepare_email already registered for DAG: example_dag_decorator
[2022-12-03T14:46:48.510+0000] {processor.py:753} INFO - DAG(s) dict_keys(['example_dag_decorator']) retrieved from /home/airflow/.local/lib/python3.7/site-packages/airflow/example_dags/example_dag_decorator.py
[2022-12-03T14:46:48.617+0000] {logging_mixin.py:137} INFO - [2022-12-03T14:46:48.617+0000] {dag.py:2676} INFO - Sync 1 DAGs
[2022-12-03T14:46:48.641+0000] {logging_mixin.py:137} INFO - [2022-12-03T14:46:48.640+0000] {dag.py:3427} INFO - Setting next_dagrun for example_dag_decorator to None, run_after=None
[2022-12-03T14:46:48.662+0000] {processor.py:175} INFO - Processing /home/airflow/.local/lib/python3.7/site-packages/airflow/example_dags/example_dag_decorator.py took 0.208 seconds
[2022-12-03T14:47:18.944+0000] {processor.py:153} INFO - Started process (PID=2154) to work on /home/airflow/.local/lib/python3.7/site-packages/airflow/example_dags/example_dag_decorator.py
[2022-12-03T14:47:18.945+0000] {processor.py:743} INFO - Processing file /home/airflow/.local/lib/python3.7/site-packages/airflow/example_dags/example_dag_decorator.py for tasks to queue
[2022-12-03T14:47:18.945+0000] {logging_mixin.py:137} INFO - [2022-12-03T14:47:18.945+0000] {dagbag.py:538} INFO - Filling up the DagBag from /home/airflow/.local/lib/python3.7/site-packages/airflow/example_dags/example_dag_decorator.py
[2022-12-03T14:47:18.962+0000] {logging_mixin.py:137} INFO - [2022-12-03T14:47:18.962+0000] {taskmixin.py:205} WARNING - Dependency <Task(_PythonDecoratedOperator): prepare_email>, send_email already registered for DAG: example_dag_decorator
[2022-12-03T14:47:18.962+0000] {logging_mixin.py:137} INFO - [2022-12-03T14:47:18.962+0000] {taskmixin.py:205} WARNING - Dependency <Task(EmailOperator): send_email>, prepare_email already registered for DAG: example_dag_decorator
[2022-12-03T14:47:18.986+0000] {processor.py:753} INFO - DAG(s) dict_keys(['example_dag_decorator']) retrieved from /home/airflow/.local/lib/python3.7/site-packages/airflow/example_dags/example_dag_decorator.py
[2022-12-03T14:47:19.105+0000] {logging_mixin.py:137} INFO - [2022-12-03T14:47:19.104+0000] {dag.py:2676} INFO - Sync 1 DAGs
[2022-12-03T14:47:19.128+0000] {logging_mixin.py:137} INFO - [2022-12-03T14:47:19.128+0000] {dag.py:3427} INFO - Setting next_dagrun for example_dag_decorator to None, run_after=None
[2022-12-03T14:47:19.147+0000] {processor.py:175} INFO - Processing /home/airflow/.local/lib/python3.7/site-packages/airflow/example_dags/example_dag_decorator.py took 0.206 seconds
[2022-12-03T14:47:49.532+0000] {processor.py:153} INFO - Started process (PID=2264) to work on /home/airflow/.local/lib/python3.7/site-packages/airflow/example_dags/example_dag_decorator.py
[2022-12-03T14:47:49.533+0000] {processor.py:743} INFO - Processing file /home/airflow/.local/lib/python3.7/site-packages/airflow/example_dags/example_dag_decorator.py for tasks to queue
[2022-12-03T14:47:49.534+0000] {logging_mixin.py:137} INFO - [2022-12-03T14:47:49.533+0000] {dagbag.py:538} INFO - Filling up the DagBag from /home/airflow/.local/lib/python3.7/site-packages/airflow/example_dags/example_dag_decorator.py
[2022-12-03T14:47:49.551+0000] {logging_mixin.py:137} INFO - [2022-12-03T14:47:49.551+0000] {taskmixin.py:205} WARNING - Dependency <Task(_PythonDecoratedOperator): prepare_email>, send_email already registered for DAG: example_dag_decorator
[2022-12-03T14:47:49.552+0000] {logging_mixin.py:137} INFO - [2022-12-03T14:47:49.552+0000] {taskmixin.py:205} WARNING - Dependency <Task(EmailOperator): send_email>, prepare_email already registered for DAG: example_dag_decorator
[2022-12-03T14:47:49.563+0000] {processor.py:753} INFO - DAG(s) dict_keys(['example_dag_decorator']) retrieved from /home/airflow/.local/lib/python3.7/site-packages/airflow/example_dags/example_dag_decorator.py
[2022-12-03T14:47:49.790+0000] {logging_mixin.py:137} INFO - [2022-12-03T14:47:49.790+0000] {dag.py:2676} INFO - Sync 1 DAGs
[2022-12-03T14:47:49.816+0000] {logging_mixin.py:137} INFO - [2022-12-03T14:47:49.816+0000] {dag.py:3427} INFO - Setting next_dagrun for example_dag_decorator to None, run_after=None
[2022-12-03T14:47:49.901+0000] {processor.py:175} INFO - Processing /home/airflow/.local/lib/python3.7/site-packages/airflow/example_dags/example_dag_decorator.py took 0.372 seconds
[2022-12-03T14:48:20.169+0000] {processor.py:153} INFO - Started process (PID=2349) to work on /home/airflow/.local/lib/python3.7/site-packages/airflow/example_dags/example_dag_decorator.py
[2022-12-03T14:48:20.171+0000] {processor.py:743} INFO - Processing file /home/airflow/.local/lib/python3.7/site-packages/airflow/example_dags/example_dag_decorator.py for tasks to queue
[2022-12-03T14:48:20.172+0000] {logging_mixin.py:137} INFO - [2022-12-03T14:48:20.172+0000] {dagbag.py:538} INFO - Filling up the DagBag from /home/airflow/.local/lib/python3.7/site-packages/airflow/example_dags/example_dag_decorator.py
[2022-12-03T14:48:20.209+0000] {logging_mixin.py:137} INFO - [2022-12-03T14:48:20.209+0000] {taskmixin.py:205} WARNING - Dependency <Task(_PythonDecoratedOperator): prepare_email>, send_email already registered for DAG: example_dag_decorator
[2022-12-03T14:48:20.210+0000] {logging_mixin.py:137} INFO - [2022-12-03T14:48:20.209+0000] {taskmixin.py:205} WARNING - Dependency <Task(EmailOperator): send_email>, prepare_email already registered for DAG: example_dag_decorator
[2022-12-03T14:48:20.222+0000] {processor.py:753} INFO - DAG(s) dict_keys(['example_dag_decorator']) retrieved from /home/airflow/.local/lib/python3.7/site-packages/airflow/example_dags/example_dag_decorator.py
[2022-12-03T14:48:20.419+0000] {logging_mixin.py:137} INFO - [2022-12-03T14:48:20.419+0000] {dag.py:2676} INFO - Sync 1 DAGs
[2022-12-03T14:48:20.444+0000] {logging_mixin.py:137} INFO - [2022-12-03T14:48:20.444+0000] {dag.py:3427} INFO - Setting next_dagrun for example_dag_decorator to None, run_after=None
[2022-12-03T14:48:20.500+0000] {processor.py:175} INFO - Processing /home/airflow/.local/lib/python3.7/site-packages/airflow/example_dags/example_dag_decorator.py took 0.372 seconds
[2022-12-03T14:48:51.354+0000] {processor.py:153} INFO - Started process (PID=2434) to work on /home/airflow/.local/lib/python3.7/site-packages/airflow/example_dags/example_dag_decorator.py
[2022-12-03T14:48:51.355+0000] {processor.py:743} INFO - Processing file /home/airflow/.local/lib/python3.7/site-packages/airflow/example_dags/example_dag_decorator.py for tasks to queue
[2022-12-03T14:48:51.356+0000] {logging_mixin.py:137} INFO - [2022-12-03T14:48:51.356+0000] {dagbag.py:538} INFO - Filling up the DagBag from /home/airflow/.local/lib/python3.7/site-packages/airflow/example_dags/example_dag_decorator.py
[2022-12-03T14:48:51.380+0000] {logging_mixin.py:137} INFO - [2022-12-03T14:48:51.380+0000] {taskmixin.py:205} WARNING - Dependency <Task(_PythonDecoratedOperator): prepare_email>, send_email already registered for DAG: example_dag_decorator
[2022-12-03T14:48:51.380+0000] {logging_mixin.py:137} INFO - [2022-12-03T14:48:51.380+0000] {taskmixin.py:205} WARNING - Dependency <Task(EmailOperator): send_email>, prepare_email already registered for DAG: example_dag_decorator
[2022-12-03T14:48:51.393+0000] {processor.py:753} INFO - DAG(s) dict_keys(['example_dag_decorator']) retrieved from /home/airflow/.local/lib/python3.7/site-packages/airflow/example_dags/example_dag_decorator.py
[2022-12-03T14:48:51.483+0000] {logging_mixin.py:137} INFO - [2022-12-03T14:48:51.483+0000] {dag.py:2676} INFO - Sync 1 DAGs
[2022-12-03T14:48:51.512+0000] {logging_mixin.py:137} INFO - [2022-12-03T14:48:51.512+0000] {dag.py:3427} INFO - Setting next_dagrun for example_dag_decorator to None, run_after=None
[2022-12-03T14:48:51.534+0000] {processor.py:175} INFO - Processing /home/airflow/.local/lib/python3.7/site-packages/airflow/example_dags/example_dag_decorator.py took 0.182 seconds
[2022-12-03T14:49:22.006+0000] {processor.py:153} INFO - Started process (PID=2543) to work on /home/airflow/.local/lib/python3.7/site-packages/airflow/example_dags/example_dag_decorator.py
[2022-12-03T14:49:22.007+0000] {processor.py:743} INFO - Processing file /home/airflow/.local/lib/python3.7/site-packages/airflow/example_dags/example_dag_decorator.py for tasks to queue
[2022-12-03T14:49:22.007+0000] {logging_mixin.py:137} INFO - [2022-12-03T14:49:22.007+0000] {dagbag.py:538} INFO - Filling up the DagBag from /home/airflow/.local/lib/python3.7/site-packages/airflow/example_dags/example_dag_decorator.py
[2022-12-03T14:49:22.025+0000] {logging_mixin.py:137} INFO - [2022-12-03T14:49:22.025+0000] {taskmixin.py:205} WARNING - Dependency <Task(_PythonDecoratedOperator): prepare_email>, send_email already registered for DAG: example_dag_decorator
[2022-12-03T14:49:22.025+0000] {logging_mixin.py:137} INFO - [2022-12-03T14:49:22.025+0000] {taskmixin.py:205} WARNING - Dependency <Task(EmailOperator): send_email>, prepare_email already registered for DAG: example_dag_decorator
[2022-12-03T14:49:22.036+0000] {processor.py:753} INFO - DAG(s) dict_keys(['example_dag_decorator']) retrieved from /home/airflow/.local/lib/python3.7/site-packages/airflow/example_dags/example_dag_decorator.py
[2022-12-03T14:49:22.212+0000] {logging_mixin.py:137} INFO - [2022-12-03T14:49:22.212+0000] {dag.py:2676} INFO - Sync 1 DAGs
[2022-12-03T14:49:22.286+0000] {logging_mixin.py:137} INFO - [2022-12-03T14:49:22.285+0000] {dag.py:3427} INFO - Setting next_dagrun for example_dag_decorator to None, run_after=None
[2022-12-03T14:49:22.324+0000] {processor.py:175} INFO - Processing /home/airflow/.local/lib/python3.7/site-packages/airflow/example_dags/example_dag_decorator.py took 0.321 seconds
[2022-12-03T14:49:52.541+0000] {processor.py:153} INFO - Started process (PID=2628) to work on /home/airflow/.local/lib/python3.7/site-packages/airflow/example_dags/example_dag_decorator.py
[2022-12-03T14:49:52.542+0000] {processor.py:743} INFO - Processing file /home/airflow/.local/lib/python3.7/site-packages/airflow/example_dags/example_dag_decorator.py for tasks to queue
[2022-12-03T14:49:52.543+0000] {logging_mixin.py:137} INFO - [2022-12-03T14:49:52.543+0000] {dagbag.py:538} INFO - Filling up the DagBag from /home/airflow/.local/lib/python3.7/site-packages/airflow/example_dags/example_dag_decorator.py
[2022-12-03T14:49:52.559+0000] {logging_mixin.py:137} INFO - [2022-12-03T14:49:52.559+0000] {taskmixin.py:205} WARNING - Dependency <Task(_PythonDecoratedOperator): prepare_email>, send_email already registered for DAG: example_dag_decorator
[2022-12-03T14:49:52.560+0000] {logging_mixin.py:137} INFO - [2022-12-03T14:49:52.560+0000] {taskmixin.py:205} WARNING - Dependency <Task(EmailOperator): send_email>, prepare_email already registered for DAG: example_dag_decorator
[2022-12-03T14:49:52.584+0000] {processor.py:753} INFO - DAG(s) dict_keys(['example_dag_decorator']) retrieved from /home/airflow/.local/lib/python3.7/site-packages/airflow/example_dags/example_dag_decorator.py
[2022-12-03T14:49:52.703+0000] {logging_mixin.py:137} INFO - [2022-12-03T14:49:52.703+0000] {dag.py:2676} INFO - Sync 1 DAGs
[2022-12-03T14:49:52.728+0000] {logging_mixin.py:137} INFO - [2022-12-03T14:49:52.728+0000] {dag.py:3427} INFO - Setting next_dagrun for example_dag_decorator to None, run_after=None
[2022-12-03T14:49:52.792+0000] {processor.py:175} INFO - Processing /home/airflow/.local/lib/python3.7/site-packages/airflow/example_dags/example_dag_decorator.py took 0.253 seconds
[2022-12-03T14:50:22.877+0000] {processor.py:153} INFO - Started process (PID=2714) to work on /home/airflow/.local/lib/python3.7/site-packages/airflow/example_dags/example_dag_decorator.py
[2022-12-03T14:50:22.884+0000] {processor.py:743} INFO - Processing file /home/airflow/.local/lib/python3.7/site-packages/airflow/example_dags/example_dag_decorator.py for tasks to queue
[2022-12-03T14:50:22.885+0000] {logging_mixin.py:137} INFO - [2022-12-03T14:50:22.885+0000] {dagbag.py:538} INFO - Filling up the DagBag from /home/airflow/.local/lib/python3.7/site-packages/airflow/example_dags/example_dag_decorator.py
[2022-12-03T14:50:22.903+0000] {logging_mixin.py:137} INFO - [2022-12-03T14:50:22.903+0000] {taskmixin.py:205} WARNING - Dependency <Task(_PythonDecoratedOperator): prepare_email>, send_email already registered for DAG: example_dag_decorator
[2022-12-03T14:50:22.903+0000] {logging_mixin.py:137} INFO - [2022-12-03T14:50:22.903+0000] {taskmixin.py:205} WARNING - Dependency <Task(EmailOperator): send_email>, prepare_email already registered for DAG: example_dag_decorator
[2022-12-03T14:50:22.916+0000] {processor.py:753} INFO - DAG(s) dict_keys(['example_dag_decorator']) retrieved from /home/airflow/.local/lib/python3.7/site-packages/airflow/example_dags/example_dag_decorator.py
[2022-12-03T14:50:23.017+0000] {logging_mixin.py:137} INFO - [2022-12-03T14:50:23.017+0000] {dag.py:2676} INFO - Sync 1 DAGs
[2022-12-03T14:50:23.041+0000] {logging_mixin.py:137} INFO - [2022-12-03T14:50:23.040+0000] {dag.py:3427} INFO - Setting next_dagrun for example_dag_decorator to None, run_after=None
[2022-12-03T14:50:23.059+0000] {processor.py:175} INFO - Processing /home/airflow/.local/lib/python3.7/site-packages/airflow/example_dags/example_dag_decorator.py took 0.194 seconds
[2022-12-03T14:50:53.436+0000] {processor.py:153} INFO - Started process (PID=2824) to work on /home/airflow/.local/lib/python3.7/site-packages/airflow/example_dags/example_dag_decorator.py
[2022-12-03T14:50:53.436+0000] {processor.py:743} INFO - Processing file /home/airflow/.local/lib/python3.7/site-packages/airflow/example_dags/example_dag_decorator.py for tasks to queue
[2022-12-03T14:50:53.437+0000] {logging_mixin.py:137} INFO - [2022-12-03T14:50:53.437+0000] {dagbag.py:538} INFO - Filling up the DagBag from /home/airflow/.local/lib/python3.7/site-packages/airflow/example_dags/example_dag_decorator.py
[2022-12-03T14:50:53.494+0000] {logging_mixin.py:137} INFO - [2022-12-03T14:50:53.494+0000] {taskmixin.py:205} WARNING - Dependency <Task(_PythonDecoratedOperator): prepare_email>, send_email already registered for DAG: example_dag_decorator
[2022-12-03T14:50:53.494+0000] {logging_mixin.py:137} INFO - [2022-12-03T14:50:53.494+0000] {taskmixin.py:205} WARNING - Dependency <Task(EmailOperator): send_email>, prepare_email already registered for DAG: example_dag_decorator
[2022-12-03T14:50:53.507+0000] {processor.py:753} INFO - DAG(s) dict_keys(['example_dag_decorator']) retrieved from /home/airflow/.local/lib/python3.7/site-packages/airflow/example_dags/example_dag_decorator.py
[2022-12-03T14:50:53.704+0000] {logging_mixin.py:137} INFO - [2022-12-03T14:50:53.704+0000] {dag.py:2676} INFO - Sync 1 DAGs
[2022-12-03T14:50:53.769+0000] {logging_mixin.py:137} INFO - [2022-12-03T14:50:53.769+0000] {dag.py:3427} INFO - Setting next_dagrun for example_dag_decorator to None, run_after=None
[2022-12-03T14:50:53.899+0000] {processor.py:175} INFO - Processing /home/airflow/.local/lib/python3.7/site-packages/airflow/example_dags/example_dag_decorator.py took 0.466 seconds
[2022-12-03T14:51:24.104+0000] {processor.py:153} INFO - Started process (PID=2910) to work on /home/airflow/.local/lib/python3.7/site-packages/airflow/example_dags/example_dag_decorator.py
[2022-12-03T14:51:24.105+0000] {processor.py:743} INFO - Processing file /home/airflow/.local/lib/python3.7/site-packages/airflow/example_dags/example_dag_decorator.py for tasks to queue
[2022-12-03T14:51:24.105+0000] {logging_mixin.py:137} INFO - [2022-12-03T14:51:24.105+0000] {dagbag.py:538} INFO - Filling up the DagBag from /home/airflow/.local/lib/python3.7/site-packages/airflow/example_dags/example_dag_decorator.py
[2022-12-03T14:51:24.123+0000] {logging_mixin.py:137} INFO - [2022-12-03T14:51:24.123+0000] {taskmixin.py:205} WARNING - Dependency <Task(_PythonDecoratedOperator): prepare_email>, send_email already registered for DAG: example_dag_decorator
[2022-12-03T14:51:24.123+0000] {logging_mixin.py:137} INFO - [2022-12-03T14:51:24.123+0000] {taskmixin.py:205} WARNING - Dependency <Task(EmailOperator): send_email>, prepare_email already registered for DAG: example_dag_decorator
[2022-12-03T14:51:24.135+0000] {processor.py:753} INFO - DAG(s) dict_keys(['example_dag_decorator']) retrieved from /home/airflow/.local/lib/python3.7/site-packages/airflow/example_dags/example_dag_decorator.py
[2022-12-03T14:51:24.234+0000] {logging_mixin.py:137} INFO - [2022-12-03T14:51:24.234+0000] {dag.py:2676} INFO - Sync 1 DAGs
[2022-12-03T14:51:24.258+0000] {logging_mixin.py:137} INFO - [2022-12-03T14:51:24.258+0000] {dag.py:3427} INFO - Setting next_dagrun for example_dag_decorator to None, run_after=None
[2022-12-03T14:51:24.299+0000] {processor.py:175} INFO - Processing /home/airflow/.local/lib/python3.7/site-packages/airflow/example_dags/example_dag_decorator.py took 0.197 seconds
[2022-12-03T14:51:54.439+0000] {processor.py:153} INFO - Started process (PID=2995) to work on /home/airflow/.local/lib/python3.7/site-packages/airflow/example_dags/example_dag_decorator.py
[2022-12-03T14:51:54.440+0000] {processor.py:743} INFO - Processing file /home/airflow/.local/lib/python3.7/site-packages/airflow/example_dags/example_dag_decorator.py for tasks to queue
[2022-12-03T14:51:54.441+0000] {logging_mixin.py:137} INFO - [2022-12-03T14:51:54.441+0000] {dagbag.py:538} INFO - Filling up the DagBag from /home/airflow/.local/lib/python3.7/site-packages/airflow/example_dags/example_dag_decorator.py
[2022-12-03T14:51:54.459+0000] {logging_mixin.py:137} INFO - [2022-12-03T14:51:54.459+0000] {taskmixin.py:205} WARNING - Dependency <Task(_PythonDecoratedOperator): prepare_email>, send_email already registered for DAG: example_dag_decorator
[2022-12-03T14:51:54.459+0000] {logging_mixin.py:137} INFO - [2022-12-03T14:51:54.459+0000] {taskmixin.py:205} WARNING - Dependency <Task(EmailOperator): send_email>, prepare_email already registered for DAG: example_dag_decorator
[2022-12-03T14:51:54.480+0000] {processor.py:753} INFO - DAG(s) dict_keys(['example_dag_decorator']) retrieved from /home/airflow/.local/lib/python3.7/site-packages/airflow/example_dags/example_dag_decorator.py
[2022-12-03T14:51:54.587+0000] {logging_mixin.py:137} INFO - [2022-12-03T14:51:54.586+0000] {dag.py:2676} INFO - Sync 1 DAGs
[2022-12-03T14:51:54.612+0000] {logging_mixin.py:137} INFO - [2022-12-03T14:51:54.612+0000] {dag.py:3427} INFO - Setting next_dagrun for example_dag_decorator to None, run_after=None
[2022-12-03T14:51:54.630+0000] {processor.py:175} INFO - Processing /home/airflow/.local/lib/python3.7/site-packages/airflow/example_dags/example_dag_decorator.py took 0.193 seconds
[2022-12-03T14:52:24.698+0000] {processor.py:153} INFO - Started process (PID=3081) to work on /home/airflow/.local/lib/python3.7/site-packages/airflow/example_dags/example_dag_decorator.py
[2022-12-03T14:52:24.699+0000] {processor.py:743} INFO - Processing file /home/airflow/.local/lib/python3.7/site-packages/airflow/example_dags/example_dag_decorator.py for tasks to queue
[2022-12-03T14:52:24.699+0000] {logging_mixin.py:137} INFO - [2022-12-03T14:52:24.699+0000] {dagbag.py:538} INFO - Filling up the DagBag from /home/airflow/.local/lib/python3.7/site-packages/airflow/example_dags/example_dag_decorator.py
[2022-12-03T14:52:24.716+0000] {logging_mixin.py:137} INFO - [2022-12-03T14:52:24.716+0000] {taskmixin.py:205} WARNING - Dependency <Task(_PythonDecoratedOperator): prepare_email>, send_email already registered for DAG: example_dag_decorator
[2022-12-03T14:52:24.716+0000] {logging_mixin.py:137} INFO - [2022-12-03T14:52:24.716+0000] {taskmixin.py:205} WARNING - Dependency <Task(EmailOperator): send_email>, prepare_email already registered for DAG: example_dag_decorator
[2022-12-03T14:52:24.727+0000] {processor.py:753} INFO - DAG(s) dict_keys(['example_dag_decorator']) retrieved from /home/airflow/.local/lib/python3.7/site-packages/airflow/example_dags/example_dag_decorator.py
[2022-12-03T14:52:24.834+0000] {logging_mixin.py:137} INFO - [2022-12-03T14:52:24.834+0000] {dag.py:2676} INFO - Sync 1 DAGs
[2022-12-03T14:52:24.858+0000] {logging_mixin.py:137} INFO - [2022-12-03T14:52:24.858+0000] {dag.py:3427} INFO - Setting next_dagrun for example_dag_decorator to None, run_after=None
[2022-12-03T14:52:24.904+0000] {processor.py:175} INFO - Processing /home/airflow/.local/lib/python3.7/site-packages/airflow/example_dags/example_dag_decorator.py took 0.209 seconds
[2022-12-03T14:52:56.372+0000] {processor.py:153} INFO - Started process (PID=3174) to work on /home/airflow/.local/lib/python3.7/site-packages/airflow/example_dags/example_dag_decorator.py
[2022-12-03T14:52:56.376+0000] {processor.py:743} INFO - Processing file /home/airflow/.local/lib/python3.7/site-packages/airflow/example_dags/example_dag_decorator.py for tasks to queue
[2022-12-03T14:52:56.377+0000] {logging_mixin.py:137} INFO - [2022-12-03T14:52:56.377+0000] {dagbag.py:538} INFO - Filling up the DagBag from /home/airflow/.local/lib/python3.7/site-packages/airflow/example_dags/example_dag_decorator.py
[2022-12-03T14:52:56.413+0000] {logging_mixin.py:137} INFO - [2022-12-03T14:52:56.413+0000] {taskmixin.py:205} WARNING - Dependency <Task(_PythonDecoratedOperator): prepare_email>, send_email already registered for DAG: example_dag_decorator
[2022-12-03T14:52:56.414+0000] {logging_mixin.py:137} INFO - [2022-12-03T14:52:56.414+0000] {taskmixin.py:205} WARNING - Dependency <Task(EmailOperator): send_email>, prepare_email already registered for DAG: example_dag_decorator
[2022-12-03T14:52:56.478+0000] {processor.py:753} INFO - DAG(s) dict_keys(['example_dag_decorator']) retrieved from /home/airflow/.local/lib/python3.7/site-packages/airflow/example_dags/example_dag_decorator.py
[2022-12-03T14:52:56.807+0000] {logging_mixin.py:137} INFO - [2022-12-03T14:52:56.807+0000] {dag.py:2676} INFO - Sync 1 DAGs
[2022-12-03T14:52:56.994+0000] {logging_mixin.py:137} INFO - [2022-12-03T14:52:56.993+0000] {dag.py:3427} INFO - Setting next_dagrun for example_dag_decorator to None, run_after=None
[2022-12-03T14:52:57.082+0000] {processor.py:175} INFO - Processing /home/airflow/.local/lib/python3.7/site-packages/airflow/example_dags/example_dag_decorator.py took 0.771 seconds
[2022-12-03T14:53:27.210+0000] {processor.py:153} INFO - Started process (PID=3253) to work on /home/airflow/.local/lib/python3.7/site-packages/airflow/example_dags/example_dag_decorator.py
[2022-12-03T14:53:27.211+0000] {processor.py:743} INFO - Processing file /home/airflow/.local/lib/python3.7/site-packages/airflow/example_dags/example_dag_decorator.py for tasks to queue
[2022-12-03T14:53:27.211+0000] {logging_mixin.py:137} INFO - [2022-12-03T14:53:27.211+0000] {dagbag.py:538} INFO - Filling up the DagBag from /home/airflow/.local/lib/python3.7/site-packages/airflow/example_dags/example_dag_decorator.py
[2022-12-03T14:53:27.304+0000] {logging_mixin.py:137} INFO - [2022-12-03T14:53:27.304+0000] {taskmixin.py:205} WARNING - Dependency <Task(_PythonDecoratedOperator): prepare_email>, send_email already registered for DAG: example_dag_decorator
[2022-12-03T14:53:27.304+0000] {logging_mixin.py:137} INFO - [2022-12-03T14:53:27.304+0000] {taskmixin.py:205} WARNING - Dependency <Task(EmailOperator): send_email>, prepare_email already registered for DAG: example_dag_decorator
[2022-12-03T14:53:27.316+0000] {processor.py:753} INFO - DAG(s) dict_keys(['example_dag_decorator']) retrieved from /home/airflow/.local/lib/python3.7/site-packages/airflow/example_dags/example_dag_decorator.py
[2022-12-03T14:53:27.767+0000] {logging_mixin.py:137} INFO - [2022-12-03T14:53:27.767+0000] {dag.py:2676} INFO - Sync 1 DAGs
[2022-12-03T14:53:27.868+0000] {logging_mixin.py:137} INFO - [2022-12-03T14:53:27.868+0000] {dag.py:3427} INFO - Setting next_dagrun for example_dag_decorator to None, run_after=None
[2022-12-03T14:53:28.091+0000] {processor.py:175} INFO - Processing /home/airflow/.local/lib/python3.7/site-packages/airflow/example_dags/example_dag_decorator.py took 0.884 seconds
[2022-12-03T14:53:58.510+0000] {processor.py:153} INFO - Started process (PID=3339) to work on /home/airflow/.local/lib/python3.7/site-packages/airflow/example_dags/example_dag_decorator.py
[2022-12-03T14:53:58.511+0000] {processor.py:743} INFO - Processing file /home/airflow/.local/lib/python3.7/site-packages/airflow/example_dags/example_dag_decorator.py for tasks to queue
[2022-12-03T14:53:58.512+0000] {logging_mixin.py:137} INFO - [2022-12-03T14:53:58.512+0000] {dagbag.py:538} INFO - Filling up the DagBag from /home/airflow/.local/lib/python3.7/site-packages/airflow/example_dags/example_dag_decorator.py
[2022-12-03T14:53:58.606+0000] {logging_mixin.py:137} INFO - [2022-12-03T14:53:58.606+0000] {taskmixin.py:205} WARNING - Dependency <Task(_PythonDecoratedOperator): prepare_email>, send_email already registered for DAG: example_dag_decorator
[2022-12-03T14:53:58.607+0000] {logging_mixin.py:137} INFO - [2022-12-03T14:53:58.607+0000] {taskmixin.py:205} WARNING - Dependency <Task(EmailOperator): send_email>, prepare_email already registered for DAG: example_dag_decorator
[2022-12-03T14:53:58.681+0000] {processor.py:753} INFO - DAG(s) dict_keys(['example_dag_decorator']) retrieved from /home/airflow/.local/lib/python3.7/site-packages/airflow/example_dags/example_dag_decorator.py
[2022-12-03T14:53:59.082+0000] {logging_mixin.py:137} INFO - [2022-12-03T14:53:59.081+0000] {dag.py:2676} INFO - Sync 1 DAGs
[2022-12-03T14:53:59.214+0000] {logging_mixin.py:137} INFO - [2022-12-03T14:53:59.213+0000] {dag.py:3427} INFO - Setting next_dagrun for example_dag_decorator to None, run_after=None
[2022-12-03T14:53:59.313+0000] {processor.py:175} INFO - Processing /home/airflow/.local/lib/python3.7/site-packages/airflow/example_dags/example_dag_decorator.py took 0.809 seconds
[2022-12-03T14:54:31.200+0000] {processor.py:153} INFO - Started process (PID=3407) to work on /home/airflow/.local/lib/python3.7/site-packages/airflow/example_dags/example_dag_decorator.py
[2022-12-03T14:54:31.207+0000] {processor.py:743} INFO - Processing file /home/airflow/.local/lib/python3.7/site-packages/airflow/example_dags/example_dag_decorator.py for tasks to queue
[2022-12-03T14:54:31.216+0000] {logging_mixin.py:137} INFO - [2022-12-03T14:54:31.216+0000] {dagbag.py:538} INFO - Filling up the DagBag from /home/airflow/.local/lib/python3.7/site-packages/airflow/example_dags/example_dag_decorator.py
[2022-12-03T14:54:31.286+0000] {logging_mixin.py:137} INFO - [2022-12-03T14:54:31.286+0000] {taskmixin.py:205} WARNING - Dependency <Task(_PythonDecoratedOperator): prepare_email>, send_email already registered for DAG: example_dag_decorator
[2022-12-03T14:54:31.286+0000] {logging_mixin.py:137} INFO - [2022-12-03T14:54:31.286+0000] {taskmixin.py:205} WARNING - Dependency <Task(EmailOperator): send_email>, prepare_email already registered for DAG: example_dag_decorator
[2022-12-03T14:54:31.327+0000] {processor.py:753} INFO - DAG(s) dict_keys(['example_dag_decorator']) retrieved from /home/airflow/.local/lib/python3.7/site-packages/airflow/example_dags/example_dag_decorator.py
[2022-12-03T14:54:31.805+0000] {logging_mixin.py:137} INFO - [2022-12-03T14:54:31.805+0000] {dag.py:2676} INFO - Sync 1 DAGs
[2022-12-03T14:54:31.921+0000] {logging_mixin.py:137} INFO - [2022-12-03T14:54:31.921+0000] {dag.py:3427} INFO - Setting next_dagrun for example_dag_decorator to None, run_after=None
[2022-12-03T14:54:32.019+0000] {processor.py:175} INFO - Processing /home/airflow/.local/lib/python3.7/site-packages/airflow/example_dags/example_dag_decorator.py took 0.835 seconds
[2022-12-03T14:55:02.516+0000] {processor.py:153} INFO - Started process (PID=3510) to work on /home/airflow/.local/lib/python3.7/site-packages/airflow/example_dags/example_dag_decorator.py
[2022-12-03T14:55:02.517+0000] {processor.py:743} INFO - Processing file /home/airflow/.local/lib/python3.7/site-packages/airflow/example_dags/example_dag_decorator.py for tasks to queue
[2022-12-03T14:55:02.517+0000] {logging_mixin.py:137} INFO - [2022-12-03T14:55:02.517+0000] {dagbag.py:538} INFO - Filling up the DagBag from /home/airflow/.local/lib/python3.7/site-packages/airflow/example_dags/example_dag_decorator.py
[2022-12-03T14:55:02.540+0000] {logging_mixin.py:137} INFO - [2022-12-03T14:55:02.540+0000] {taskmixin.py:205} WARNING - Dependency <Task(_PythonDecoratedOperator): prepare_email>, send_email already registered for DAG: example_dag_decorator
[2022-12-03T14:55:02.540+0000] {logging_mixin.py:137} INFO - [2022-12-03T14:55:02.540+0000] {taskmixin.py:205} WARNING - Dependency <Task(EmailOperator): send_email>, prepare_email already registered for DAG: example_dag_decorator
[2022-12-03T14:55:02.596+0000] {processor.py:753} INFO - DAG(s) dict_keys(['example_dag_decorator']) retrieved from /home/airflow/.local/lib/python3.7/site-packages/airflow/example_dags/example_dag_decorator.py
[2022-12-03T14:55:02.787+0000] {logging_mixin.py:137} INFO - [2022-12-03T14:55:02.787+0000] {dag.py:2676} INFO - Sync 1 DAGs
[2022-12-03T14:55:02.829+0000] {logging_mixin.py:137} INFO - [2022-12-03T14:55:02.829+0000] {dag.py:3427} INFO - Setting next_dagrun for example_dag_decorator to None, run_after=None
[2022-12-03T14:55:02.868+0000] {processor.py:175} INFO - Processing /home/airflow/.local/lib/python3.7/site-packages/airflow/example_dags/example_dag_decorator.py took 0.355 seconds
[2022-12-03T14:55:33.004+0000] {processor.py:153} INFO - Started process (PID=3596) to work on /home/airflow/.local/lib/python3.7/site-packages/airflow/example_dags/example_dag_decorator.py
[2022-12-03T14:55:33.005+0000] {processor.py:743} INFO - Processing file /home/airflow/.local/lib/python3.7/site-packages/airflow/example_dags/example_dag_decorator.py for tasks to queue
[2022-12-03T14:55:33.006+0000] {logging_mixin.py:137} INFO - [2022-12-03T14:55:33.006+0000] {dagbag.py:538} INFO - Filling up the DagBag from /home/airflow/.local/lib/python3.7/site-packages/airflow/example_dags/example_dag_decorator.py
[2022-12-03T14:55:33.023+0000] {logging_mixin.py:137} INFO - [2022-12-03T14:55:33.023+0000] {taskmixin.py:205} WARNING - Dependency <Task(_PythonDecoratedOperator): prepare_email>, send_email already registered for DAG: example_dag_decorator
[2022-12-03T14:55:33.023+0000] {logging_mixin.py:137} INFO - [2022-12-03T14:55:33.023+0000] {taskmixin.py:205} WARNING - Dependency <Task(EmailOperator): send_email>, prepare_email already registered for DAG: example_dag_decorator
[2022-12-03T14:55:33.034+0000] {processor.py:753} INFO - DAG(s) dict_keys(['example_dag_decorator']) retrieved from /home/airflow/.local/lib/python3.7/site-packages/airflow/example_dags/example_dag_decorator.py
[2022-12-03T14:55:33.131+0000] {logging_mixin.py:137} INFO - [2022-12-03T14:55:33.131+0000] {dag.py:2676} INFO - Sync 1 DAGs
[2022-12-03T14:55:33.155+0000] {logging_mixin.py:137} INFO - [2022-12-03T14:55:33.154+0000] {dag.py:3427} INFO - Setting next_dagrun for example_dag_decorator to None, run_after=None
[2022-12-03T14:55:33.190+0000] {processor.py:175} INFO - Processing /home/airflow/.local/lib/python3.7/site-packages/airflow/example_dags/example_dag_decorator.py took 0.189 seconds
[2022-12-03T14:56:03.738+0000] {processor.py:153} INFO - Started process (PID=3682) to work on /home/airflow/.local/lib/python3.7/site-packages/airflow/example_dags/example_dag_decorator.py
[2022-12-03T14:56:03.739+0000] {processor.py:743} INFO - Processing file /home/airflow/.local/lib/python3.7/site-packages/airflow/example_dags/example_dag_decorator.py for tasks to queue
[2022-12-03T14:56:03.739+0000] {logging_mixin.py:137} INFO - [2022-12-03T14:56:03.739+0000] {dagbag.py:538} INFO - Filling up the DagBag from /home/airflow/.local/lib/python3.7/site-packages/airflow/example_dags/example_dag_decorator.py
[2022-12-03T14:56:03.756+0000] {logging_mixin.py:137} INFO - [2022-12-03T14:56:03.756+0000] {taskmixin.py:205} WARNING - Dependency <Task(_PythonDecoratedOperator): prepare_email>, send_email already registered for DAG: example_dag_decorator
[2022-12-03T14:56:03.757+0000] {logging_mixin.py:137} INFO - [2022-12-03T14:56:03.756+0000] {taskmixin.py:205} WARNING - Dependency <Task(EmailOperator): send_email>, prepare_email already registered for DAG: example_dag_decorator
[2022-12-03T14:56:03.783+0000] {processor.py:753} INFO - DAG(s) dict_keys(['example_dag_decorator']) retrieved from /home/airflow/.local/lib/python3.7/site-packages/airflow/example_dags/example_dag_decorator.py
[2022-12-03T14:56:03.923+0000] {logging_mixin.py:137} INFO - [2022-12-03T14:56:03.922+0000] {dag.py:2676} INFO - Sync 1 DAGs
[2022-12-03T14:56:03.948+0000] {logging_mixin.py:137} INFO - [2022-12-03T14:56:03.948+0000] {dag.py:3427} INFO - Setting next_dagrun for example_dag_decorator to None, run_after=None
[2022-12-03T14:56:03.981+0000] {processor.py:175} INFO - Processing /home/airflow/.local/lib/python3.7/site-packages/airflow/example_dags/example_dag_decorator.py took 0.245 seconds
