[2022-12-03T14:36:07.824+0000] {processor.py:153} INFO - Started process (PID=109) to work on /home/airflow/.local/lib/python3.7/site-packages/airflow/example_dags/example_short_circuit_operator.py
[2022-12-03T14:36:07.825+0000] {processor.py:743} INFO - Processing file /home/airflow/.local/lib/python3.7/site-packages/airflow/example_dags/example_short_circuit_operator.py for tasks to queue
[2022-12-03T14:36:07.826+0000] {logging_mixin.py:137} INFO - [2022-12-03T14:36:07.826+0000] {dagbag.py:538} INFO - Filling up the DagBag from /home/airflow/.local/lib/python3.7/site-packages/airflow/example_dags/example_short_circuit_operator.py
[2022-12-03T14:36:07.850+0000] {processor.py:753} INFO - DAG(s) dict_keys(['example_short_circuit_operator']) retrieved from /home/airflow/.local/lib/python3.7/site-packages/airflow/example_dags/example_short_circuit_operator.py
[2022-12-03T14:36:07.918+0000] {logging_mixin.py:137} INFO - [2022-12-03T14:36:07.918+0000] {dag.py:2676} INFO - Sync 1 DAGs
[2022-12-03T14:36:07.949+0000] {logging_mixin.py:137} INFO - [2022-12-03T14:36:07.949+0000] {dag.py:3427} INFO - Setting next_dagrun for example_short_circuit_operator to 2022-12-02T14:36:07.949306+00:00, run_after=2022-12-03T14:36:07.949306+00:00
[2022-12-03T14:36:07.982+0000] {processor.py:175} INFO - Processing /home/airflow/.local/lib/python3.7/site-packages/airflow/example_dags/example_short_circuit_operator.py took 0.161 seconds
[2022-12-03T14:36:38.040+0000] {processor.py:153} INFO - Started process (PID=194) to work on /home/airflow/.local/lib/python3.7/site-packages/airflow/example_dags/example_short_circuit_operator.py
[2022-12-03T14:36:38.040+0000] {processor.py:743} INFO - Processing file /home/airflow/.local/lib/python3.7/site-packages/airflow/example_dags/example_short_circuit_operator.py for tasks to queue
[2022-12-03T14:36:38.041+0000] {logging_mixin.py:137} INFO - [2022-12-03T14:36:38.041+0000] {dagbag.py:538} INFO - Filling up the DagBag from /home/airflow/.local/lib/python3.7/site-packages/airflow/example_dags/example_short_circuit_operator.py
[2022-12-03T14:36:38.057+0000] {processor.py:753} INFO - DAG(s) dict_keys(['example_short_circuit_operator']) retrieved from /home/airflow/.local/lib/python3.7/site-packages/airflow/example_dags/example_short_circuit_operator.py
[2022-12-03T14:36:38.100+0000] {logging_mixin.py:137} INFO - [2022-12-03T14:36:38.100+0000] {dag.py:2676} INFO - Sync 1 DAGs
[2022-12-03T14:36:38.127+0000] {logging_mixin.py:137} INFO - [2022-12-03T14:36:38.127+0000] {dag.py:3427} INFO - Setting next_dagrun for example_short_circuit_operator to 2022-12-02T14:36:38.127509+00:00, run_after=2022-12-03T14:36:38.127509+00:00
[2022-12-03T14:36:38.146+0000] {processor.py:175} INFO - Processing /home/airflow/.local/lib/python3.7/site-packages/airflow/example_dags/example_short_circuit_operator.py took 0.109 seconds
[2022-12-03T14:37:09.886+0000] {processor.py:153} INFO - Started process (PID=289) to work on /home/airflow/.local/lib/python3.7/site-packages/airflow/example_dags/example_short_circuit_operator.py
[2022-12-03T14:37:09.886+0000] {processor.py:743} INFO - Processing file /home/airflow/.local/lib/python3.7/site-packages/airflow/example_dags/example_short_circuit_operator.py for tasks to queue
[2022-12-03T14:37:09.887+0000] {logging_mixin.py:137} INFO - [2022-12-03T14:37:09.887+0000] {dagbag.py:538} INFO - Filling up the DagBag from /home/airflow/.local/lib/python3.7/site-packages/airflow/example_dags/example_short_circuit_operator.py
[2022-12-03T14:37:09.903+0000] {processor.py:753} INFO - DAG(s) dict_keys(['example_short_circuit_operator']) retrieved from /home/airflow/.local/lib/python3.7/site-packages/airflow/example_dags/example_short_circuit_operator.py
[2022-12-03T14:37:10.077+0000] {logging_mixin.py:137} INFO - [2022-12-03T14:37:10.077+0000] {dag.py:2676} INFO - Sync 1 DAGs
[2022-12-03T14:37:10.209+0000] {logging_mixin.py:137} INFO - [2022-12-03T14:37:10.208+0000] {dag.py:3427} INFO - Setting next_dagrun for example_short_circuit_operator to 2022-12-02T14:37:10.208450+00:00, run_after=2022-12-03T14:37:10.208450+00:00
[2022-12-03T14:37:10.276+0000] {processor.py:175} INFO - Processing /home/airflow/.local/lib/python3.7/site-packages/airflow/example_dags/example_short_circuit_operator.py took 0.393 seconds
[2022-12-03T14:37:40.368+0000] {processor.py:153} INFO - Started process (PID=390) to work on /home/airflow/.local/lib/python3.7/site-packages/airflow/example_dags/example_short_circuit_operator.py
[2022-12-03T14:37:40.372+0000] {processor.py:743} INFO - Processing file /home/airflow/.local/lib/python3.7/site-packages/airflow/example_dags/example_short_circuit_operator.py for tasks to queue
[2022-12-03T14:37:40.373+0000] {logging_mixin.py:137} INFO - [2022-12-03T14:37:40.373+0000] {dagbag.py:538} INFO - Filling up the DagBag from /home/airflow/.local/lib/python3.7/site-packages/airflow/example_dags/example_short_circuit_operator.py
[2022-12-03T14:37:40.391+0000] {processor.py:753} INFO - DAG(s) dict_keys(['example_short_circuit_operator']) retrieved from /home/airflow/.local/lib/python3.7/site-packages/airflow/example_dags/example_short_circuit_operator.py
[2022-12-03T14:37:40.429+0000] {logging_mixin.py:137} INFO - [2022-12-03T14:37:40.429+0000] {dag.py:2676} INFO - Sync 1 DAGs
[2022-12-03T14:37:40.485+0000] {logging_mixin.py:137} INFO - [2022-12-03T14:37:40.485+0000] {dag.py:3427} INFO - Setting next_dagrun for example_short_circuit_operator to 2022-12-02T14:37:40.485501+00:00, run_after=2022-12-03T14:37:40.485501+00:00
[2022-12-03T14:37:40.504+0000] {processor.py:175} INFO - Processing /home/airflow/.local/lib/python3.7/site-packages/airflow/example_dags/example_short_circuit_operator.py took 0.142 seconds
[2022-12-03T14:38:10.529+0000] {processor.py:153} INFO - Started process (PID=476) to work on /home/airflow/.local/lib/python3.7/site-packages/airflow/example_dags/example_short_circuit_operator.py
[2022-12-03T14:38:10.530+0000] {processor.py:743} INFO - Processing file /home/airflow/.local/lib/python3.7/site-packages/airflow/example_dags/example_short_circuit_operator.py for tasks to queue
[2022-12-03T14:38:10.531+0000] {logging_mixin.py:137} INFO - [2022-12-03T14:38:10.531+0000] {dagbag.py:538} INFO - Filling up the DagBag from /home/airflow/.local/lib/python3.7/site-packages/airflow/example_dags/example_short_circuit_operator.py
[2022-12-03T14:38:10.546+0000] {processor.py:753} INFO - DAG(s) dict_keys(['example_short_circuit_operator']) retrieved from /home/airflow/.local/lib/python3.7/site-packages/airflow/example_dags/example_short_circuit_operator.py
[2022-12-03T14:38:10.587+0000] {logging_mixin.py:137} INFO - [2022-12-03T14:38:10.587+0000] {dag.py:2676} INFO - Sync 1 DAGs
[2022-12-03T14:38:10.613+0000] {logging_mixin.py:137} INFO - [2022-12-03T14:38:10.613+0000] {dag.py:3427} INFO - Setting next_dagrun for example_short_circuit_operator to 2022-12-02T14:38:10.612785+00:00, run_after=2022-12-03T14:38:10.612785+00:00
[2022-12-03T14:38:10.632+0000] {processor.py:175} INFO - Processing /home/airflow/.local/lib/python3.7/site-packages/airflow/example_dags/example_short_circuit_operator.py took 0.106 seconds
[2022-12-03T14:38:41.127+0000] {processor.py:153} INFO - Started process (PID=585) to work on /home/airflow/.local/lib/python3.7/site-packages/airflow/example_dags/example_short_circuit_operator.py
[2022-12-03T14:38:41.128+0000] {processor.py:743} INFO - Processing file /home/airflow/.local/lib/python3.7/site-packages/airflow/example_dags/example_short_circuit_operator.py for tasks to queue
[2022-12-03T14:38:41.129+0000] {logging_mixin.py:137} INFO - [2022-12-03T14:38:41.129+0000] {dagbag.py:538} INFO - Filling up the DagBag from /home/airflow/.local/lib/python3.7/site-packages/airflow/example_dags/example_short_circuit_operator.py
[2022-12-03T14:38:41.146+0000] {processor.py:753} INFO - DAG(s) dict_keys(['example_short_circuit_operator']) retrieved from /home/airflow/.local/lib/python3.7/site-packages/airflow/example_dags/example_short_circuit_operator.py
[2022-12-03T14:38:41.191+0000] {logging_mixin.py:137} INFO - [2022-12-03T14:38:41.191+0000] {dag.py:2676} INFO - Sync 1 DAGs
[2022-12-03T14:38:41.218+0000] {logging_mixin.py:137} INFO - [2022-12-03T14:38:41.218+0000] {dag.py:3427} INFO - Setting next_dagrun for example_short_circuit_operator to 2022-12-02T14:38:41.218458+00:00, run_after=2022-12-03T14:38:41.218458+00:00
[2022-12-03T14:38:41.238+0000] {processor.py:175} INFO - Processing /home/airflow/.local/lib/python3.7/site-packages/airflow/example_dags/example_short_circuit_operator.py took 0.113 seconds
[2022-12-03T14:39:11.409+0000] {processor.py:153} INFO - Started process (PID=671) to work on /home/airflow/.local/lib/python3.7/site-packages/airflow/example_dags/example_short_circuit_operator.py
[2022-12-03T14:39:11.410+0000] {processor.py:743} INFO - Processing file /home/airflow/.local/lib/python3.7/site-packages/airflow/example_dags/example_short_circuit_operator.py for tasks to queue
[2022-12-03T14:39:11.410+0000] {logging_mixin.py:137} INFO - [2022-12-03T14:39:11.410+0000] {dagbag.py:538} INFO - Filling up the DagBag from /home/airflow/.local/lib/python3.7/site-packages/airflow/example_dags/example_short_circuit_operator.py
[2022-12-03T14:39:11.426+0000] {processor.py:753} INFO - DAG(s) dict_keys(['example_short_circuit_operator']) retrieved from /home/airflow/.local/lib/python3.7/site-packages/airflow/example_dags/example_short_circuit_operator.py
[2022-12-03T14:39:11.463+0000] {logging_mixin.py:137} INFO - [2022-12-03T14:39:11.463+0000] {dag.py:2676} INFO - Sync 1 DAGs
[2022-12-03T14:39:11.498+0000] {logging_mixin.py:137} INFO - [2022-12-03T14:39:11.498+0000] {dag.py:3427} INFO - Setting next_dagrun for example_short_circuit_operator to 2022-12-02T14:39:11.498570+00:00, run_after=2022-12-03T14:39:11.498570+00:00
[2022-12-03T14:39:11.516+0000] {processor.py:175} INFO - Processing /home/airflow/.local/lib/python3.7/site-packages/airflow/example_dags/example_short_circuit_operator.py took 0.110 seconds
[2022-12-03T14:39:41.605+0000] {processor.py:153} INFO - Started process (PID=757) to work on /home/airflow/.local/lib/python3.7/site-packages/airflow/example_dags/example_short_circuit_operator.py
[2022-12-03T14:39:41.606+0000] {processor.py:743} INFO - Processing file /home/airflow/.local/lib/python3.7/site-packages/airflow/example_dags/example_short_circuit_operator.py for tasks to queue
[2022-12-03T14:39:41.607+0000] {logging_mixin.py:137} INFO - [2022-12-03T14:39:41.607+0000] {dagbag.py:538} INFO - Filling up the DagBag from /home/airflow/.local/lib/python3.7/site-packages/airflow/example_dags/example_short_circuit_operator.py
[2022-12-03T14:39:41.624+0000] {processor.py:753} INFO - DAG(s) dict_keys(['example_short_circuit_operator']) retrieved from /home/airflow/.local/lib/python3.7/site-packages/airflow/example_dags/example_short_circuit_operator.py
[2022-12-03T14:39:41.663+0000] {logging_mixin.py:137} INFO - [2022-12-03T14:39:41.663+0000] {dag.py:2676} INFO - Sync 1 DAGs
[2022-12-03T14:39:41.695+0000] {logging_mixin.py:137} INFO - [2022-12-03T14:39:41.695+0000] {dag.py:3427} INFO - Setting next_dagrun for example_short_circuit_operator to 2022-12-02T14:39:41.695409+00:00, run_after=2022-12-03T14:39:41.695409+00:00
[2022-12-03T14:39:41.713+0000] {processor.py:175} INFO - Processing /home/airflow/.local/lib/python3.7/site-packages/airflow/example_dags/example_short_circuit_operator.py took 0.110 seconds
[2022-12-03T14:40:12.239+0000] {processor.py:153} INFO - Started process (PID=867) to work on /home/airflow/.local/lib/python3.7/site-packages/airflow/example_dags/example_short_circuit_operator.py
[2022-12-03T14:40:12.241+0000] {processor.py:743} INFO - Processing file /home/airflow/.local/lib/python3.7/site-packages/airflow/example_dags/example_short_circuit_operator.py for tasks to queue
[2022-12-03T14:40:12.241+0000] {logging_mixin.py:137} INFO - [2022-12-03T14:40:12.241+0000] {dagbag.py:538} INFO - Filling up the DagBag from /home/airflow/.local/lib/python3.7/site-packages/airflow/example_dags/example_short_circuit_operator.py
[2022-12-03T14:40:12.257+0000] {processor.py:753} INFO - DAG(s) dict_keys(['example_short_circuit_operator']) retrieved from /home/airflow/.local/lib/python3.7/site-packages/airflow/example_dags/example_short_circuit_operator.py
[2022-12-03T14:40:12.317+0000] {logging_mixin.py:137} INFO - [2022-12-03T14:40:12.317+0000] {dag.py:2676} INFO - Sync 1 DAGs
[2022-12-03T14:40:12.343+0000] {logging_mixin.py:137} INFO - [2022-12-03T14:40:12.343+0000] {dag.py:3427} INFO - Setting next_dagrun for example_short_circuit_operator to 2022-12-02T14:40:12.343142+00:00, run_after=2022-12-03T14:40:12.343142+00:00
[2022-12-03T14:40:12.361+0000] {processor.py:175} INFO - Processing /home/airflow/.local/lib/python3.7/site-packages/airflow/example_dags/example_short_circuit_operator.py took 0.125 seconds
[2022-12-03T14:40:42.548+0000] {processor.py:153} INFO - Started process (PID=953) to work on /home/airflow/.local/lib/python3.7/site-packages/airflow/example_dags/example_short_circuit_operator.py
[2022-12-03T14:40:42.548+0000] {processor.py:743} INFO - Processing file /home/airflow/.local/lib/python3.7/site-packages/airflow/example_dags/example_short_circuit_operator.py for tasks to queue
[2022-12-03T14:40:42.549+0000] {logging_mixin.py:137} INFO - [2022-12-03T14:40:42.549+0000] {dagbag.py:538} INFO - Filling up the DagBag from /home/airflow/.local/lib/python3.7/site-packages/airflow/example_dags/example_short_circuit_operator.py
[2022-12-03T14:40:42.563+0000] {processor.py:753} INFO - DAG(s) dict_keys(['example_short_circuit_operator']) retrieved from /home/airflow/.local/lib/python3.7/site-packages/airflow/example_dags/example_short_circuit_operator.py
[2022-12-03T14:40:42.633+0000] {logging_mixin.py:137} INFO - [2022-12-03T14:40:42.633+0000] {dag.py:2676} INFO - Sync 1 DAGs
[2022-12-03T14:40:42.677+0000] {logging_mixin.py:137} INFO - [2022-12-03T14:40:42.677+0000] {dag.py:3427} INFO - Setting next_dagrun for example_short_circuit_operator to 2022-12-02T14:40:42.677071+00:00, run_after=2022-12-03T14:40:42.677071+00:00
[2022-12-03T14:40:42.711+0000] {processor.py:175} INFO - Processing /home/airflow/.local/lib/python3.7/site-packages/airflow/example_dags/example_short_circuit_operator.py took 0.166 seconds
[2022-12-03T14:41:13.627+0000] {processor.py:153} INFO - Started process (PID=1048) to work on /home/airflow/.local/lib/python3.7/site-packages/airflow/example_dags/example_short_circuit_operator.py
[2022-12-03T14:41:13.628+0000] {processor.py:743} INFO - Processing file /home/airflow/.local/lib/python3.7/site-packages/airflow/example_dags/example_short_circuit_operator.py for tasks to queue
[2022-12-03T14:41:13.628+0000] {logging_mixin.py:137} INFO - [2022-12-03T14:41:13.628+0000] {dagbag.py:538} INFO - Filling up the DagBag from /home/airflow/.local/lib/python3.7/site-packages/airflow/example_dags/example_short_circuit_operator.py
[2022-12-03T14:41:13.688+0000] {processor.py:753} INFO - DAG(s) dict_keys(['example_short_circuit_operator']) retrieved from /home/airflow/.local/lib/python3.7/site-packages/airflow/example_dags/example_short_circuit_operator.py
[2022-12-03T14:41:13.726+0000] {logging_mixin.py:137} INFO - [2022-12-03T14:41:13.726+0000] {dag.py:2676} INFO - Sync 1 DAGs
[2022-12-03T14:41:13.781+0000] {logging_mixin.py:137} INFO - [2022-12-03T14:41:13.781+0000] {dag.py:3427} INFO - Setting next_dagrun for example_short_circuit_operator to 2022-12-02T14:41:13.781454+00:00, run_after=2022-12-03T14:41:13.781454+00:00
[2022-12-03T14:41:13.802+0000] {processor.py:175} INFO - Processing /home/airflow/.local/lib/python3.7/site-packages/airflow/example_dags/example_short_circuit_operator.py took 0.178 seconds
[2022-12-03T14:41:43.904+0000] {processor.py:153} INFO - Started process (PID=1149) to work on /home/airflow/.local/lib/python3.7/site-packages/airflow/example_dags/example_short_circuit_operator.py
[2022-12-03T14:41:43.905+0000] {processor.py:743} INFO - Processing file /home/airflow/.local/lib/python3.7/site-packages/airflow/example_dags/example_short_circuit_operator.py for tasks to queue
[2022-12-03T14:41:43.906+0000] {logging_mixin.py:137} INFO - [2022-12-03T14:41:43.906+0000] {dagbag.py:538} INFO - Filling up the DagBag from /home/airflow/.local/lib/python3.7/site-packages/airflow/example_dags/example_short_circuit_operator.py
[2022-12-03T14:41:43.924+0000] {processor.py:753} INFO - DAG(s) dict_keys(['example_short_circuit_operator']) retrieved from /home/airflow/.local/lib/python3.7/site-packages/airflow/example_dags/example_short_circuit_operator.py
[2022-12-03T14:41:44.007+0000] {logging_mixin.py:137} INFO - [2022-12-03T14:41:44.007+0000] {dag.py:2676} INFO - Sync 1 DAGs
[2022-12-03T14:41:44.036+0000] {logging_mixin.py:137} INFO - [2022-12-03T14:41:44.035+0000] {dag.py:3427} INFO - Setting next_dagrun for example_short_circuit_operator to 2022-12-02T14:41:44.035639+00:00, run_after=2022-12-03T14:41:44.035639+00:00
[2022-12-03T14:41:44.098+0000] {processor.py:175} INFO - Processing /home/airflow/.local/lib/python3.7/site-packages/airflow/example_dags/example_short_circuit_operator.py took 0.198 seconds
[2022-12-03T14:42:14.813+0000] {processor.py:153} INFO - Started process (PID=1235) to work on /home/airflow/.local/lib/python3.7/site-packages/airflow/example_dags/example_short_circuit_operator.py
[2022-12-03T14:42:14.814+0000] {processor.py:743} INFO - Processing file /home/airflow/.local/lib/python3.7/site-packages/airflow/example_dags/example_short_circuit_operator.py for tasks to queue
[2022-12-03T14:42:14.814+0000] {logging_mixin.py:137} INFO - [2022-12-03T14:42:14.814+0000] {dagbag.py:538} INFO - Filling up the DagBag from /home/airflow/.local/lib/python3.7/site-packages/airflow/example_dags/example_short_circuit_operator.py
[2022-12-03T14:42:14.831+0000] {processor.py:753} INFO - DAG(s) dict_keys(['example_short_circuit_operator']) retrieved from /home/airflow/.local/lib/python3.7/site-packages/airflow/example_dags/example_short_circuit_operator.py
[2022-12-03T14:42:14.900+0000] {logging_mixin.py:137} INFO - [2022-12-03T14:42:14.900+0000] {dag.py:2676} INFO - Sync 1 DAGs
[2022-12-03T14:42:14.930+0000] {logging_mixin.py:137} INFO - [2022-12-03T14:42:14.930+0000] {dag.py:3427} INFO - Setting next_dagrun for example_short_circuit_operator to 2022-12-02T14:42:14.930108+00:00, run_after=2022-12-03T14:42:14.930108+00:00
[2022-12-03T14:42:14.950+0000] {processor.py:175} INFO - Processing /home/airflow/.local/lib/python3.7/site-packages/airflow/example_dags/example_short_circuit_operator.py took 0.139 seconds
[2022-12-03T14:42:45.317+0000] {processor.py:153} INFO - Started process (PID=1330) to work on /home/airflow/.local/lib/python3.7/site-packages/airflow/example_dags/example_short_circuit_operator.py
[2022-12-03T14:42:45.318+0000] {processor.py:743} INFO - Processing file /home/airflow/.local/lib/python3.7/site-packages/airflow/example_dags/example_short_circuit_operator.py for tasks to queue
[2022-12-03T14:42:45.319+0000] {logging_mixin.py:137} INFO - [2022-12-03T14:42:45.319+0000] {dagbag.py:538} INFO - Filling up the DagBag from /home/airflow/.local/lib/python3.7/site-packages/airflow/example_dags/example_short_circuit_operator.py
[2022-12-03T14:42:45.335+0000] {processor.py:753} INFO - DAG(s) dict_keys(['example_short_circuit_operator']) retrieved from /home/airflow/.local/lib/python3.7/site-packages/airflow/example_dags/example_short_circuit_operator.py
[2022-12-03T14:42:45.377+0000] {logging_mixin.py:137} INFO - [2022-12-03T14:42:45.377+0000] {dag.py:2676} INFO - Sync 1 DAGs
[2022-12-03T14:42:45.412+0000] {logging_mixin.py:137} INFO - [2022-12-03T14:42:45.412+0000] {dag.py:3427} INFO - Setting next_dagrun for example_short_circuit_operator to 2022-12-02T14:42:45.412086+00:00, run_after=2022-12-03T14:42:45.412086+00:00
[2022-12-03T14:42:45.428+0000] {processor.py:175} INFO - Processing /home/airflow/.local/lib/python3.7/site-packages/airflow/example_dags/example_short_circuit_operator.py took 0.114 seconds
[2022-12-03T14:43:15.630+0000] {processor.py:153} INFO - Started process (PID=1430) to work on /home/airflow/.local/lib/python3.7/site-packages/airflow/example_dags/example_short_circuit_operator.py
[2022-12-03T14:43:15.631+0000] {processor.py:743} INFO - Processing file /home/airflow/.local/lib/python3.7/site-packages/airflow/example_dags/example_short_circuit_operator.py for tasks to queue
[2022-12-03T14:43:15.632+0000] {logging_mixin.py:137} INFO - [2022-12-03T14:43:15.632+0000] {dagbag.py:538} INFO - Filling up the DagBag from /home/airflow/.local/lib/python3.7/site-packages/airflow/example_dags/example_short_circuit_operator.py
[2022-12-03T14:43:15.647+0000] {processor.py:753} INFO - DAG(s) dict_keys(['example_short_circuit_operator']) retrieved from /home/airflow/.local/lib/python3.7/site-packages/airflow/example_dags/example_short_circuit_operator.py
[2022-12-03T14:43:15.692+0000] {logging_mixin.py:137} INFO - [2022-12-03T14:43:15.692+0000] {dag.py:2676} INFO - Sync 1 DAGs
[2022-12-03T14:43:15.722+0000] {logging_mixin.py:137} INFO - [2022-12-03T14:43:15.722+0000] {dag.py:3427} INFO - Setting next_dagrun for example_short_circuit_operator to 2022-12-02T14:43:15.722349+00:00, run_after=2022-12-03T14:43:15.722349+00:00
[2022-12-03T14:43:15.740+0000] {processor.py:175} INFO - Processing /home/airflow/.local/lib/python3.7/site-packages/airflow/example_dags/example_short_circuit_operator.py took 0.113 seconds
[2022-12-03T14:43:46.007+0000] {processor.py:153} INFO - Started process (PID=1516) to work on /home/airflow/.local/lib/python3.7/site-packages/airflow/example_dags/example_short_circuit_operator.py
[2022-12-03T14:43:46.008+0000] {processor.py:743} INFO - Processing file /home/airflow/.local/lib/python3.7/site-packages/airflow/example_dags/example_short_circuit_operator.py for tasks to queue
[2022-12-03T14:43:46.008+0000] {logging_mixin.py:137} INFO - [2022-12-03T14:43:46.008+0000] {dagbag.py:538} INFO - Filling up the DagBag from /home/airflow/.local/lib/python3.7/site-packages/airflow/example_dags/example_short_circuit_operator.py
[2022-12-03T14:43:46.023+0000] {processor.py:753} INFO - DAG(s) dict_keys(['example_short_circuit_operator']) retrieved from /home/airflow/.local/lib/python3.7/site-packages/airflow/example_dags/example_short_circuit_operator.py
[2022-12-03T14:43:46.060+0000] {logging_mixin.py:137} INFO - [2022-12-03T14:43:46.059+0000] {dag.py:2676} INFO - Sync 1 DAGs
[2022-12-03T14:43:46.092+0000] {logging_mixin.py:137} INFO - [2022-12-03T14:43:46.092+0000] {dag.py:3427} INFO - Setting next_dagrun for example_short_circuit_operator to 2022-12-02T14:43:46.091783+00:00, run_after=2022-12-03T14:43:46.091783+00:00
[2022-12-03T14:43:46.111+0000] {processor.py:175} INFO - Processing /home/airflow/.local/lib/python3.7/site-packages/airflow/example_dags/example_short_circuit_operator.py took 0.106 seconds
[2022-12-03T14:44:17.414+0000] {processor.py:153} INFO - Started process (PID=1626) to work on /home/airflow/.local/lib/python3.7/site-packages/airflow/example_dags/example_short_circuit_operator.py
[2022-12-03T14:44:17.415+0000] {processor.py:743} INFO - Processing file /home/airflow/.local/lib/python3.7/site-packages/airflow/example_dags/example_short_circuit_operator.py for tasks to queue
[2022-12-03T14:44:17.416+0000] {logging_mixin.py:137} INFO - [2022-12-03T14:44:17.416+0000] {dagbag.py:538} INFO - Filling up the DagBag from /home/airflow/.local/lib/python3.7/site-packages/airflow/example_dags/example_short_circuit_operator.py
[2022-12-03T14:44:17.486+0000] {processor.py:753} INFO - DAG(s) dict_keys(['example_short_circuit_operator']) retrieved from /home/airflow/.local/lib/python3.7/site-packages/airflow/example_dags/example_short_circuit_operator.py
[2022-12-03T14:44:17.596+0000] {logging_mixin.py:137} INFO - [2022-12-03T14:44:17.595+0000] {dag.py:2676} INFO - Sync 1 DAGs
[2022-12-03T14:44:17.685+0000] {logging_mixin.py:137} INFO - [2022-12-03T14:44:17.685+0000] {dag.py:3427} INFO - Setting next_dagrun for example_short_circuit_operator to 2022-12-02T14:44:17.685439+00:00, run_after=2022-12-03T14:44:17.685439+00:00
[2022-12-03T14:44:17.706+0000] {processor.py:175} INFO - Processing /home/airflow/.local/lib/python3.7/site-packages/airflow/example_dags/example_short_circuit_operator.py took 0.294 seconds
[2022-12-03T14:44:48.082+0000] {processor.py:153} INFO - Started process (PID=1712) to work on /home/airflow/.local/lib/python3.7/site-packages/airflow/example_dags/example_short_circuit_operator.py
[2022-12-03T14:44:48.084+0000] {processor.py:743} INFO - Processing file /home/airflow/.local/lib/python3.7/site-packages/airflow/example_dags/example_short_circuit_operator.py for tasks to queue
[2022-12-03T14:44:48.085+0000] {logging_mixin.py:137} INFO - [2022-12-03T14:44:48.085+0000] {dagbag.py:538} INFO - Filling up the DagBag from /home/airflow/.local/lib/python3.7/site-packages/airflow/example_dags/example_short_circuit_operator.py
[2022-12-03T14:44:48.102+0000] {processor.py:753} INFO - DAG(s) dict_keys(['example_short_circuit_operator']) retrieved from /home/airflow/.local/lib/python3.7/site-packages/airflow/example_dags/example_short_circuit_operator.py
[2022-12-03T14:44:48.140+0000] {logging_mixin.py:137} INFO - [2022-12-03T14:44:48.140+0000] {dag.py:2676} INFO - Sync 1 DAGs
[2022-12-03T14:44:48.177+0000] {logging_mixin.py:137} INFO - [2022-12-03T14:44:48.177+0000] {dag.py:3427} INFO - Setting next_dagrun for example_short_circuit_operator to 2022-12-02T14:44:48.177234+00:00, run_after=2022-12-03T14:44:48.177234+00:00
[2022-12-03T14:44:48.198+0000] {processor.py:175} INFO - Processing /home/airflow/.local/lib/python3.7/site-packages/airflow/example_dags/example_short_circuit_operator.py took 0.119 seconds
[2022-12-03T14:45:18.469+0000] {processor.py:153} INFO - Started process (PID=1798) to work on /home/airflow/.local/lib/python3.7/site-packages/airflow/example_dags/example_short_circuit_operator.py
[2022-12-03T14:45:18.470+0000] {processor.py:743} INFO - Processing file /home/airflow/.local/lib/python3.7/site-packages/airflow/example_dags/example_short_circuit_operator.py for tasks to queue
[2022-12-03T14:45:18.470+0000] {logging_mixin.py:137} INFO - [2022-12-03T14:45:18.470+0000] {dagbag.py:538} INFO - Filling up the DagBag from /home/airflow/.local/lib/python3.7/site-packages/airflow/example_dags/example_short_circuit_operator.py
[2022-12-03T14:45:18.490+0000] {processor.py:753} INFO - DAG(s) dict_keys(['example_short_circuit_operator']) retrieved from /home/airflow/.local/lib/python3.7/site-packages/airflow/example_dags/example_short_circuit_operator.py
[2022-12-03T14:45:18.574+0000] {logging_mixin.py:137} INFO - [2022-12-03T14:45:18.573+0000] {dag.py:2676} INFO - Sync 1 DAGs
[2022-12-03T14:45:18.616+0000] {logging_mixin.py:137} INFO - [2022-12-03T14:45:18.616+0000] {dag.py:3427} INFO - Setting next_dagrun for example_short_circuit_operator to 2022-12-02T14:45:18.616125+00:00, run_after=2022-12-03T14:45:18.616125+00:00
[2022-12-03T14:45:18.683+0000] {processor.py:175} INFO - Processing /home/airflow/.local/lib/python3.7/site-packages/airflow/example_dags/example_short_circuit_operator.py took 0.237 seconds
[2022-12-03T14:45:49.409+0000] {processor.py:153} INFO - Started process (PID=1908) to work on /home/airflow/.local/lib/python3.7/site-packages/airflow/example_dags/example_short_circuit_operator.py
[2022-12-03T14:45:49.410+0000] {processor.py:743} INFO - Processing file /home/airflow/.local/lib/python3.7/site-packages/airflow/example_dags/example_short_circuit_operator.py for tasks to queue
[2022-12-03T14:45:49.410+0000] {logging_mixin.py:137} INFO - [2022-12-03T14:45:49.410+0000] {dagbag.py:538} INFO - Filling up the DagBag from /home/airflow/.local/lib/python3.7/site-packages/airflow/example_dags/example_short_circuit_operator.py
[2022-12-03T14:45:49.425+0000] {processor.py:753} INFO - DAG(s) dict_keys(['example_short_circuit_operator']) retrieved from /home/airflow/.local/lib/python3.7/site-packages/airflow/example_dags/example_short_circuit_operator.py
[2022-12-03T14:45:49.495+0000] {logging_mixin.py:137} INFO - [2022-12-03T14:45:49.495+0000] {dag.py:2676} INFO - Sync 1 DAGs
[2022-12-03T14:45:49.521+0000] {logging_mixin.py:137} INFO - [2022-12-03T14:45:49.521+0000] {dag.py:3427} INFO - Setting next_dagrun for example_short_circuit_operator to 2022-12-02T14:45:49.521050+00:00, run_after=2022-12-03T14:45:49.521050+00:00
[2022-12-03T14:45:49.576+0000] {processor.py:175} INFO - Processing /home/airflow/.local/lib/python3.7/site-packages/airflow/example_dags/example_short_circuit_operator.py took 0.171 seconds
[2022-12-03T14:46:19.650+0000] {processor.py:153} INFO - Started process (PID=1994) to work on /home/airflow/.local/lib/python3.7/site-packages/airflow/example_dags/example_short_circuit_operator.py
[2022-12-03T14:46:19.651+0000] {processor.py:743} INFO - Processing file /home/airflow/.local/lib/python3.7/site-packages/airflow/example_dags/example_short_circuit_operator.py for tasks to queue
[2022-12-03T14:46:19.652+0000] {logging_mixin.py:137} INFO - [2022-12-03T14:46:19.652+0000] {dagbag.py:538} INFO - Filling up the DagBag from /home/airflow/.local/lib/python3.7/site-packages/airflow/example_dags/example_short_circuit_operator.py
[2022-12-03T14:46:19.667+0000] {processor.py:753} INFO - DAG(s) dict_keys(['example_short_circuit_operator']) retrieved from /home/airflow/.local/lib/python3.7/site-packages/airflow/example_dags/example_short_circuit_operator.py
[2022-12-03T14:46:19.710+0000] {logging_mixin.py:137} INFO - [2022-12-03T14:46:19.710+0000] {dag.py:2676} INFO - Sync 1 DAGs
[2022-12-03T14:46:19.737+0000] {logging_mixin.py:137} INFO - [2022-12-03T14:46:19.736+0000] {dag.py:3427} INFO - Setting next_dagrun for example_short_circuit_operator to 2022-12-02T14:46:19.736579+00:00, run_after=2022-12-03T14:46:19.736579+00:00
[2022-12-03T14:46:19.758+0000] {processor.py:175} INFO - Processing /home/airflow/.local/lib/python3.7/site-packages/airflow/example_dags/example_short_circuit_operator.py took 0.111 seconds
[2022-12-03T14:46:50.465+0000] {processor.py:153} INFO - Started process (PID=2081) to work on /home/airflow/.local/lib/python3.7/site-packages/airflow/example_dags/example_short_circuit_operator.py
[2022-12-03T14:46:50.466+0000] {processor.py:743} INFO - Processing file /home/airflow/.local/lib/python3.7/site-packages/airflow/example_dags/example_short_circuit_operator.py for tasks to queue
[2022-12-03T14:46:50.467+0000] {logging_mixin.py:137} INFO - [2022-12-03T14:46:50.466+0000] {dagbag.py:538} INFO - Filling up the DagBag from /home/airflow/.local/lib/python3.7/site-packages/airflow/example_dags/example_short_circuit_operator.py
[2022-12-03T14:46:50.501+0000] {processor.py:753} INFO - DAG(s) dict_keys(['example_short_circuit_operator']) retrieved from /home/airflow/.local/lib/python3.7/site-packages/airflow/example_dags/example_short_circuit_operator.py
[2022-12-03T14:46:50.542+0000] {logging_mixin.py:137} INFO - [2022-12-03T14:46:50.542+0000] {dag.py:2676} INFO - Sync 1 DAGs
[2022-12-03T14:46:50.567+0000] {logging_mixin.py:137} INFO - [2022-12-03T14:46:50.566+0000] {dag.py:3427} INFO - Setting next_dagrun for example_short_circuit_operator to 2022-12-02T14:46:50.566736+00:00, run_after=2022-12-03T14:46:50.566736+00:00
[2022-12-03T14:46:50.615+0000] {processor.py:175} INFO - Processing /home/airflow/.local/lib/python3.7/site-packages/airflow/example_dags/example_short_circuit_operator.py took 0.152 seconds
[2022-12-03T14:47:21.407+0000] {processor.py:153} INFO - Started process (PID=2190) to work on /home/airflow/.local/lib/python3.7/site-packages/airflow/example_dags/example_short_circuit_operator.py
[2022-12-03T14:47:21.407+0000] {processor.py:743} INFO - Processing file /home/airflow/.local/lib/python3.7/site-packages/airflow/example_dags/example_short_circuit_operator.py for tasks to queue
[2022-12-03T14:47:21.408+0000] {logging_mixin.py:137} INFO - [2022-12-03T14:47:21.408+0000] {dagbag.py:538} INFO - Filling up the DagBag from /home/airflow/.local/lib/python3.7/site-packages/airflow/example_dags/example_short_circuit_operator.py
[2022-12-03T14:47:21.424+0000] {processor.py:753} INFO - DAG(s) dict_keys(['example_short_circuit_operator']) retrieved from /home/airflow/.local/lib/python3.7/site-packages/airflow/example_dags/example_short_circuit_operator.py
[2022-12-03T14:47:21.470+0000] {logging_mixin.py:137} INFO - [2022-12-03T14:47:21.470+0000] {dag.py:2676} INFO - Sync 1 DAGs
[2022-12-03T14:47:21.519+0000] {logging_mixin.py:137} INFO - [2022-12-03T14:47:21.519+0000] {dag.py:3427} INFO - Setting next_dagrun for example_short_circuit_operator to 2022-12-02T14:47:21.519437+00:00, run_after=2022-12-03T14:47:21.519437+00:00
[2022-12-03T14:47:21.537+0000] {processor.py:175} INFO - Processing /home/airflow/.local/lib/python3.7/site-packages/airflow/example_dags/example_short_circuit_operator.py took 0.137 seconds
[2022-12-03T14:47:52.504+0000] {processor.py:153} INFO - Started process (PID=2276) to work on /home/airflow/.local/lib/python3.7/site-packages/airflow/example_dags/example_short_circuit_operator.py
[2022-12-03T14:47:52.505+0000] {processor.py:743} INFO - Processing file /home/airflow/.local/lib/python3.7/site-packages/airflow/example_dags/example_short_circuit_operator.py for tasks to queue
[2022-12-03T14:47:52.506+0000] {logging_mixin.py:137} INFO - [2022-12-03T14:47:52.506+0000] {dagbag.py:538} INFO - Filling up the DagBag from /home/airflow/.local/lib/python3.7/site-packages/airflow/example_dags/example_short_circuit_operator.py
[2022-12-03T14:47:52.579+0000] {processor.py:753} INFO - DAG(s) dict_keys(['example_short_circuit_operator']) retrieved from /home/airflow/.local/lib/python3.7/site-packages/airflow/example_dags/example_short_circuit_operator.py
[2022-12-03T14:47:52.685+0000] {logging_mixin.py:137} INFO - [2022-12-03T14:47:52.685+0000] {dag.py:2676} INFO - Sync 1 DAGs
[2022-12-03T14:47:52.724+0000] {logging_mixin.py:137} INFO - [2022-12-03T14:47:52.724+0000] {dag.py:3427} INFO - Setting next_dagrun for example_short_circuit_operator to 2022-12-02T14:47:52.724089+00:00, run_after=2022-12-03T14:47:52.724089+00:00
[2022-12-03T14:47:52.801+0000] {processor.py:175} INFO - Processing /home/airflow/.local/lib/python3.7/site-packages/airflow/example_dags/example_short_circuit_operator.py took 0.300 seconds
[2022-12-03T14:48:23.535+0000] {processor.py:153} INFO - Started process (PID=2361) to work on /home/airflow/.local/lib/python3.7/site-packages/airflow/example_dags/example_short_circuit_operator.py
[2022-12-03T14:48:23.536+0000] {processor.py:743} INFO - Processing file /home/airflow/.local/lib/python3.7/site-packages/airflow/example_dags/example_short_circuit_operator.py for tasks to queue
[2022-12-03T14:48:23.536+0000] {logging_mixin.py:137} INFO - [2022-12-03T14:48:23.536+0000] {dagbag.py:538} INFO - Filling up the DagBag from /home/airflow/.local/lib/python3.7/site-packages/airflow/example_dags/example_short_circuit_operator.py
[2022-12-03T14:48:23.553+0000] {processor.py:753} INFO - DAG(s) dict_keys(['example_short_circuit_operator']) retrieved from /home/airflow/.local/lib/python3.7/site-packages/airflow/example_dags/example_short_circuit_operator.py
[2022-12-03T14:48:23.620+0000] {logging_mixin.py:137} INFO - [2022-12-03T14:48:23.620+0000] {dag.py:2676} INFO - Sync 1 DAGs
[2022-12-03T14:48:23.645+0000] {logging_mixin.py:137} INFO - [2022-12-03T14:48:23.645+0000] {dag.py:3427} INFO - Setting next_dagrun for example_short_circuit_operator to 2022-12-02T14:48:23.645008+00:00, run_after=2022-12-03T14:48:23.645008+00:00
[2022-12-03T14:48:23.663+0000] {processor.py:175} INFO - Processing /home/airflow/.local/lib/python3.7/site-packages/airflow/example_dags/example_short_circuit_operator.py took 0.132 seconds
[2022-12-03T14:48:53.900+0000] {processor.py:153} INFO - Started process (PID=2469) to work on /home/airflow/.local/lib/python3.7/site-packages/airflow/example_dags/example_short_circuit_operator.py
[2022-12-03T14:48:53.901+0000] {processor.py:743} INFO - Processing file /home/airflow/.local/lib/python3.7/site-packages/airflow/example_dags/example_short_circuit_operator.py for tasks to queue
[2022-12-03T14:48:53.902+0000] {logging_mixin.py:137} INFO - [2022-12-03T14:48:53.902+0000] {dagbag.py:538} INFO - Filling up the DagBag from /home/airflow/.local/lib/python3.7/site-packages/airflow/example_dags/example_short_circuit_operator.py
[2022-12-03T14:48:53.921+0000] {processor.py:753} INFO - DAG(s) dict_keys(['example_short_circuit_operator']) retrieved from /home/airflow/.local/lib/python3.7/site-packages/airflow/example_dags/example_short_circuit_operator.py
[2022-12-03T14:48:53.996+0000] {logging_mixin.py:137} INFO - [2022-12-03T14:48:53.996+0000] {dag.py:2676} INFO - Sync 1 DAGs
[2022-12-03T14:48:54.022+0000] {logging_mixin.py:137} INFO - [2022-12-03T14:48:54.022+0000] {dag.py:3427} INFO - Setting next_dagrun for example_short_circuit_operator to 2022-12-02T14:48:54.022498+00:00, run_after=2022-12-03T14:48:54.022498+00:00
[2022-12-03T14:48:54.040+0000] {processor.py:175} INFO - Processing /home/airflow/.local/lib/python3.7/site-packages/airflow/example_dags/example_short_circuit_operator.py took 0.143 seconds
[2022-12-03T14:49:24.828+0000] {processor.py:153} INFO - Started process (PID=2555) to work on /home/airflow/.local/lib/python3.7/site-packages/airflow/example_dags/example_short_circuit_operator.py
[2022-12-03T14:49:24.829+0000] {processor.py:743} INFO - Processing file /home/airflow/.local/lib/python3.7/site-packages/airflow/example_dags/example_short_circuit_operator.py for tasks to queue
[2022-12-03T14:49:24.830+0000] {logging_mixin.py:137} INFO - [2022-12-03T14:49:24.830+0000] {dagbag.py:538} INFO - Filling up the DagBag from /home/airflow/.local/lib/python3.7/site-packages/airflow/example_dags/example_short_circuit_operator.py
[2022-12-03T14:49:24.846+0000] {processor.py:753} INFO - DAG(s) dict_keys(['example_short_circuit_operator']) retrieved from /home/airflow/.local/lib/python3.7/site-packages/airflow/example_dags/example_short_circuit_operator.py
[2022-12-03T14:49:24.891+0000] {logging_mixin.py:137} INFO - [2022-12-03T14:49:24.890+0000] {dag.py:2676} INFO - Sync 1 DAGs
[2022-12-03T14:49:24.920+0000] {logging_mixin.py:137} INFO - [2022-12-03T14:49:24.920+0000] {dag.py:3427} INFO - Setting next_dagrun for example_short_circuit_operator to 2022-12-02T14:49:24.920225+00:00, run_after=2022-12-03T14:49:24.920225+00:00
[2022-12-03T14:49:24.941+0000] {processor.py:175} INFO - Processing /home/airflow/.local/lib/python3.7/site-packages/airflow/example_dags/example_short_circuit_operator.py took 0.115 seconds
[2022-12-03T14:49:55.660+0000] {processor.py:153} INFO - Started process (PID=2640) to work on /home/airflow/.local/lib/python3.7/site-packages/airflow/example_dags/example_short_circuit_operator.py
[2022-12-03T14:49:55.661+0000] {processor.py:743} INFO - Processing file /home/airflow/.local/lib/python3.7/site-packages/airflow/example_dags/example_short_circuit_operator.py for tasks to queue
[2022-12-03T14:49:55.661+0000] {logging_mixin.py:137} INFO - [2022-12-03T14:49:55.661+0000] {dagbag.py:538} INFO - Filling up the DagBag from /home/airflow/.local/lib/python3.7/site-packages/airflow/example_dags/example_short_circuit_operator.py
[2022-12-03T14:49:55.692+0000] {processor.py:753} INFO - DAG(s) dict_keys(['example_short_circuit_operator']) retrieved from /home/airflow/.local/lib/python3.7/site-packages/airflow/example_dags/example_short_circuit_operator.py
[2022-12-03T14:49:55.731+0000] {logging_mixin.py:137} INFO - [2022-12-03T14:49:55.731+0000] {dag.py:2676} INFO - Sync 1 DAGs
[2022-12-03T14:49:55.789+0000] {logging_mixin.py:137} INFO - [2022-12-03T14:49:55.789+0000] {dag.py:3427} INFO - Setting next_dagrun for example_short_circuit_operator to 2022-12-02T14:49:55.789222+00:00, run_after=2022-12-03T14:49:55.789222+00:00
[2022-12-03T14:49:55.811+0000] {processor.py:175} INFO - Processing /home/airflow/.local/lib/python3.7/site-packages/airflow/example_dags/example_short_circuit_operator.py took 0.154 seconds
[2022-12-03T14:50:26.501+0000] {processor.py:153} INFO - Started process (PID=2750) to work on /home/airflow/.local/lib/python3.7/site-packages/airflow/example_dags/example_short_circuit_operator.py
[2022-12-03T14:50:26.502+0000] {processor.py:743} INFO - Processing file /home/airflow/.local/lib/python3.7/site-packages/airflow/example_dags/example_short_circuit_operator.py for tasks to queue
[2022-12-03T14:50:26.502+0000] {logging_mixin.py:137} INFO - [2022-12-03T14:50:26.502+0000] {dagbag.py:538} INFO - Filling up the DagBag from /home/airflow/.local/lib/python3.7/site-packages/airflow/example_dags/example_short_circuit_operator.py
[2022-12-03T14:50:26.520+0000] {processor.py:753} INFO - DAG(s) dict_keys(['example_short_circuit_operator']) retrieved from /home/airflow/.local/lib/python3.7/site-packages/airflow/example_dags/example_short_circuit_operator.py
[2022-12-03T14:50:26.601+0000] {logging_mixin.py:137} INFO - [2022-12-03T14:50:26.601+0000] {dag.py:2676} INFO - Sync 1 DAGs
[2022-12-03T14:50:26.625+0000] {logging_mixin.py:137} INFO - [2022-12-03T14:50:26.625+0000] {dag.py:3427} INFO - Setting next_dagrun for example_short_circuit_operator to 2022-12-02T14:50:26.625661+00:00, run_after=2022-12-03T14:50:26.625661+00:00
[2022-12-03T14:50:26.679+0000] {processor.py:175} INFO - Processing /home/airflow/.local/lib/python3.7/site-packages/airflow/example_dags/example_short_circuit_operator.py took 0.181 seconds
[2022-12-03T14:50:57.250+0000] {processor.py:153} INFO - Started process (PID=2836) to work on /home/airflow/.local/lib/python3.7/site-packages/airflow/example_dags/example_short_circuit_operator.py
[2022-12-03T14:50:57.251+0000] {processor.py:743} INFO - Processing file /home/airflow/.local/lib/python3.7/site-packages/airflow/example_dags/example_short_circuit_operator.py for tasks to queue
[2022-12-03T14:50:57.252+0000] {logging_mixin.py:137} INFO - [2022-12-03T14:50:57.252+0000] {dagbag.py:538} INFO - Filling up the DagBag from /home/airflow/.local/lib/python3.7/site-packages/airflow/example_dags/example_short_circuit_operator.py
[2022-12-03T14:50:57.269+0000] {processor.py:753} INFO - DAG(s) dict_keys(['example_short_circuit_operator']) retrieved from /home/airflow/.local/lib/python3.7/site-packages/airflow/example_dags/example_short_circuit_operator.py
[2022-12-03T14:50:57.341+0000] {logging_mixin.py:137} INFO - [2022-12-03T14:50:57.340+0000] {dag.py:2676} INFO - Sync 1 DAGs
[2022-12-03T14:50:57.376+0000] {logging_mixin.py:137} INFO - [2022-12-03T14:50:57.376+0000] {dag.py:3427} INFO - Setting next_dagrun for example_short_circuit_operator to 2022-12-02T14:50:57.375952+00:00, run_after=2022-12-03T14:50:57.375952+00:00
[2022-12-03T14:50:57.413+0000] {processor.py:175} INFO - Processing /home/airflow/.local/lib/python3.7/site-packages/airflow/example_dags/example_short_circuit_operator.py took 0.166 seconds
[2022-12-03T14:51:27.662+0000] {processor.py:153} INFO - Started process (PID=2922) to work on /home/airflow/.local/lib/python3.7/site-packages/airflow/example_dags/example_short_circuit_operator.py
[2022-12-03T14:51:27.663+0000] {processor.py:743} INFO - Processing file /home/airflow/.local/lib/python3.7/site-packages/airflow/example_dags/example_short_circuit_operator.py for tasks to queue
[2022-12-03T14:51:27.664+0000] {logging_mixin.py:137} INFO - [2022-12-03T14:51:27.664+0000] {dagbag.py:538} INFO - Filling up the DagBag from /home/airflow/.local/lib/python3.7/site-packages/airflow/example_dags/example_short_circuit_operator.py
[2022-12-03T14:51:27.695+0000] {processor.py:753} INFO - DAG(s) dict_keys(['example_short_circuit_operator']) retrieved from /home/airflow/.local/lib/python3.7/site-packages/airflow/example_dags/example_short_circuit_operator.py
[2022-12-03T14:51:27.742+0000] {logging_mixin.py:137} INFO - [2022-12-03T14:51:27.741+0000] {dag.py:2676} INFO - Sync 1 DAGs
[2022-12-03T14:51:27.768+0000] {logging_mixin.py:137} INFO - [2022-12-03T14:51:27.767+0000] {dag.py:3427} INFO - Setting next_dagrun for example_short_circuit_operator to 2022-12-02T14:51:27.767615+00:00, run_after=2022-12-03T14:51:27.767615+00:00
[2022-12-03T14:51:27.790+0000] {processor.py:175} INFO - Processing /home/airflow/.local/lib/python3.7/site-packages/airflow/example_dags/example_short_circuit_operator.py took 0.130 seconds
[2022-12-03T14:51:58.102+0000] {processor.py:153} INFO - Started process (PID=3006) to work on /home/airflow/.local/lib/python3.7/site-packages/airflow/example_dags/example_short_circuit_operator.py
[2022-12-03T14:51:58.103+0000] {processor.py:743} INFO - Processing file /home/airflow/.local/lib/python3.7/site-packages/airflow/example_dags/example_short_circuit_operator.py for tasks to queue
[2022-12-03T14:51:58.104+0000] {logging_mixin.py:137} INFO - [2022-12-03T14:51:58.104+0000] {dagbag.py:538} INFO - Filling up the DagBag from /home/airflow/.local/lib/python3.7/site-packages/airflow/example_dags/example_short_circuit_operator.py
[2022-12-03T14:51:58.119+0000] {processor.py:753} INFO - DAG(s) dict_keys(['example_short_circuit_operator']) retrieved from /home/airflow/.local/lib/python3.7/site-packages/airflow/example_dags/example_short_circuit_operator.py
[2022-12-03T14:51:58.156+0000] {logging_mixin.py:137} INFO - [2022-12-03T14:51:58.155+0000] {dag.py:2676} INFO - Sync 1 DAGs
[2022-12-03T14:51:58.197+0000] {logging_mixin.py:137} INFO - [2022-12-03T14:51:58.197+0000] {dag.py:3427} INFO - Setting next_dagrun for example_short_circuit_operator to 2022-12-02T14:51:58.197031+00:00, run_after=2022-12-03T14:51:58.197031+00:00
[2022-12-03T14:51:58.222+0000] {processor.py:175} INFO - Processing /home/airflow/.local/lib/python3.7/site-packages/airflow/example_dags/example_short_circuit_operator.py took 0.123 seconds
[2022-12-03T14:52:29.914+0000] {processor.py:153} INFO - Started process (PID=3117) to work on /home/airflow/.local/lib/python3.7/site-packages/airflow/example_dags/example_short_circuit_operator.py
[2022-12-03T14:52:29.914+0000] {processor.py:743} INFO - Processing file /home/airflow/.local/lib/python3.7/site-packages/airflow/example_dags/example_short_circuit_operator.py for tasks to queue
[2022-12-03T14:52:29.915+0000] {logging_mixin.py:137} INFO - [2022-12-03T14:52:29.915+0000] {dagbag.py:538} INFO - Filling up the DagBag from /home/airflow/.local/lib/python3.7/site-packages/airflow/example_dags/example_short_circuit_operator.py
[2022-12-03T14:52:30.003+0000] {processor.py:753} INFO - DAG(s) dict_keys(['example_short_circuit_operator']) retrieved from /home/airflow/.local/lib/python3.7/site-packages/airflow/example_dags/example_short_circuit_operator.py
[2022-12-03T14:52:30.196+0000] {logging_mixin.py:137} INFO - [2022-12-03T14:52:30.196+0000] {dag.py:2676} INFO - Sync 1 DAGs
[2022-12-03T14:52:30.368+0000] {logging_mixin.py:137} INFO - [2022-12-03T14:52:30.368+0000] {dag.py:3427} INFO - Setting next_dagrun for example_short_circuit_operator to 2022-12-02T14:52:30.367724+00:00, run_after=2022-12-03T14:52:30.367724+00:00
[2022-12-03T14:52:30.410+0000] {processor.py:175} INFO - Processing /home/airflow/.local/lib/python3.7/site-packages/airflow/example_dags/example_short_circuit_operator.py took 0.499 seconds
[2022-12-03T14:53:00.708+0000] {processor.py:153} INFO - Started process (PID=3203) to work on /home/airflow/.local/lib/python3.7/site-packages/airflow/example_dags/example_short_circuit_operator.py
[2022-12-03T14:53:00.709+0000] {processor.py:743} INFO - Processing file /home/airflow/.local/lib/python3.7/site-packages/airflow/example_dags/example_short_circuit_operator.py for tasks to queue
[2022-12-03T14:53:00.710+0000] {logging_mixin.py:137} INFO - [2022-12-03T14:53:00.710+0000] {dagbag.py:538} INFO - Filling up the DagBag from /home/airflow/.local/lib/python3.7/site-packages/airflow/example_dags/example_short_circuit_operator.py
[2022-12-03T14:53:00.802+0000] {processor.py:753} INFO - DAG(s) dict_keys(['example_short_circuit_operator']) retrieved from /home/airflow/.local/lib/python3.7/site-packages/airflow/example_dags/example_short_circuit_operator.py
[2022-12-03T14:53:01.005+0000] {logging_mixin.py:137} INFO - [2022-12-03T14:53:01.005+0000] {dag.py:2676} INFO - Sync 1 DAGs
[2022-12-03T14:53:01.189+0000] {logging_mixin.py:137} INFO - [2022-12-03T14:53:01.189+0000] {dag.py:3427} INFO - Setting next_dagrun for example_short_circuit_operator to 2022-12-02T14:53:01.188836+00:00, run_after=2022-12-03T14:53:01.188836+00:00
[2022-12-03T14:53:01.290+0000] {processor.py:175} INFO - Processing /home/airflow/.local/lib/python3.7/site-packages/airflow/example_dags/example_short_circuit_operator.py took 0.584 seconds
[2022-12-03T14:53:35.080+0000] {processor.py:153} INFO - Started process (PID=3275) to work on /home/airflow/.local/lib/python3.7/site-packages/airflow/example_dags/example_short_circuit_operator.py
[2022-12-03T14:53:35.088+0000] {processor.py:743} INFO - Processing file /home/airflow/.local/lib/python3.7/site-packages/airflow/example_dags/example_short_circuit_operator.py for tasks to queue
[2022-12-03T14:53:35.089+0000] {logging_mixin.py:137} INFO - [2022-12-03T14:53:35.089+0000] {dagbag.py:538} INFO - Filling up the DagBag from /home/airflow/.local/lib/python3.7/site-packages/airflow/example_dags/example_short_circuit_operator.py
[2022-12-03T14:53:35.177+0000] {processor.py:753} INFO - DAG(s) dict_keys(['example_short_circuit_operator']) retrieved from /home/airflow/.local/lib/python3.7/site-packages/airflow/example_dags/example_short_circuit_operator.py
[2022-12-03T14:53:35.406+0000] {logging_mixin.py:137} INFO - [2022-12-03T14:53:35.406+0000] {dag.py:2676} INFO - Sync 1 DAGs
[2022-12-03T14:53:35.598+0000] {logging_mixin.py:137} INFO - [2022-12-03T14:53:35.598+0000] {dag.py:3427} INFO - Setting next_dagrun for example_short_circuit_operator to 2022-12-02T14:53:35.598343+00:00, run_after=2022-12-03T14:53:35.598343+00:00
[2022-12-03T14:53:35.702+0000] {processor.py:175} INFO - Processing /home/airflow/.local/lib/python3.7/site-packages/airflow/example_dags/example_short_circuit_operator.py took 0.695 seconds
[2022-12-03T14:54:06.526+0000] {processor.py:153} INFO - Started process (PID=3352) to work on /home/airflow/.local/lib/python3.7/site-packages/airflow/example_dags/example_short_circuit_operator.py
[2022-12-03T14:54:06.527+0000] {processor.py:743} INFO - Processing file /home/airflow/.local/lib/python3.7/site-packages/airflow/example_dags/example_short_circuit_operator.py for tasks to queue
[2022-12-03T14:54:06.528+0000] {logging_mixin.py:137} INFO - [2022-12-03T14:54:06.528+0000] {dagbag.py:538} INFO - Filling up the DagBag from /home/airflow/.local/lib/python3.7/site-packages/airflow/example_dags/example_short_circuit_operator.py
[2022-12-03T14:54:06.598+0000] {processor.py:753} INFO - DAG(s) dict_keys(['example_short_circuit_operator']) retrieved from /home/airflow/.local/lib/python3.7/site-packages/airflow/example_dags/example_short_circuit_operator.py
[2022-12-03T14:54:06.718+0000] {logging_mixin.py:137} INFO - [2022-12-03T14:54:06.718+0000] {dag.py:2676} INFO - Sync 1 DAGs
[2022-12-03T14:54:06.825+0000] {logging_mixin.py:137} INFO - [2022-12-03T14:54:06.824+0000] {dag.py:3427} INFO - Setting next_dagrun for example_short_circuit_operator to 2022-12-02T14:54:06.824440+00:00, run_after=2022-12-03T14:54:06.824440+00:00
[2022-12-03T14:54:07.006+0000] {processor.py:175} INFO - Processing /home/airflow/.local/lib/python3.7/site-packages/airflow/example_dags/example_short_circuit_operator.py took 0.483 seconds
[2022-12-03T14:54:37.866+0000] {processor.py:153} INFO - Started process (PID=3437) to work on /home/airflow/.local/lib/python3.7/site-packages/airflow/example_dags/example_short_circuit_operator.py
[2022-12-03T14:54:37.880+0000] {processor.py:743} INFO - Processing file /home/airflow/.local/lib/python3.7/site-packages/airflow/example_dags/example_short_circuit_operator.py for tasks to queue
[2022-12-03T14:54:37.881+0000] {logging_mixin.py:137} INFO - [2022-12-03T14:54:37.881+0000] {dagbag.py:538} INFO - Filling up the DagBag from /home/airflow/.local/lib/python3.7/site-packages/airflow/example_dags/example_short_circuit_operator.py
[2022-12-03T14:54:37.907+0000] {processor.py:753} INFO - DAG(s) dict_keys(['example_short_circuit_operator']) retrieved from /home/airflow/.local/lib/python3.7/site-packages/airflow/example_dags/example_short_circuit_operator.py
[2022-12-03T14:54:37.948+0000] {logging_mixin.py:137} INFO - [2022-12-03T14:54:37.948+0000] {dag.py:2676} INFO - Sync 1 DAGs
[2022-12-03T14:54:37.985+0000] {logging_mixin.py:137} INFO - [2022-12-03T14:54:37.985+0000] {dag.py:3427} INFO - Setting next_dagrun for example_short_circuit_operator to 2022-12-02T14:54:37.985102+00:00, run_after=2022-12-03T14:54:37.985102+00:00
[2022-12-03T14:54:38.020+0000] {processor.py:175} INFO - Processing /home/airflow/.local/lib/python3.7/site-packages/airflow/example_dags/example_short_circuit_operator.py took 0.157 seconds
[2022-12-03T14:55:08.614+0000] {processor.py:153} INFO - Started process (PID=3523) to work on /home/airflow/.local/lib/python3.7/site-packages/airflow/example_dags/example_short_circuit_operator.py
[2022-12-03T14:55:08.615+0000] {processor.py:743} INFO - Processing file /home/airflow/.local/lib/python3.7/site-packages/airflow/example_dags/example_short_circuit_operator.py for tasks to queue
[2022-12-03T14:55:08.616+0000] {logging_mixin.py:137} INFO - [2022-12-03T14:55:08.616+0000] {dagbag.py:538} INFO - Filling up the DagBag from /home/airflow/.local/lib/python3.7/site-packages/airflow/example_dags/example_short_circuit_operator.py
[2022-12-03T14:55:08.640+0000] {processor.py:753} INFO - DAG(s) dict_keys(['example_short_circuit_operator']) retrieved from /home/airflow/.local/lib/python3.7/site-packages/airflow/example_dags/example_short_circuit_operator.py
[2022-12-03T14:55:08.774+0000] {logging_mixin.py:137} INFO - [2022-12-03T14:55:08.774+0000] {dag.py:2676} INFO - Sync 1 DAGs
[2022-12-03T14:55:08.810+0000] {logging_mixin.py:137} INFO - [2022-12-03T14:55:08.810+0000] {dag.py:3427} INFO - Setting next_dagrun for example_short_circuit_operator to 2022-12-02T14:55:08.810203+00:00, run_after=2022-12-03T14:55:08.810203+00:00
[2022-12-03T14:55:08.875+0000] {processor.py:175} INFO - Processing /home/airflow/.local/lib/python3.7/site-packages/airflow/example_dags/example_short_circuit_operator.py took 0.264 seconds
[2022-12-03T14:55:38.939+0000] {processor.py:153} INFO - Started process (PID=3609) to work on /home/airflow/.local/lib/python3.7/site-packages/airflow/example_dags/example_short_circuit_operator.py
[2022-12-03T14:55:38.940+0000] {processor.py:743} INFO - Processing file /home/airflow/.local/lib/python3.7/site-packages/airflow/example_dags/example_short_circuit_operator.py for tasks to queue
[2022-12-03T14:55:38.941+0000] {logging_mixin.py:137} INFO - [2022-12-03T14:55:38.941+0000] {dagbag.py:538} INFO - Filling up the DagBag from /home/airflow/.local/lib/python3.7/site-packages/airflow/example_dags/example_short_circuit_operator.py
[2022-12-03T14:55:38.997+0000] {processor.py:753} INFO - DAG(s) dict_keys(['example_short_circuit_operator']) retrieved from /home/airflow/.local/lib/python3.7/site-packages/airflow/example_dags/example_short_circuit_operator.py
[2022-12-03T14:55:39.096+0000] {logging_mixin.py:137} INFO - [2022-12-03T14:55:39.096+0000] {dag.py:2676} INFO - Sync 1 DAGs
[2022-12-03T14:55:39.171+0000] {logging_mixin.py:137} INFO - [2022-12-03T14:55:39.171+0000] {dag.py:3427} INFO - Setting next_dagrun for example_short_circuit_operator to 2022-12-02T14:55:39.170808+00:00, run_after=2022-12-03T14:55:39.170808+00:00
[2022-12-03T14:55:39.210+0000] {processor.py:175} INFO - Processing /home/airflow/.local/lib/python3.7/site-packages/airflow/example_dags/example_short_circuit_operator.py took 0.272 seconds
[2022-12-03T14:56:09.342+0000] {processor.py:153} INFO - Started process (PID=3704) to work on /home/airflow/.local/lib/python3.7/site-packages/airflow/example_dags/example_short_circuit_operator.py
[2022-12-03T14:56:09.343+0000] {processor.py:743} INFO - Processing file /home/airflow/.local/lib/python3.7/site-packages/airflow/example_dags/example_short_circuit_operator.py for tasks to queue
[2022-12-03T14:56:09.343+0000] {logging_mixin.py:137} INFO - [2022-12-03T14:56:09.343+0000] {dagbag.py:538} INFO - Filling up the DagBag from /home/airflow/.local/lib/python3.7/site-packages/airflow/example_dags/example_short_circuit_operator.py
[2022-12-03T14:56:09.368+0000] {processor.py:753} INFO - DAG(s) dict_keys(['example_short_circuit_operator']) retrieved from /home/airflow/.local/lib/python3.7/site-packages/airflow/example_dags/example_short_circuit_operator.py
[2022-12-03T14:56:09.492+0000] {logging_mixin.py:137} INFO - [2022-12-03T14:56:09.492+0000] {dag.py:2676} INFO - Sync 1 DAGs
[2022-12-03T14:56:09.527+0000] {logging_mixin.py:137} INFO - [2022-12-03T14:56:09.527+0000] {dag.py:3427} INFO - Setting next_dagrun for example_short_circuit_operator to 2022-12-02T14:56:09.527199+00:00, run_after=2022-12-03T14:56:09.527199+00:00
[2022-12-03T14:56:09.544+0000] {processor.py:175} INFO - Processing /home/airflow/.local/lib/python3.7/site-packages/airflow/example_dags/example_short_circuit_operator.py took 0.206 seconds
[2022-12-03T14:56:39.862+0000] {processor.py:153} INFO - Started process (PID=3804) to work on /home/airflow/.local/lib/python3.7/site-packages/airflow/example_dags/example_short_circuit_operator.py
[2022-12-03T14:56:39.862+0000] {processor.py:743} INFO - Processing file /home/airflow/.local/lib/python3.7/site-packages/airflow/example_dags/example_short_circuit_operator.py for tasks to queue
[2022-12-03T14:56:39.863+0000] {logging_mixin.py:137} INFO - [2022-12-03T14:56:39.863+0000] {dagbag.py:538} INFO - Filling up the DagBag from /home/airflow/.local/lib/python3.7/site-packages/airflow/example_dags/example_short_circuit_operator.py
[2022-12-03T14:56:39.898+0000] {processor.py:753} INFO - DAG(s) dict_keys(['example_short_circuit_operator']) retrieved from /home/airflow/.local/lib/python3.7/site-packages/airflow/example_dags/example_short_circuit_operator.py
[2022-12-03T14:56:39.937+0000] {logging_mixin.py:137} INFO - [2022-12-03T14:56:39.937+0000] {dag.py:2676} INFO - Sync 1 DAGs
[2022-12-03T14:56:39.962+0000] {logging_mixin.py:137} INFO - [2022-12-03T14:56:39.961+0000] {dag.py:3427} INFO - Setting next_dagrun for example_short_circuit_operator to 2022-12-02T14:56:39.961715+00:00, run_after=2022-12-03T14:56:39.961715+00:00
[2022-12-03T14:56:39.986+0000] {processor.py:175} INFO - Processing /home/airflow/.local/lib/python3.7/site-packages/airflow/example_dags/example_short_circuit_operator.py took 0.127 seconds
