[2022-12-03T14:36:08.015+0000] {processor.py:153} INFO - Started process (PID=110) to work on /home/airflow/.local/lib/python3.7/site-packages/airflow/example_dags/example_skip_dag.py
[2022-12-03T14:36:08.016+0000] {processor.py:743} INFO - Processing file /home/airflow/.local/lib/python3.7/site-packages/airflow/example_dags/example_skip_dag.py for tasks to queue
[2022-12-03T14:36:08.016+0000] {logging_mixin.py:137} INFO - [2022-12-03T14:36:08.016+0000] {dagbag.py:538} INFO - Filling up the DagBag from /home/airflow/.local/lib/python3.7/site-packages/airflow/example_dags/example_skip_dag.py
[2022-12-03T14:36:08.038+0000] {processor.py:753} INFO - DAG(s) dict_keys(['example_skip_dag']) retrieved from /home/airflow/.local/lib/python3.7/site-packages/airflow/example_dags/example_skip_dag.py
[2022-12-03T14:36:13.113+0000] {logging_mixin.py:137} INFO - [2022-12-03T14:36:13.113+0000] {dag.py:2676} INFO - Sync 1 DAGs
[2022-12-03T14:36:13.151+0000] {logging_mixin.py:137} INFO - [2022-12-03T14:36:13.151+0000] {dag.py:3427} INFO - Setting next_dagrun for example_skip_dag to 2022-12-02T14:36:13.151337+00:00, run_after=2022-12-03T14:36:13.151337+00:00
[2022-12-03T14:36:13.181+0000] {processor.py:175} INFO - Processing /home/airflow/.local/lib/python3.7/site-packages/airflow/example_dags/example_skip_dag.py took 5.173 seconds
[2022-12-03T14:36:43.494+0000] {processor.py:153} INFO - Started process (PID=223) to work on /home/airflow/.local/lib/python3.7/site-packages/airflow/example_dags/example_skip_dag.py
[2022-12-03T14:36:43.495+0000] {processor.py:743} INFO - Processing file /home/airflow/.local/lib/python3.7/site-packages/airflow/example_dags/example_skip_dag.py for tasks to queue
[2022-12-03T14:36:43.496+0000] {logging_mixin.py:137} INFO - [2022-12-03T14:36:43.496+0000] {dagbag.py:538} INFO - Filling up the DagBag from /home/airflow/.local/lib/python3.7/site-packages/airflow/example_dags/example_skip_dag.py
[2022-12-03T14:36:43.510+0000] {processor.py:753} INFO - DAG(s) dict_keys(['example_skip_dag']) retrieved from /home/airflow/.local/lib/python3.7/site-packages/airflow/example_dags/example_skip_dag.py
[2022-12-03T14:36:43.601+0000] {logging_mixin.py:137} INFO - [2022-12-03T14:36:43.596+0000] {dag.py:2676} INFO - Sync 1 DAGs
[2022-12-03T14:36:43.707+0000] {logging_mixin.py:137} INFO - [2022-12-03T14:36:43.707+0000] {dag.py:3427} INFO - Setting next_dagrun for example_skip_dag to 2022-12-02T14:36:43.706770+00:00, run_after=2022-12-03T14:36:43.706770+00:00
[2022-12-03T14:36:43.732+0000] {processor.py:175} INFO - Processing /home/airflow/.local/lib/python3.7/site-packages/airflow/example_dags/example_skip_dag.py took 0.241 seconds
[2022-12-03T14:37:13.826+0000] {processor.py:153} INFO - Started process (PID=309) to work on /home/airflow/.local/lib/python3.7/site-packages/airflow/example_dags/example_skip_dag.py
[2022-12-03T14:37:13.827+0000] {processor.py:743} INFO - Processing file /home/airflow/.local/lib/python3.7/site-packages/airflow/example_dags/example_skip_dag.py for tasks to queue
[2022-12-03T14:37:13.827+0000] {logging_mixin.py:137} INFO - [2022-12-03T14:37:13.827+0000] {dagbag.py:538} INFO - Filling up the DagBag from /home/airflow/.local/lib/python3.7/site-packages/airflow/example_dags/example_skip_dag.py
[2022-12-03T14:37:13.841+0000] {processor.py:753} INFO - DAG(s) dict_keys(['example_skip_dag']) retrieved from /home/airflow/.local/lib/python3.7/site-packages/airflow/example_dags/example_skip_dag.py
[2022-12-03T14:37:13.902+0000] {logging_mixin.py:137} INFO - [2022-12-03T14:37:13.901+0000] {dag.py:2676} INFO - Sync 1 DAGs
[2022-12-03T14:37:13.928+0000] {logging_mixin.py:137} INFO - [2022-12-03T14:37:13.928+0000] {dag.py:3427} INFO - Setting next_dagrun for example_skip_dag to 2022-12-02T14:37:13.928431+00:00, run_after=2022-12-03T14:37:13.928431+00:00
[2022-12-03T14:37:13.986+0000] {processor.py:175} INFO - Processing /home/airflow/.local/lib/python3.7/site-packages/airflow/example_dags/example_skip_dag.py took 0.163 seconds
[2022-12-03T14:37:44.676+0000] {processor.py:153} INFO - Started process (PID=393) to work on /home/airflow/.local/lib/python3.7/site-packages/airflow/example_dags/example_skip_dag.py
[2022-12-03T14:37:44.677+0000] {processor.py:743} INFO - Processing file /home/airflow/.local/lib/python3.7/site-packages/airflow/example_dags/example_skip_dag.py for tasks to queue
[2022-12-03T14:37:44.678+0000] {logging_mixin.py:137} INFO - [2022-12-03T14:37:44.678+0000] {dagbag.py:538} INFO - Filling up the DagBag from /home/airflow/.local/lib/python3.7/site-packages/airflow/example_dags/example_skip_dag.py
[2022-12-03T14:37:44.692+0000] {processor.py:753} INFO - DAG(s) dict_keys(['example_skip_dag']) retrieved from /home/airflow/.local/lib/python3.7/site-packages/airflow/example_dags/example_skip_dag.py
[2022-12-03T14:37:44.727+0000] {logging_mixin.py:137} INFO - [2022-12-03T14:37:44.727+0000] {dag.py:2676} INFO - Sync 1 DAGs
[2022-12-03T14:37:44.752+0000] {logging_mixin.py:137} INFO - [2022-12-03T14:37:44.751+0000] {dag.py:3427} INFO - Setting next_dagrun for example_skip_dag to 2022-12-02T14:37:44.751598+00:00, run_after=2022-12-03T14:37:44.751598+00:00
[2022-12-03T14:37:44.778+0000] {processor.py:175} INFO - Processing /home/airflow/.local/lib/python3.7/site-packages/airflow/example_dags/example_skip_dag.py took 0.109 seconds
[2022-12-03T14:38:14.839+0000] {processor.py:153} INFO - Started process (PID=503) to work on /home/airflow/.local/lib/python3.7/site-packages/airflow/example_dags/example_skip_dag.py
[2022-12-03T14:38:14.839+0000] {processor.py:743} INFO - Processing file /home/airflow/.local/lib/python3.7/site-packages/airflow/example_dags/example_skip_dag.py for tasks to queue
[2022-12-03T14:38:14.840+0000] {logging_mixin.py:137} INFO - [2022-12-03T14:38:14.840+0000] {dagbag.py:538} INFO - Filling up the DagBag from /home/airflow/.local/lib/python3.7/site-packages/airflow/example_dags/example_skip_dag.py
[2022-12-03T14:38:14.854+0000] {processor.py:753} INFO - DAG(s) dict_keys(['example_skip_dag']) retrieved from /home/airflow/.local/lib/python3.7/site-packages/airflow/example_dags/example_skip_dag.py
[2022-12-03T14:38:14.897+0000] {logging_mixin.py:137} INFO - [2022-12-03T14:38:14.897+0000] {dag.py:2676} INFO - Sync 1 DAGs
[2022-12-03T14:38:14.921+0000] {logging_mixin.py:137} INFO - [2022-12-03T14:38:14.921+0000] {dag.py:3427} INFO - Setting next_dagrun for example_skip_dag to 2022-12-02T14:38:14.921011+00:00, run_after=2022-12-03T14:38:14.921011+00:00
[2022-12-03T14:38:14.973+0000] {processor.py:175} INFO - Processing /home/airflow/.local/lib/python3.7/site-packages/airflow/example_dags/example_skip_dag.py took 0.136 seconds
[2022-12-03T14:38:45.432+0000] {processor.py:153} INFO - Started process (PID=588) to work on /home/airflow/.local/lib/python3.7/site-packages/airflow/example_dags/example_skip_dag.py
[2022-12-03T14:38:45.432+0000] {processor.py:743} INFO - Processing file /home/airflow/.local/lib/python3.7/site-packages/airflow/example_dags/example_skip_dag.py for tasks to queue
[2022-12-03T14:38:45.433+0000] {logging_mixin.py:137} INFO - [2022-12-03T14:38:45.433+0000] {dagbag.py:538} INFO - Filling up the DagBag from /home/airflow/.local/lib/python3.7/site-packages/airflow/example_dags/example_skip_dag.py
[2022-12-03T14:38:45.447+0000] {processor.py:753} INFO - DAG(s) dict_keys(['example_skip_dag']) retrieved from /home/airflow/.local/lib/python3.7/site-packages/airflow/example_dags/example_skip_dag.py
[2022-12-03T14:38:45.487+0000] {logging_mixin.py:137} INFO - [2022-12-03T14:38:45.487+0000] {dag.py:2676} INFO - Sync 1 DAGs
[2022-12-03T14:38:45.512+0000] {logging_mixin.py:137} INFO - [2022-12-03T14:38:45.512+0000] {dag.py:3427} INFO - Setting next_dagrun for example_skip_dag to 2022-12-02T14:38:45.512388+00:00, run_after=2022-12-03T14:38:45.512388+00:00
[2022-12-03T14:38:45.530+0000] {processor.py:175} INFO - Processing /home/airflow/.local/lib/python3.7/site-packages/airflow/example_dags/example_skip_dag.py took 0.101 seconds
[2022-12-03T14:39:15.553+0000] {processor.py:153} INFO - Started process (PID=674) to work on /home/airflow/.local/lib/python3.7/site-packages/airflow/example_dags/example_skip_dag.py
[2022-12-03T14:39:15.553+0000] {processor.py:743} INFO - Processing file /home/airflow/.local/lib/python3.7/site-packages/airflow/example_dags/example_skip_dag.py for tasks to queue
[2022-12-03T14:39:15.554+0000] {logging_mixin.py:137} INFO - [2022-12-03T14:39:15.554+0000] {dagbag.py:538} INFO - Filling up the DagBag from /home/airflow/.local/lib/python3.7/site-packages/airflow/example_dags/example_skip_dag.py
[2022-12-03T14:39:15.567+0000] {processor.py:753} INFO - DAG(s) dict_keys(['example_skip_dag']) retrieved from /home/airflow/.local/lib/python3.7/site-packages/airflow/example_dags/example_skip_dag.py
[2022-12-03T14:39:15.609+0000] {logging_mixin.py:137} INFO - [2022-12-03T14:39:15.609+0000] {dag.py:2676} INFO - Sync 1 DAGs
[2022-12-03T14:39:15.634+0000] {logging_mixin.py:137} INFO - [2022-12-03T14:39:15.634+0000] {dag.py:3427} INFO - Setting next_dagrun for example_skip_dag to 2022-12-02T14:39:15.634589+00:00, run_after=2022-12-03T14:39:15.634589+00:00
[2022-12-03T14:39:15.651+0000] {processor.py:175} INFO - Processing /home/airflow/.local/lib/python3.7/site-packages/airflow/example_dags/example_skip_dag.py took 0.102 seconds
[2022-12-03T14:39:45.753+0000] {processor.py:153} INFO - Started process (PID=784) to work on /home/airflow/.local/lib/python3.7/site-packages/airflow/example_dags/example_skip_dag.py
[2022-12-03T14:39:45.754+0000] {processor.py:743} INFO - Processing file /home/airflow/.local/lib/python3.7/site-packages/airflow/example_dags/example_skip_dag.py for tasks to queue
[2022-12-03T14:39:45.754+0000] {logging_mixin.py:137} INFO - [2022-12-03T14:39:45.754+0000] {dagbag.py:538} INFO - Filling up the DagBag from /home/airflow/.local/lib/python3.7/site-packages/airflow/example_dags/example_skip_dag.py
[2022-12-03T14:39:45.768+0000] {processor.py:753} INFO - DAG(s) dict_keys(['example_skip_dag']) retrieved from /home/airflow/.local/lib/python3.7/site-packages/airflow/example_dags/example_skip_dag.py
[2022-12-03T14:39:45.811+0000] {logging_mixin.py:137} INFO - [2022-12-03T14:39:45.811+0000] {dag.py:2676} INFO - Sync 1 DAGs
[2022-12-03T14:39:45.839+0000] {logging_mixin.py:137} INFO - [2022-12-03T14:39:45.839+0000] {dag.py:3427} INFO - Setting next_dagrun for example_skip_dag to 2022-12-02T14:39:45.839081+00:00, run_after=2022-12-03T14:39:45.839081+00:00
[2022-12-03T14:39:45.858+0000] {processor.py:175} INFO - Processing /home/airflow/.local/lib/python3.7/site-packages/airflow/example_dags/example_skip_dag.py took 0.107 seconds
[2022-12-03T14:40:16.420+0000] {processor.py:153} INFO - Started process (PID=870) to work on /home/airflow/.local/lib/python3.7/site-packages/airflow/example_dags/example_skip_dag.py
[2022-12-03T14:40:16.421+0000] {processor.py:743} INFO - Processing file /home/airflow/.local/lib/python3.7/site-packages/airflow/example_dags/example_skip_dag.py for tasks to queue
[2022-12-03T14:40:16.422+0000] {logging_mixin.py:137} INFO - [2022-12-03T14:40:16.422+0000] {dagbag.py:538} INFO - Filling up the DagBag from /home/airflow/.local/lib/python3.7/site-packages/airflow/example_dags/example_skip_dag.py
[2022-12-03T14:40:16.435+0000] {processor.py:753} INFO - DAG(s) dict_keys(['example_skip_dag']) retrieved from /home/airflow/.local/lib/python3.7/site-packages/airflow/example_dags/example_skip_dag.py
[2022-12-03T14:40:16.477+0000] {logging_mixin.py:137} INFO - [2022-12-03T14:40:16.477+0000] {dag.py:2676} INFO - Sync 1 DAGs
[2022-12-03T14:40:16.505+0000] {logging_mixin.py:137} INFO - [2022-12-03T14:40:16.504+0000] {dag.py:3427} INFO - Setting next_dagrun for example_skip_dag to 2022-12-02T14:40:16.504726+00:00, run_after=2022-12-03T14:40:16.504726+00:00
[2022-12-03T14:40:16.522+0000] {processor.py:175} INFO - Processing /home/airflow/.local/lib/python3.7/site-packages/airflow/example_dags/example_skip_dag.py took 0.104 seconds
[2022-12-03T14:40:46.793+0000] {processor.py:153} INFO - Started process (PID=965) to work on /home/airflow/.local/lib/python3.7/site-packages/airflow/example_dags/example_skip_dag.py
[2022-12-03T14:40:46.795+0000] {processor.py:743} INFO - Processing file /home/airflow/.local/lib/python3.7/site-packages/airflow/example_dags/example_skip_dag.py for tasks to queue
[2022-12-03T14:40:46.796+0000] {logging_mixin.py:137} INFO - [2022-12-03T14:40:46.795+0000] {dagbag.py:538} INFO - Filling up the DagBag from /home/airflow/.local/lib/python3.7/site-packages/airflow/example_dags/example_skip_dag.py
[2022-12-03T14:40:46.817+0000] {processor.py:753} INFO - DAG(s) dict_keys(['example_skip_dag']) retrieved from /home/airflow/.local/lib/python3.7/site-packages/airflow/example_dags/example_skip_dag.py
[2022-12-03T14:40:46.856+0000] {logging_mixin.py:137} INFO - [2022-12-03T14:40:46.856+0000] {dag.py:2676} INFO - Sync 1 DAGs
[2022-12-03T14:40:46.897+0000] {logging_mixin.py:137} INFO - [2022-12-03T14:40:46.897+0000] {dag.py:3427} INFO - Setting next_dagrun for example_skip_dag to 2022-12-02T14:40:46.897133+00:00, run_after=2022-12-03T14:40:46.897133+00:00
[2022-12-03T14:40:46.924+0000] {processor.py:175} INFO - Processing /home/airflow/.local/lib/python3.7/site-packages/airflow/example_dags/example_skip_dag.py took 0.137 seconds
[2022-12-03T14:41:17.211+0000] {processor.py:153} INFO - Started process (PID=1066) to work on /home/airflow/.local/lib/python3.7/site-packages/airflow/example_dags/example_skip_dag.py
[2022-12-03T14:41:17.212+0000] {processor.py:743} INFO - Processing file /home/airflow/.local/lib/python3.7/site-packages/airflow/example_dags/example_skip_dag.py for tasks to queue
[2022-12-03T14:41:17.213+0000] {logging_mixin.py:137} INFO - [2022-12-03T14:41:17.213+0000] {dagbag.py:538} INFO - Filling up the DagBag from /home/airflow/.local/lib/python3.7/site-packages/airflow/example_dags/example_skip_dag.py
[2022-12-03T14:41:17.280+0000] {processor.py:753} INFO - DAG(s) dict_keys(['example_skip_dag']) retrieved from /home/airflow/.local/lib/python3.7/site-packages/airflow/example_dags/example_skip_dag.py
[2022-12-03T14:41:17.419+0000] {logging_mixin.py:137} INFO - [2022-12-03T14:41:17.419+0000] {dag.py:2676} INFO - Sync 1 DAGs
[2022-12-03T14:41:17.513+0000] {logging_mixin.py:137} INFO - [2022-12-03T14:41:17.513+0000] {dag.py:3427} INFO - Setting next_dagrun for example_skip_dag to 2022-12-02T14:41:17.512721+00:00, run_after=2022-12-03T14:41:17.512721+00:00
[2022-12-03T14:41:17.606+0000] {processor.py:175} INFO - Processing /home/airflow/.local/lib/python3.7/site-packages/airflow/example_dags/example_skip_dag.py took 0.398 seconds
[2022-12-03T14:41:48.421+0000] {processor.py:153} INFO - Started process (PID=1152) to work on /home/airflow/.local/lib/python3.7/site-packages/airflow/example_dags/example_skip_dag.py
[2022-12-03T14:41:48.422+0000] {processor.py:743} INFO - Processing file /home/airflow/.local/lib/python3.7/site-packages/airflow/example_dags/example_skip_dag.py for tasks to queue
[2022-12-03T14:41:48.423+0000] {logging_mixin.py:137} INFO - [2022-12-03T14:41:48.423+0000] {dagbag.py:538} INFO - Filling up the DagBag from /home/airflow/.local/lib/python3.7/site-packages/airflow/example_dags/example_skip_dag.py
[2022-12-03T14:41:48.437+0000] {processor.py:753} INFO - DAG(s) dict_keys(['example_skip_dag']) retrieved from /home/airflow/.local/lib/python3.7/site-packages/airflow/example_dags/example_skip_dag.py
[2022-12-03T14:41:48.480+0000] {logging_mixin.py:137} INFO - [2022-12-03T14:41:48.480+0000] {dag.py:2676} INFO - Sync 1 DAGs
[2022-12-03T14:41:48.509+0000] {logging_mixin.py:137} INFO - [2022-12-03T14:41:48.509+0000] {dag.py:3427} INFO - Setting next_dagrun for example_skip_dag to 2022-12-02T14:41:48.508819+00:00, run_after=2022-12-03T14:41:48.508819+00:00
[2022-12-03T14:41:48.532+0000] {processor.py:175} INFO - Processing /home/airflow/.local/lib/python3.7/site-packages/airflow/example_dags/example_skip_dag.py took 0.113 seconds
[2022-12-03T14:42:18.981+0000] {processor.py:153} INFO - Started process (PID=1238) to work on /home/airflow/.local/lib/python3.7/site-packages/airflow/example_dags/example_skip_dag.py
[2022-12-03T14:42:18.982+0000] {processor.py:743} INFO - Processing file /home/airflow/.local/lib/python3.7/site-packages/airflow/example_dags/example_skip_dag.py for tasks to queue
[2022-12-03T14:42:18.983+0000] {logging_mixin.py:137} INFO - [2022-12-03T14:42:18.983+0000] {dagbag.py:538} INFO - Filling up the DagBag from /home/airflow/.local/lib/python3.7/site-packages/airflow/example_dags/example_skip_dag.py
[2022-12-03T14:42:18.997+0000] {processor.py:753} INFO - DAG(s) dict_keys(['example_skip_dag']) retrieved from /home/airflow/.local/lib/python3.7/site-packages/airflow/example_dags/example_skip_dag.py
[2022-12-03T14:42:19.038+0000] {logging_mixin.py:137} INFO - [2022-12-03T14:42:19.038+0000] {dag.py:2676} INFO - Sync 1 DAGs
[2022-12-03T14:42:19.083+0000] {logging_mixin.py:137} INFO - [2022-12-03T14:42:19.083+0000] {dag.py:3427} INFO - Setting next_dagrun for example_skip_dag to 2022-12-02T14:42:19.083414+00:00, run_after=2022-12-03T14:42:19.083414+00:00
[2022-12-03T14:42:19.105+0000] {processor.py:175} INFO - Processing /home/airflow/.local/lib/python3.7/site-packages/airflow/example_dags/example_skip_dag.py took 0.127 seconds
[2022-12-03T14:42:49.602+0000] {processor.py:153} INFO - Started process (PID=1348) to work on /home/airflow/.local/lib/python3.7/site-packages/airflow/example_dags/example_skip_dag.py
[2022-12-03T14:42:49.603+0000] {processor.py:743} INFO - Processing file /home/airflow/.local/lib/python3.7/site-packages/airflow/example_dags/example_skip_dag.py for tasks to queue
[2022-12-03T14:42:49.603+0000] {logging_mixin.py:137} INFO - [2022-12-03T14:42:49.603+0000] {dagbag.py:538} INFO - Filling up the DagBag from /home/airflow/.local/lib/python3.7/site-packages/airflow/example_dags/example_skip_dag.py
[2022-12-03T14:42:49.616+0000] {processor.py:753} INFO - DAG(s) dict_keys(['example_skip_dag']) retrieved from /home/airflow/.local/lib/python3.7/site-packages/airflow/example_dags/example_skip_dag.py
[2022-12-03T14:42:49.693+0000] {logging_mixin.py:137} INFO - [2022-12-03T14:42:49.693+0000] {dag.py:2676} INFO - Sync 1 DAGs
[2022-12-03T14:42:49.721+0000] {logging_mixin.py:137} INFO - [2022-12-03T14:42:49.720+0000] {dag.py:3427} INFO - Setting next_dagrun for example_skip_dag to 2022-12-02T14:42:49.720694+00:00, run_after=2022-12-03T14:42:49.720694+00:00
[2022-12-03T14:42:49.737+0000] {processor.py:175} INFO - Processing /home/airflow/.local/lib/python3.7/site-packages/airflow/example_dags/example_skip_dag.py took 0.138 seconds
[2022-12-03T14:43:19.930+0000] {processor.py:153} INFO - Started process (PID=1433) to work on /home/airflow/.local/lib/python3.7/site-packages/airflow/example_dags/example_skip_dag.py
[2022-12-03T14:43:19.931+0000] {processor.py:743} INFO - Processing file /home/airflow/.local/lib/python3.7/site-packages/airflow/example_dags/example_skip_dag.py for tasks to queue
[2022-12-03T14:43:19.931+0000] {logging_mixin.py:137} INFO - [2022-12-03T14:43:19.931+0000] {dagbag.py:538} INFO - Filling up the DagBag from /home/airflow/.local/lib/python3.7/site-packages/airflow/example_dags/example_skip_dag.py
[2022-12-03T14:43:19.945+0000] {processor.py:753} INFO - DAG(s) dict_keys(['example_skip_dag']) retrieved from /home/airflow/.local/lib/python3.7/site-packages/airflow/example_dags/example_skip_dag.py
[2022-12-03T14:43:19.989+0000] {logging_mixin.py:137} INFO - [2022-12-03T14:43:19.989+0000] {dag.py:2676} INFO - Sync 1 DAGs
[2022-12-03T14:43:20.015+0000] {logging_mixin.py:137} INFO - [2022-12-03T14:43:20.015+0000] {dag.py:3427} INFO - Setting next_dagrun for example_skip_dag to 2022-12-02T14:43:20.015470+00:00, run_after=2022-12-03T14:43:20.015470+00:00
[2022-12-03T14:43:20.033+0000] {processor.py:175} INFO - Processing /home/airflow/.local/lib/python3.7/site-packages/airflow/example_dags/example_skip_dag.py took 0.106 seconds
[2022-12-03T14:43:50.194+0000] {processor.py:153} INFO - Started process (PID=1543) to work on /home/airflow/.local/lib/python3.7/site-packages/airflow/example_dags/example_skip_dag.py
[2022-12-03T14:43:50.195+0000] {processor.py:743} INFO - Processing file /home/airflow/.local/lib/python3.7/site-packages/airflow/example_dags/example_skip_dag.py for tasks to queue
[2022-12-03T14:43:50.196+0000] {logging_mixin.py:137} INFO - [2022-12-03T14:43:50.196+0000] {dagbag.py:538} INFO - Filling up the DagBag from /home/airflow/.local/lib/python3.7/site-packages/airflow/example_dags/example_skip_dag.py
[2022-12-03T14:43:50.210+0000] {processor.py:753} INFO - DAG(s) dict_keys(['example_skip_dag']) retrieved from /home/airflow/.local/lib/python3.7/site-packages/airflow/example_dags/example_skip_dag.py
[2022-12-03T14:43:50.248+0000] {logging_mixin.py:137} INFO - [2022-12-03T14:43:50.248+0000] {dag.py:2676} INFO - Sync 1 DAGs
[2022-12-03T14:43:50.281+0000] {logging_mixin.py:137} INFO - [2022-12-03T14:43:50.281+0000] {dag.py:3427} INFO - Setting next_dagrun for example_skip_dag to 2022-12-02T14:43:50.281239+00:00, run_after=2022-12-03T14:43:50.281239+00:00
[2022-12-03T14:43:50.298+0000] {processor.py:175} INFO - Processing /home/airflow/.local/lib/python3.7/site-packages/airflow/example_dags/example_skip_dag.py took 0.107 seconds
