[2022-12-03T14:36:07.036+0000] {processor.py:153} INFO - Started process (PID=103) to work on /home/airflow/.local/lib/python3.7/site-packages/airflow/example_dags/example_nested_branch_dag.py
[2022-12-03T14:36:07.037+0000] {processor.py:743} INFO - Processing file /home/airflow/.local/lib/python3.7/site-packages/airflow/example_dags/example_nested_branch_dag.py for tasks to queue
[2022-12-03T14:36:07.038+0000] {logging_mixin.py:137} INFO - [2022-12-03T14:36:07.037+0000] {dagbag.py:538} INFO - Filling up the DagBag from /home/airflow/.local/lib/python3.7/site-packages/airflow/example_dags/example_nested_branch_dag.py
[2022-12-03T14:36:07.095+0000] {processor.py:753} INFO - DAG(s) dict_keys(['example_nested_branch_dag']) retrieved from /home/airflow/.local/lib/python3.7/site-packages/airflow/example_dags/example_nested_branch_dag.py
[2022-12-03T14:36:07.138+0000] {logging_mixin.py:137} INFO - [2022-12-03T14:36:07.138+0000] {dag.py:2676} INFO - Sync 1 DAGs
[2022-12-03T14:36:07.184+0000] {logging_mixin.py:137} INFO - [2022-12-03T14:36:07.184+0000] {dag.py:3427} INFO - Setting next_dagrun for example_nested_branch_dag to 2022-12-02T00:00:00+00:00, run_after=2022-12-03T00:00:00+00:00
[2022-12-03T14:36:07.206+0000] {processor.py:175} INFO - Processing /home/airflow/.local/lib/python3.7/site-packages/airflow/example_dags/example_nested_branch_dag.py took 0.175 seconds
[2022-12-03T14:36:37.530+0000] {processor.py:153} INFO - Started process (PID=189) to work on /home/airflow/.local/lib/python3.7/site-packages/airflow/example_dags/example_nested_branch_dag.py
[2022-12-03T14:36:37.531+0000] {processor.py:743} INFO - Processing file /home/airflow/.local/lib/python3.7/site-packages/airflow/example_dags/example_nested_branch_dag.py for tasks to queue
[2022-12-03T14:36:37.532+0000] {logging_mixin.py:137} INFO - [2022-12-03T14:36:37.532+0000] {dagbag.py:538} INFO - Filling up the DagBag from /home/airflow/.local/lib/python3.7/site-packages/airflow/example_dags/example_nested_branch_dag.py
[2022-12-03T14:36:37.589+0000] {processor.py:753} INFO - DAG(s) dict_keys(['example_nested_branch_dag']) retrieved from /home/airflow/.local/lib/python3.7/site-packages/airflow/example_dags/example_nested_branch_dag.py
[2022-12-03T14:36:37.626+0000] {logging_mixin.py:137} INFO - [2022-12-03T14:36:37.626+0000] {dag.py:2676} INFO - Sync 1 DAGs
[2022-12-03T14:36:37.679+0000] {logging_mixin.py:137} INFO - [2022-12-03T14:36:37.679+0000] {dag.py:3427} INFO - Setting next_dagrun for example_nested_branch_dag to 2022-12-02T00:00:00+00:00, run_after=2022-12-03T00:00:00+00:00
[2022-12-03T14:36:37.697+0000] {processor.py:175} INFO - Processing /home/airflow/.local/lib/python3.7/site-packages/airflow/example_dags/example_nested_branch_dag.py took 0.169 seconds
[2022-12-03T14:37:08.910+0000] {processor.py:153} INFO - Started process (PID=284) to work on /home/airflow/.local/lib/python3.7/site-packages/airflow/example_dags/example_nested_branch_dag.py
[2022-12-03T14:37:08.910+0000] {processor.py:743} INFO - Processing file /home/airflow/.local/lib/python3.7/site-packages/airflow/example_dags/example_nested_branch_dag.py for tasks to queue
[2022-12-03T14:37:08.911+0000] {logging_mixin.py:137} INFO - [2022-12-03T14:37:08.911+0000] {dagbag.py:538} INFO - Filling up the DagBag from /home/airflow/.local/lib/python3.7/site-packages/airflow/example_dags/example_nested_branch_dag.py
[2022-12-03T14:37:08.987+0000] {processor.py:753} INFO - DAG(s) dict_keys(['example_nested_branch_dag']) retrieved from /home/airflow/.local/lib/python3.7/site-packages/airflow/example_dags/example_nested_branch_dag.py
[2022-12-03T14:37:09.085+0000] {logging_mixin.py:137} INFO - [2022-12-03T14:37:09.085+0000] {dag.py:2676} INFO - Sync 1 DAGs
[2022-12-03T14:37:09.114+0000] {logging_mixin.py:137} INFO - [2022-12-03T14:37:09.113+0000] {dag.py:3427} INFO - Setting next_dagrun for example_nested_branch_dag to 2022-12-02T00:00:00+00:00, run_after=2022-12-03T00:00:00+00:00
[2022-12-03T14:37:09.188+0000] {processor.py:175} INFO - Processing /home/airflow/.local/lib/python3.7/site-packages/airflow/example_dags/example_nested_branch_dag.py took 0.281 seconds
[2022-12-03T14:37:39.686+0000] {processor.py:153} INFO - Started process (PID=385) to work on /home/airflow/.local/lib/python3.7/site-packages/airflow/example_dags/example_nested_branch_dag.py
[2022-12-03T14:37:39.687+0000] {processor.py:743} INFO - Processing file /home/airflow/.local/lib/python3.7/site-packages/airflow/example_dags/example_nested_branch_dag.py for tasks to queue
[2022-12-03T14:37:39.688+0000] {logging_mixin.py:137} INFO - [2022-12-03T14:37:39.688+0000] {dagbag.py:538} INFO - Filling up the DagBag from /home/airflow/.local/lib/python3.7/site-packages/airflow/example_dags/example_nested_branch_dag.py
[2022-12-03T14:37:39.712+0000] {processor.py:753} INFO - DAG(s) dict_keys(['example_nested_branch_dag']) retrieved from /home/airflow/.local/lib/python3.7/site-packages/airflow/example_dags/example_nested_branch_dag.py
[2022-12-03T14:37:39.793+0000] {logging_mixin.py:137} INFO - [2022-12-03T14:37:39.793+0000] {dag.py:2676} INFO - Sync 1 DAGs
[2022-12-03T14:37:39.817+0000] {logging_mixin.py:137} INFO - [2022-12-03T14:37:39.817+0000] {dag.py:3427} INFO - Setting next_dagrun for example_nested_branch_dag to 2022-12-02T00:00:00+00:00, run_after=2022-12-03T00:00:00+00:00
[2022-12-03T14:37:39.893+0000] {processor.py:175} INFO - Processing /home/airflow/.local/lib/python3.7/site-packages/airflow/example_dags/example_nested_branch_dag.py took 0.210 seconds
[2022-12-03T14:38:09.940+0000] {processor.py:153} INFO - Started process (PID=471) to work on /home/airflow/.local/lib/python3.7/site-packages/airflow/example_dags/example_nested_branch_dag.py
[2022-12-03T14:38:09.941+0000] {processor.py:743} INFO - Processing file /home/airflow/.local/lib/python3.7/site-packages/airflow/example_dags/example_nested_branch_dag.py for tasks to queue
[2022-12-03T14:38:09.942+0000] {logging_mixin.py:137} INFO - [2022-12-03T14:38:09.942+0000] {dagbag.py:538} INFO - Filling up the DagBag from /home/airflow/.local/lib/python3.7/site-packages/airflow/example_dags/example_nested_branch_dag.py
[2022-12-03T14:38:09.966+0000] {processor.py:753} INFO - DAG(s) dict_keys(['example_nested_branch_dag']) retrieved from /home/airflow/.local/lib/python3.7/site-packages/airflow/example_dags/example_nested_branch_dag.py
[2022-12-03T14:38:10.009+0000] {logging_mixin.py:137} INFO - [2022-12-03T14:38:10.009+0000] {dag.py:2676} INFO - Sync 1 DAGs
[2022-12-03T14:38:10.037+0000] {logging_mixin.py:137} INFO - [2022-12-03T14:38:10.037+0000] {dag.py:3427} INFO - Setting next_dagrun for example_nested_branch_dag to 2022-12-02T00:00:00+00:00, run_after=2022-12-03T00:00:00+00:00
[2022-12-03T14:38:10.054+0000] {processor.py:175} INFO - Processing /home/airflow/.local/lib/python3.7/site-packages/airflow/example_dags/example_nested_branch_dag.py took 0.117 seconds
[2022-12-03T14:38:40.806+0000] {processor.py:153} INFO - Started process (PID=580) to work on /home/airflow/.local/lib/python3.7/site-packages/airflow/example_dags/example_nested_branch_dag.py
[2022-12-03T14:38:40.806+0000] {processor.py:743} INFO - Processing file /home/airflow/.local/lib/python3.7/site-packages/airflow/example_dags/example_nested_branch_dag.py for tasks to queue
[2022-12-03T14:38:40.807+0000] {logging_mixin.py:137} INFO - [2022-12-03T14:38:40.807+0000] {dagbag.py:538} INFO - Filling up the DagBag from /home/airflow/.local/lib/python3.7/site-packages/airflow/example_dags/example_nested_branch_dag.py
[2022-12-03T14:38:40.832+0000] {processor.py:753} INFO - DAG(s) dict_keys(['example_nested_branch_dag']) retrieved from /home/airflow/.local/lib/python3.7/site-packages/airflow/example_dags/example_nested_branch_dag.py
[2022-12-03T14:38:40.867+0000] {logging_mixin.py:137} INFO - [2022-12-03T14:38:40.866+0000] {dag.py:2676} INFO - Sync 1 DAGs
[2022-12-03T14:38:40.898+0000] {logging_mixin.py:137} INFO - [2022-12-03T14:38:40.898+0000] {dag.py:3427} INFO - Setting next_dagrun for example_nested_branch_dag to 2022-12-02T00:00:00+00:00, run_after=2022-12-03T00:00:00+00:00
[2022-12-03T14:38:40.916+0000] {processor.py:175} INFO - Processing /home/airflow/.local/lib/python3.7/site-packages/airflow/example_dags/example_nested_branch_dag.py took 0.113 seconds
[2022-12-03T14:39:11.101+0000] {processor.py:153} INFO - Started process (PID=666) to work on /home/airflow/.local/lib/python3.7/site-packages/airflow/example_dags/example_nested_branch_dag.py
[2022-12-03T14:39:11.102+0000] {processor.py:743} INFO - Processing file /home/airflow/.local/lib/python3.7/site-packages/airflow/example_dags/example_nested_branch_dag.py for tasks to queue
[2022-12-03T14:39:11.102+0000] {logging_mixin.py:137} INFO - [2022-12-03T14:39:11.102+0000] {dagbag.py:538} INFO - Filling up the DagBag from /home/airflow/.local/lib/python3.7/site-packages/airflow/example_dags/example_nested_branch_dag.py
[2022-12-03T14:39:11.126+0000] {processor.py:753} INFO - DAG(s) dict_keys(['example_nested_branch_dag']) retrieved from /home/airflow/.local/lib/python3.7/site-packages/airflow/example_dags/example_nested_branch_dag.py
[2022-12-03T14:39:11.162+0000] {logging_mixin.py:137} INFO - [2022-12-03T14:39:11.162+0000] {dag.py:2676} INFO - Sync 1 DAGs
[2022-12-03T14:39:11.194+0000] {logging_mixin.py:137} INFO - [2022-12-03T14:39:11.194+0000] {dag.py:3427} INFO - Setting next_dagrun for example_nested_branch_dag to 2022-12-02T00:00:00+00:00, run_after=2022-12-03T00:00:00+00:00
[2022-12-03T14:39:11.212+0000] {processor.py:175} INFO - Processing /home/airflow/.local/lib/python3.7/site-packages/airflow/example_dags/example_nested_branch_dag.py took 0.114 seconds
[2022-12-03T14:39:41.236+0000] {processor.py:153} INFO - Started process (PID=752) to work on /home/airflow/.local/lib/python3.7/site-packages/airflow/example_dags/example_nested_branch_dag.py
[2022-12-03T14:39:41.237+0000] {processor.py:743} INFO - Processing file /home/airflow/.local/lib/python3.7/site-packages/airflow/example_dags/example_nested_branch_dag.py for tasks to queue
[2022-12-03T14:39:41.238+0000] {logging_mixin.py:137} INFO - [2022-12-03T14:39:41.238+0000] {dagbag.py:538} INFO - Filling up the DagBag from /home/airflow/.local/lib/python3.7/site-packages/airflow/example_dags/example_nested_branch_dag.py
[2022-12-03T14:39:41.262+0000] {processor.py:753} INFO - DAG(s) dict_keys(['example_nested_branch_dag']) retrieved from /home/airflow/.local/lib/python3.7/site-packages/airflow/example_dags/example_nested_branch_dag.py
[2022-12-03T14:39:41.305+0000] {logging_mixin.py:137} INFO - [2022-12-03T14:39:41.305+0000] {dag.py:2676} INFO - Sync 1 DAGs
[2022-12-03T14:39:41.331+0000] {logging_mixin.py:137} INFO - [2022-12-03T14:39:41.330+0000] {dag.py:3427} INFO - Setting next_dagrun for example_nested_branch_dag to 2022-12-02T00:00:00+00:00, run_after=2022-12-03T00:00:00+00:00
[2022-12-03T14:39:41.348+0000] {processor.py:175} INFO - Processing /home/airflow/.local/lib/python3.7/site-packages/airflow/example_dags/example_nested_branch_dag.py took 0.115 seconds
[2022-12-03T14:40:11.757+0000] {processor.py:153} INFO - Started process (PID=862) to work on /home/airflow/.local/lib/python3.7/site-packages/airflow/example_dags/example_nested_branch_dag.py
[2022-12-03T14:40:11.758+0000] {processor.py:743} INFO - Processing file /home/airflow/.local/lib/python3.7/site-packages/airflow/example_dags/example_nested_branch_dag.py for tasks to queue
[2022-12-03T14:40:11.758+0000] {logging_mixin.py:137} INFO - [2022-12-03T14:40:11.758+0000] {dagbag.py:538} INFO - Filling up the DagBag from /home/airflow/.local/lib/python3.7/site-packages/airflow/example_dags/example_nested_branch_dag.py
[2022-12-03T14:40:11.801+0000] {processor.py:753} INFO - DAG(s) dict_keys(['example_nested_branch_dag']) retrieved from /home/airflow/.local/lib/python3.7/site-packages/airflow/example_dags/example_nested_branch_dag.py
[2022-12-03T14:40:11.839+0000] {logging_mixin.py:137} INFO - [2022-12-03T14:40:11.839+0000] {dag.py:2676} INFO - Sync 1 DAGs
[2022-12-03T14:40:11.865+0000] {logging_mixin.py:137} INFO - [2022-12-03T14:40:11.865+0000] {dag.py:3427} INFO - Setting next_dagrun for example_nested_branch_dag to 2022-12-02T00:00:00+00:00, run_after=2022-12-03T00:00:00+00:00
[2022-12-03T14:40:11.905+0000] {processor.py:175} INFO - Processing /home/airflow/.local/lib/python3.7/site-packages/airflow/example_dags/example_nested_branch_dag.py took 0.151 seconds
[2022-12-03T14:40:41.986+0000] {processor.py:153} INFO - Started process (PID=948) to work on /home/airflow/.local/lib/python3.7/site-packages/airflow/example_dags/example_nested_branch_dag.py
[2022-12-03T14:40:41.987+0000] {processor.py:743} INFO - Processing file /home/airflow/.local/lib/python3.7/site-packages/airflow/example_dags/example_nested_branch_dag.py for tasks to queue
[2022-12-03T14:40:41.988+0000] {logging_mixin.py:137} INFO - [2022-12-03T14:40:41.988+0000] {dagbag.py:538} INFO - Filling up the DagBag from /home/airflow/.local/lib/python3.7/site-packages/airflow/example_dags/example_nested_branch_dag.py
[2022-12-03T14:40:42.030+0000] {processor.py:753} INFO - DAG(s) dict_keys(['example_nested_branch_dag']) retrieved from /home/airflow/.local/lib/python3.7/site-packages/airflow/example_dags/example_nested_branch_dag.py
[2022-12-03T14:40:42.118+0000] {logging_mixin.py:137} INFO - [2022-12-03T14:40:42.117+0000] {dag.py:2676} INFO - Sync 1 DAGs
[2022-12-03T14:40:42.155+0000] {logging_mixin.py:137} INFO - [2022-12-03T14:40:42.154+0000] {dag.py:3427} INFO - Setting next_dagrun for example_nested_branch_dag to 2022-12-02T00:00:00+00:00, run_after=2022-12-03T00:00:00+00:00
[2022-12-03T14:40:42.175+0000] {processor.py:175} INFO - Processing /home/airflow/.local/lib/python3.7/site-packages/airflow/example_dags/example_nested_branch_dag.py took 0.200 seconds
[2022-12-03T14:41:12.933+0000] {processor.py:153} INFO - Started process (PID=1041) to work on /home/airflow/.local/lib/python3.7/site-packages/airflow/example_dags/example_nested_branch_dag.py
[2022-12-03T14:41:12.967+0000] {processor.py:743} INFO - Processing file /home/airflow/.local/lib/python3.7/site-packages/airflow/example_dags/example_nested_branch_dag.py for tasks to queue
[2022-12-03T14:41:12.968+0000] {logging_mixin.py:137} INFO - [2022-12-03T14:41:12.968+0000] {dagbag.py:538} INFO - Filling up the DagBag from /home/airflow/.local/lib/python3.7/site-packages/airflow/example_dags/example_nested_branch_dag.py
[2022-12-03T14:41:13.005+0000] {processor.py:753} INFO - DAG(s) dict_keys(['example_nested_branch_dag']) retrieved from /home/airflow/.local/lib/python3.7/site-packages/airflow/example_dags/example_nested_branch_dag.py
[2022-12-03T14:41:13.092+0000] {logging_mixin.py:137} INFO - [2022-12-03T14:41:13.091+0000] {dag.py:2676} INFO - Sync 1 DAGs
[2022-12-03T14:41:13.127+0000] {logging_mixin.py:137} INFO - [2022-12-03T14:41:13.127+0000] {dag.py:3427} INFO - Setting next_dagrun for example_nested_branch_dag to 2022-12-02T00:00:00+00:00, run_after=2022-12-03T00:00:00+00:00
[2022-12-03T14:41:13.185+0000] {processor.py:175} INFO - Processing /home/airflow/.local/lib/python3.7/site-packages/airflow/example_dags/example_nested_branch_dag.py took 0.255 seconds
[2022-12-03T14:41:43.328+0000] {processor.py:153} INFO - Started process (PID=1144) to work on /home/airflow/.local/lib/python3.7/site-packages/airflow/example_dags/example_nested_branch_dag.py
[2022-12-03T14:41:43.329+0000] {processor.py:743} INFO - Processing file /home/airflow/.local/lib/python3.7/site-packages/airflow/example_dags/example_nested_branch_dag.py for tasks to queue
[2022-12-03T14:41:43.330+0000] {logging_mixin.py:137} INFO - [2022-12-03T14:41:43.329+0000] {dagbag.py:538} INFO - Filling up the DagBag from /home/airflow/.local/lib/python3.7/site-packages/airflow/example_dags/example_nested_branch_dag.py
[2022-12-03T14:41:43.354+0000] {processor.py:753} INFO - DAG(s) dict_keys(['example_nested_branch_dag']) retrieved from /home/airflow/.local/lib/python3.7/site-packages/airflow/example_dags/example_nested_branch_dag.py
[2022-12-03T14:41:43.420+0000] {logging_mixin.py:137} INFO - [2022-12-03T14:41:43.419+0000] {dag.py:2676} INFO - Sync 1 DAGs
[2022-12-03T14:41:43.450+0000] {logging_mixin.py:137} INFO - [2022-12-03T14:41:43.450+0000] {dag.py:3427} INFO - Setting next_dagrun for example_nested_branch_dag to 2022-12-02T00:00:00+00:00, run_after=2022-12-03T00:00:00+00:00
[2022-12-03T14:41:43.500+0000] {processor.py:175} INFO - Processing /home/airflow/.local/lib/python3.7/site-packages/airflow/example_dags/example_nested_branch_dag.py took 0.174 seconds
[2022-12-03T14:42:14.123+0000] {processor.py:153} INFO - Started process (PID=1230) to work on /home/airflow/.local/lib/python3.7/site-packages/airflow/example_dags/example_nested_branch_dag.py
[2022-12-03T14:42:14.124+0000] {processor.py:743} INFO - Processing file /home/airflow/.local/lib/python3.7/site-packages/airflow/example_dags/example_nested_branch_dag.py for tasks to queue
[2022-12-03T14:42:14.124+0000] {logging_mixin.py:137} INFO - [2022-12-03T14:42:14.124+0000] {dagbag.py:538} INFO - Filling up the DagBag from /home/airflow/.local/lib/python3.7/site-packages/airflow/example_dags/example_nested_branch_dag.py
[2022-12-03T14:42:14.199+0000] {processor.py:753} INFO - DAG(s) dict_keys(['example_nested_branch_dag']) retrieved from /home/airflow/.local/lib/python3.7/site-packages/airflow/example_dags/example_nested_branch_dag.py
[2022-12-03T14:42:14.288+0000] {logging_mixin.py:137} INFO - [2022-12-03T14:42:14.288+0000] {dag.py:2676} INFO - Sync 1 DAGs
[2022-12-03T14:42:14.314+0000] {logging_mixin.py:137} INFO - [2022-12-03T14:42:14.314+0000] {dag.py:3427} INFO - Setting next_dagrun for example_nested_branch_dag to 2022-12-02T00:00:00+00:00, run_after=2022-12-03T00:00:00+00:00
[2022-12-03T14:42:14.331+0000] {processor.py:175} INFO - Processing /home/airflow/.local/lib/python3.7/site-packages/airflow/example_dags/example_nested_branch_dag.py took 0.211 seconds
[2022-12-03T14:42:44.856+0000] {processor.py:153} INFO - Started process (PID=1316) to work on /home/airflow/.local/lib/python3.7/site-packages/airflow/example_dags/example_nested_branch_dag.py
[2022-12-03T14:42:44.857+0000] {processor.py:743} INFO - Processing file /home/airflow/.local/lib/python3.7/site-packages/airflow/example_dags/example_nested_branch_dag.py for tasks to queue
[2022-12-03T14:42:44.858+0000] {logging_mixin.py:137} INFO - [2022-12-03T14:42:44.858+0000] {dagbag.py:538} INFO - Filling up the DagBag from /home/airflow/.local/lib/python3.7/site-packages/airflow/example_dags/example_nested_branch_dag.py
[2022-12-03T14:42:44.891+0000] {processor.py:753} INFO - DAG(s) dict_keys(['example_nested_branch_dag']) retrieved from /home/airflow/.local/lib/python3.7/site-packages/airflow/example_dags/example_nested_branch_dag.py
[2022-12-03T14:42:44.931+0000] {logging_mixin.py:137} INFO - [2022-12-03T14:42:44.931+0000] {dag.py:2676} INFO - Sync 1 DAGs
[2022-12-03T14:42:44.959+0000] {logging_mixin.py:137} INFO - [2022-12-03T14:42:44.959+0000] {dag.py:3427} INFO - Setting next_dagrun for example_nested_branch_dag to 2022-12-02T00:00:00+00:00, run_after=2022-12-03T00:00:00+00:00
[2022-12-03T14:42:44.997+0000] {processor.py:175} INFO - Processing /home/airflow/.local/lib/python3.7/site-packages/airflow/example_dags/example_nested_branch_dag.py took 0.144 seconds
[2022-12-03T14:43:15.256+0000] {processor.py:153} INFO - Started process (PID=1425) to work on /home/airflow/.local/lib/python3.7/site-packages/airflow/example_dags/example_nested_branch_dag.py
[2022-12-03T14:43:15.257+0000] {processor.py:743} INFO - Processing file /home/airflow/.local/lib/python3.7/site-packages/airflow/example_dags/example_nested_branch_dag.py for tasks to queue
[2022-12-03T14:43:15.257+0000] {logging_mixin.py:137} INFO - [2022-12-03T14:43:15.257+0000] {dagbag.py:538} INFO - Filling up the DagBag from /home/airflow/.local/lib/python3.7/site-packages/airflow/example_dags/example_nested_branch_dag.py
[2022-12-03T14:43:15.294+0000] {processor.py:753} INFO - DAG(s) dict_keys(['example_nested_branch_dag']) retrieved from /home/airflow/.local/lib/python3.7/site-packages/airflow/example_dags/example_nested_branch_dag.py
[2022-12-03T14:43:15.331+0000] {logging_mixin.py:137} INFO - [2022-12-03T14:43:15.331+0000] {dag.py:2676} INFO - Sync 1 DAGs
[2022-12-03T14:43:15.358+0000] {logging_mixin.py:137} INFO - [2022-12-03T14:43:15.358+0000] {dag.py:3427} INFO - Setting next_dagrun for example_nested_branch_dag to 2022-12-02T00:00:00+00:00, run_after=2022-12-03T00:00:00+00:00
[2022-12-03T14:43:15.389+0000] {processor.py:175} INFO - Processing /home/airflow/.local/lib/python3.7/site-packages/airflow/example_dags/example_nested_branch_dag.py took 0.136 seconds
[2022-12-03T14:43:45.428+0000] {processor.py:153} INFO - Started process (PID=1511) to work on /home/airflow/.local/lib/python3.7/site-packages/airflow/example_dags/example_nested_branch_dag.py
[2022-12-03T14:43:45.429+0000] {processor.py:743} INFO - Processing file /home/airflow/.local/lib/python3.7/site-packages/airflow/example_dags/example_nested_branch_dag.py for tasks to queue
[2022-12-03T14:43:45.429+0000] {logging_mixin.py:137} INFO - [2022-12-03T14:43:45.429+0000] {dagbag.py:538} INFO - Filling up the DagBag from /home/airflow/.local/lib/python3.7/site-packages/airflow/example_dags/example_nested_branch_dag.py
[2022-12-03T14:43:45.453+0000] {processor.py:753} INFO - DAG(s) dict_keys(['example_nested_branch_dag']) retrieved from /home/airflow/.local/lib/python3.7/site-packages/airflow/example_dags/example_nested_branch_dag.py
[2022-12-03T14:43:45.497+0000] {logging_mixin.py:137} INFO - [2022-12-03T14:43:45.497+0000] {dag.py:2676} INFO - Sync 1 DAGs
[2022-12-03T14:43:45.522+0000] {logging_mixin.py:137} INFO - [2022-12-03T14:43:45.521+0000] {dag.py:3427} INFO - Setting next_dagrun for example_nested_branch_dag to 2022-12-02T00:00:00+00:00, run_after=2022-12-03T00:00:00+00:00
[2022-12-03T14:43:45.538+0000] {processor.py:175} INFO - Processing /home/airflow/.local/lib/python3.7/site-packages/airflow/example_dags/example_nested_branch_dag.py took 0.112 seconds
