[2022-12-03T14:36:13.494+0000] {processor.py:153} INFO - Started process (PID=119) to work on /home/airflow/.local/lib/python3.7/site-packages/airflow/example_dags/example_xcomargs.py
[2022-12-03T14:36:13.495+0000] {processor.py:743} INFO - Processing file /home/airflow/.local/lib/python3.7/site-packages/airflow/example_dags/example_xcomargs.py for tasks to queue
[2022-12-03T14:36:13.496+0000] {logging_mixin.py:137} INFO - [2022-12-03T14:36:13.496+0000] {dagbag.py:538} INFO - Filling up the DagBag from /home/airflow/.local/lib/python3.7/site-packages/airflow/example_dags/example_xcomargs.py
[2022-12-03T14:36:13.525+0000] {processor.py:753} INFO - DAG(s) dict_keys(['example_xcom_args', 'example_xcom_args_with_operators']) retrieved from /home/airflow/.local/lib/python3.7/site-packages/airflow/example_dags/example_xcomargs.py
[2022-12-03T14:36:13.564+0000] {logging_mixin.py:137} INFO - [2022-12-03T14:36:13.564+0000] {dag.py:2676} INFO - Sync 2 DAGs
[2022-12-03T14:36:13.611+0000] {logging_mixin.py:137} INFO - [2022-12-03T14:36:13.611+0000] {dag.py:3427} INFO - Setting next_dagrun for example_xcom_args to None, run_after=None
[2022-12-03T14:36:13.615+0000] {logging_mixin.py:137} INFO - [2022-12-03T14:36:13.614+0000] {dag.py:3427} INFO - Setting next_dagrun for example_xcom_args_with_operators to None, run_after=None
[2022-12-03T14:36:13.631+0000] {processor.py:175} INFO - Processing /home/airflow/.local/lib/python3.7/site-packages/airflow/example_dags/example_xcomargs.py took 0.144 seconds
[2022-12-03T14:36:44.110+0000] {processor.py:153} INFO - Started process (PID=229) to work on /home/airflow/.local/lib/python3.7/site-packages/airflow/example_dags/example_xcomargs.py
[2022-12-03T14:36:44.110+0000] {processor.py:743} INFO - Processing file /home/airflow/.local/lib/python3.7/site-packages/airflow/example_dags/example_xcomargs.py for tasks to queue
[2022-12-03T14:36:44.111+0000] {logging_mixin.py:137} INFO - [2022-12-03T14:36:44.111+0000] {dagbag.py:538} INFO - Filling up the DagBag from /home/airflow/.local/lib/python3.7/site-packages/airflow/example_dags/example_xcomargs.py
[2022-12-03T14:36:44.134+0000] {processor.py:753} INFO - DAG(s) dict_keys(['example_xcom_args_with_operators', 'example_xcom_args']) retrieved from /home/airflow/.local/lib/python3.7/site-packages/airflow/example_dags/example_xcomargs.py
[2022-12-03T14:36:44.189+0000] {logging_mixin.py:137} INFO - [2022-12-03T14:36:44.189+0000] {dag.py:2676} INFO - Sync 2 DAGs
[2022-12-03T14:36:44.223+0000] {logging_mixin.py:137} INFO - [2022-12-03T14:36:44.223+0000] {dag.py:3427} INFO - Setting next_dagrun for example_xcom_args to None, run_after=None
[2022-12-03T14:36:44.226+0000] {logging_mixin.py:137} INFO - [2022-12-03T14:36:44.226+0000] {dag.py:3427} INFO - Setting next_dagrun for example_xcom_args_with_operators to None, run_after=None
[2022-12-03T14:36:44.243+0000] {processor.py:175} INFO - Processing /home/airflow/.local/lib/python3.7/site-packages/airflow/example_dags/example_xcomargs.py took 0.136 seconds
[2022-12-03T14:37:14.526+0000] {processor.py:153} INFO - Started process (PID=315) to work on /home/airflow/.local/lib/python3.7/site-packages/airflow/example_dags/example_xcomargs.py
[2022-12-03T14:37:14.527+0000] {processor.py:743} INFO - Processing file /home/airflow/.local/lib/python3.7/site-packages/airflow/example_dags/example_xcomargs.py for tasks to queue
[2022-12-03T14:37:14.528+0000] {logging_mixin.py:137} INFO - [2022-12-03T14:37:14.528+0000] {dagbag.py:538} INFO - Filling up the DagBag from /home/airflow/.local/lib/python3.7/site-packages/airflow/example_dags/example_xcomargs.py
[2022-12-03T14:37:14.552+0000] {processor.py:753} INFO - DAG(s) dict_keys(['example_xcom_args_with_operators', 'example_xcom_args']) retrieved from /home/airflow/.local/lib/python3.7/site-packages/airflow/example_dags/example_xcomargs.py
[2022-12-03T14:37:14.616+0000] {logging_mixin.py:137} INFO - [2022-12-03T14:37:14.615+0000] {dag.py:2676} INFO - Sync 2 DAGs
[2022-12-03T14:37:14.681+0000] {logging_mixin.py:137} INFO - [2022-12-03T14:37:14.681+0000] {dag.py:3427} INFO - Setting next_dagrun for example_xcom_args to None, run_after=None
[2022-12-03T14:37:14.685+0000] {logging_mixin.py:137} INFO - [2022-12-03T14:37:14.685+0000] {dag.py:3427} INFO - Setting next_dagrun for example_xcom_args_with_operators to None, run_after=None
[2022-12-03T14:37:14.704+0000] {processor.py:175} INFO - Processing /home/airflow/.local/lib/python3.7/site-packages/airflow/example_dags/example_xcomargs.py took 0.180 seconds
[2022-12-03T14:37:45.178+0000] {processor.py:153} INFO - Started process (PID=401) to work on /home/airflow/.local/lib/python3.7/site-packages/airflow/example_dags/example_xcomargs.py
[2022-12-03T14:37:45.180+0000] {processor.py:743} INFO - Processing file /home/airflow/.local/lib/python3.7/site-packages/airflow/example_dags/example_xcomargs.py for tasks to queue
[2022-12-03T14:37:45.181+0000] {logging_mixin.py:137} INFO - [2022-12-03T14:37:45.180+0000] {dagbag.py:538} INFO - Filling up the DagBag from /home/airflow/.local/lib/python3.7/site-packages/airflow/example_dags/example_xcomargs.py
[2022-12-03T14:37:45.213+0000] {processor.py:753} INFO - DAG(s) dict_keys(['example_xcom_args', 'example_xcom_args_with_operators']) retrieved from /home/airflow/.local/lib/python3.7/site-packages/airflow/example_dags/example_xcomargs.py
[2022-12-03T14:37:45.254+0000] {logging_mixin.py:137} INFO - [2022-12-03T14:37:45.253+0000] {dag.py:2676} INFO - Sync 2 DAGs
[2022-12-03T14:37:45.286+0000] {logging_mixin.py:137} INFO - [2022-12-03T14:37:45.286+0000] {dag.py:3427} INFO - Setting next_dagrun for example_xcom_args to None, run_after=None
[2022-12-03T14:37:45.290+0000] {logging_mixin.py:137} INFO - [2022-12-03T14:37:45.290+0000] {dag.py:3427} INFO - Setting next_dagrun for example_xcom_args_with_operators to None, run_after=None
[2022-12-03T14:37:45.305+0000] {processor.py:175} INFO - Processing /home/airflow/.local/lib/python3.7/site-packages/airflow/example_dags/example_xcomargs.py took 0.130 seconds
[2022-12-03T14:38:15.607+0000] {processor.py:153} INFO - Started process (PID=511) to work on /home/airflow/.local/lib/python3.7/site-packages/airflow/example_dags/example_xcomargs.py
[2022-12-03T14:38:15.607+0000] {processor.py:743} INFO - Processing file /home/airflow/.local/lib/python3.7/site-packages/airflow/example_dags/example_xcomargs.py for tasks to queue
[2022-12-03T14:38:15.608+0000] {logging_mixin.py:137} INFO - [2022-12-03T14:38:15.608+0000] {dagbag.py:538} INFO - Filling up the DagBag from /home/airflow/.local/lib/python3.7/site-packages/airflow/example_dags/example_xcomargs.py
[2022-12-03T14:38:15.630+0000] {processor.py:753} INFO - DAG(s) dict_keys(['example_xcom_args', 'example_xcom_args_with_operators']) retrieved from /home/airflow/.local/lib/python3.7/site-packages/airflow/example_dags/example_xcomargs.py
[2022-12-03T14:38:15.707+0000] {logging_mixin.py:137} INFO - [2022-12-03T14:38:15.707+0000] {dag.py:2676} INFO - Sync 2 DAGs
[2022-12-03T14:38:15.733+0000] {logging_mixin.py:137} INFO - [2022-12-03T14:38:15.733+0000] {dag.py:3427} INFO - Setting next_dagrun for example_xcom_args to None, run_after=None
[2022-12-03T14:38:15.767+0000] {logging_mixin.py:137} INFO - [2022-12-03T14:38:15.767+0000] {dag.py:3427} INFO - Setting next_dagrun for example_xcom_args_with_operators to None, run_after=None
[2022-12-03T14:38:15.792+0000] {processor.py:175} INFO - Processing /home/airflow/.local/lib/python3.7/site-packages/airflow/example_dags/example_xcomargs.py took 0.188 seconds
[2022-12-03T14:38:45.945+0000] {processor.py:153} INFO - Started process (PID=596) to work on /home/airflow/.local/lib/python3.7/site-packages/airflow/example_dags/example_xcomargs.py
[2022-12-03T14:38:45.946+0000] {processor.py:743} INFO - Processing file /home/airflow/.local/lib/python3.7/site-packages/airflow/example_dags/example_xcomargs.py for tasks to queue
[2022-12-03T14:38:45.946+0000] {logging_mixin.py:137} INFO - [2022-12-03T14:38:45.946+0000] {dagbag.py:538} INFO - Filling up the DagBag from /home/airflow/.local/lib/python3.7/site-packages/airflow/example_dags/example_xcomargs.py
[2022-12-03T14:38:45.973+0000] {processor.py:753} INFO - DAG(s) dict_keys(['example_xcom_args', 'example_xcom_args_with_operators']) retrieved from /home/airflow/.local/lib/python3.7/site-packages/airflow/example_dags/example_xcomargs.py
[2022-12-03T14:38:46.016+0000] {logging_mixin.py:137} INFO - [2022-12-03T14:38:46.016+0000] {dag.py:2676} INFO - Sync 2 DAGs
[2022-12-03T14:38:46.040+0000] {logging_mixin.py:137} INFO - [2022-12-03T14:38:46.040+0000] {dag.py:3427} INFO - Setting next_dagrun for example_xcom_args to None, run_after=None
[2022-12-03T14:38:46.044+0000] {logging_mixin.py:137} INFO - [2022-12-03T14:38:46.043+0000] {dag.py:3427} INFO - Setting next_dagrun for example_xcom_args_with_operators to None, run_after=None
[2022-12-03T14:38:46.058+0000] {processor.py:175} INFO - Processing /home/airflow/.local/lib/python3.7/site-packages/airflow/example_dags/example_xcomargs.py took 0.116 seconds
[2022-12-03T14:39:16.237+0000] {processor.py:153} INFO - Started process (PID=682) to work on /home/airflow/.local/lib/python3.7/site-packages/airflow/example_dags/example_xcomargs.py
[2022-12-03T14:39:16.238+0000] {processor.py:743} INFO - Processing file /home/airflow/.local/lib/python3.7/site-packages/airflow/example_dags/example_xcomargs.py for tasks to queue
[2022-12-03T14:39:16.239+0000] {logging_mixin.py:137} INFO - [2022-12-03T14:39:16.239+0000] {dagbag.py:538} INFO - Filling up the DagBag from /home/airflow/.local/lib/python3.7/site-packages/airflow/example_dags/example_xcomargs.py
[2022-12-03T14:39:16.262+0000] {processor.py:753} INFO - DAG(s) dict_keys(['example_xcom_args', 'example_xcom_args_with_operators']) retrieved from /home/airflow/.local/lib/python3.7/site-packages/airflow/example_dags/example_xcomargs.py
[2022-12-03T14:39:16.308+0000] {logging_mixin.py:137} INFO - [2022-12-03T14:39:16.308+0000] {dag.py:2676} INFO - Sync 2 DAGs
[2022-12-03T14:39:16.333+0000] {logging_mixin.py:137} INFO - [2022-12-03T14:39:16.333+0000] {dag.py:3427} INFO - Setting next_dagrun for example_xcom_args to None, run_after=None
[2022-12-03T14:39:16.336+0000] {logging_mixin.py:137} INFO - [2022-12-03T14:39:16.336+0000] {dag.py:3427} INFO - Setting next_dagrun for example_xcom_args_with_operators to None, run_after=None
[2022-12-03T14:39:16.351+0000] {processor.py:175} INFO - Processing /home/airflow/.local/lib/python3.7/site-packages/airflow/example_dags/example_xcomargs.py took 0.116 seconds
[2022-12-03T14:39:46.554+0000] {processor.py:153} INFO - Started process (PID=792) to work on /home/airflow/.local/lib/python3.7/site-packages/airflow/example_dags/example_xcomargs.py
[2022-12-03T14:39:46.555+0000] {processor.py:743} INFO - Processing file /home/airflow/.local/lib/python3.7/site-packages/airflow/example_dags/example_xcomargs.py for tasks to queue
[2022-12-03T14:39:46.556+0000] {logging_mixin.py:137} INFO - [2022-12-03T14:39:46.555+0000] {dagbag.py:538} INFO - Filling up the DagBag from /home/airflow/.local/lib/python3.7/site-packages/airflow/example_dags/example_xcomargs.py
[2022-12-03T14:39:46.586+0000] {processor.py:753} INFO - DAG(s) dict_keys(['example_xcom_args_with_operators', 'example_xcom_args']) retrieved from /home/airflow/.local/lib/python3.7/site-packages/airflow/example_dags/example_xcomargs.py
[2022-12-03T14:39:46.627+0000] {logging_mixin.py:137} INFO - [2022-12-03T14:39:46.627+0000] {dag.py:2676} INFO - Sync 2 DAGs
[2022-12-03T14:39:46.652+0000] {logging_mixin.py:137} INFO - [2022-12-03T14:39:46.651+0000] {dag.py:3427} INFO - Setting next_dagrun for example_xcom_args to None, run_after=None
[2022-12-03T14:39:46.655+0000] {logging_mixin.py:137} INFO - [2022-12-03T14:39:46.655+0000] {dag.py:3427} INFO - Setting next_dagrun for example_xcom_args_with_operators to None, run_after=None
[2022-12-03T14:39:46.685+0000] {processor.py:175} INFO - Processing /home/airflow/.local/lib/python3.7/site-packages/airflow/example_dags/example_xcomargs.py took 0.134 seconds
[2022-12-03T14:40:16.944+0000] {processor.py:153} INFO - Started process (PID=878) to work on /home/airflow/.local/lib/python3.7/site-packages/airflow/example_dags/example_xcomargs.py
[2022-12-03T14:40:16.945+0000] {processor.py:743} INFO - Processing file /home/airflow/.local/lib/python3.7/site-packages/airflow/example_dags/example_xcomargs.py for tasks to queue
[2022-12-03T14:40:16.946+0000] {logging_mixin.py:137} INFO - [2022-12-03T14:40:16.946+0000] {dagbag.py:538} INFO - Filling up the DagBag from /home/airflow/.local/lib/python3.7/site-packages/airflow/example_dags/example_xcomargs.py
[2022-12-03T14:40:16.971+0000] {processor.py:753} INFO - DAG(s) dict_keys(['example_xcom_args_with_operators', 'example_xcom_args']) retrieved from /home/airflow/.local/lib/python3.7/site-packages/airflow/example_dags/example_xcomargs.py
[2022-12-03T14:40:17.016+0000] {logging_mixin.py:137} INFO - [2022-12-03T14:40:17.016+0000] {dag.py:2676} INFO - Sync 2 DAGs
[2022-12-03T14:40:17.043+0000] {logging_mixin.py:137} INFO - [2022-12-03T14:40:17.043+0000] {dag.py:3427} INFO - Setting next_dagrun for example_xcom_args to None, run_after=None
[2022-12-03T14:40:17.046+0000] {logging_mixin.py:137} INFO - [2022-12-03T14:40:17.046+0000] {dag.py:3427} INFO - Setting next_dagrun for example_xcom_args_with_operators to None, run_after=None
[2022-12-03T14:40:17.061+0000] {processor.py:175} INFO - Processing /home/airflow/.local/lib/python3.7/site-packages/airflow/example_dags/example_xcomargs.py took 0.120 seconds
[2022-12-03T14:40:47.424+0000] {processor.py:153} INFO - Started process (PID=973) to work on /home/airflow/.local/lib/python3.7/site-packages/airflow/example_dags/example_xcomargs.py
[2022-12-03T14:40:47.425+0000] {processor.py:743} INFO - Processing file /home/airflow/.local/lib/python3.7/site-packages/airflow/example_dags/example_xcomargs.py for tasks to queue
[2022-12-03T14:40:47.426+0000] {logging_mixin.py:137} INFO - [2022-12-03T14:40:47.425+0000] {dagbag.py:538} INFO - Filling up the DagBag from /home/airflow/.local/lib/python3.7/site-packages/airflow/example_dags/example_xcomargs.py
[2022-12-03T14:40:47.451+0000] {processor.py:753} INFO - DAG(s) dict_keys(['example_xcom_args_with_operators', 'example_xcom_args']) retrieved from /home/airflow/.local/lib/python3.7/site-packages/airflow/example_dags/example_xcomargs.py
[2022-12-03T14:40:47.524+0000] {logging_mixin.py:137} INFO - [2022-12-03T14:40:47.524+0000] {dag.py:2676} INFO - Sync 2 DAGs
[2022-12-03T14:40:47.552+0000] {logging_mixin.py:137} INFO - [2022-12-03T14:40:47.552+0000] {dag.py:3427} INFO - Setting next_dagrun for example_xcom_args to None, run_after=None
[2022-12-03T14:40:47.585+0000] {logging_mixin.py:137} INFO - [2022-12-03T14:40:47.585+0000] {dag.py:3427} INFO - Setting next_dagrun for example_xcom_args_with_operators to None, run_after=None
[2022-12-03T14:40:47.686+0000] {processor.py:175} INFO - Processing /home/airflow/.local/lib/python3.7/site-packages/airflow/example_dags/example_xcomargs.py took 0.265 seconds
[2022-12-03T14:41:18.794+0000] {processor.py:153} INFO - Started process (PID=1074) to work on /home/airflow/.local/lib/python3.7/site-packages/airflow/example_dags/example_xcomargs.py
[2022-12-03T14:41:18.795+0000] {processor.py:743} INFO - Processing file /home/airflow/.local/lib/python3.7/site-packages/airflow/example_dags/example_xcomargs.py for tasks to queue
[2022-12-03T14:41:18.796+0000] {logging_mixin.py:137} INFO - [2022-12-03T14:41:18.795+0000] {dagbag.py:538} INFO - Filling up the DagBag from /home/airflow/.local/lib/python3.7/site-packages/airflow/example_dags/example_xcomargs.py
[2022-12-03T14:41:18.884+0000] {processor.py:753} INFO - DAG(s) dict_keys(['example_xcom_args_with_operators', 'example_xcom_args']) retrieved from /home/airflow/.local/lib/python3.7/site-packages/airflow/example_dags/example_xcomargs.py
[2022-12-03T14:41:18.991+0000] {logging_mixin.py:137} INFO - [2022-12-03T14:41:18.991+0000] {dag.py:2676} INFO - Sync 2 DAGs
[2022-12-03T14:41:19.082+0000] {logging_mixin.py:137} INFO - [2022-12-03T14:41:19.081+0000] {dag.py:3427} INFO - Setting next_dagrun for example_xcom_args to None, run_after=None
[2022-12-03T14:41:19.087+0000] {logging_mixin.py:137} INFO - [2022-12-03T14:41:19.086+0000] {dag.py:3427} INFO - Setting next_dagrun for example_xcom_args_with_operators to None, run_after=None
[2022-12-03T14:41:19.108+0000] {processor.py:175} INFO - Processing /home/airflow/.local/lib/python3.7/site-packages/airflow/example_dags/example_xcomargs.py took 0.318 seconds
[2022-12-03T14:41:50.115+0000] {processor.py:153} INFO - Started process (PID=1160) to work on /home/airflow/.local/lib/python3.7/site-packages/airflow/example_dags/example_xcomargs.py
[2022-12-03T14:41:50.116+0000] {processor.py:743} INFO - Processing file /home/airflow/.local/lib/python3.7/site-packages/airflow/example_dags/example_xcomargs.py for tasks to queue
[2022-12-03T14:41:50.118+0000] {logging_mixin.py:137} INFO - [2022-12-03T14:41:50.117+0000] {dagbag.py:538} INFO - Filling up the DagBag from /home/airflow/.local/lib/python3.7/site-packages/airflow/example_dags/example_xcomargs.py
[2022-12-03T14:41:50.144+0000] {processor.py:753} INFO - DAG(s) dict_keys(['example_xcom_args', 'example_xcom_args_with_operators']) retrieved from /home/airflow/.local/lib/python3.7/site-packages/airflow/example_dags/example_xcomargs.py
[2022-12-03T14:41:50.192+0000] {logging_mixin.py:137} INFO - [2022-12-03T14:41:50.192+0000] {dag.py:2676} INFO - Sync 2 DAGs
[2022-12-03T14:41:50.220+0000] {logging_mixin.py:137} INFO - [2022-12-03T14:41:50.220+0000] {dag.py:3427} INFO - Setting next_dagrun for example_xcom_args to None, run_after=None
[2022-12-03T14:41:50.224+0000] {logging_mixin.py:137} INFO - [2022-12-03T14:41:50.223+0000] {dag.py:3427} INFO - Setting next_dagrun for example_xcom_args_with_operators to None, run_after=None
[2022-12-03T14:41:50.242+0000] {processor.py:175} INFO - Processing /home/airflow/.local/lib/python3.7/site-packages/airflow/example_dags/example_xcomargs.py took 0.131 seconds
[2022-12-03T14:42:20.827+0000] {processor.py:153} INFO - Started process (PID=1270) to work on /home/airflow/.local/lib/python3.7/site-packages/airflow/example_dags/example_xcomargs.py
[2022-12-03T14:42:20.828+0000] {processor.py:743} INFO - Processing file /home/airflow/.local/lib/python3.7/site-packages/airflow/example_dags/example_xcomargs.py for tasks to queue
[2022-12-03T14:42:20.829+0000] {logging_mixin.py:137} INFO - [2022-12-03T14:42:20.829+0000] {dagbag.py:538} INFO - Filling up the DagBag from /home/airflow/.local/lib/python3.7/site-packages/airflow/example_dags/example_xcomargs.py
[2022-12-03T14:42:20.852+0000] {processor.py:753} INFO - DAG(s) dict_keys(['example_xcom_args', 'example_xcom_args_with_operators']) retrieved from /home/airflow/.local/lib/python3.7/site-packages/airflow/example_dags/example_xcomargs.py
[2022-12-03T14:42:20.911+0000] {logging_mixin.py:137} INFO - [2022-12-03T14:42:20.911+0000] {dag.py:2676} INFO - Sync 2 DAGs
[2022-12-03T14:42:20.938+0000] {logging_mixin.py:137} INFO - [2022-12-03T14:42:20.938+0000] {dag.py:3427} INFO - Setting next_dagrun for example_xcom_args to None, run_after=None
[2022-12-03T14:42:20.941+0000] {logging_mixin.py:137} INFO - [2022-12-03T14:42:20.941+0000] {dag.py:3427} INFO - Setting next_dagrun for example_xcom_args_with_operators to None, run_after=None
[2022-12-03T14:42:21.000+0000] {processor.py:175} INFO - Processing /home/airflow/.local/lib/python3.7/site-packages/airflow/example_dags/example_xcomargs.py took 0.176 seconds
[2022-12-03T14:42:51.159+0000] {processor.py:153} INFO - Started process (PID=1356) to work on /home/airflow/.local/lib/python3.7/site-packages/airflow/example_dags/example_xcomargs.py
[2022-12-03T14:42:51.159+0000] {processor.py:743} INFO - Processing file /home/airflow/.local/lib/python3.7/site-packages/airflow/example_dags/example_xcomargs.py for tasks to queue
[2022-12-03T14:42:51.160+0000] {logging_mixin.py:137} INFO - [2022-12-03T14:42:51.160+0000] {dagbag.py:538} INFO - Filling up the DagBag from /home/airflow/.local/lib/python3.7/site-packages/airflow/example_dags/example_xcomargs.py
[2022-12-03T14:42:51.201+0000] {processor.py:753} INFO - DAG(s) dict_keys(['example_xcom_args_with_operators', 'example_xcom_args']) retrieved from /home/airflow/.local/lib/python3.7/site-packages/airflow/example_dags/example_xcomargs.py
[2022-12-03T14:42:51.241+0000] {logging_mixin.py:137} INFO - [2022-12-03T14:42:51.241+0000] {dag.py:2676} INFO - Sync 2 DAGs
[2022-12-03T14:42:51.273+0000] {logging_mixin.py:137} INFO - [2022-12-03T14:42:51.273+0000] {dag.py:3427} INFO - Setting next_dagrun for example_xcom_args to None, run_after=None
[2022-12-03T14:42:51.277+0000] {logging_mixin.py:137} INFO - [2022-12-03T14:42:51.277+0000] {dag.py:3427} INFO - Setting next_dagrun for example_xcom_args_with_operators to None, run_after=None
[2022-12-03T14:42:51.304+0000] {processor.py:175} INFO - Processing /home/airflow/.local/lib/python3.7/site-packages/airflow/example_dags/example_xcomargs.py took 0.148 seconds
[2022-12-03T14:43:21.511+0000] {processor.py:153} INFO - Started process (PID=1441) to work on /home/airflow/.local/lib/python3.7/site-packages/airflow/example_dags/example_xcomargs.py
[2022-12-03T14:43:21.512+0000] {processor.py:743} INFO - Processing file /home/airflow/.local/lib/python3.7/site-packages/airflow/example_dags/example_xcomargs.py for tasks to queue
[2022-12-03T14:43:21.513+0000] {logging_mixin.py:137} INFO - [2022-12-03T14:43:21.512+0000] {dagbag.py:538} INFO - Filling up the DagBag from /home/airflow/.local/lib/python3.7/site-packages/airflow/example_dags/example_xcomargs.py
[2022-12-03T14:43:21.535+0000] {processor.py:753} INFO - DAG(s) dict_keys(['example_xcom_args', 'example_xcom_args_with_operators']) retrieved from /home/airflow/.local/lib/python3.7/site-packages/airflow/example_dags/example_xcomargs.py
[2022-12-03T14:43:21.582+0000] {logging_mixin.py:137} INFO - [2022-12-03T14:43:21.582+0000] {dag.py:2676} INFO - Sync 2 DAGs
[2022-12-03T14:43:21.616+0000] {logging_mixin.py:137} INFO - [2022-12-03T14:43:21.615+0000] {dag.py:3427} INFO - Setting next_dagrun for example_xcom_args to None, run_after=None
[2022-12-03T14:43:21.620+0000] {logging_mixin.py:137} INFO - [2022-12-03T14:43:21.619+0000] {dag.py:3427} INFO - Setting next_dagrun for example_xcom_args_with_operators to None, run_after=None
[2022-12-03T14:43:21.637+0000] {processor.py:175} INFO - Processing /home/airflow/.local/lib/python3.7/site-packages/airflow/example_dags/example_xcomargs.py took 0.129 seconds
[2022-12-03T14:43:51.844+0000] {processor.py:153} INFO - Started process (PID=1551) to work on /home/airflow/.local/lib/python3.7/site-packages/airflow/example_dags/example_xcomargs.py
[2022-12-03T14:43:51.845+0000] {processor.py:743} INFO - Processing file /home/airflow/.local/lib/python3.7/site-packages/airflow/example_dags/example_xcomargs.py for tasks to queue
[2022-12-03T14:43:51.846+0000] {logging_mixin.py:137} INFO - [2022-12-03T14:43:51.846+0000] {dagbag.py:538} INFO - Filling up the DagBag from /home/airflow/.local/lib/python3.7/site-packages/airflow/example_dags/example_xcomargs.py
[2022-12-03T14:43:51.877+0000] {processor.py:753} INFO - DAG(s) dict_keys(['example_xcom_args', 'example_xcom_args_with_operators']) retrieved from /home/airflow/.local/lib/python3.7/site-packages/airflow/example_dags/example_xcomargs.py
[2022-12-03T14:43:51.917+0000] {logging_mixin.py:137} INFO - [2022-12-03T14:43:51.917+0000] {dag.py:2676} INFO - Sync 2 DAGs
[2022-12-03T14:43:51.943+0000] {logging_mixin.py:137} INFO - [2022-12-03T14:43:51.943+0000] {dag.py:3427} INFO - Setting next_dagrun for example_xcom_args to None, run_after=None
[2022-12-03T14:43:51.948+0000] {logging_mixin.py:137} INFO - [2022-12-03T14:43:51.948+0000] {dag.py:3427} INFO - Setting next_dagrun for example_xcom_args_with_operators to None, run_after=None
[2022-12-03T14:43:51.966+0000] {processor.py:175} INFO - Processing /home/airflow/.local/lib/python3.7/site-packages/airflow/example_dags/example_xcomargs.py took 0.124 seconds
[2022-12-03T14:44:22.067+0000] {processor.py:153} INFO - Started process (PID=1637) to work on /home/airflow/.local/lib/python3.7/site-packages/airflow/example_dags/example_xcomargs.py
[2022-12-03T14:44:22.068+0000] {processor.py:743} INFO - Processing file /home/airflow/.local/lib/python3.7/site-packages/airflow/example_dags/example_xcomargs.py for tasks to queue
[2022-12-03T14:44:22.069+0000] {logging_mixin.py:137} INFO - [2022-12-03T14:44:22.068+0000] {dagbag.py:538} INFO - Filling up the DagBag from /home/airflow/.local/lib/python3.7/site-packages/airflow/example_dags/example_xcomargs.py
[2022-12-03T14:44:22.095+0000] {processor.py:753} INFO - DAG(s) dict_keys(['example_xcom_args_with_operators', 'example_xcom_args']) retrieved from /home/airflow/.local/lib/python3.7/site-packages/airflow/example_dags/example_xcomargs.py
[2022-12-03T14:44:22.133+0000] {logging_mixin.py:137} INFO - [2022-12-03T14:44:22.133+0000] {dag.py:2676} INFO - Sync 2 DAGs
[2022-12-03T14:44:22.160+0000] {logging_mixin.py:137} INFO - [2022-12-03T14:44:22.160+0000] {dag.py:3427} INFO - Setting next_dagrun for example_xcom_args to None, run_after=None
[2022-12-03T14:44:22.163+0000] {logging_mixin.py:137} INFO - [2022-12-03T14:44:22.163+0000] {dag.py:3427} INFO - Setting next_dagrun for example_xcom_args_with_operators to None, run_after=None
[2022-12-03T14:44:22.186+0000] {processor.py:175} INFO - Processing /home/airflow/.local/lib/python3.7/site-packages/airflow/example_dags/example_xcomargs.py took 0.122 seconds
[2022-12-03T14:44:52.938+0000] {processor.py:153} INFO - Started process (PID=1723) to work on /home/airflow/.local/lib/python3.7/site-packages/airflow/example_dags/example_xcomargs.py
[2022-12-03T14:44:52.938+0000] {processor.py:743} INFO - Processing file /home/airflow/.local/lib/python3.7/site-packages/airflow/example_dags/example_xcomargs.py for tasks to queue
[2022-12-03T14:44:52.939+0000] {logging_mixin.py:137} INFO - [2022-12-03T14:44:52.939+0000] {dagbag.py:538} INFO - Filling up the DagBag from /home/airflow/.local/lib/python3.7/site-packages/airflow/example_dags/example_xcomargs.py
[2022-12-03T14:44:52.964+0000] {processor.py:753} INFO - DAG(s) dict_keys(['example_xcom_args', 'example_xcom_args_with_operators']) retrieved from /home/airflow/.local/lib/python3.7/site-packages/airflow/example_dags/example_xcomargs.py
[2022-12-03T14:44:53.022+0000] {logging_mixin.py:137} INFO - [2022-12-03T14:44:53.022+0000] {dag.py:2676} INFO - Sync 2 DAGs
[2022-12-03T14:44:53.046+0000] {logging_mixin.py:137} INFO - [2022-12-03T14:44:53.046+0000] {dag.py:3427} INFO - Setting next_dagrun for example_xcom_args to None, run_after=None
[2022-12-03T14:44:53.049+0000] {logging_mixin.py:137} INFO - [2022-12-03T14:44:53.049+0000] {dag.py:3427} INFO - Setting next_dagrun for example_xcom_args_with_operators to None, run_after=None
[2022-12-03T14:44:53.065+0000] {processor.py:175} INFO - Processing /home/airflow/.local/lib/python3.7/site-packages/airflow/example_dags/example_xcomargs.py took 0.130 seconds
[2022-12-03T14:45:23.337+0000] {processor.py:153} INFO - Started process (PID=1834) to work on /home/airflow/.local/lib/python3.7/site-packages/airflow/example_dags/example_xcomargs.py
[2022-12-03T14:45:23.337+0000] {processor.py:743} INFO - Processing file /home/airflow/.local/lib/python3.7/site-packages/airflow/example_dags/example_xcomargs.py for tasks to queue
[2022-12-03T14:45:23.338+0000] {logging_mixin.py:137} INFO - [2022-12-03T14:45:23.338+0000] {dagbag.py:538} INFO - Filling up the DagBag from /home/airflow/.local/lib/python3.7/site-packages/airflow/example_dags/example_xcomargs.py
[2022-12-03T14:45:23.408+0000] {processor.py:753} INFO - DAG(s) dict_keys(['example_xcom_args', 'example_xcom_args_with_operators']) retrieved from /home/airflow/.local/lib/python3.7/site-packages/airflow/example_dags/example_xcomargs.py
[2022-12-03T14:45:23.504+0000] {logging_mixin.py:137} INFO - [2022-12-03T14:45:23.504+0000] {dag.py:2676} INFO - Sync 2 DAGs
[2022-12-03T14:45:23.567+0000] {logging_mixin.py:137} INFO - [2022-12-03T14:45:23.567+0000] {dag.py:3427} INFO - Setting next_dagrun for example_xcom_args to None, run_after=None
[2022-12-03T14:45:23.577+0000] {logging_mixin.py:137} INFO - [2022-12-03T14:45:23.577+0000] {dag.py:3427} INFO - Setting next_dagrun for example_xcom_args_with_operators to None, run_after=None
[2022-12-03T14:45:23.600+0000] {processor.py:175} INFO - Processing /home/airflow/.local/lib/python3.7/site-packages/airflow/example_dags/example_xcomargs.py took 0.266 seconds
[2022-12-03T14:45:54.420+0000] {processor.py:153} INFO - Started process (PID=1920) to work on /home/airflow/.local/lib/python3.7/site-packages/airflow/example_dags/example_xcomargs.py
[2022-12-03T14:45:54.421+0000] {processor.py:743} INFO - Processing file /home/airflow/.local/lib/python3.7/site-packages/airflow/example_dags/example_xcomargs.py for tasks to queue
[2022-12-03T14:45:54.422+0000] {logging_mixin.py:137} INFO - [2022-12-03T14:45:54.421+0000] {dagbag.py:538} INFO - Filling up the DagBag from /home/airflow/.local/lib/python3.7/site-packages/airflow/example_dags/example_xcomargs.py
[2022-12-03T14:45:54.443+0000] {processor.py:753} INFO - DAG(s) dict_keys(['example_xcom_args_with_operators', 'example_xcom_args']) retrieved from /home/airflow/.local/lib/python3.7/site-packages/airflow/example_dags/example_xcomargs.py
[2022-12-03T14:45:54.485+0000] {logging_mixin.py:137} INFO - [2022-12-03T14:45:54.485+0000] {dag.py:2676} INFO - Sync 2 DAGs
[2022-12-03T14:45:54.511+0000] {logging_mixin.py:137} INFO - [2022-12-03T14:45:54.511+0000] {dag.py:3427} INFO - Setting next_dagrun for example_xcom_args to None, run_after=None
[2022-12-03T14:45:54.514+0000] {logging_mixin.py:137} INFO - [2022-12-03T14:45:54.514+0000] {dag.py:3427} INFO - Setting next_dagrun for example_xcom_args_with_operators to None, run_after=None
[2022-12-03T14:45:54.536+0000] {processor.py:175} INFO - Processing /home/airflow/.local/lib/python3.7/site-packages/airflow/example_dags/example_xcomargs.py took 0.119 seconds
[2022-12-03T14:46:24.725+0000] {processor.py:153} INFO - Started process (PID=2006) to work on /home/airflow/.local/lib/python3.7/site-packages/airflow/example_dags/example_xcomargs.py
[2022-12-03T14:46:24.726+0000] {processor.py:743} INFO - Processing file /home/airflow/.local/lib/python3.7/site-packages/airflow/example_dags/example_xcomargs.py for tasks to queue
[2022-12-03T14:46:24.727+0000] {logging_mixin.py:137} INFO - [2022-12-03T14:46:24.727+0000] {dagbag.py:538} INFO - Filling up the DagBag from /home/airflow/.local/lib/python3.7/site-packages/airflow/example_dags/example_xcomargs.py
[2022-12-03T14:46:24.750+0000] {processor.py:753} INFO - DAG(s) dict_keys(['example_xcom_args', 'example_xcom_args_with_operators']) retrieved from /home/airflow/.local/lib/python3.7/site-packages/airflow/example_dags/example_xcomargs.py
[2022-12-03T14:46:24.812+0000] {logging_mixin.py:137} INFO - [2022-12-03T14:46:24.812+0000] {dag.py:2676} INFO - Sync 2 DAGs
[2022-12-03T14:46:24.838+0000] {logging_mixin.py:137} INFO - [2022-12-03T14:46:24.838+0000] {dag.py:3427} INFO - Setting next_dagrun for example_xcom_args to None, run_after=None
[2022-12-03T14:46:24.841+0000] {logging_mixin.py:137} INFO - [2022-12-03T14:46:24.841+0000] {dag.py:3427} INFO - Setting next_dagrun for example_xcom_args_with_operators to None, run_after=None
[2022-12-03T14:46:24.855+0000] {processor.py:175} INFO - Processing /home/airflow/.local/lib/python3.7/site-packages/airflow/example_dags/example_xcomargs.py took 0.132 seconds
[2022-12-03T14:46:55.211+0000] {processor.py:153} INFO - Started process (PID=2115) to work on /home/airflow/.local/lib/python3.7/site-packages/airflow/example_dags/example_xcomargs.py
[2022-12-03T14:46:55.212+0000] {processor.py:743} INFO - Processing file /home/airflow/.local/lib/python3.7/site-packages/airflow/example_dags/example_xcomargs.py for tasks to queue
[2022-12-03T14:46:55.213+0000] {logging_mixin.py:137} INFO - [2022-12-03T14:46:55.212+0000] {dagbag.py:538} INFO - Filling up the DagBag from /home/airflow/.local/lib/python3.7/site-packages/airflow/example_dags/example_xcomargs.py
[2022-12-03T14:46:55.283+0000] {processor.py:753} INFO - DAG(s) dict_keys(['example_xcom_args', 'example_xcom_args_with_operators']) retrieved from /home/airflow/.local/lib/python3.7/site-packages/airflow/example_dags/example_xcomargs.py
[2022-12-03T14:46:55.389+0000] {logging_mixin.py:137} INFO - [2022-12-03T14:46:55.389+0000] {dag.py:2676} INFO - Sync 2 DAGs
[2022-12-03T14:46:55.424+0000] {logging_mixin.py:137} INFO - [2022-12-03T14:46:55.424+0000] {dag.py:3427} INFO - Setting next_dagrun for example_xcom_args to None, run_after=None
[2022-12-03T14:46:55.428+0000] {logging_mixin.py:137} INFO - [2022-12-03T14:46:55.428+0000] {dag.py:3427} INFO - Setting next_dagrun for example_xcom_args_with_operators to None, run_after=None
[2022-12-03T14:46:55.501+0000] {processor.py:175} INFO - Processing /home/airflow/.local/lib/python3.7/site-packages/airflow/example_dags/example_xcomargs.py took 0.293 seconds
[2022-12-03T14:47:25.820+0000] {processor.py:153} INFO - Started process (PID=2201) to work on /home/airflow/.local/lib/python3.7/site-packages/airflow/example_dags/example_xcomargs.py
[2022-12-03T14:47:25.820+0000] {processor.py:743} INFO - Processing file /home/airflow/.local/lib/python3.7/site-packages/airflow/example_dags/example_xcomargs.py for tasks to queue
[2022-12-03T14:47:25.821+0000] {logging_mixin.py:137} INFO - [2022-12-03T14:47:25.821+0000] {dagbag.py:538} INFO - Filling up the DagBag from /home/airflow/.local/lib/python3.7/site-packages/airflow/example_dags/example_xcomargs.py
[2022-12-03T14:47:25.892+0000] {processor.py:753} INFO - DAG(s) dict_keys(['example_xcom_args', 'example_xcom_args_with_operators']) retrieved from /home/airflow/.local/lib/python3.7/site-packages/airflow/example_dags/example_xcomargs.py
[2022-12-03T14:47:26.107+0000] {logging_mixin.py:137} INFO - [2022-12-03T14:47:26.107+0000] {dag.py:2676} INFO - Sync 2 DAGs
[2022-12-03T14:47:26.131+0000] {logging_mixin.py:137} INFO - [2022-12-03T14:47:26.131+0000] {dag.py:3427} INFO - Setting next_dagrun for example_xcom_args to None, run_after=None
[2022-12-03T14:47:26.134+0000] {logging_mixin.py:137} INFO - [2022-12-03T14:47:26.134+0000] {dag.py:3427} INFO - Setting next_dagrun for example_xcom_args_with_operators to None, run_after=None
[2022-12-03T14:47:26.205+0000] {processor.py:175} INFO - Processing /home/airflow/.local/lib/python3.7/site-packages/airflow/example_dags/example_xcomargs.py took 0.388 seconds
[2022-12-03T14:47:57.142+0000] {processor.py:153} INFO - Started process (PID=2287) to work on /home/airflow/.local/lib/python3.7/site-packages/airflow/example_dags/example_xcomargs.py
[2022-12-03T14:47:57.143+0000] {processor.py:743} INFO - Processing file /home/airflow/.local/lib/python3.7/site-packages/airflow/example_dags/example_xcomargs.py for tasks to queue
[2022-12-03T14:47:57.143+0000] {logging_mixin.py:137} INFO - [2022-12-03T14:47:57.143+0000] {dagbag.py:538} INFO - Filling up the DagBag from /home/airflow/.local/lib/python3.7/site-packages/airflow/example_dags/example_xcomargs.py
[2022-12-03T14:47:57.166+0000] {processor.py:753} INFO - DAG(s) dict_keys(['example_xcom_args_with_operators', 'example_xcom_args']) retrieved from /home/airflow/.local/lib/python3.7/site-packages/airflow/example_dags/example_xcomargs.py
[2022-12-03T14:47:57.230+0000] {logging_mixin.py:137} INFO - [2022-12-03T14:47:57.229+0000] {dag.py:2676} INFO - Sync 2 DAGs
[2022-12-03T14:47:57.257+0000] {logging_mixin.py:137} INFO - [2022-12-03T14:47:57.257+0000] {dag.py:3427} INFO - Setting next_dagrun for example_xcom_args to None, run_after=None
[2022-12-03T14:47:57.261+0000] {logging_mixin.py:137} INFO - [2022-12-03T14:47:57.261+0000] {dag.py:3427} INFO - Setting next_dagrun for example_xcom_args_with_operators to None, run_after=None
[2022-12-03T14:47:57.312+0000] {processor.py:175} INFO - Processing /home/airflow/.local/lib/python3.7/site-packages/airflow/example_dags/example_xcomargs.py took 0.173 seconds
[2022-12-03T14:48:27.807+0000] {processor.py:153} INFO - Started process (PID=2396) to work on /home/airflow/.local/lib/python3.7/site-packages/airflow/example_dags/example_xcomargs.py
[2022-12-03T14:48:27.808+0000] {processor.py:743} INFO - Processing file /home/airflow/.local/lib/python3.7/site-packages/airflow/example_dags/example_xcomargs.py for tasks to queue
[2022-12-03T14:48:27.809+0000] {logging_mixin.py:137} INFO - [2022-12-03T14:48:27.809+0000] {dagbag.py:538} INFO - Filling up the DagBag from /home/airflow/.local/lib/python3.7/site-packages/airflow/example_dags/example_xcomargs.py
[2022-12-03T14:48:27.835+0000] {processor.py:753} INFO - DAG(s) dict_keys(['example_xcom_args', 'example_xcom_args_with_operators']) retrieved from /home/airflow/.local/lib/python3.7/site-packages/airflow/example_dags/example_xcomargs.py
[2022-12-03T14:48:27.910+0000] {logging_mixin.py:137} INFO - [2022-12-03T14:48:27.910+0000] {dag.py:2676} INFO - Sync 2 DAGs
[2022-12-03T14:48:27.937+0000] {logging_mixin.py:137} INFO - [2022-12-03T14:48:27.937+0000] {dag.py:3427} INFO - Setting next_dagrun for example_xcom_args to None, run_after=None
[2022-12-03T14:48:27.941+0000] {logging_mixin.py:137} INFO - [2022-12-03T14:48:27.941+0000] {dag.py:3427} INFO - Setting next_dagrun for example_xcom_args_with_operators to None, run_after=None
[2022-12-03T14:48:28.009+0000] {processor.py:175} INFO - Processing /home/airflow/.local/lib/python3.7/site-packages/airflow/example_dags/example_xcomargs.py took 0.205 seconds
[2022-12-03T14:48:58.207+0000] {processor.py:153} INFO - Started process (PID=2480) to work on /home/airflow/.local/lib/python3.7/site-packages/airflow/example_dags/example_xcomargs.py
[2022-12-03T14:48:58.208+0000] {processor.py:743} INFO - Processing file /home/airflow/.local/lib/python3.7/site-packages/airflow/example_dags/example_xcomargs.py for tasks to queue
[2022-12-03T14:48:58.209+0000] {logging_mixin.py:137} INFO - [2022-12-03T14:48:58.208+0000] {dagbag.py:538} INFO - Filling up the DagBag from /home/airflow/.local/lib/python3.7/site-packages/airflow/example_dags/example_xcomargs.py
[2022-12-03T14:48:58.234+0000] {processor.py:753} INFO - DAG(s) dict_keys(['example_xcom_args_with_operators', 'example_xcom_args']) retrieved from /home/airflow/.local/lib/python3.7/site-packages/airflow/example_dags/example_xcomargs.py
[2022-12-03T14:48:58.306+0000] {logging_mixin.py:137} INFO - [2022-12-03T14:48:58.306+0000] {dag.py:2676} INFO - Sync 2 DAGs
[2022-12-03T14:48:58.335+0000] {logging_mixin.py:137} INFO - [2022-12-03T14:48:58.335+0000] {dag.py:3427} INFO - Setting next_dagrun for example_xcom_args to None, run_after=None
[2022-12-03T14:48:58.339+0000] {logging_mixin.py:137} INFO - [2022-12-03T14:48:58.339+0000] {dag.py:3427} INFO - Setting next_dagrun for example_xcom_args_with_operators to None, run_after=None
[2022-12-03T14:48:58.356+0000] {processor.py:175} INFO - Processing /home/airflow/.local/lib/python3.7/site-packages/airflow/example_dags/example_xcomargs.py took 0.157 seconds
[2022-12-03T14:49:28.767+0000] {processor.py:153} INFO - Started process (PID=2566) to work on /home/airflow/.local/lib/python3.7/site-packages/airflow/example_dags/example_xcomargs.py
[2022-12-03T14:49:28.768+0000] {processor.py:743} INFO - Processing file /home/airflow/.local/lib/python3.7/site-packages/airflow/example_dags/example_xcomargs.py for tasks to queue
[2022-12-03T14:49:28.769+0000] {logging_mixin.py:137} INFO - [2022-12-03T14:49:28.769+0000] {dagbag.py:538} INFO - Filling up the DagBag from /home/airflow/.local/lib/python3.7/site-packages/airflow/example_dags/example_xcomargs.py
[2022-12-03T14:49:28.801+0000] {processor.py:753} INFO - DAG(s) dict_keys(['example_xcom_args_with_operators', 'example_xcom_args']) retrieved from /home/airflow/.local/lib/python3.7/site-packages/airflow/example_dags/example_xcomargs.py
[2022-12-03T14:49:28.848+0000] {logging_mixin.py:137} INFO - [2022-12-03T14:49:28.847+0000] {dag.py:2676} INFO - Sync 2 DAGs
[2022-12-03T14:49:28.892+0000] {logging_mixin.py:137} INFO - [2022-12-03T14:49:28.892+0000] {dag.py:3427} INFO - Setting next_dagrun for example_xcom_args to None, run_after=None
[2022-12-03T14:49:28.898+0000] {logging_mixin.py:137} INFO - [2022-12-03T14:49:28.898+0000] {dag.py:3427} INFO - Setting next_dagrun for example_xcom_args_with_operators to None, run_after=None
[2022-12-03T14:49:28.916+0000] {processor.py:175} INFO - Processing /home/airflow/.local/lib/python3.7/site-packages/airflow/example_dags/example_xcomargs.py took 0.152 seconds
[2022-12-03T14:49:59.002+0000] {processor.py:153} INFO - Started process (PID=2675) to work on /home/airflow/.local/lib/python3.7/site-packages/airflow/example_dags/example_xcomargs.py
[2022-12-03T14:49:59.003+0000] {processor.py:743} INFO - Processing file /home/airflow/.local/lib/python3.7/site-packages/airflow/example_dags/example_xcomargs.py for tasks to queue
[2022-12-03T14:49:59.004+0000] {logging_mixin.py:137} INFO - [2022-12-03T14:49:59.004+0000] {dagbag.py:538} INFO - Filling up the DagBag from /home/airflow/.local/lib/python3.7/site-packages/airflow/example_dags/example_xcomargs.py
[2022-12-03T14:49:59.036+0000] {processor.py:753} INFO - DAG(s) dict_keys(['example_xcom_args_with_operators', 'example_xcom_args']) retrieved from /home/airflow/.local/lib/python3.7/site-packages/airflow/example_dags/example_xcomargs.py
[2022-12-03T14:49:59.120+0000] {logging_mixin.py:137} INFO - [2022-12-03T14:49:59.120+0000] {dag.py:2676} INFO - Sync 2 DAGs
[2022-12-03T14:49:59.208+0000] {logging_mixin.py:137} INFO - [2022-12-03T14:49:59.208+0000] {dag.py:3427} INFO - Setting next_dagrun for example_xcom_args to None, run_after=None
[2022-12-03T14:49:59.212+0000] {logging_mixin.py:137} INFO - [2022-12-03T14:49:59.212+0000] {dag.py:3427} INFO - Setting next_dagrun for example_xcom_args_with_operators to None, run_after=None
[2022-12-03T14:49:59.288+0000] {processor.py:175} INFO - Processing /home/airflow/.local/lib/python3.7/site-packages/airflow/example_dags/example_xcomargs.py took 0.290 seconds
[2022-12-03T14:50:29.413+0000] {processor.py:153} INFO - Started process (PID=2761) to work on /home/airflow/.local/lib/python3.7/site-packages/airflow/example_dags/example_xcomargs.py
[2022-12-03T14:50:29.414+0000] {processor.py:743} INFO - Processing file /home/airflow/.local/lib/python3.7/site-packages/airflow/example_dags/example_xcomargs.py for tasks to queue
[2022-12-03T14:50:29.415+0000] {logging_mixin.py:137} INFO - [2022-12-03T14:50:29.415+0000] {dagbag.py:538} INFO - Filling up the DagBag from /home/airflow/.local/lib/python3.7/site-packages/airflow/example_dags/example_xcomargs.py
[2022-12-03T14:50:29.440+0000] {processor.py:753} INFO - DAG(s) dict_keys(['example_xcom_args', 'example_xcom_args_with_operators']) retrieved from /home/airflow/.local/lib/python3.7/site-packages/airflow/example_dags/example_xcomargs.py
[2022-12-03T14:50:29.509+0000] {logging_mixin.py:137} INFO - [2022-12-03T14:50:29.509+0000] {dag.py:2676} INFO - Sync 2 DAGs
[2022-12-03T14:50:29.536+0000] {logging_mixin.py:137} INFO - [2022-12-03T14:50:29.536+0000] {dag.py:3427} INFO - Setting next_dagrun for example_xcom_args to None, run_after=None
[2022-12-03T14:50:29.539+0000] {logging_mixin.py:137} INFO - [2022-12-03T14:50:29.539+0000] {dag.py:3427} INFO - Setting next_dagrun for example_xcom_args_with_operators to None, run_after=None
[2022-12-03T14:50:29.570+0000] {processor.py:175} INFO - Processing /home/airflow/.local/lib/python3.7/site-packages/airflow/example_dags/example_xcomargs.py took 0.160 seconds
[2022-12-03T14:51:00.209+0000] {processor.py:153} INFO - Started process (PID=2847) to work on /home/airflow/.local/lib/python3.7/site-packages/airflow/example_dags/example_xcomargs.py
[2022-12-03T14:51:00.212+0000] {processor.py:743} INFO - Processing file /home/airflow/.local/lib/python3.7/site-packages/airflow/example_dags/example_xcomargs.py for tasks to queue
[2022-12-03T14:51:00.213+0000] {logging_mixin.py:137} INFO - [2022-12-03T14:51:00.213+0000] {dagbag.py:538} INFO - Filling up the DagBag from /home/airflow/.local/lib/python3.7/site-packages/airflow/example_dags/example_xcomargs.py
[2022-12-03T14:51:00.235+0000] {processor.py:753} INFO - DAG(s) dict_keys(['example_xcom_args', 'example_xcom_args_with_operators']) retrieved from /home/airflow/.local/lib/python3.7/site-packages/airflow/example_dags/example_xcomargs.py
[2022-12-03T14:51:00.285+0000] {logging_mixin.py:137} INFO - [2022-12-03T14:51:00.285+0000] {dag.py:2676} INFO - Sync 2 DAGs
[2022-12-03T14:51:00.324+0000] {logging_mixin.py:137} INFO - [2022-12-03T14:51:00.324+0000] {dag.py:3427} INFO - Setting next_dagrun for example_xcom_args to None, run_after=None
[2022-12-03T14:51:00.327+0000] {logging_mixin.py:137} INFO - [2022-12-03T14:51:00.327+0000] {dag.py:3427} INFO - Setting next_dagrun for example_xcom_args_with_operators to None, run_after=None
[2022-12-03T14:51:00.343+0000] {processor.py:175} INFO - Processing /home/airflow/.local/lib/python3.7/site-packages/airflow/example_dags/example_xcomargs.py took 0.140 seconds
[2022-12-03T14:51:30.658+0000] {processor.py:153} INFO - Started process (PID=2933) to work on /home/airflow/.local/lib/python3.7/site-packages/airflow/example_dags/example_xcomargs.py
[2022-12-03T14:51:30.659+0000] {processor.py:743} INFO - Processing file /home/airflow/.local/lib/python3.7/site-packages/airflow/example_dags/example_xcomargs.py for tasks to queue
[2022-12-03T14:51:30.659+0000] {logging_mixin.py:137} INFO - [2022-12-03T14:51:30.659+0000] {dagbag.py:538} INFO - Filling up the DagBag from /home/airflow/.local/lib/python3.7/site-packages/airflow/example_dags/example_xcomargs.py
[2022-12-03T14:51:30.713+0000] {processor.py:753} INFO - DAG(s) dict_keys(['example_xcom_args', 'example_xcom_args_with_operators']) retrieved from /home/airflow/.local/lib/python3.7/site-packages/airflow/example_dags/example_xcomargs.py
[2022-12-03T14:51:30.772+0000] {logging_mixin.py:137} INFO - [2022-12-03T14:51:30.772+0000] {dag.py:2676} INFO - Sync 2 DAGs
[2022-12-03T14:51:30.821+0000] {logging_mixin.py:137} INFO - [2022-12-03T14:51:30.821+0000] {dag.py:3427} INFO - Setting next_dagrun for example_xcom_args to None, run_after=None
[2022-12-03T14:51:30.824+0000] {logging_mixin.py:137} INFO - [2022-12-03T14:51:30.824+0000] {dag.py:3427} INFO - Setting next_dagrun for example_xcom_args_with_operators to None, run_after=None
[2022-12-03T14:51:30.840+0000] {processor.py:175} INFO - Processing /home/airflow/.local/lib/python3.7/site-packages/airflow/example_dags/example_xcomargs.py took 0.185 seconds
[2022-12-03T14:52:01.529+0000] {processor.py:153} INFO - Started process (PID=3042) to work on /home/airflow/.local/lib/python3.7/site-packages/airflow/example_dags/example_xcomargs.py
[2022-12-03T14:52:01.530+0000] {processor.py:743} INFO - Processing file /home/airflow/.local/lib/python3.7/site-packages/airflow/example_dags/example_xcomargs.py for tasks to queue
[2022-12-03T14:52:01.531+0000] {logging_mixin.py:137} INFO - [2022-12-03T14:52:01.530+0000] {dagbag.py:538} INFO - Filling up the DagBag from /home/airflow/.local/lib/python3.7/site-packages/airflow/example_dags/example_xcomargs.py
[2022-12-03T14:52:01.598+0000] {processor.py:753} INFO - DAG(s) dict_keys(['example_xcom_args_with_operators', 'example_xcom_args']) retrieved from /home/airflow/.local/lib/python3.7/site-packages/airflow/example_dags/example_xcomargs.py
[2022-12-03T14:52:01.667+0000] {logging_mixin.py:137} INFO - [2022-12-03T14:52:01.667+0000] {dag.py:2676} INFO - Sync 2 DAGs
[2022-12-03T14:52:01.714+0000] {logging_mixin.py:137} INFO - [2022-12-03T14:52:01.714+0000] {dag.py:3427} INFO - Setting next_dagrun for example_xcom_args to None, run_after=None
[2022-12-03T14:52:01.719+0000] {logging_mixin.py:137} INFO - [2022-12-03T14:52:01.719+0000] {dag.py:3427} INFO - Setting next_dagrun for example_xcom_args_with_operators to None, run_after=None
[2022-12-03T14:52:01.734+0000] {processor.py:175} INFO - Processing /home/airflow/.local/lib/python3.7/site-packages/airflow/example_dags/example_xcomargs.py took 0.208 seconds
[2022-12-03T14:52:34.502+0000] {processor.py:153} INFO - Started process (PID=3128) to work on /home/airflow/.local/lib/python3.7/site-packages/airflow/example_dags/example_xcomargs.py
[2022-12-03T14:52:34.503+0000] {processor.py:743} INFO - Processing file /home/airflow/.local/lib/python3.7/site-packages/airflow/example_dags/example_xcomargs.py for tasks to queue
[2022-12-03T14:52:34.503+0000] {logging_mixin.py:137} INFO - [2022-12-03T14:52:34.503+0000] {dagbag.py:538} INFO - Filling up the DagBag from /home/airflow/.local/lib/python3.7/site-packages/airflow/example_dags/example_xcomargs.py
[2022-12-03T14:52:34.538+0000] {processor.py:753} INFO - DAG(s) dict_keys(['example_xcom_args', 'example_xcom_args_with_operators']) retrieved from /home/airflow/.local/lib/python3.7/site-packages/airflow/example_dags/example_xcomargs.py
[2022-12-03T14:52:34.631+0000] {logging_mixin.py:137} INFO - [2022-12-03T14:52:34.631+0000] {dag.py:2676} INFO - Sync 2 DAGs
[2022-12-03T14:52:34.719+0000] {logging_mixin.py:137} INFO - [2022-12-03T14:52:34.718+0000] {dag.py:3427} INFO - Setting next_dagrun for example_xcom_args to None, run_after=None
[2022-12-03T14:52:34.722+0000] {logging_mixin.py:137} INFO - [2022-12-03T14:52:34.722+0000] {dag.py:3427} INFO - Setting next_dagrun for example_xcom_args_with_operators to None, run_after=None
[2022-12-03T14:52:34.806+0000] {processor.py:175} INFO - Processing /home/airflow/.local/lib/python3.7/site-packages/airflow/example_dags/example_xcomargs.py took 0.308 seconds
[2022-12-03T14:53:05.568+0000] {processor.py:153} INFO - Started process (PID=3214) to work on /home/airflow/.local/lib/python3.7/site-packages/airflow/example_dags/example_xcomargs.py
[2022-12-03T14:53:05.575+0000] {processor.py:743} INFO - Processing file /home/airflow/.local/lib/python3.7/site-packages/airflow/example_dags/example_xcomargs.py for tasks to queue
[2022-12-03T14:53:05.576+0000] {logging_mixin.py:137} INFO - [2022-12-03T14:53:05.576+0000] {dagbag.py:538} INFO - Filling up the DagBag from /home/airflow/.local/lib/python3.7/site-packages/airflow/example_dags/example_xcomargs.py
[2022-12-03T14:53:05.674+0000] {processor.py:753} INFO - DAG(s) dict_keys(['example_xcom_args_with_operators', 'example_xcom_args']) retrieved from /home/airflow/.local/lib/python3.7/site-packages/airflow/example_dags/example_xcomargs.py
[2022-12-03T14:53:05.802+0000] {logging_mixin.py:137} INFO - [2022-12-03T14:53:05.802+0000] {dag.py:2676} INFO - Sync 2 DAGs
[2022-12-03T14:53:05.892+0000] {logging_mixin.py:137} INFO - [2022-12-03T14:53:05.892+0000] {dag.py:3427} INFO - Setting next_dagrun for example_xcom_args to None, run_after=None
[2022-12-03T14:53:05.897+0000] {logging_mixin.py:137} INFO - [2022-12-03T14:53:05.897+0000] {dag.py:3427} INFO - Setting next_dagrun for example_xcom_args_with_operators to None, run_after=None
[2022-12-03T14:53:06.005+0000] {processor.py:175} INFO - Processing /home/airflow/.local/lib/python3.7/site-packages/airflow/example_dags/example_xcomargs.py took 0.495 seconds
[2022-12-03T14:53:38.497+0000] {processor.py:153} INFO - Started process (PID=3300) to work on /home/airflow/.local/lib/python3.7/site-packages/airflow/example_dags/example_xcomargs.py
[2022-12-03T14:53:38.501+0000] {processor.py:743} INFO - Processing file /home/airflow/.local/lib/python3.7/site-packages/airflow/example_dags/example_xcomargs.py for tasks to queue
[2022-12-03T14:53:38.501+0000] {logging_mixin.py:137} INFO - [2022-12-03T14:53:38.501+0000] {dagbag.py:538} INFO - Filling up the DagBag from /home/airflow/.local/lib/python3.7/site-packages/airflow/example_dags/example_xcomargs.py
[2022-12-03T14:53:38.604+0000] {processor.py:753} INFO - DAG(s) dict_keys(['example_xcom_args_with_operators', 'example_xcom_args']) retrieved from /home/airflow/.local/lib/python3.7/site-packages/airflow/example_dags/example_xcomargs.py
[2022-12-03T14:53:38.886+0000] {logging_mixin.py:137} INFO - [2022-12-03T14:53:38.885+0000] {dag.py:2676} INFO - Sync 2 DAGs
[2022-12-03T14:53:39.087+0000] {logging_mixin.py:137} INFO - [2022-12-03T14:53:39.087+0000] {dag.py:3427} INFO - Setting next_dagrun for example_xcom_args to None, run_after=None
[2022-12-03T14:53:39.105+0000] {logging_mixin.py:137} INFO - [2022-12-03T14:53:39.105+0000] {dag.py:3427} INFO - Setting next_dagrun for example_xcom_args_with_operators to None, run_after=None
[2022-12-03T14:53:39.290+0000] {processor.py:175} INFO - Processing /home/airflow/.local/lib/python3.7/site-packages/airflow/example_dags/example_xcomargs.py took 0.796 seconds
[2022-12-03T14:54:10.011+0000] {processor.py:153} INFO - Started process (PID=3362) to work on /home/airflow/.local/lib/python3.7/site-packages/airflow/example_dags/example_xcomargs.py
[2022-12-03T14:54:10.072+0000] {processor.py:743} INFO - Processing file /home/airflow/.local/lib/python3.7/site-packages/airflow/example_dags/example_xcomargs.py for tasks to queue
[2022-12-03T14:54:10.073+0000] {logging_mixin.py:137} INFO - [2022-12-03T14:54:10.073+0000] {dagbag.py:538} INFO - Filling up the DagBag from /home/airflow/.local/lib/python3.7/site-packages/airflow/example_dags/example_xcomargs.py
[2022-12-03T14:54:10.206+0000] {processor.py:753} INFO - DAG(s) dict_keys(['example_xcom_args', 'example_xcom_args_with_operators']) retrieved from /home/airflow/.local/lib/python3.7/site-packages/airflow/example_dags/example_xcomargs.py
[2022-12-03T14:54:10.671+0000] {logging_mixin.py:137} INFO - [2022-12-03T14:54:10.671+0000] {dag.py:2676} INFO - Sync 2 DAGs
[2022-12-03T14:54:10.782+0000] {logging_mixin.py:137} INFO - [2022-12-03T14:54:10.781+0000] {dag.py:3427} INFO - Setting next_dagrun for example_xcom_args to None, run_after=None
[2022-12-03T14:54:10.789+0000] {logging_mixin.py:137} INFO - [2022-12-03T14:54:10.789+0000] {dag.py:3427} INFO - Setting next_dagrun for example_xcom_args_with_operators to None, run_after=None
[2022-12-03T14:54:10.870+0000] {processor.py:175} INFO - Processing /home/airflow/.local/lib/python3.7/site-packages/airflow/example_dags/example_xcomargs.py took 0.864 seconds
[2022-12-03T14:54:41.010+0000] {processor.py:153} INFO - Started process (PID=3446) to work on /home/airflow/.local/lib/python3.7/site-packages/airflow/example_dags/example_xcomargs.py
[2022-12-03T14:54:41.012+0000] {processor.py:743} INFO - Processing file /home/airflow/.local/lib/python3.7/site-packages/airflow/example_dags/example_xcomargs.py for tasks to queue
[2022-12-03T14:54:41.013+0000] {logging_mixin.py:137} INFO - [2022-12-03T14:54:41.013+0000] {dagbag.py:538} INFO - Filling up the DagBag from /home/airflow/.local/lib/python3.7/site-packages/airflow/example_dags/example_xcomargs.py
[2022-12-03T14:54:41.044+0000] {processor.py:753} INFO - DAG(s) dict_keys(['example_xcom_args', 'example_xcom_args_with_operators']) retrieved from /home/airflow/.local/lib/python3.7/site-packages/airflow/example_dags/example_xcomargs.py
[2022-12-03T14:54:41.143+0000] {logging_mixin.py:137} INFO - [2022-12-03T14:54:41.143+0000] {dag.py:2676} INFO - Sync 2 DAGs
[2022-12-03T14:54:41.217+0000] {logging_mixin.py:137} INFO - [2022-12-03T14:54:41.216+0000] {dag.py:3427} INFO - Setting next_dagrun for example_xcom_args to None, run_after=None
[2022-12-03T14:54:41.221+0000] {logging_mixin.py:137} INFO - [2022-12-03T14:54:41.221+0000] {dag.py:3427} INFO - Setting next_dagrun for example_xcom_args_with_operators to None, run_after=None
[2022-12-03T14:54:41.240+0000] {processor.py:175} INFO - Processing /home/airflow/.local/lib/python3.7/site-packages/airflow/example_dags/example_xcomargs.py took 0.233 seconds
[2022-12-03T14:55:11.708+0000] {processor.py:153} INFO - Started process (PID=3532) to work on /home/airflow/.local/lib/python3.7/site-packages/airflow/example_dags/example_xcomargs.py
[2022-12-03T14:55:11.709+0000] {processor.py:743} INFO - Processing file /home/airflow/.local/lib/python3.7/site-packages/airflow/example_dags/example_xcomargs.py for tasks to queue
[2022-12-03T14:55:11.710+0000] {logging_mixin.py:137} INFO - [2022-12-03T14:55:11.709+0000] {dagbag.py:538} INFO - Filling up the DagBag from /home/airflow/.local/lib/python3.7/site-packages/airflow/example_dags/example_xcomargs.py
[2022-12-03T14:55:11.807+0000] {processor.py:753} INFO - DAG(s) dict_keys(['example_xcom_args_with_operators', 'example_xcom_args']) retrieved from /home/airflow/.local/lib/python3.7/site-packages/airflow/example_dags/example_xcomargs.py
[2022-12-03T14:55:11.916+0000] {logging_mixin.py:137} INFO - [2022-12-03T14:55:11.915+0000] {dag.py:2676} INFO - Sync 2 DAGs
[2022-12-03T14:55:12.010+0000] {logging_mixin.py:137} INFO - [2022-12-03T14:55:12.010+0000] {dag.py:3427} INFO - Setting next_dagrun for example_xcom_args to None, run_after=None
[2022-12-03T14:55:12.014+0000] {logging_mixin.py:137} INFO - [2022-12-03T14:55:12.014+0000] {dag.py:3427} INFO - Setting next_dagrun for example_xcom_args_with_operators to None, run_after=None
[2022-12-03T14:55:12.097+0000] {processor.py:175} INFO - Processing /home/airflow/.local/lib/python3.7/site-packages/airflow/example_dags/example_xcomargs.py took 0.392 seconds
[2022-12-03T14:55:42.708+0000] {processor.py:153} INFO - Started process (PID=3628) to work on /home/airflow/.local/lib/python3.7/site-packages/airflow/example_dags/example_xcomargs.py
[2022-12-03T14:55:42.709+0000] {processor.py:743} INFO - Processing file /home/airflow/.local/lib/python3.7/site-packages/airflow/example_dags/example_xcomargs.py for tasks to queue
[2022-12-03T14:55:42.710+0000] {logging_mixin.py:137} INFO - [2022-12-03T14:55:42.710+0000] {dagbag.py:538} INFO - Filling up the DagBag from /home/airflow/.local/lib/python3.7/site-packages/airflow/example_dags/example_xcomargs.py
[2022-12-03T14:55:42.734+0000] {processor.py:753} INFO - DAG(s) dict_keys(['example_xcom_args', 'example_xcom_args_with_operators']) retrieved from /home/airflow/.local/lib/python3.7/site-packages/airflow/example_dags/example_xcomargs.py
[2022-12-03T14:55:42.796+0000] {logging_mixin.py:137} INFO - [2022-12-03T14:55:42.796+0000] {dag.py:2676} INFO - Sync 2 DAGs
[2022-12-03T14:55:42.828+0000] {logging_mixin.py:137} INFO - [2022-12-03T14:55:42.828+0000] {dag.py:3427} INFO - Setting next_dagrun for example_xcom_args to None, run_after=None
[2022-12-03T14:55:42.832+0000] {logging_mixin.py:137} INFO - [2022-12-03T14:55:42.832+0000] {dag.py:3427} INFO - Setting next_dagrun for example_xcom_args_with_operators to None, run_after=None
[2022-12-03T14:55:42.852+0000] {processor.py:175} INFO - Processing /home/airflow/.local/lib/python3.7/site-packages/airflow/example_dags/example_xcomargs.py took 0.148 seconds
[2022-12-03T14:56:13.478+0000] {processor.py:153} INFO - Started process (PID=3729) to work on /home/airflow/.local/lib/python3.7/site-packages/airflow/example_dags/example_xcomargs.py
[2022-12-03T14:56:13.479+0000] {processor.py:743} INFO - Processing file /home/airflow/.local/lib/python3.7/site-packages/airflow/example_dags/example_xcomargs.py for tasks to queue
[2022-12-03T14:56:13.480+0000] {logging_mixin.py:137} INFO - [2022-12-03T14:56:13.480+0000] {dagbag.py:538} INFO - Filling up the DagBag from /home/airflow/.local/lib/python3.7/site-packages/airflow/example_dags/example_xcomargs.py
[2022-12-03T14:56:13.511+0000] {processor.py:753} INFO - DAG(s) dict_keys(['example_xcom_args_with_operators', 'example_xcom_args']) retrieved from /home/airflow/.local/lib/python3.7/site-packages/airflow/example_dags/example_xcomargs.py
[2022-12-03T14:56:13.552+0000] {logging_mixin.py:137} INFO - [2022-12-03T14:56:13.552+0000] {dag.py:2676} INFO - Sync 2 DAGs
[2022-12-03T14:56:13.585+0000] {logging_mixin.py:137} INFO - [2022-12-03T14:56:13.584+0000] {dag.py:3427} INFO - Setting next_dagrun for example_xcom_args to None, run_after=None
[2022-12-03T14:56:13.589+0000] {logging_mixin.py:137} INFO - [2022-12-03T14:56:13.588+0000] {dag.py:3427} INFO - Setting next_dagrun for example_xcom_args_with_operators to None, run_after=None
[2022-12-03T14:56:13.607+0000] {processor.py:175} INFO - Processing /home/airflow/.local/lib/python3.7/site-packages/airflow/example_dags/example_xcomargs.py took 0.132 seconds
