[2022-12-03T14:36:13.359+0000] {processor.py:153} INFO - Started process (PID=118) to work on /home/airflow/.local/lib/python3.7/site-packages/airflow/example_dags/example_xcom.py
[2022-12-03T14:36:13.359+0000] {processor.py:743} INFO - Processing file /home/airflow/.local/lib/python3.7/site-packages/airflow/example_dags/example_xcom.py for tasks to queue
[2022-12-03T14:36:13.360+0000] {logging_mixin.py:137} INFO - [2022-12-03T14:36:13.360+0000] {dagbag.py:538} INFO - Filling up the DagBag from /home/airflow/.local/lib/python3.7/site-packages/airflow/example_dags/example_xcom.py
[2022-12-03T14:36:13.404+0000] {processor.py:753} INFO - DAG(s) dict_keys(['example_xcom']) retrieved from /home/airflow/.local/lib/python3.7/site-packages/airflow/example_dags/example_xcom.py
[2022-12-03T14:36:13.451+0000] {logging_mixin.py:137} INFO - [2022-12-03T14:36:13.451+0000] {dag.py:2676} INFO - Sync 1 DAGs
[2022-12-03T14:36:13.500+0000] {logging_mixin.py:137} INFO - [2022-12-03T14:36:13.500+0000] {dag.py:3427} INFO - Setting next_dagrun for example_xcom to 2021-01-01T00:00:00+00:00, run_after=2021-01-01T00:00:00+00:00
[2022-12-03T14:36:13.520+0000] {processor.py:175} INFO - Processing /home/airflow/.local/lib/python3.7/site-packages/airflow/example_dags/example_xcom.py took 0.164 seconds
[2022-12-03T14:36:43.942+0000] {processor.py:153} INFO - Started process (PID=228) to work on /home/airflow/.local/lib/python3.7/site-packages/airflow/example_dags/example_xcom.py
[2022-12-03T14:36:43.943+0000] {processor.py:743} INFO - Processing file /home/airflow/.local/lib/python3.7/site-packages/airflow/example_dags/example_xcom.py for tasks to queue
[2022-12-03T14:36:43.944+0000] {logging_mixin.py:137} INFO - [2022-12-03T14:36:43.944+0000] {dagbag.py:538} INFO - Filling up the DagBag from /home/airflow/.local/lib/python3.7/site-packages/airflow/example_dags/example_xcom.py
[2022-12-03T14:36:43.972+0000] {processor.py:753} INFO - DAG(s) dict_keys(['example_xcom']) retrieved from /home/airflow/.local/lib/python3.7/site-packages/airflow/example_dags/example_xcom.py
[2022-12-03T14:36:44.029+0000] {logging_mixin.py:137} INFO - [2022-12-03T14:36:44.029+0000] {dag.py:2676} INFO - Sync 1 DAGs
[2022-12-03T14:36:44.056+0000] {logging_mixin.py:137} INFO - [2022-12-03T14:36:44.056+0000] {dag.py:3427} INFO - Setting next_dagrun for example_xcom to 2021-01-01T00:00:00+00:00, run_after=2021-01-01T00:00:00+00:00
[2022-12-03T14:36:44.077+0000] {processor.py:175} INFO - Processing /home/airflow/.local/lib/python3.7/site-packages/airflow/example_dags/example_xcom.py took 0.138 seconds
[2022-12-03T14:37:14.397+0000] {processor.py:153} INFO - Started process (PID=314) to work on /home/airflow/.local/lib/python3.7/site-packages/airflow/example_dags/example_xcom.py
[2022-12-03T14:37:14.398+0000] {processor.py:743} INFO - Processing file /home/airflow/.local/lib/python3.7/site-packages/airflow/example_dags/example_xcom.py for tasks to queue
[2022-12-03T14:37:14.399+0000] {logging_mixin.py:137} INFO - [2022-12-03T14:37:14.399+0000] {dagbag.py:538} INFO - Filling up the DagBag from /home/airflow/.local/lib/python3.7/site-packages/airflow/example_dags/example_xcom.py
[2022-12-03T14:37:14.422+0000] {processor.py:753} INFO - DAG(s) dict_keys(['example_xcom']) retrieved from /home/airflow/.local/lib/python3.7/site-packages/airflow/example_dags/example_xcom.py
[2022-12-03T14:37:14.458+0000] {logging_mixin.py:137} INFO - [2022-12-03T14:37:14.457+0000] {dag.py:2676} INFO - Sync 1 DAGs
[2022-12-03T14:37:14.489+0000] {logging_mixin.py:137} INFO - [2022-12-03T14:37:14.489+0000] {dag.py:3427} INFO - Setting next_dagrun for example_xcom to 2021-01-01T00:00:00+00:00, run_after=2021-01-01T00:00:00+00:00
[2022-12-03T14:37:14.505+0000] {processor.py:175} INFO - Processing /home/airflow/.local/lib/python3.7/site-packages/airflow/example_dags/example_xcom.py took 0.110 seconds
[2022-12-03T14:37:45.093+0000] {processor.py:153} INFO - Started process (PID=400) to work on /home/airflow/.local/lib/python3.7/site-packages/airflow/example_dags/example_xcom.py
[2022-12-03T14:37:45.093+0000] {processor.py:743} INFO - Processing file /home/airflow/.local/lib/python3.7/site-packages/airflow/example_dags/example_xcom.py for tasks to queue
[2022-12-03T14:37:45.094+0000] {logging_mixin.py:137} INFO - [2022-12-03T14:37:45.094+0000] {dagbag.py:538} INFO - Filling up the DagBag from /home/airflow/.local/lib/python3.7/site-packages/airflow/example_dags/example_xcom.py
[2022-12-03T14:37:45.117+0000] {processor.py:753} INFO - DAG(s) dict_keys(['example_xcom']) retrieved from /home/airflow/.local/lib/python3.7/site-packages/airflow/example_dags/example_xcom.py
[2022-12-03T14:37:45.152+0000] {logging_mixin.py:137} INFO - [2022-12-03T14:37:45.152+0000] {dag.py:2676} INFO - Sync 1 DAGs
[2022-12-03T14:37:45.188+0000] {logging_mixin.py:137} INFO - [2022-12-03T14:37:45.187+0000] {dag.py:3427} INFO - Setting next_dagrun for example_xcom to 2021-01-01T00:00:00+00:00, run_after=2021-01-01T00:00:00+00:00
[2022-12-03T14:37:45.214+0000] {processor.py:175} INFO - Processing /home/airflow/.local/lib/python3.7/site-packages/airflow/example_dags/example_xcom.py took 0.125 seconds
[2022-12-03T14:38:15.483+0000] {processor.py:153} INFO - Started process (PID=510) to work on /home/airflow/.local/lib/python3.7/site-packages/airflow/example_dags/example_xcom.py
[2022-12-03T14:38:15.484+0000] {processor.py:743} INFO - Processing file /home/airflow/.local/lib/python3.7/site-packages/airflow/example_dags/example_xcom.py for tasks to queue
[2022-12-03T14:38:15.484+0000] {logging_mixin.py:137} INFO - [2022-12-03T14:38:15.484+0000] {dagbag.py:538} INFO - Filling up the DagBag from /home/airflow/.local/lib/python3.7/site-packages/airflow/example_dags/example_xcom.py
[2022-12-03T14:38:15.507+0000] {processor.py:753} INFO - DAG(s) dict_keys(['example_xcom']) retrieved from /home/airflow/.local/lib/python3.7/site-packages/airflow/example_dags/example_xcom.py
[2022-12-03T14:38:15.578+0000] {logging_mixin.py:137} INFO - [2022-12-03T14:38:15.578+0000] {dag.py:2676} INFO - Sync 1 DAGs
[2022-12-03T14:38:15.604+0000] {logging_mixin.py:137} INFO - [2022-12-03T14:38:15.603+0000] {dag.py:3427} INFO - Setting next_dagrun for example_xcom to 2021-01-01T00:00:00+00:00, run_after=2021-01-01T00:00:00+00:00
[2022-12-03T14:38:15.619+0000] {processor.py:175} INFO - Processing /home/airflow/.local/lib/python3.7/site-packages/airflow/example_dags/example_xcom.py took 0.141 seconds
[2022-12-03T14:38:45.836+0000] {processor.py:153} INFO - Started process (PID=595) to work on /home/airflow/.local/lib/python3.7/site-packages/airflow/example_dags/example_xcom.py
[2022-12-03T14:38:45.837+0000] {processor.py:743} INFO - Processing file /home/airflow/.local/lib/python3.7/site-packages/airflow/example_dags/example_xcom.py for tasks to queue
[2022-12-03T14:38:45.837+0000] {logging_mixin.py:137} INFO - [2022-12-03T14:38:45.837+0000] {dagbag.py:538} INFO - Filling up the DagBag from /home/airflow/.local/lib/python3.7/site-packages/airflow/example_dags/example_xcom.py
[2022-12-03T14:38:45.860+0000] {processor.py:753} INFO - DAG(s) dict_keys(['example_xcom']) retrieved from /home/airflow/.local/lib/python3.7/site-packages/airflow/example_dags/example_xcom.py
[2022-12-03T14:38:45.904+0000] {logging_mixin.py:137} INFO - [2022-12-03T14:38:45.904+0000] {dag.py:2676} INFO - Sync 1 DAGs
[2022-12-03T14:38:45.928+0000] {logging_mixin.py:137} INFO - [2022-12-03T14:38:45.928+0000] {dag.py:3427} INFO - Setting next_dagrun for example_xcom to 2021-01-01T00:00:00+00:00, run_after=2021-01-01T00:00:00+00:00
[2022-12-03T14:38:45.945+0000] {processor.py:175} INFO - Processing /home/airflow/.local/lib/python3.7/site-packages/airflow/example_dags/example_xcom.py took 0.112 seconds
[2022-12-03T14:39:16.233+0000] {processor.py:153} INFO - Started process (PID=681) to work on /home/airflow/.local/lib/python3.7/site-packages/airflow/example_dags/example_xcom.py
[2022-12-03T14:39:16.233+0000] {processor.py:743} INFO - Processing file /home/airflow/.local/lib/python3.7/site-packages/airflow/example_dags/example_xcom.py for tasks to queue
[2022-12-03T14:39:16.234+0000] {logging_mixin.py:137} INFO - [2022-12-03T14:39:16.234+0000] {dagbag.py:538} INFO - Filling up the DagBag from /home/airflow/.local/lib/python3.7/site-packages/airflow/example_dags/example_xcom.py
[2022-12-03T14:39:16.257+0000] {processor.py:753} INFO - DAG(s) dict_keys(['example_xcom']) retrieved from /home/airflow/.local/lib/python3.7/site-packages/airflow/example_dags/example_xcom.py
[2022-12-03T14:39:16.298+0000] {logging_mixin.py:137} INFO - [2022-12-03T14:39:16.298+0000] {dag.py:2676} INFO - Sync 1 DAGs
[2022-12-03T14:39:16.322+0000] {logging_mixin.py:137} INFO - [2022-12-03T14:39:16.321+0000] {dag.py:3427} INFO - Setting next_dagrun for example_xcom to 2021-01-01T00:00:00+00:00, run_after=2021-01-01T00:00:00+00:00
[2022-12-03T14:39:16.339+0000] {processor.py:175} INFO - Processing /home/airflow/.local/lib/python3.7/site-packages/airflow/example_dags/example_xcom.py took 0.109 seconds
[2022-12-03T14:39:46.437+0000] {processor.py:153} INFO - Started process (PID=791) to work on /home/airflow/.local/lib/python3.7/site-packages/airflow/example_dags/example_xcom.py
[2022-12-03T14:39:46.438+0000] {processor.py:743} INFO - Processing file /home/airflow/.local/lib/python3.7/site-packages/airflow/example_dags/example_xcom.py for tasks to queue
[2022-12-03T14:39:46.438+0000] {logging_mixin.py:137} INFO - [2022-12-03T14:39:46.438+0000] {dagbag.py:538} INFO - Filling up the DagBag from /home/airflow/.local/lib/python3.7/site-packages/airflow/example_dags/example_xcom.py
[2022-12-03T14:39:46.461+0000] {processor.py:753} INFO - DAG(s) dict_keys(['example_xcom']) retrieved from /home/airflow/.local/lib/python3.7/site-packages/airflow/example_dags/example_xcom.py
[2022-12-03T14:39:46.508+0000] {logging_mixin.py:137} INFO - [2022-12-03T14:39:46.508+0000] {dag.py:2676} INFO - Sync 1 DAGs
[2022-12-03T14:39:46.531+0000] {logging_mixin.py:137} INFO - [2022-12-03T14:39:46.531+0000] {dag.py:3427} INFO - Setting next_dagrun for example_xcom to 2021-01-01T00:00:00+00:00, run_after=2021-01-01T00:00:00+00:00
[2022-12-03T14:39:46.550+0000] {processor.py:175} INFO - Processing /home/airflow/.local/lib/python3.7/site-packages/airflow/example_dags/example_xcom.py took 0.116 seconds
[2022-12-03T14:40:16.898+0000] {processor.py:153} INFO - Started process (PID=877) to work on /home/airflow/.local/lib/python3.7/site-packages/airflow/example_dags/example_xcom.py
[2022-12-03T14:40:16.899+0000] {processor.py:743} INFO - Processing file /home/airflow/.local/lib/python3.7/site-packages/airflow/example_dags/example_xcom.py for tasks to queue
[2022-12-03T14:40:16.899+0000] {logging_mixin.py:137} INFO - [2022-12-03T14:40:16.899+0000] {dagbag.py:538} INFO - Filling up the DagBag from /home/airflow/.local/lib/python3.7/site-packages/airflow/example_dags/example_xcom.py
[2022-12-03T14:40:16.922+0000] {processor.py:753} INFO - DAG(s) dict_keys(['example_xcom']) retrieved from /home/airflow/.local/lib/python3.7/site-packages/airflow/example_dags/example_xcom.py
[2022-12-03T14:40:16.956+0000] {logging_mixin.py:137} INFO - [2022-12-03T14:40:16.956+0000] {dag.py:2676} INFO - Sync 1 DAGs
[2022-12-03T14:40:16.995+0000] {logging_mixin.py:137} INFO - [2022-12-03T14:40:16.995+0000] {dag.py:3427} INFO - Setting next_dagrun for example_xcom to 2021-01-01T00:00:00+00:00, run_after=2021-01-01T00:00:00+00:00
[2022-12-03T14:40:17.014+0000] {processor.py:175} INFO - Processing /home/airflow/.local/lib/python3.7/site-packages/airflow/example_dags/example_xcom.py took 0.118 seconds
[2022-12-03T14:40:47.342+0000] {processor.py:153} INFO - Started process (PID=972) to work on /home/airflow/.local/lib/python3.7/site-packages/airflow/example_dags/example_xcom.py
[2022-12-03T14:40:47.343+0000] {processor.py:743} INFO - Processing file /home/airflow/.local/lib/python3.7/site-packages/airflow/example_dags/example_xcom.py for tasks to queue
[2022-12-03T14:40:47.343+0000] {logging_mixin.py:137} INFO - [2022-12-03T14:40:47.343+0000] {dagbag.py:538} INFO - Filling up the DagBag from /home/airflow/.local/lib/python3.7/site-packages/airflow/example_dags/example_xcom.py
[2022-12-03T14:40:47.367+0000] {processor.py:753} INFO - DAG(s) dict_keys(['example_xcom']) retrieved from /home/airflow/.local/lib/python3.7/site-packages/airflow/example_dags/example_xcom.py
[2022-12-03T14:40:47.433+0000] {logging_mixin.py:137} INFO - [2022-12-03T14:40:47.433+0000] {dag.py:2676} INFO - Sync 1 DAGs
[2022-12-03T14:40:47.458+0000] {logging_mixin.py:137} INFO - [2022-12-03T14:40:47.458+0000] {dag.py:3427} INFO - Setting next_dagrun for example_xcom to 2021-01-01T00:00:00+00:00, run_after=2021-01-01T00:00:00+00:00
[2022-12-03T14:40:47.501+0000] {processor.py:175} INFO - Processing /home/airflow/.local/lib/python3.7/site-packages/airflow/example_dags/example_xcom.py took 0.161 seconds
[2022-12-03T14:41:18.603+0000] {processor.py:153} INFO - Started process (PID=1073) to work on /home/airflow/.local/lib/python3.7/site-packages/airflow/example_dags/example_xcom.py
[2022-12-03T14:41:18.604+0000] {processor.py:743} INFO - Processing file /home/airflow/.local/lib/python3.7/site-packages/airflow/example_dags/example_xcom.py for tasks to queue
[2022-12-03T14:41:18.605+0000] {logging_mixin.py:137} INFO - [2022-12-03T14:41:18.605+0000] {dagbag.py:538} INFO - Filling up the DagBag from /home/airflow/.local/lib/python3.7/site-packages/airflow/example_dags/example_xcom.py
[2022-12-03T14:41:18.693+0000] {processor.py:753} INFO - DAG(s) dict_keys(['example_xcom']) retrieved from /home/airflow/.local/lib/python3.7/site-packages/airflow/example_dags/example_xcom.py
[2022-12-03T14:41:18.808+0000] {logging_mixin.py:137} INFO - [2022-12-03T14:41:18.808+0000] {dag.py:2676} INFO - Sync 1 DAGs
[2022-12-03T14:41:18.891+0000] {logging_mixin.py:137} INFO - [2022-12-03T14:41:18.890+0000] {dag.py:3427} INFO - Setting next_dagrun for example_xcom to 2021-01-01T00:00:00+00:00, run_after=2021-01-01T00:00:00+00:00
[2022-12-03T14:41:18.918+0000] {processor.py:175} INFO - Processing /home/airflow/.local/lib/python3.7/site-packages/airflow/example_dags/example_xcom.py took 0.317 seconds
[2022-12-03T14:41:49.004+0000] {processor.py:153} INFO - Started process (PID=1159) to work on /home/airflow/.local/lib/python3.7/site-packages/airflow/example_dags/example_xcom.py
[2022-12-03T14:41:49.005+0000] {processor.py:743} INFO - Processing file /home/airflow/.local/lib/python3.7/site-packages/airflow/example_dags/example_xcom.py for tasks to queue
[2022-12-03T14:41:49.006+0000] {logging_mixin.py:137} INFO - [2022-12-03T14:41:49.006+0000] {dagbag.py:538} INFO - Filling up the DagBag from /home/airflow/.local/lib/python3.7/site-packages/airflow/example_dags/example_xcom.py
[2022-12-03T14:41:49.033+0000] {processor.py:753} INFO - DAG(s) dict_keys(['example_xcom']) retrieved from /home/airflow/.local/lib/python3.7/site-packages/airflow/example_dags/example_xcom.py
[2022-12-03T14:41:49.089+0000] {logging_mixin.py:137} INFO - [2022-12-03T14:41:49.089+0000] {dag.py:2676} INFO - Sync 1 DAGs
[2022-12-03T14:41:49.124+0000] {logging_mixin.py:137} INFO - [2022-12-03T14:41:49.124+0000] {dag.py:3427} INFO - Setting next_dagrun for example_xcom to 2021-01-01T00:00:00+00:00, run_after=2021-01-01T00:00:00+00:00
[2022-12-03T14:41:49.143+0000] {processor.py:175} INFO - Processing /home/airflow/.local/lib/python3.7/site-packages/airflow/example_dags/example_xcom.py took 0.143 seconds
[2022-12-03T14:42:19.787+0000] {processor.py:153} INFO - Started process (PID=1254) to work on /home/airflow/.local/lib/python3.7/site-packages/airflow/example_dags/example_xcom.py
[2022-12-03T14:42:19.788+0000] {processor.py:743} INFO - Processing file /home/airflow/.local/lib/python3.7/site-packages/airflow/example_dags/example_xcom.py for tasks to queue
[2022-12-03T14:42:19.788+0000] {logging_mixin.py:137} INFO - [2022-12-03T14:42:19.788+0000] {dagbag.py:538} INFO - Filling up the DagBag from /home/airflow/.local/lib/python3.7/site-packages/airflow/example_dags/example_xcom.py
[2022-12-03T14:42:19.813+0000] {processor.py:753} INFO - DAG(s) dict_keys(['example_xcom']) retrieved from /home/airflow/.local/lib/python3.7/site-packages/airflow/example_dags/example_xcom.py
[2022-12-03T14:42:19.869+0000] {logging_mixin.py:137} INFO - [2022-12-03T14:42:19.869+0000] {dag.py:2676} INFO - Sync 1 DAGs
[2022-12-03T14:42:19.904+0000] {logging_mixin.py:137} INFO - [2022-12-03T14:42:19.904+0000] {dag.py:3427} INFO - Setting next_dagrun for example_xcom to 2021-01-01T00:00:00+00:00, run_after=2021-01-01T00:00:00+00:00
[2022-12-03T14:42:19.922+0000] {processor.py:175} INFO - Processing /home/airflow/.local/lib/python3.7/site-packages/airflow/example_dags/example_xcom.py took 0.138 seconds
[2022-12-03T14:42:50.094+0000] {processor.py:153} INFO - Started process (PID=1355) to work on /home/airflow/.local/lib/python3.7/site-packages/airflow/example_dags/example_xcom.py
[2022-12-03T14:42:50.095+0000] {processor.py:743} INFO - Processing file /home/airflow/.local/lib/python3.7/site-packages/airflow/example_dags/example_xcom.py for tasks to queue
[2022-12-03T14:42:50.096+0000] {logging_mixin.py:137} INFO - [2022-12-03T14:42:50.096+0000] {dagbag.py:538} INFO - Filling up the DagBag from /home/airflow/.local/lib/python3.7/site-packages/airflow/example_dags/example_xcom.py
[2022-12-03T14:42:50.120+0000] {processor.py:753} INFO - DAG(s) dict_keys(['example_xcom']) retrieved from /home/airflow/.local/lib/python3.7/site-packages/airflow/example_dags/example_xcom.py
[2022-12-03T14:42:50.155+0000] {logging_mixin.py:137} INFO - [2022-12-03T14:42:50.155+0000] {dag.py:2676} INFO - Sync 1 DAGs
[2022-12-03T14:42:50.193+0000] {logging_mixin.py:137} INFO - [2022-12-03T14:42:50.193+0000] {dag.py:3427} INFO - Setting next_dagrun for example_xcom to 2021-01-01T00:00:00+00:00, run_after=2021-01-01T00:00:00+00:00
[2022-12-03T14:42:50.211+0000] {processor.py:175} INFO - Processing /home/airflow/.local/lib/python3.7/site-packages/airflow/example_dags/example_xcom.py took 0.120 seconds
[2022-12-03T14:43:20.379+0000] {processor.py:153} INFO - Started process (PID=1440) to work on /home/airflow/.local/lib/python3.7/site-packages/airflow/example_dags/example_xcom.py
[2022-12-03T14:43:20.384+0000] {processor.py:743} INFO - Processing file /home/airflow/.local/lib/python3.7/site-packages/airflow/example_dags/example_xcom.py for tasks to queue
[2022-12-03T14:43:20.385+0000] {logging_mixin.py:137} INFO - [2022-12-03T14:43:20.385+0000] {dagbag.py:538} INFO - Filling up the DagBag from /home/airflow/.local/lib/python3.7/site-packages/airflow/example_dags/example_xcom.py
[2022-12-03T14:43:20.417+0000] {processor.py:753} INFO - DAG(s) dict_keys(['example_xcom']) retrieved from /home/airflow/.local/lib/python3.7/site-packages/airflow/example_dags/example_xcom.py
[2022-12-03T14:43:20.461+0000] {logging_mixin.py:137} INFO - [2022-12-03T14:43:20.461+0000] {dag.py:2676} INFO - Sync 1 DAGs
[2022-12-03T14:43:20.502+0000] {logging_mixin.py:137} INFO - [2022-12-03T14:43:20.502+0000] {dag.py:3427} INFO - Setting next_dagrun for example_xcom to 2021-01-01T00:00:00+00:00, run_after=2021-01-01T00:00:00+00:00
[2022-12-03T14:43:20.517+0000] {processor.py:175} INFO - Processing /home/airflow/.local/lib/python3.7/site-packages/airflow/example_dags/example_xcom.py took 0.145 seconds
[2022-12-03T14:43:50.754+0000] {processor.py:153} INFO - Started process (PID=1550) to work on /home/airflow/.local/lib/python3.7/site-packages/airflow/example_dags/example_xcom.py
[2022-12-03T14:43:50.767+0000] {processor.py:743} INFO - Processing file /home/airflow/.local/lib/python3.7/site-packages/airflow/example_dags/example_xcom.py for tasks to queue
[2022-12-03T14:43:50.767+0000] {logging_mixin.py:137} INFO - [2022-12-03T14:43:50.767+0000] {dagbag.py:538} INFO - Filling up the DagBag from /home/airflow/.local/lib/python3.7/site-packages/airflow/example_dags/example_xcom.py
[2022-12-03T14:43:50.802+0000] {processor.py:753} INFO - DAG(s) dict_keys(['example_xcom']) retrieved from /home/airflow/.local/lib/python3.7/site-packages/airflow/example_dags/example_xcom.py
[2022-12-03T14:43:50.843+0000] {logging_mixin.py:137} INFO - [2022-12-03T14:43:50.843+0000] {dag.py:2676} INFO - Sync 1 DAGs
[2022-12-03T14:43:50.873+0000] {logging_mixin.py:137} INFO - [2022-12-03T14:43:50.873+0000] {dag.py:3427} INFO - Setting next_dagrun for example_xcom to 2021-01-01T00:00:00+00:00, run_after=2021-01-01T00:00:00+00:00
[2022-12-03T14:43:50.894+0000] {processor.py:175} INFO - Processing /home/airflow/.local/lib/python3.7/site-packages/airflow/example_dags/example_xcom.py took 0.143 seconds
[2022-12-03T14:44:21.915+0000] {processor.py:153} INFO - Started process (PID=1636) to work on /home/airflow/.local/lib/python3.7/site-packages/airflow/example_dags/example_xcom.py
[2022-12-03T14:44:21.916+0000] {processor.py:743} INFO - Processing file /home/airflow/.local/lib/python3.7/site-packages/airflow/example_dags/example_xcom.py for tasks to queue
[2022-12-03T14:44:21.916+0000] {logging_mixin.py:137} INFO - [2022-12-03T14:44:21.916+0000] {dagbag.py:538} INFO - Filling up the DagBag from /home/airflow/.local/lib/python3.7/site-packages/airflow/example_dags/example_xcom.py
[2022-12-03T14:44:21.942+0000] {processor.py:753} INFO - DAG(s) dict_keys(['example_xcom']) retrieved from /home/airflow/.local/lib/python3.7/site-packages/airflow/example_dags/example_xcom.py
[2022-12-03T14:44:21.996+0000] {logging_mixin.py:137} INFO - [2022-12-03T14:44:21.996+0000] {dag.py:2676} INFO - Sync 1 DAGs
[2022-12-03T14:44:22.029+0000] {logging_mixin.py:137} INFO - [2022-12-03T14:44:22.028+0000] {dag.py:3427} INFO - Setting next_dagrun for example_xcom to 2021-01-01T00:00:00+00:00, run_after=2021-01-01T00:00:00+00:00
[2022-12-03T14:44:22.046+0000] {processor.py:175} INFO - Processing /home/airflow/.local/lib/python3.7/site-packages/airflow/example_dags/example_xcom.py took 0.134 seconds
[2022-12-03T14:44:52.792+0000] {processor.py:153} INFO - Started process (PID=1722) to work on /home/airflow/.local/lib/python3.7/site-packages/airflow/example_dags/example_xcom.py
[2022-12-03T14:44:52.793+0000] {processor.py:743} INFO - Processing file /home/airflow/.local/lib/python3.7/site-packages/airflow/example_dags/example_xcom.py for tasks to queue
[2022-12-03T14:44:52.793+0000] {logging_mixin.py:137} INFO - [2022-12-03T14:44:52.793+0000] {dagbag.py:538} INFO - Filling up the DagBag from /home/airflow/.local/lib/python3.7/site-packages/airflow/example_dags/example_xcom.py
[2022-12-03T14:44:52.816+0000] {processor.py:753} INFO - DAG(s) dict_keys(['example_xcom']) retrieved from /home/airflow/.local/lib/python3.7/site-packages/airflow/example_dags/example_xcom.py
[2022-12-03T14:44:52.853+0000] {logging_mixin.py:137} INFO - [2022-12-03T14:44:52.852+0000] {dag.py:2676} INFO - Sync 1 DAGs
[2022-12-03T14:44:52.889+0000] {logging_mixin.py:137} INFO - [2022-12-03T14:44:52.889+0000] {dag.py:3427} INFO - Setting next_dagrun for example_xcom to 2021-01-01T00:00:00+00:00, run_after=2021-01-01T00:00:00+00:00
[2022-12-03T14:44:52.914+0000] {processor.py:175} INFO - Processing /home/airflow/.local/lib/python3.7/site-packages/airflow/example_dags/example_xcom.py took 0.125 seconds
[2022-12-03T14:45:23.175+0000] {processor.py:153} INFO - Started process (PID=1833) to work on /home/airflow/.local/lib/python3.7/site-packages/airflow/example_dags/example_xcom.py
[2022-12-03T14:45:23.180+0000] {processor.py:743} INFO - Processing file /home/airflow/.local/lib/python3.7/site-packages/airflow/example_dags/example_xcom.py for tasks to queue
[2022-12-03T14:45:23.181+0000] {logging_mixin.py:137} INFO - [2022-12-03T14:45:23.181+0000] {dagbag.py:538} INFO - Filling up the DagBag from /home/airflow/.local/lib/python3.7/site-packages/airflow/example_dags/example_xcom.py
[2022-12-03T14:45:23.234+0000] {processor.py:753} INFO - DAG(s) dict_keys(['example_xcom']) retrieved from /home/airflow/.local/lib/python3.7/site-packages/airflow/example_dags/example_xcom.py
[2022-12-03T14:45:23.323+0000] {logging_mixin.py:137} INFO - [2022-12-03T14:45:23.323+0000] {dag.py:2676} INFO - Sync 1 DAGs
[2022-12-03T14:45:23.395+0000] {logging_mixin.py:137} INFO - [2022-12-03T14:45:23.394+0000] {dag.py:3427} INFO - Setting next_dagrun for example_xcom to 2021-01-01T00:00:00+00:00, run_after=2021-01-01T00:00:00+00:00
[2022-12-03T14:45:23.417+0000] {processor.py:175} INFO - Processing /home/airflow/.local/lib/python3.7/site-packages/airflow/example_dags/example_xcom.py took 0.254 seconds
[2022-12-03T14:45:54.286+0000] {processor.py:153} INFO - Started process (PID=1919) to work on /home/airflow/.local/lib/python3.7/site-packages/airflow/example_dags/example_xcom.py
[2022-12-03T14:45:54.286+0000] {processor.py:743} INFO - Processing file /home/airflow/.local/lib/python3.7/site-packages/airflow/example_dags/example_xcom.py for tasks to queue
[2022-12-03T14:45:54.287+0000] {logging_mixin.py:137} INFO - [2022-12-03T14:45:54.287+0000] {dagbag.py:538} INFO - Filling up the DagBag from /home/airflow/.local/lib/python3.7/site-packages/airflow/example_dags/example_xcom.py
[2022-12-03T14:45:54.309+0000] {processor.py:753} INFO - DAG(s) dict_keys(['example_xcom']) retrieved from /home/airflow/.local/lib/python3.7/site-packages/airflow/example_dags/example_xcom.py
[2022-12-03T14:45:54.345+0000] {logging_mixin.py:137} INFO - [2022-12-03T14:45:54.345+0000] {dag.py:2676} INFO - Sync 1 DAGs
[2022-12-03T14:45:54.386+0000] {logging_mixin.py:137} INFO - [2022-12-03T14:45:54.386+0000] {dag.py:3427} INFO - Setting next_dagrun for example_xcom to 2021-01-01T00:00:00+00:00, run_after=2021-01-01T00:00:00+00:00
[2022-12-03T14:45:54.404+0000] {processor.py:175} INFO - Processing /home/airflow/.local/lib/python3.7/site-packages/airflow/example_dags/example_xcom.py took 0.121 seconds
[2022-12-03T14:46:24.569+0000] {processor.py:153} INFO - Started process (PID=2005) to work on /home/airflow/.local/lib/python3.7/site-packages/airflow/example_dags/example_xcom.py
[2022-12-03T14:46:24.580+0000] {processor.py:743} INFO - Processing file /home/airflow/.local/lib/python3.7/site-packages/airflow/example_dags/example_xcom.py for tasks to queue
[2022-12-03T14:46:24.581+0000] {logging_mixin.py:137} INFO - [2022-12-03T14:46:24.581+0000] {dagbag.py:538} INFO - Filling up the DagBag from /home/airflow/.local/lib/python3.7/site-packages/airflow/example_dags/example_xcom.py
[2022-12-03T14:46:24.609+0000] {processor.py:753} INFO - DAG(s) dict_keys(['example_xcom']) retrieved from /home/airflow/.local/lib/python3.7/site-packages/airflow/example_dags/example_xcom.py
[2022-12-03T14:46:24.644+0000] {logging_mixin.py:137} INFO - [2022-12-03T14:46:24.644+0000] {dag.py:2676} INFO - Sync 1 DAGs
[2022-12-03T14:46:24.673+0000] {logging_mixin.py:137} INFO - [2022-12-03T14:46:24.673+0000] {dag.py:3427} INFO - Setting next_dagrun for example_xcom to 2021-01-01T00:00:00+00:00, run_after=2021-01-01T00:00:00+00:00
[2022-12-03T14:46:24.706+0000] {processor.py:175} INFO - Processing /home/airflow/.local/lib/python3.7/site-packages/airflow/example_dags/example_xcom.py took 0.140 seconds
[2022-12-03T14:46:54.910+0000] {processor.py:153} INFO - Started process (PID=2114) to work on /home/airflow/.local/lib/python3.7/site-packages/airflow/example_dags/example_xcom.py
[2022-12-03T14:46:54.911+0000] {processor.py:743} INFO - Processing file /home/airflow/.local/lib/python3.7/site-packages/airflow/example_dags/example_xcom.py for tasks to queue
[2022-12-03T14:46:54.912+0000] {logging_mixin.py:137} INFO - [2022-12-03T14:46:54.911+0000] {dagbag.py:538} INFO - Filling up the DagBag from /home/airflow/.local/lib/python3.7/site-packages/airflow/example_dags/example_xcom.py
[2022-12-03T14:46:54.933+0000] {processor.py:753} INFO - DAG(s) dict_keys(['example_xcom']) retrieved from /home/airflow/.local/lib/python3.7/site-packages/airflow/example_dags/example_xcom.py
[2022-12-03T14:46:55.034+0000] {logging_mixin.py:137} INFO - [2022-12-03T14:46:55.034+0000] {dag.py:2676} INFO - Sync 1 DAGs
[2022-12-03T14:46:55.118+0000] {logging_mixin.py:137} INFO - [2022-12-03T14:46:55.118+0000] {dag.py:3427} INFO - Setting next_dagrun for example_xcom to 2021-01-01T00:00:00+00:00, run_after=2021-01-01T00:00:00+00:00
[2022-12-03T14:46:55.191+0000] {processor.py:175} INFO - Processing /home/airflow/.local/lib/python3.7/site-packages/airflow/example_dags/example_xcom.py took 0.284 seconds
[2022-12-03T14:47:25.632+0000] {processor.py:153} INFO - Started process (PID=2200) to work on /home/airflow/.local/lib/python3.7/site-packages/airflow/example_dags/example_xcom.py
[2022-12-03T14:47:25.633+0000] {processor.py:743} INFO - Processing file /home/airflow/.local/lib/python3.7/site-packages/airflow/example_dags/example_xcom.py for tasks to queue
[2022-12-03T14:47:25.633+0000] {logging_mixin.py:137} INFO - [2022-12-03T14:47:25.633+0000] {dagbag.py:538} INFO - Filling up the DagBag from /home/airflow/.local/lib/python3.7/site-packages/airflow/example_dags/example_xcom.py
[2022-12-03T14:47:25.679+0000] {processor.py:753} INFO - DAG(s) dict_keys(['example_xcom']) retrieved from /home/airflow/.local/lib/python3.7/site-packages/airflow/example_dags/example_xcom.py
[2022-12-03T14:47:25.730+0000] {logging_mixin.py:137} INFO - [2022-12-03T14:47:25.730+0000] {dag.py:2676} INFO - Sync 1 DAGs
[2022-12-03T14:47:25.773+0000] {logging_mixin.py:137} INFO - [2022-12-03T14:47:25.773+0000] {dag.py:3427} INFO - Setting next_dagrun for example_xcom to 2021-01-01T00:00:00+00:00, run_after=2021-01-01T00:00:00+00:00
[2022-12-03T14:47:25.814+0000] {processor.py:175} INFO - Processing /home/airflow/.local/lib/python3.7/site-packages/airflow/example_dags/example_xcom.py took 0.185 seconds
[2022-12-03T14:47:55.962+0000] {processor.py:153} INFO - Started process (PID=2286) to work on /home/airflow/.local/lib/python3.7/site-packages/airflow/example_dags/example_xcom.py
[2022-12-03T14:47:55.963+0000] {processor.py:743} INFO - Processing file /home/airflow/.local/lib/python3.7/site-packages/airflow/example_dags/example_xcom.py for tasks to queue
[2022-12-03T14:47:55.964+0000] {logging_mixin.py:137} INFO - [2022-12-03T14:47:55.963+0000] {dagbag.py:538} INFO - Filling up the DagBag from /home/airflow/.local/lib/python3.7/site-packages/airflow/example_dags/example_xcom.py
[2022-12-03T14:47:56.013+0000] {processor.py:753} INFO - DAG(s) dict_keys(['example_xcom']) retrieved from /home/airflow/.local/lib/python3.7/site-packages/airflow/example_dags/example_xcom.py
[2022-12-03T14:47:56.059+0000] {logging_mixin.py:137} INFO - [2022-12-03T14:47:56.058+0000] {dag.py:2676} INFO - Sync 1 DAGs
[2022-12-03T14:47:56.115+0000] {logging_mixin.py:137} INFO - [2022-12-03T14:47:56.115+0000] {dag.py:3427} INFO - Setting next_dagrun for example_xcom to 2021-01-01T00:00:00+00:00, run_after=2021-01-01T00:00:00+00:00
[2022-12-03T14:47:56.137+0000] {processor.py:175} INFO - Processing /home/airflow/.local/lib/python3.7/site-packages/airflow/example_dags/example_xcom.py took 0.178 seconds
[2022-12-03T14:48:26.637+0000] {processor.py:153} INFO - Started process (PID=2380) to work on /home/airflow/.local/lib/python3.7/site-packages/airflow/example_dags/example_xcom.py
[2022-12-03T14:48:26.638+0000] {processor.py:743} INFO - Processing file /home/airflow/.local/lib/python3.7/site-packages/airflow/example_dags/example_xcom.py for tasks to queue
[2022-12-03T14:48:26.639+0000] {logging_mixin.py:137} INFO - [2022-12-03T14:48:26.639+0000] {dagbag.py:538} INFO - Filling up the DagBag from /home/airflow/.local/lib/python3.7/site-packages/airflow/example_dags/example_xcom.py
[2022-12-03T14:48:26.712+0000] {processor.py:753} INFO - DAG(s) dict_keys(['example_xcom']) retrieved from /home/airflow/.local/lib/python3.7/site-packages/airflow/example_dags/example_xcom.py
[2022-12-03T14:48:26.813+0000] {logging_mixin.py:137} INFO - [2022-12-03T14:48:26.812+0000] {dag.py:2676} INFO - Sync 1 DAGs
[2022-12-03T14:48:26.838+0000] {logging_mixin.py:137} INFO - [2022-12-03T14:48:26.838+0000] {dag.py:3427} INFO - Setting next_dagrun for example_xcom to 2021-01-01T00:00:00+00:00, run_after=2021-01-01T00:00:00+00:00
[2022-12-03T14:48:26.856+0000] {processor.py:175} INFO - Processing /home/airflow/.local/lib/python3.7/site-packages/airflow/example_dags/example_xcom.py took 0.222 seconds
[2022-12-03T14:48:57.007+0000] {processor.py:153} INFO - Started process (PID=2479) to work on /home/airflow/.local/lib/python3.7/site-packages/airflow/example_dags/example_xcom.py
[2022-12-03T14:48:57.008+0000] {processor.py:743} INFO - Processing file /home/airflow/.local/lib/python3.7/site-packages/airflow/example_dags/example_xcom.py for tasks to queue
[2022-12-03T14:48:57.010+0000] {logging_mixin.py:137} INFO - [2022-12-03T14:48:57.009+0000] {dagbag.py:538} INFO - Filling up the DagBag from /home/airflow/.local/lib/python3.7/site-packages/airflow/example_dags/example_xcom.py
[2022-12-03T14:48:57.032+0000] {processor.py:753} INFO - DAG(s) dict_keys(['example_xcom']) retrieved from /home/airflow/.local/lib/python3.7/site-packages/airflow/example_dags/example_xcom.py
[2022-12-03T14:48:57.085+0000] {logging_mixin.py:137} INFO - [2022-12-03T14:48:57.084+0000] {dag.py:2676} INFO - Sync 1 DAGs
[2022-12-03T14:48:57.124+0000] {logging_mixin.py:137} INFO - [2022-12-03T14:48:57.123+0000] {dag.py:3427} INFO - Setting next_dagrun for example_xcom to 2021-01-01T00:00:00+00:00, run_after=2021-01-01T00:00:00+00:00
[2022-12-03T14:48:57.142+0000] {processor.py:175} INFO - Processing /home/airflow/.local/lib/python3.7/site-packages/airflow/example_dags/example_xcom.py took 0.139 seconds
[2022-12-03T14:49:27.654+0000] {processor.py:153} INFO - Started process (PID=2565) to work on /home/airflow/.local/lib/python3.7/site-packages/airflow/example_dags/example_xcom.py
[2022-12-03T14:49:27.655+0000] {processor.py:743} INFO - Processing file /home/airflow/.local/lib/python3.7/site-packages/airflow/example_dags/example_xcom.py for tasks to queue
[2022-12-03T14:49:27.656+0000] {logging_mixin.py:137} INFO - [2022-12-03T14:49:27.655+0000] {dagbag.py:538} INFO - Filling up the DagBag from /home/airflow/.local/lib/python3.7/site-packages/airflow/example_dags/example_xcom.py
[2022-12-03T14:49:27.699+0000] {processor.py:753} INFO - DAG(s) dict_keys(['example_xcom']) retrieved from /home/airflow/.local/lib/python3.7/site-packages/airflow/example_dags/example_xcom.py
[2022-12-03T14:49:27.739+0000] {logging_mixin.py:137} INFO - [2022-12-03T14:49:27.739+0000] {dag.py:2676} INFO - Sync 1 DAGs
[2022-12-03T14:49:27.764+0000] {logging_mixin.py:137} INFO - [2022-12-03T14:49:27.763+0000] {dag.py:3427} INFO - Setting next_dagrun for example_xcom to 2021-01-01T00:00:00+00:00, run_after=2021-01-01T00:00:00+00:00
[2022-12-03T14:49:27.803+0000] {processor.py:175} INFO - Processing /home/airflow/.local/lib/python3.7/site-packages/airflow/example_dags/example_xcom.py took 0.153 seconds
[2022-12-03T14:49:58.715+0000] {processor.py:153} INFO - Started process (PID=2674) to work on /home/airflow/.local/lib/python3.7/site-packages/airflow/example_dags/example_xcom.py
[2022-12-03T14:49:58.776+0000] {processor.py:743} INFO - Processing file /home/airflow/.local/lib/python3.7/site-packages/airflow/example_dags/example_xcom.py for tasks to queue
[2022-12-03T14:49:58.777+0000] {logging_mixin.py:137} INFO - [2022-12-03T14:49:58.777+0000] {dagbag.py:538} INFO - Filling up the DagBag from /home/airflow/.local/lib/python3.7/site-packages/airflow/example_dags/example_xcom.py
[2022-12-03T14:49:58.828+0000] {processor.py:753} INFO - DAG(s) dict_keys(['example_xcom']) retrieved from /home/airflow/.local/lib/python3.7/site-packages/airflow/example_dags/example_xcom.py
[2022-12-03T14:49:58.942+0000] {logging_mixin.py:137} INFO - [2022-12-03T14:49:58.941+0000] {dag.py:2676} INFO - Sync 1 DAGs
[2022-12-03T14:49:59.017+0000] {logging_mixin.py:137} INFO - [2022-12-03T14:49:59.017+0000] {dag.py:3427} INFO - Setting next_dagrun for example_xcom to 2021-01-01T00:00:00+00:00, run_after=2021-01-01T00:00:00+00:00
[2022-12-03T14:49:59.084+0000] {processor.py:175} INFO - Processing /home/airflow/.local/lib/python3.7/site-packages/airflow/example_dags/example_xcom.py took 0.377 seconds
[2022-12-03T14:50:29.345+0000] {processor.py:153} INFO - Started process (PID=2760) to work on /home/airflow/.local/lib/python3.7/site-packages/airflow/example_dags/example_xcom.py
[2022-12-03T14:50:29.346+0000] {processor.py:743} INFO - Processing file /home/airflow/.local/lib/python3.7/site-packages/airflow/example_dags/example_xcom.py for tasks to queue
[2022-12-03T14:50:29.347+0000] {logging_mixin.py:137} INFO - [2022-12-03T14:50:29.346+0000] {dagbag.py:538} INFO - Filling up the DagBag from /home/airflow/.local/lib/python3.7/site-packages/airflow/example_dags/example_xcom.py
[2022-12-03T14:50:29.388+0000] {processor.py:753} INFO - DAG(s) dict_keys(['example_xcom']) retrieved from /home/airflow/.local/lib/python3.7/site-packages/airflow/example_dags/example_xcom.py
[2022-12-03T14:50:29.428+0000] {logging_mixin.py:137} INFO - [2022-12-03T14:50:29.427+0000] {dag.py:2676} INFO - Sync 1 DAGs
[2022-12-03T14:50:29.453+0000] {logging_mixin.py:137} INFO - [2022-12-03T14:50:29.453+0000] {dag.py:3427} INFO - Setting next_dagrun for example_xcom to 2021-01-01T00:00:00+00:00, run_after=2021-01-01T00:00:00+00:00
[2022-12-03T14:50:29.493+0000] {processor.py:175} INFO - Processing /home/airflow/.local/lib/python3.7/site-packages/airflow/example_dags/example_xcom.py took 0.150 seconds
[2022-12-03T14:51:00.158+0000] {processor.py:153} INFO - Started process (PID=2846) to work on /home/airflow/.local/lib/python3.7/site-packages/airflow/example_dags/example_xcom.py
[2022-12-03T14:51:00.158+0000] {processor.py:743} INFO - Processing file /home/airflow/.local/lib/python3.7/site-packages/airflow/example_dags/example_xcom.py for tasks to queue
[2022-12-03T14:51:00.159+0000] {logging_mixin.py:137} INFO - [2022-12-03T14:51:00.159+0000] {dagbag.py:538} INFO - Filling up the DagBag from /home/airflow/.local/lib/python3.7/site-packages/airflow/example_dags/example_xcom.py
[2022-12-03T14:51:00.188+0000] {processor.py:753} INFO - DAG(s) dict_keys(['example_xcom']) retrieved from /home/airflow/.local/lib/python3.7/site-packages/airflow/example_dags/example_xcom.py
[2022-12-03T14:51:00.231+0000] {logging_mixin.py:137} INFO - [2022-12-03T14:51:00.230+0000] {dag.py:2676} INFO - Sync 1 DAGs
[2022-12-03T14:51:00.256+0000] {logging_mixin.py:137} INFO - [2022-12-03T14:51:00.256+0000] {dag.py:3427} INFO - Setting next_dagrun for example_xcom to 2021-01-01T00:00:00+00:00, run_after=2021-01-01T00:00:00+00:00
[2022-12-03T14:51:00.287+0000] {processor.py:175} INFO - Processing /home/airflow/.local/lib/python3.7/site-packages/airflow/example_dags/example_xcom.py took 0.132 seconds
[2022-12-03T14:51:30.528+0000] {processor.py:153} INFO - Started process (PID=2932) to work on /home/airflow/.local/lib/python3.7/site-packages/airflow/example_dags/example_xcom.py
[2022-12-03T14:51:30.528+0000] {processor.py:743} INFO - Processing file /home/airflow/.local/lib/python3.7/site-packages/airflow/example_dags/example_xcom.py for tasks to queue
[2022-12-03T14:51:30.529+0000] {logging_mixin.py:137} INFO - [2022-12-03T14:51:30.529+0000] {dagbag.py:538} INFO - Filling up the DagBag from /home/airflow/.local/lib/python3.7/site-packages/airflow/example_dags/example_xcom.py
[2022-12-03T14:51:30.552+0000] {processor.py:753} INFO - DAG(s) dict_keys(['example_xcom']) retrieved from /home/airflow/.local/lib/python3.7/site-packages/airflow/example_dags/example_xcom.py
[2022-12-03T14:51:30.616+0000] {logging_mixin.py:137} INFO - [2022-12-03T14:51:30.616+0000] {dag.py:2676} INFO - Sync 1 DAGs
[2022-12-03T14:51:30.648+0000] {logging_mixin.py:137} INFO - [2022-12-03T14:51:30.648+0000] {dag.py:3427} INFO - Setting next_dagrun for example_xcom to 2021-01-01T00:00:00+00:00, run_after=2021-01-01T00:00:00+00:00
[2022-12-03T14:51:30.668+0000] {processor.py:175} INFO - Processing /home/airflow/.local/lib/python3.7/site-packages/airflow/example_dags/example_xcom.py took 0.143 seconds
[2022-12-03T14:52:01.397+0000] {processor.py:153} INFO - Started process (PID=3041) to work on /home/airflow/.local/lib/python3.7/site-packages/airflow/example_dags/example_xcom.py
[2022-12-03T14:52:01.398+0000] {processor.py:743} INFO - Processing file /home/airflow/.local/lib/python3.7/site-packages/airflow/example_dags/example_xcom.py for tasks to queue
[2022-12-03T14:52:01.398+0000] {logging_mixin.py:137} INFO - [2022-12-03T14:52:01.398+0000] {dagbag.py:538} INFO - Filling up the DagBag from /home/airflow/.local/lib/python3.7/site-packages/airflow/example_dags/example_xcom.py
[2022-12-03T14:52:01.425+0000] {processor.py:753} INFO - DAG(s) dict_keys(['example_xcom']) retrieved from /home/airflow/.local/lib/python3.7/site-packages/airflow/example_dags/example_xcom.py
[2022-12-03T14:52:01.508+0000] {logging_mixin.py:137} INFO - [2022-12-03T14:52:01.508+0000] {dag.py:2676} INFO - Sync 1 DAGs
[2022-12-03T14:52:01.538+0000] {logging_mixin.py:137} INFO - [2022-12-03T14:52:01.538+0000] {dag.py:3427} INFO - Setting next_dagrun for example_xcom to 2021-01-01T00:00:00+00:00, run_after=2021-01-01T00:00:00+00:00
[2022-12-03T14:52:01.599+0000] {processor.py:175} INFO - Processing /home/airflow/.local/lib/python3.7/site-packages/airflow/example_dags/example_xcom.py took 0.209 seconds
[2022-12-03T14:52:34.069+0000] {processor.py:153} INFO - Started process (PID=3127) to work on /home/airflow/.local/lib/python3.7/site-packages/airflow/example_dags/example_xcom.py
[2022-12-03T14:52:34.070+0000] {processor.py:743} INFO - Processing file /home/airflow/.local/lib/python3.7/site-packages/airflow/example_dags/example_xcom.py for tasks to queue
[2022-12-03T14:52:34.071+0000] {logging_mixin.py:137} INFO - [2022-12-03T14:52:34.071+0000] {dagbag.py:538} INFO - Filling up the DagBag from /home/airflow/.local/lib/python3.7/site-packages/airflow/example_dags/example_xcom.py
[2022-12-03T14:52:34.169+0000] {processor.py:753} INFO - DAG(s) dict_keys(['example_xcom']) retrieved from /home/airflow/.local/lib/python3.7/site-packages/airflow/example_dags/example_xcom.py
[2022-12-03T14:52:34.316+0000] {logging_mixin.py:137} INFO - [2022-12-03T14:52:34.316+0000] {dag.py:2676} INFO - Sync 1 DAGs
[2022-12-03T14:52:34.398+0000] {logging_mixin.py:137} INFO - [2022-12-03T14:52:34.398+0000] {dag.py:3427} INFO - Setting next_dagrun for example_xcom to 2021-01-01T00:00:00+00:00, run_after=2021-01-01T00:00:00+00:00
[2022-12-03T14:52:34.424+0000] {processor.py:175} INFO - Processing /home/airflow/.local/lib/python3.7/site-packages/airflow/example_dags/example_xcom.py took 0.393 seconds
[2022-12-03T14:53:05.108+0000] {processor.py:153} INFO - Started process (PID=3213) to work on /home/airflow/.local/lib/python3.7/site-packages/airflow/example_dags/example_xcom.py
[2022-12-03T14:53:05.109+0000] {processor.py:743} INFO - Processing file /home/airflow/.local/lib/python3.7/site-packages/airflow/example_dags/example_xcom.py for tasks to queue
[2022-12-03T14:53:05.109+0000] {logging_mixin.py:137} INFO - [2022-12-03T14:53:05.109+0000] {dagbag.py:538} INFO - Filling up the DagBag from /home/airflow/.local/lib/python3.7/site-packages/airflow/example_dags/example_xcom.py
[2022-12-03T14:53:05.293+0000] {processor.py:753} INFO - DAG(s) dict_keys(['example_xcom']) retrieved from /home/airflow/.local/lib/python3.7/site-packages/airflow/example_dags/example_xcom.py
[2022-12-03T14:53:05.500+0000] {logging_mixin.py:137} INFO - [2022-12-03T14:53:05.500+0000] {dag.py:2676} INFO - Sync 1 DAGs
[2022-12-03T14:53:05.692+0000] {logging_mixin.py:137} INFO - [2022-12-03T14:53:05.692+0000] {dag.py:3427} INFO - Setting next_dagrun for example_xcom to 2021-01-01T00:00:00+00:00, run_after=2021-01-01T00:00:00+00:00
[2022-12-03T14:53:05.868+0000] {processor.py:175} INFO - Processing /home/airflow/.local/lib/python3.7/site-packages/airflow/example_dags/example_xcom.py took 0.764 seconds
[2022-12-03T14:53:38.300+0000] {processor.py:153} INFO - Started process (PID=3299) to work on /home/airflow/.local/lib/python3.7/site-packages/airflow/example_dags/example_xcom.py
[2022-12-03T14:53:38.301+0000] {processor.py:743} INFO - Processing file /home/airflow/.local/lib/python3.7/site-packages/airflow/example_dags/example_xcom.py for tasks to queue
[2022-12-03T14:53:38.302+0000] {logging_mixin.py:137} INFO - [2022-12-03T14:53:38.302+0000] {dagbag.py:538} INFO - Filling up the DagBag from /home/airflow/.local/lib/python3.7/site-packages/airflow/example_dags/example_xcom.py
[2022-12-03T14:53:38.490+0000] {processor.py:753} INFO - DAG(s) dict_keys(['example_xcom']) retrieved from /home/airflow/.local/lib/python3.7/site-packages/airflow/example_dags/example_xcom.py
[2022-12-03T14:53:38.691+0000] {logging_mixin.py:137} INFO - [2022-12-03T14:53:38.690+0000] {dag.py:2676} INFO - Sync 1 DAGs
[2022-12-03T14:53:38.868+0000] {logging_mixin.py:137} INFO - [2022-12-03T14:53:38.868+0000] {dag.py:3427} INFO - Setting next_dagrun for example_xcom to 2021-01-01T00:00:00+00:00, run_after=2021-01-01T00:00:00+00:00
[2022-12-03T14:53:38.985+0000] {processor.py:175} INFO - Processing /home/airflow/.local/lib/python3.7/site-packages/airflow/example_dags/example_xcom.py took 0.689 seconds
[2022-12-03T14:54:09.914+0000] {processor.py:153} INFO - Started process (PID=3361) to work on /home/airflow/.local/lib/python3.7/site-packages/airflow/example_dags/example_xcom.py
[2022-12-03T14:54:09.916+0000] {processor.py:743} INFO - Processing file /home/airflow/.local/lib/python3.7/site-packages/airflow/example_dags/example_xcom.py for tasks to queue
[2022-12-03T14:54:09.916+0000] {logging_mixin.py:137} INFO - [2022-12-03T14:54:09.916+0000] {dagbag.py:538} INFO - Filling up the DagBag from /home/airflow/.local/lib/python3.7/site-packages/airflow/example_dags/example_xcom.py
[2022-12-03T14:54:10.197+0000] {processor.py:753} INFO - DAG(s) dict_keys(['example_xcom']) retrieved from /home/airflow/.local/lib/python3.7/site-packages/airflow/example_dags/example_xcom.py
[2022-12-03T14:54:10.582+0000] {logging_mixin.py:137} INFO - [2022-12-03T14:54:10.581+0000] {dag.py:2676} INFO - Sync 1 DAGs
[2022-12-03T14:54:10.799+0000] {logging_mixin.py:137} INFO - [2022-12-03T14:54:10.799+0000] {dag.py:3427} INFO - Setting next_dagrun for example_xcom to 2021-01-01T00:00:00+00:00, run_after=2021-01-01T00:00:00+00:00
[2022-12-03T14:54:10.909+0000] {processor.py:175} INFO - Processing /home/airflow/.local/lib/python3.7/site-packages/airflow/example_dags/example_xcom.py took 1.003 seconds
[2022-12-03T14:54:41.317+0000] {processor.py:153} INFO - Started process (PID=3447) to work on /home/airflow/.local/lib/python3.7/site-packages/airflow/example_dags/example_xcom.py
[2022-12-03T14:54:41.317+0000] {processor.py:743} INFO - Processing file /home/airflow/.local/lib/python3.7/site-packages/airflow/example_dags/example_xcom.py for tasks to queue
[2022-12-03T14:54:41.318+0000] {logging_mixin.py:137} INFO - [2022-12-03T14:54:41.318+0000] {dagbag.py:538} INFO - Filling up the DagBag from /home/airflow/.local/lib/python3.7/site-packages/airflow/example_dags/example_xcom.py
[2022-12-03T14:54:41.345+0000] {processor.py:753} INFO - DAG(s) dict_keys(['example_xcom']) retrieved from /home/airflow/.local/lib/python3.7/site-packages/airflow/example_dags/example_xcom.py
[2022-12-03T14:54:41.414+0000] {logging_mixin.py:137} INFO - [2022-12-03T14:54:41.413+0000] {dag.py:2676} INFO - Sync 1 DAGs
[2022-12-03T14:54:41.444+0000] {logging_mixin.py:137} INFO - [2022-12-03T14:54:41.444+0000] {dag.py:3427} INFO - Setting next_dagrun for example_xcom to 2021-01-01T00:00:00+00:00, run_after=2021-01-01T00:00:00+00:00
[2022-12-03T14:54:41.507+0000] {processor.py:175} INFO - Processing /home/airflow/.local/lib/python3.7/site-packages/airflow/example_dags/example_xcom.py took 0.198 seconds
[2022-12-03T14:55:11.894+0000] {processor.py:153} INFO - Started process (PID=3533) to work on /home/airflow/.local/lib/python3.7/site-packages/airflow/example_dags/example_xcom.py
[2022-12-03T14:55:11.896+0000] {processor.py:743} INFO - Processing file /home/airflow/.local/lib/python3.7/site-packages/airflow/example_dags/example_xcom.py for tasks to queue
[2022-12-03T14:55:11.897+0000] {logging_mixin.py:137} INFO - [2022-12-03T14:55:11.897+0000] {dagbag.py:538} INFO - Filling up the DagBag from /home/airflow/.local/lib/python3.7/site-packages/airflow/example_dags/example_xcom.py
[2022-12-03T14:55:11.926+0000] {processor.py:753} INFO - DAG(s) dict_keys(['example_xcom']) retrieved from /home/airflow/.local/lib/python3.7/site-packages/airflow/example_dags/example_xcom.py
[2022-12-03T14:55:12.024+0000] {logging_mixin.py:137} INFO - [2022-12-03T14:55:12.024+0000] {dag.py:2676} INFO - Sync 1 DAGs
[2022-12-03T14:55:12.117+0000] {logging_mixin.py:137} INFO - [2022-12-03T14:55:12.117+0000] {dag.py:3427} INFO - Setting next_dagrun for example_xcom to 2021-01-01T00:00:00+00:00, run_after=2021-01-01T00:00:00+00:00
[2022-12-03T14:55:12.208+0000] {processor.py:175} INFO - Processing /home/airflow/.local/lib/python3.7/site-packages/airflow/example_dags/example_xcom.py took 0.320 seconds
[2022-12-03T14:55:42.314+0000] {processor.py:153} INFO - Started process (PID=3627) to work on /home/airflow/.local/lib/python3.7/site-packages/airflow/example_dags/example_xcom.py
[2022-12-03T14:55:42.315+0000] {processor.py:743} INFO - Processing file /home/airflow/.local/lib/python3.7/site-packages/airflow/example_dags/example_xcom.py for tasks to queue
[2022-12-03T14:55:42.315+0000] {logging_mixin.py:137} INFO - [2022-12-03T14:55:42.315+0000] {dagbag.py:538} INFO - Filling up the DagBag from /home/airflow/.local/lib/python3.7/site-packages/airflow/example_dags/example_xcom.py
[2022-12-03T14:55:42.405+0000] {processor.py:753} INFO - DAG(s) dict_keys(['example_xcom']) retrieved from /home/airflow/.local/lib/python3.7/site-packages/airflow/example_dags/example_xcom.py
[2022-12-03T14:55:42.514+0000] {logging_mixin.py:137} INFO - [2022-12-03T14:55:42.513+0000] {dag.py:2676} INFO - Sync 1 DAGs
[2022-12-03T14:55:42.609+0000] {logging_mixin.py:137} INFO - [2022-12-03T14:55:42.608+0000] {dag.py:3427} INFO - Setting next_dagrun for example_xcom to 2021-01-01T00:00:00+00:00, run_after=2021-01-01T00:00:00+00:00
[2022-12-03T14:55:42.628+0000] {processor.py:175} INFO - Processing /home/airflow/.local/lib/python3.7/site-packages/airflow/example_dags/example_xcom.py took 0.317 seconds
[2022-12-03T14:56:13.331+0000] {processor.py:153} INFO - Started process (PID=3728) to work on /home/airflow/.local/lib/python3.7/site-packages/airflow/example_dags/example_xcom.py
[2022-12-03T14:56:13.332+0000] {processor.py:743} INFO - Processing file /home/airflow/.local/lib/python3.7/site-packages/airflow/example_dags/example_xcom.py for tasks to queue
[2022-12-03T14:56:13.332+0000] {logging_mixin.py:137} INFO - [2022-12-03T14:56:13.332+0000] {dagbag.py:538} INFO - Filling up the DagBag from /home/airflow/.local/lib/python3.7/site-packages/airflow/example_dags/example_xcom.py
[2022-12-03T14:56:13.356+0000] {processor.py:753} INFO - DAG(s) dict_keys(['example_xcom']) retrieved from /home/airflow/.local/lib/python3.7/site-packages/airflow/example_dags/example_xcom.py
[2022-12-03T14:56:13.419+0000] {logging_mixin.py:137} INFO - [2022-12-03T14:56:13.419+0000] {dag.py:2676} INFO - Sync 1 DAGs
[2022-12-03T14:56:13.443+0000] {logging_mixin.py:137} INFO - [2022-12-03T14:56:13.443+0000] {dag.py:3427} INFO - Setting next_dagrun for example_xcom to 2021-01-01T00:00:00+00:00, run_after=2021-01-01T00:00:00+00:00
[2022-12-03T14:56:13.501+0000] {processor.py:175} INFO - Processing /home/airflow/.local/lib/python3.7/site-packages/airflow/example_dags/example_xcom.py took 0.173 seconds
