[2022-12-03T14:36:06.739+0000] {processor.py:153} INFO - Started process (PID=100) to work on /home/airflow/.local/lib/python3.7/site-packages/airflow/example_dags/example_latest_only.py
[2022-12-03T14:36:06.739+0000] {processor.py:743} INFO - Processing file /home/airflow/.local/lib/python3.7/site-packages/airflow/example_dags/example_latest_only.py for tasks to queue
[2022-12-03T14:36:06.740+0000] {logging_mixin.py:137} INFO - [2022-12-03T14:36:06.740+0000] {dagbag.py:538} INFO - Filling up the DagBag from /home/airflow/.local/lib/python3.7/site-packages/airflow/example_dags/example_latest_only.py
[2022-12-03T14:36:06.769+0000] {processor.py:753} INFO - DAG(s) dict_keys(['latest_only']) retrieved from /home/airflow/.local/lib/python3.7/site-packages/airflow/example_dags/example_latest_only.py
[2022-12-03T14:36:06.829+0000] {logging_mixin.py:137} INFO - [2022-12-03T14:36:06.828+0000] {dag.py:2676} INFO - Sync 1 DAGs
[2022-12-03T14:36:06.883+0000] {logging_mixin.py:137} INFO - [2022-12-03T14:36:06.883+0000] {dag.py:3427} INFO - Setting next_dagrun for latest_only to 2022-12-03T10:36:06.882689+00:00, run_after=2022-12-03T14:36:06.882689+00:00
[2022-12-03T14:36:06.906+0000] {processor.py:175} INFO - Processing /home/airflow/.local/lib/python3.7/site-packages/airflow/example_dags/example_latest_only.py took 0.170 seconds
[2022-12-03T14:36:37.206+0000] {processor.py:153} INFO - Started process (PID=186) to work on /home/airflow/.local/lib/python3.7/site-packages/airflow/example_dags/example_latest_only.py
[2022-12-03T14:36:37.207+0000] {processor.py:743} INFO - Processing file /home/airflow/.local/lib/python3.7/site-packages/airflow/example_dags/example_latest_only.py for tasks to queue
[2022-12-03T14:36:37.207+0000] {logging_mixin.py:137} INFO - [2022-12-03T14:36:37.207+0000] {dagbag.py:538} INFO - Filling up the DagBag from /home/airflow/.local/lib/python3.7/site-packages/airflow/example_dags/example_latest_only.py
[2022-12-03T14:36:37.222+0000] {processor.py:753} INFO - DAG(s) dict_keys(['latest_only']) retrieved from /home/airflow/.local/lib/python3.7/site-packages/airflow/example_dags/example_latest_only.py
[2022-12-03T14:36:37.267+0000] {logging_mixin.py:137} INFO - [2022-12-03T14:36:37.267+0000] {dag.py:2676} INFO - Sync 1 DAGs
[2022-12-03T14:36:37.300+0000] {logging_mixin.py:137} INFO - [2022-12-03T14:36:37.300+0000] {dag.py:3427} INFO - Setting next_dagrun for latest_only to 2022-12-03T10:36:37.299951+00:00, run_after=2022-12-03T14:36:37.299951+00:00
[2022-12-03T14:36:37.319+0000] {processor.py:175} INFO - Processing /home/airflow/.local/lib/python3.7/site-packages/airflow/example_dags/example_latest_only.py took 0.116 seconds
[2022-12-03T14:37:08.312+0000] {processor.py:153} INFO - Started process (PID=279) to work on /home/airflow/.local/lib/python3.7/site-packages/airflow/example_dags/example_latest_only.py
[2022-12-03T14:37:08.313+0000] {processor.py:743} INFO - Processing file /home/airflow/.local/lib/python3.7/site-packages/airflow/example_dags/example_latest_only.py for tasks to queue
[2022-12-03T14:37:08.314+0000] {logging_mixin.py:137} INFO - [2022-12-03T14:37:08.314+0000] {dagbag.py:538} INFO - Filling up the DagBag from /home/airflow/.local/lib/python3.7/site-packages/airflow/example_dags/example_latest_only.py
[2022-12-03T14:37:08.388+0000] {processor.py:753} INFO - DAG(s) dict_keys(['latest_only']) retrieved from /home/airflow/.local/lib/python3.7/site-packages/airflow/example_dags/example_latest_only.py
[2022-12-03T14:37:08.496+0000] {logging_mixin.py:137} INFO - [2022-12-03T14:37:08.496+0000] {dag.py:2676} INFO - Sync 1 DAGs
[2022-12-03T14:37:08.586+0000] {logging_mixin.py:137} INFO - [2022-12-03T14:37:08.585+0000] {dag.py:3427} INFO - Setting next_dagrun for latest_only to 2022-12-03T10:37:08.585534+00:00, run_after=2022-12-03T14:37:08.585534+00:00
[2022-12-03T14:37:08.606+0000] {processor.py:175} INFO - Processing /home/airflow/.local/lib/python3.7/site-packages/airflow/example_dags/example_latest_only.py took 0.297 seconds
[2022-12-03T14:37:39.378+0000] {processor.py:153} INFO - Started process (PID=382) to work on /home/airflow/.local/lib/python3.7/site-packages/airflow/example_dags/example_latest_only.py
[2022-12-03T14:37:39.384+0000] {processor.py:743} INFO - Processing file /home/airflow/.local/lib/python3.7/site-packages/airflow/example_dags/example_latest_only.py for tasks to queue
[2022-12-03T14:37:39.385+0000] {logging_mixin.py:137} INFO - [2022-12-03T14:37:39.385+0000] {dagbag.py:538} INFO - Filling up the DagBag from /home/airflow/.local/lib/python3.7/site-packages/airflow/example_dags/example_latest_only.py
[2022-12-03T14:37:39.403+0000] {processor.py:753} INFO - DAG(s) dict_keys(['latest_only']) retrieved from /home/airflow/.local/lib/python3.7/site-packages/airflow/example_dags/example_latest_only.py
[2022-12-03T14:37:39.447+0000] {logging_mixin.py:137} INFO - [2022-12-03T14:37:39.447+0000] {dag.py:2676} INFO - Sync 1 DAGs
[2022-12-03T14:37:39.478+0000] {logging_mixin.py:137} INFO - [2022-12-03T14:37:39.478+0000] {dag.py:3427} INFO - Setting next_dagrun for latest_only to 2022-12-03T10:37:39.477845+00:00, run_after=2022-12-03T14:37:39.477845+00:00
[2022-12-03T14:37:39.507+0000] {processor.py:175} INFO - Processing /home/airflow/.local/lib/python3.7/site-packages/airflow/example_dags/example_latest_only.py took 0.132 seconds
[2022-12-03T14:38:09.601+0000] {processor.py:153} INFO - Started process (PID=468) to work on /home/airflow/.local/lib/python3.7/site-packages/airflow/example_dags/example_latest_only.py
[2022-12-03T14:38:09.602+0000] {processor.py:743} INFO - Processing file /home/airflow/.local/lib/python3.7/site-packages/airflow/example_dags/example_latest_only.py for tasks to queue
[2022-12-03T14:38:09.602+0000] {logging_mixin.py:137} INFO - [2022-12-03T14:38:09.602+0000] {dagbag.py:538} INFO - Filling up the DagBag from /home/airflow/.local/lib/python3.7/site-packages/airflow/example_dags/example_latest_only.py
[2022-12-03T14:38:09.618+0000] {processor.py:753} INFO - DAG(s) dict_keys(['latest_only']) retrieved from /home/airflow/.local/lib/python3.7/site-packages/airflow/example_dags/example_latest_only.py
[2022-12-03T14:38:09.674+0000] {logging_mixin.py:137} INFO - [2022-12-03T14:38:09.674+0000] {dag.py:2676} INFO - Sync 1 DAGs
[2022-12-03T14:38:09.713+0000] {logging_mixin.py:137} INFO - [2022-12-03T14:38:09.713+0000] {dag.py:3427} INFO - Setting next_dagrun for latest_only to 2022-12-03T10:38:09.713135+00:00, run_after=2022-12-03T14:38:09.713135+00:00
[2022-12-03T14:38:09.781+0000] {processor.py:175} INFO - Processing /home/airflow/.local/lib/python3.7/site-packages/airflow/example_dags/example_latest_only.py took 0.183 seconds
[2022-12-03T14:38:40.462+0000] {processor.py:153} INFO - Started process (PID=577) to work on /home/airflow/.local/lib/python3.7/site-packages/airflow/example_dags/example_latest_only.py
[2022-12-03T14:38:40.480+0000] {processor.py:743} INFO - Processing file /home/airflow/.local/lib/python3.7/site-packages/airflow/example_dags/example_latest_only.py for tasks to queue
[2022-12-03T14:38:40.481+0000] {logging_mixin.py:137} INFO - [2022-12-03T14:38:40.481+0000] {dagbag.py:538} INFO - Filling up the DagBag from /home/airflow/.local/lib/python3.7/site-packages/airflow/example_dags/example_latest_only.py
[2022-12-03T14:38:40.568+0000] {processor.py:753} INFO - DAG(s) dict_keys(['latest_only']) retrieved from /home/airflow/.local/lib/python3.7/site-packages/airflow/example_dags/example_latest_only.py
[2022-12-03T14:38:40.608+0000] {logging_mixin.py:137} INFO - [2022-12-03T14:38:40.608+0000] {dag.py:2676} INFO - Sync 1 DAGs
[2022-12-03T14:38:40.636+0000] {logging_mixin.py:137} INFO - [2022-12-03T14:38:40.636+0000] {dag.py:3427} INFO - Setting next_dagrun for latest_only to 2022-12-03T10:38:40.635855+00:00, run_after=2022-12-03T14:38:40.635855+00:00
[2022-12-03T14:38:40.655+0000] {processor.py:175} INFO - Processing /home/airflow/.local/lib/python3.7/site-packages/airflow/example_dags/example_latest_only.py took 0.197 seconds
[2022-12-03T14:39:10.716+0000] {processor.py:153} INFO - Started process (PID=663) to work on /home/airflow/.local/lib/python3.7/site-packages/airflow/example_dags/example_latest_only.py
[2022-12-03T14:39:10.717+0000] {processor.py:743} INFO - Processing file /home/airflow/.local/lib/python3.7/site-packages/airflow/example_dags/example_latest_only.py for tasks to queue
[2022-12-03T14:39:10.717+0000] {logging_mixin.py:137} INFO - [2022-12-03T14:39:10.717+0000] {dagbag.py:538} INFO - Filling up the DagBag from /home/airflow/.local/lib/python3.7/site-packages/airflow/example_dags/example_latest_only.py
[2022-12-03T14:39:10.731+0000] {processor.py:753} INFO - DAG(s) dict_keys(['latest_only']) retrieved from /home/airflow/.local/lib/python3.7/site-packages/airflow/example_dags/example_latest_only.py
[2022-12-03T14:39:10.763+0000] {logging_mixin.py:137} INFO - [2022-12-03T14:39:10.763+0000] {dag.py:2676} INFO - Sync 1 DAGs
[2022-12-03T14:39:10.801+0000] {logging_mixin.py:137} INFO - [2022-12-03T14:39:10.801+0000] {dag.py:3427} INFO - Setting next_dagrun for latest_only to 2022-12-03T10:39:10.800862+00:00, run_after=2022-12-03T14:39:10.800862+00:00
[2022-12-03T14:39:10.821+0000] {processor.py:175} INFO - Processing /home/airflow/.local/lib/python3.7/site-packages/airflow/example_dags/example_latest_only.py took 0.108 seconds
[2022-12-03T14:39:40.952+0000] {processor.py:153} INFO - Started process (PID=749) to work on /home/airflow/.local/lib/python3.7/site-packages/airflow/example_dags/example_latest_only.py
[2022-12-03T14:39:40.953+0000] {processor.py:743} INFO - Processing file /home/airflow/.local/lib/python3.7/site-packages/airflow/example_dags/example_latest_only.py for tasks to queue
[2022-12-03T14:39:40.954+0000] {logging_mixin.py:137} INFO - [2022-12-03T14:39:40.954+0000] {dagbag.py:538} INFO - Filling up the DagBag from /home/airflow/.local/lib/python3.7/site-packages/airflow/example_dags/example_latest_only.py
[2022-12-03T14:39:40.965+0000] {processor.py:753} INFO - DAG(s) dict_keys(['latest_only']) retrieved from /home/airflow/.local/lib/python3.7/site-packages/airflow/example_dags/example_latest_only.py
[2022-12-03T14:39:41.017+0000] {logging_mixin.py:137} INFO - [2022-12-03T14:39:41.017+0000] {dag.py:2676} INFO - Sync 1 DAGs
[2022-12-03T14:39:41.048+0000] {logging_mixin.py:137} INFO - [2022-12-03T14:39:41.048+0000] {dag.py:3427} INFO - Setting next_dagrun for latest_only to 2022-12-03T10:39:41.048176+00:00, run_after=2022-12-03T14:39:41.048176+00:00
[2022-12-03T14:39:41.069+0000] {processor.py:175} INFO - Processing /home/airflow/.local/lib/python3.7/site-packages/airflow/example_dags/example_latest_only.py took 0.120 seconds
[2022-12-03T14:40:11.146+0000] {processor.py:153} INFO - Started process (PID=859) to work on /home/airflow/.local/lib/python3.7/site-packages/airflow/example_dags/example_latest_only.py
[2022-12-03T14:40:11.147+0000] {processor.py:743} INFO - Processing file /home/airflow/.local/lib/python3.7/site-packages/airflow/example_dags/example_latest_only.py for tasks to queue
[2022-12-03T14:40:11.147+0000] {logging_mixin.py:137} INFO - [2022-12-03T14:40:11.147+0000] {dagbag.py:538} INFO - Filling up the DagBag from /home/airflow/.local/lib/python3.7/site-packages/airflow/example_dags/example_latest_only.py
[2022-12-03T14:40:11.161+0000] {processor.py:753} INFO - DAG(s) dict_keys(['latest_only']) retrieved from /home/airflow/.local/lib/python3.7/site-packages/airflow/example_dags/example_latest_only.py
[2022-12-03T14:40:11.223+0000] {logging_mixin.py:137} INFO - [2022-12-03T14:40:11.223+0000] {dag.py:2676} INFO - Sync 1 DAGs
[2022-12-03T14:40:11.250+0000] {logging_mixin.py:137} INFO - [2022-12-03T14:40:11.250+0000] {dag.py:3427} INFO - Setting next_dagrun for latest_only to 2022-12-03T10:40:11.249815+00:00, run_after=2022-12-03T14:40:11.249815+00:00
[2022-12-03T14:40:11.280+0000] {processor.py:175} INFO - Processing /home/airflow/.local/lib/python3.7/site-packages/airflow/example_dags/example_latest_only.py took 0.138 seconds
[2022-12-03T14:40:41.799+0000] {processor.py:153} INFO - Started process (PID=945) to work on /home/airflow/.local/lib/python3.7/site-packages/airflow/example_dags/example_latest_only.py
[2022-12-03T14:40:41.800+0000] {processor.py:743} INFO - Processing file /home/airflow/.local/lib/python3.7/site-packages/airflow/example_dags/example_latest_only.py for tasks to queue
[2022-12-03T14:40:41.801+0000] {logging_mixin.py:137} INFO - [2022-12-03T14:40:41.801+0000] {dagbag.py:538} INFO - Filling up the DagBag from /home/airflow/.local/lib/python3.7/site-packages/airflow/example_dags/example_latest_only.py
[2022-12-03T14:40:41.820+0000] {processor.py:753} INFO - DAG(s) dict_keys(['latest_only']) retrieved from /home/airflow/.local/lib/python3.7/site-packages/airflow/example_dags/example_latest_only.py
[2022-12-03T14:40:41.863+0000] {logging_mixin.py:137} INFO - [2022-12-03T14:40:41.863+0000] {dag.py:2676} INFO - Sync 1 DAGs
[2022-12-03T14:40:41.917+0000] {logging_mixin.py:137} INFO - [2022-12-03T14:40:41.917+0000] {dag.py:3427} INFO - Setting next_dagrun for latest_only to 2022-12-03T10:40:41.917199+00:00, run_after=2022-12-03T14:40:41.917199+00:00
[2022-12-03T14:40:41.939+0000] {processor.py:175} INFO - Processing /home/airflow/.local/lib/python3.7/site-packages/airflow/example_dags/example_latest_only.py took 0.143 seconds
[2022-12-03T14:41:12.426+0000] {processor.py:153} INFO - Started process (PID=1038) to work on /home/airflow/.local/lib/python3.7/site-packages/airflow/example_dags/example_latest_only.py
[2022-12-03T14:41:12.427+0000] {processor.py:743} INFO - Processing file /home/airflow/.local/lib/python3.7/site-packages/airflow/example_dags/example_latest_only.py for tasks to queue
[2022-12-03T14:41:12.428+0000] {logging_mixin.py:137} INFO - [2022-12-03T14:41:12.427+0000] {dagbag.py:538} INFO - Filling up the DagBag from /home/airflow/.local/lib/python3.7/site-packages/airflow/example_dags/example_latest_only.py
[2022-12-03T14:41:12.487+0000] {processor.py:753} INFO - DAG(s) dict_keys(['latest_only']) retrieved from /home/airflow/.local/lib/python3.7/site-packages/airflow/example_dags/example_latest_only.py
[2022-12-03T14:41:12.530+0000] {logging_mixin.py:137} INFO - [2022-12-03T14:41:12.530+0000] {dag.py:2676} INFO - Sync 1 DAGs
[2022-12-03T14:41:12.606+0000] {logging_mixin.py:137} INFO - [2022-12-03T14:41:12.606+0000] {dag.py:3427} INFO - Setting next_dagrun for latest_only to 2022-12-03T10:41:12.605989+00:00, run_after=2022-12-03T14:41:12.605989+00:00
[2022-12-03T14:41:12.697+0000] {processor.py:175} INFO - Processing /home/airflow/.local/lib/python3.7/site-packages/airflow/example_dags/example_latest_only.py took 0.275 seconds
[2022-12-03T14:41:43.135+0000] {processor.py:153} INFO - Started process (PID=1141) to work on /home/airflow/.local/lib/python3.7/site-packages/airflow/example_dags/example_latest_only.py
[2022-12-03T14:41:43.136+0000] {processor.py:743} INFO - Processing file /home/airflow/.local/lib/python3.7/site-packages/airflow/example_dags/example_latest_only.py for tasks to queue
[2022-12-03T14:41:43.137+0000] {logging_mixin.py:137} INFO - [2022-12-03T14:41:43.137+0000] {dagbag.py:538} INFO - Filling up the DagBag from /home/airflow/.local/lib/python3.7/site-packages/airflow/example_dags/example_latest_only.py
[2022-12-03T14:41:43.153+0000] {processor.py:753} INFO - DAG(s) dict_keys(['latest_only']) retrieved from /home/airflow/.local/lib/python3.7/site-packages/airflow/example_dags/example_latest_only.py
[2022-12-03T14:41:43.215+0000] {logging_mixin.py:137} INFO - [2022-12-03T14:41:43.214+0000] {dag.py:2676} INFO - Sync 1 DAGs
[2022-12-03T14:41:43.247+0000] {logging_mixin.py:137} INFO - [2022-12-03T14:41:43.247+0000] {dag.py:3427} INFO - Setting next_dagrun for latest_only to 2022-12-03T10:41:43.246944+00:00, run_after=2022-12-03T14:41:43.246944+00:00
[2022-12-03T14:41:43.281+0000] {processor.py:175} INFO - Processing /home/airflow/.local/lib/python3.7/site-packages/airflow/example_dags/example_latest_only.py took 0.150 seconds
[2022-12-03T14:42:13.705+0000] {processor.py:153} INFO - Started process (PID=1227) to work on /home/airflow/.local/lib/python3.7/site-packages/airflow/example_dags/example_latest_only.py
[2022-12-03T14:42:13.706+0000] {processor.py:743} INFO - Processing file /home/airflow/.local/lib/python3.7/site-packages/airflow/example_dags/example_latest_only.py for tasks to queue
[2022-12-03T14:42:13.706+0000] {logging_mixin.py:137} INFO - [2022-12-03T14:42:13.706+0000] {dagbag.py:538} INFO - Filling up the DagBag from /home/airflow/.local/lib/python3.7/site-packages/airflow/example_dags/example_latest_only.py
[2022-12-03T14:42:13.719+0000] {processor.py:753} INFO - DAG(s) dict_keys(['latest_only']) retrieved from /home/airflow/.local/lib/python3.7/site-packages/airflow/example_dags/example_latest_only.py
[2022-12-03T14:42:13.795+0000] {logging_mixin.py:137} INFO - [2022-12-03T14:42:13.795+0000] {dag.py:2676} INFO - Sync 1 DAGs
[2022-12-03T14:42:13.834+0000] {logging_mixin.py:137} INFO - [2022-12-03T14:42:13.833+0000] {dag.py:3427} INFO - Setting next_dagrun for latest_only to 2022-12-03T10:42:13.833587+00:00, run_after=2022-12-03T14:42:13.833587+00:00
[2022-12-03T14:42:13.888+0000] {processor.py:175} INFO - Processing /home/airflow/.local/lib/python3.7/site-packages/airflow/example_dags/example_latest_only.py took 0.185 seconds
[2022-12-03T14:42:44.663+0000] {processor.py:153} INFO - Started process (PID=1313) to work on /home/airflow/.local/lib/python3.7/site-packages/airflow/example_dags/example_latest_only.py
[2022-12-03T14:42:44.664+0000] {processor.py:743} INFO - Processing file /home/airflow/.local/lib/python3.7/site-packages/airflow/example_dags/example_latest_only.py for tasks to queue
[2022-12-03T14:42:44.665+0000] {logging_mixin.py:137} INFO - [2022-12-03T14:42:44.665+0000] {dagbag.py:538} INFO - Filling up the DagBag from /home/airflow/.local/lib/python3.7/site-packages/airflow/example_dags/example_latest_only.py
[2022-12-03T14:42:44.692+0000] {processor.py:753} INFO - DAG(s) dict_keys(['latest_only']) retrieved from /home/airflow/.local/lib/python3.7/site-packages/airflow/example_dags/example_latest_only.py
[2022-12-03T14:42:44.728+0000] {logging_mixin.py:137} INFO - [2022-12-03T14:42:44.728+0000] {dag.py:2676} INFO - Sync 1 DAGs
[2022-12-03T14:42:44.753+0000] {logging_mixin.py:137} INFO - [2022-12-03T14:42:44.753+0000] {dag.py:3427} INFO - Setting next_dagrun for latest_only to 2022-12-03T10:42:44.753660+00:00, run_after=2022-12-03T14:42:44.753660+00:00
[2022-12-03T14:42:44.789+0000] {processor.py:175} INFO - Processing /home/airflow/.local/lib/python3.7/site-packages/airflow/example_dags/example_latest_only.py took 0.129 seconds
[2022-12-03T14:43:14.947+0000] {processor.py:153} INFO - Started process (PID=1422) to work on /home/airflow/.local/lib/python3.7/site-packages/airflow/example_dags/example_latest_only.py
[2022-12-03T14:43:14.948+0000] {processor.py:743} INFO - Processing file /home/airflow/.local/lib/python3.7/site-packages/airflow/example_dags/example_latest_only.py for tasks to queue
[2022-12-03T14:43:14.949+0000] {logging_mixin.py:137} INFO - [2022-12-03T14:43:14.949+0000] {dagbag.py:538} INFO - Filling up the DagBag from /home/airflow/.local/lib/python3.7/site-packages/airflow/example_dags/example_latest_only.py
[2022-12-03T14:43:14.962+0000] {processor.py:753} INFO - DAG(s) dict_keys(['latest_only']) retrieved from /home/airflow/.local/lib/python3.7/site-packages/airflow/example_dags/example_latest_only.py
[2022-12-03T14:43:15.018+0000] {logging_mixin.py:137} INFO - [2022-12-03T14:43:15.017+0000] {dag.py:2676} INFO - Sync 1 DAGs
[2022-12-03T14:43:15.043+0000] {logging_mixin.py:137} INFO - [2022-12-03T14:43:15.043+0000] {dag.py:3427} INFO - Setting next_dagrun for latest_only to 2022-12-03T10:43:15.043060+00:00, run_after=2022-12-03T14:43:15.043060+00:00
[2022-12-03T14:43:15.062+0000] {processor.py:175} INFO - Processing /home/airflow/.local/lib/python3.7/site-packages/airflow/example_dags/example_latest_only.py took 0.118 seconds
[2022-12-03T14:43:45.151+0000] {processor.py:153} INFO - Started process (PID=1508) to work on /home/airflow/.local/lib/python3.7/site-packages/airflow/example_dags/example_latest_only.py
[2022-12-03T14:43:45.151+0000] {processor.py:743} INFO - Processing file /home/airflow/.local/lib/python3.7/site-packages/airflow/example_dags/example_latest_only.py for tasks to queue
[2022-12-03T14:43:45.153+0000] {logging_mixin.py:137} INFO - [2022-12-03T14:43:45.152+0000] {dagbag.py:538} INFO - Filling up the DagBag from /home/airflow/.local/lib/python3.7/site-packages/airflow/example_dags/example_latest_only.py
[2022-12-03T14:43:45.164+0000] {processor.py:753} INFO - DAG(s) dict_keys(['latest_only']) retrieved from /home/airflow/.local/lib/python3.7/site-packages/airflow/example_dags/example_latest_only.py
[2022-12-03T14:43:45.207+0000] {logging_mixin.py:137} INFO - [2022-12-03T14:43:45.207+0000] {dag.py:2676} INFO - Sync 1 DAGs
[2022-12-03T14:43:45.232+0000] {logging_mixin.py:137} INFO - [2022-12-03T14:43:45.231+0000] {dag.py:3427} INFO - Setting next_dagrun for latest_only to 2022-12-03T10:43:45.231769+00:00, run_after=2022-12-03T14:43:45.231769+00:00
[2022-12-03T14:43:45.249+0000] {processor.py:175} INFO - Processing /home/airflow/.local/lib/python3.7/site-packages/airflow/example_dags/example_latest_only.py took 0.101 seconds
[2022-12-03T14:44:15.827+0000] {processor.py:153} INFO - Started process (PID=1603) to work on /home/airflow/.local/lib/python3.7/site-packages/airflow/example_dags/example_latest_only.py
[2022-12-03T14:44:15.876+0000] {processor.py:743} INFO - Processing file /home/airflow/.local/lib/python3.7/site-packages/airflow/example_dags/example_latest_only.py for tasks to queue
[2022-12-03T14:44:15.877+0000] {logging_mixin.py:137} INFO - [2022-12-03T14:44:15.877+0000] {dagbag.py:538} INFO - Filling up the DagBag from /home/airflow/.local/lib/python3.7/site-packages/airflow/example_dags/example_latest_only.py
[2022-12-03T14:44:15.892+0000] {processor.py:753} INFO - DAG(s) dict_keys(['latest_only']) retrieved from /home/airflow/.local/lib/python3.7/site-packages/airflow/example_dags/example_latest_only.py
[2022-12-03T14:44:15.977+0000] {logging_mixin.py:137} INFO - [2022-12-03T14:44:15.977+0000] {dag.py:2676} INFO - Sync 1 DAGs
[2022-12-03T14:44:16.182+0000] {logging_mixin.py:137} INFO - [2022-12-03T14:44:16.181+0000] {dag.py:3427} INFO - Setting next_dagrun for latest_only to 2022-12-03T10:44:16.181632+00:00, run_after=2022-12-03T14:44:16.181632+00:00
[2022-12-03T14:44:16.205+0000] {processor.py:175} INFO - Processing /home/airflow/.local/lib/python3.7/site-packages/airflow/example_dags/example_latest_only.py took 0.381 seconds
[2022-12-03T14:44:46.352+0000] {processor.py:153} INFO - Started process (PID=1704) to work on /home/airflow/.local/lib/python3.7/site-packages/airflow/example_dags/example_latest_only.py
[2022-12-03T14:44:46.353+0000] {processor.py:743} INFO - Processing file /home/airflow/.local/lib/python3.7/site-packages/airflow/example_dags/example_latest_only.py for tasks to queue
[2022-12-03T14:44:46.353+0000] {logging_mixin.py:137} INFO - [2022-12-03T14:44:46.353+0000] {dagbag.py:538} INFO - Filling up the DagBag from /home/airflow/.local/lib/python3.7/site-packages/airflow/example_dags/example_latest_only.py
[2022-12-03T14:44:46.384+0000] {processor.py:753} INFO - DAG(s) dict_keys(['latest_only']) retrieved from /home/airflow/.local/lib/python3.7/site-packages/airflow/example_dags/example_latest_only.py
[2022-12-03T14:44:46.433+0000] {logging_mixin.py:137} INFO - [2022-12-03T14:44:46.433+0000] {dag.py:2676} INFO - Sync 1 DAGs
[2022-12-03T14:44:46.508+0000] {logging_mixin.py:137} INFO - [2022-12-03T14:44:46.507+0000] {dag.py:3427} INFO - Setting next_dagrun for latest_only to 2022-12-03T10:44:46.507580+00:00, run_after=2022-12-03T14:44:46.507580+00:00
[2022-12-03T14:44:46.530+0000] {processor.py:175} INFO - Processing /home/airflow/.local/lib/python3.7/site-packages/airflow/example_dags/example_latest_only.py took 0.181 seconds
[2022-12-03T14:45:16.828+0000] {processor.py:153} INFO - Started process (PID=1790) to work on /home/airflow/.local/lib/python3.7/site-packages/airflow/example_dags/example_latest_only.py
[2022-12-03T14:45:16.829+0000] {processor.py:743} INFO - Processing file /home/airflow/.local/lib/python3.7/site-packages/airflow/example_dags/example_latest_only.py for tasks to queue
[2022-12-03T14:45:16.829+0000] {logging_mixin.py:137} INFO - [2022-12-03T14:45:16.829+0000] {dagbag.py:538} INFO - Filling up the DagBag from /home/airflow/.local/lib/python3.7/site-packages/airflow/example_dags/example_latest_only.py
[2022-12-03T14:45:16.843+0000] {processor.py:753} INFO - DAG(s) dict_keys(['latest_only']) retrieved from /home/airflow/.local/lib/python3.7/site-packages/airflow/example_dags/example_latest_only.py
[2022-12-03T14:45:16.922+0000] {logging_mixin.py:137} INFO - [2022-12-03T14:45:16.922+0000] {dag.py:2676} INFO - Sync 1 DAGs
[2022-12-03T14:45:16.950+0000] {logging_mixin.py:137} INFO - [2022-12-03T14:45:16.949+0000] {dag.py:3427} INFO - Setting next_dagrun for latest_only to 2022-12-03T10:45:16.949640+00:00, run_after=2022-12-03T14:45:16.949640+00:00
[2022-12-03T14:45:16.976+0000] {processor.py:175} INFO - Processing /home/airflow/.local/lib/python3.7/site-packages/airflow/example_dags/example_latest_only.py took 0.151 seconds
[2022-12-03T14:45:47.651+0000] {processor.py:153} INFO - Started process (PID=1877) to work on /home/airflow/.local/lib/python3.7/site-packages/airflow/example_dags/example_latest_only.py
[2022-12-03T14:45:47.652+0000] {processor.py:743} INFO - Processing file /home/airflow/.local/lib/python3.7/site-packages/airflow/example_dags/example_latest_only.py for tasks to queue
[2022-12-03T14:45:47.652+0000] {logging_mixin.py:137} INFO - [2022-12-03T14:45:47.652+0000] {dagbag.py:538} INFO - Filling up the DagBag from /home/airflow/.local/lib/python3.7/site-packages/airflow/example_dags/example_latest_only.py
[2022-12-03T14:45:47.680+0000] {processor.py:753} INFO - DAG(s) dict_keys(['latest_only']) retrieved from /home/airflow/.local/lib/python3.7/site-packages/airflow/example_dags/example_latest_only.py
[2022-12-03T14:45:47.717+0000] {logging_mixin.py:137} INFO - [2022-12-03T14:45:47.717+0000] {dag.py:2676} INFO - Sync 1 DAGs
[2022-12-03T14:45:47.742+0000] {logging_mixin.py:137} INFO - [2022-12-03T14:45:47.742+0000] {dag.py:3427} INFO - Setting next_dagrun for latest_only to 2022-12-03T10:45:47.742107+00:00, run_after=2022-12-03T14:45:47.742107+00:00
[2022-12-03T14:45:47.793+0000] {processor.py:175} INFO - Processing /home/airflow/.local/lib/python3.7/site-packages/airflow/example_dags/example_latest_only.py took 0.146 seconds
[2022-12-03T14:46:18.208+0000] {processor.py:153} INFO - Started process (PID=1987) to work on /home/airflow/.local/lib/python3.7/site-packages/airflow/example_dags/example_latest_only.py
[2022-12-03T14:46:18.209+0000] {processor.py:743} INFO - Processing file /home/airflow/.local/lib/python3.7/site-packages/airflow/example_dags/example_latest_only.py for tasks to queue
[2022-12-03T14:46:18.210+0000] {logging_mixin.py:137} INFO - [2022-12-03T14:46:18.210+0000] {dagbag.py:538} INFO - Filling up the DagBag from /home/airflow/.local/lib/python3.7/site-packages/airflow/example_dags/example_latest_only.py
[2022-12-03T14:46:18.224+0000] {processor.py:753} INFO - DAG(s) dict_keys(['latest_only']) retrieved from /home/airflow/.local/lib/python3.7/site-packages/airflow/example_dags/example_latest_only.py
[2022-12-03T14:46:18.259+0000] {logging_mixin.py:137} INFO - [2022-12-03T14:46:18.259+0000] {dag.py:2676} INFO - Sync 1 DAGs
[2022-12-03T14:46:18.290+0000] {logging_mixin.py:137} INFO - [2022-12-03T14:46:18.290+0000] {dag.py:3427} INFO - Setting next_dagrun for latest_only to 2022-12-03T10:46:18.290625+00:00, run_after=2022-12-03T14:46:18.290625+00:00
[2022-12-03T14:46:18.310+0000] {processor.py:175} INFO - Processing /home/airflow/.local/lib/python3.7/site-packages/airflow/example_dags/example_latest_only.py took 0.104 seconds
[2022-12-03T14:46:48.914+0000] {processor.py:153} INFO - Started process (PID=2073) to work on /home/airflow/.local/lib/python3.7/site-packages/airflow/example_dags/example_latest_only.py
[2022-12-03T14:46:48.915+0000] {processor.py:743} INFO - Processing file /home/airflow/.local/lib/python3.7/site-packages/airflow/example_dags/example_latest_only.py for tasks to queue
[2022-12-03T14:46:48.916+0000] {logging_mixin.py:137} INFO - [2022-12-03T14:46:48.916+0000] {dagbag.py:538} INFO - Filling up the DagBag from /home/airflow/.local/lib/python3.7/site-packages/airflow/example_dags/example_latest_only.py
[2022-12-03T14:46:48.929+0000] {processor.py:753} INFO - DAG(s) dict_keys(['latest_only']) retrieved from /home/airflow/.local/lib/python3.7/site-packages/airflow/example_dags/example_latest_only.py
[2022-12-03T14:46:48.964+0000] {logging_mixin.py:137} INFO - [2022-12-03T14:46:48.964+0000] {dag.py:2676} INFO - Sync 1 DAGs
[2022-12-03T14:46:49.013+0000] {logging_mixin.py:137} INFO - [2022-12-03T14:46:49.012+0000] {dag.py:3427} INFO - Setting next_dagrun for latest_only to 2022-12-03T10:46:49.012663+00:00, run_after=2022-12-03T14:46:49.012663+00:00
[2022-12-03T14:46:49.029+0000] {processor.py:175} INFO - Processing /home/airflow/.local/lib/python3.7/site-packages/airflow/example_dags/example_latest_only.py took 0.118 seconds
[2022-12-03T14:47:19.354+0000] {processor.py:153} INFO - Started process (PID=2160) to work on /home/airflow/.local/lib/python3.7/site-packages/airflow/example_dags/example_latest_only.py
[2022-12-03T14:47:19.355+0000] {processor.py:743} INFO - Processing file /home/airflow/.local/lib/python3.7/site-packages/airflow/example_dags/example_latest_only.py for tasks to queue
[2022-12-03T14:47:19.355+0000] {logging_mixin.py:137} INFO - [2022-12-03T14:47:19.355+0000] {dagbag.py:538} INFO - Filling up the DagBag from /home/airflow/.local/lib/python3.7/site-packages/airflow/example_dags/example_latest_only.py
[2022-12-03T14:47:19.389+0000] {processor.py:753} INFO - DAG(s) dict_keys(['latest_only']) retrieved from /home/airflow/.local/lib/python3.7/site-packages/airflow/example_dags/example_latest_only.py
[2022-12-03T14:47:19.443+0000] {logging_mixin.py:137} INFO - [2022-12-03T14:47:19.442+0000] {dag.py:2676} INFO - Sync 1 DAGs
[2022-12-03T14:47:19.486+0000] {logging_mixin.py:137} INFO - [2022-12-03T14:47:19.485+0000] {dag.py:3427} INFO - Setting next_dagrun for latest_only to 2022-12-03T10:47:19.485576+00:00, run_after=2022-12-03T14:47:19.485576+00:00
[2022-12-03T14:47:19.511+0000] {processor.py:175} INFO - Processing /home/airflow/.local/lib/python3.7/site-packages/airflow/example_dags/example_latest_only.py took 0.160 seconds
[2022-12-03T14:47:50.204+0000] {processor.py:153} INFO - Started process (PID=2268) to work on /home/airflow/.local/lib/python3.7/site-packages/airflow/example_dags/example_latest_only.py
[2022-12-03T14:47:50.205+0000] {processor.py:743} INFO - Processing file /home/airflow/.local/lib/python3.7/site-packages/airflow/example_dags/example_latest_only.py for tasks to queue
[2022-12-03T14:47:50.206+0000] {logging_mixin.py:137} INFO - [2022-12-03T14:47:50.206+0000] {dagbag.py:538} INFO - Filling up the DagBag from /home/airflow/.local/lib/python3.7/site-packages/airflow/example_dags/example_latest_only.py
[2022-12-03T14:47:50.279+0000] {processor.py:753} INFO - DAG(s) dict_keys(['latest_only']) retrieved from /home/airflow/.local/lib/python3.7/site-packages/airflow/example_dags/example_latest_only.py
[2022-12-03T14:47:50.473+0000] {logging_mixin.py:137} INFO - [2022-12-03T14:47:50.473+0000] {dag.py:2676} INFO - Sync 1 DAGs
[2022-12-03T14:47:50.512+0000] {logging_mixin.py:137} INFO - [2022-12-03T14:47:50.512+0000] {dag.py:3427} INFO - Setting next_dagrun for latest_only to 2022-12-03T10:47:50.512125+00:00, run_after=2022-12-03T14:47:50.512125+00:00
[2022-12-03T14:47:50.532+0000] {processor.py:175} INFO - Processing /home/airflow/.local/lib/python3.7/site-packages/airflow/example_dags/example_latest_only.py took 0.333 seconds
[2022-12-03T14:48:20.778+0000] {processor.py:153} INFO - Started process (PID=2353) to work on /home/airflow/.local/lib/python3.7/site-packages/airflow/example_dags/example_latest_only.py
[2022-12-03T14:48:20.779+0000] {processor.py:743} INFO - Processing file /home/airflow/.local/lib/python3.7/site-packages/airflow/example_dags/example_latest_only.py for tasks to queue
[2022-12-03T14:48:20.780+0000] {logging_mixin.py:137} INFO - [2022-12-03T14:48:20.780+0000] {dagbag.py:538} INFO - Filling up the DagBag from /home/airflow/.local/lib/python3.7/site-packages/airflow/example_dags/example_latest_only.py
[2022-12-03T14:48:20.798+0000] {processor.py:753} INFO - DAG(s) dict_keys(['latest_only']) retrieved from /home/airflow/.local/lib/python3.7/site-packages/airflow/example_dags/example_latest_only.py
[2022-12-03T14:48:20.839+0000] {logging_mixin.py:137} INFO - [2022-12-03T14:48:20.839+0000] {dag.py:2676} INFO - Sync 1 DAGs
[2022-12-03T14:48:20.865+0000] {logging_mixin.py:137} INFO - [2022-12-03T14:48:20.865+0000] {dag.py:3427} INFO - Setting next_dagrun for latest_only to 2022-12-03T10:48:20.865235+00:00, run_after=2022-12-03T14:48:20.865235+00:00
[2022-12-03T14:48:20.919+0000] {processor.py:175} INFO - Processing /home/airflow/.local/lib/python3.7/site-packages/airflow/example_dags/example_latest_only.py took 0.146 seconds
[2022-12-03T14:48:51.749+0000] {processor.py:153} INFO - Started process (PID=2438) to work on /home/airflow/.local/lib/python3.7/site-packages/airflow/example_dags/example_latest_only.py
[2022-12-03T14:48:51.750+0000] {processor.py:743} INFO - Processing file /home/airflow/.local/lib/python3.7/site-packages/airflow/example_dags/example_latest_only.py for tasks to queue
[2022-12-03T14:48:51.751+0000] {logging_mixin.py:137} INFO - [2022-12-03T14:48:51.751+0000] {dagbag.py:538} INFO - Filling up the DagBag from /home/airflow/.local/lib/python3.7/site-packages/airflow/example_dags/example_latest_only.py
[2022-12-03T14:48:51.764+0000] {processor.py:753} INFO - DAG(s) dict_keys(['latest_only']) retrieved from /home/airflow/.local/lib/python3.7/site-packages/airflow/example_dags/example_latest_only.py
[2022-12-03T14:48:51.814+0000] {logging_mixin.py:137} INFO - [2022-12-03T14:48:51.814+0000] {dag.py:2676} INFO - Sync 1 DAGs
[2022-12-03T14:48:51.841+0000] {logging_mixin.py:137} INFO - [2022-12-03T14:48:51.841+0000] {dag.py:3427} INFO - Setting next_dagrun for latest_only to 2022-12-03T10:48:51.841413+00:00, run_after=2022-12-03T14:48:51.841413+00:00
[2022-12-03T14:48:51.891+0000] {processor.py:175} INFO - Processing /home/airflow/.local/lib/python3.7/site-packages/airflow/example_dags/example_latest_only.py took 0.145 seconds
[2022-12-03T14:49:22.606+0000] {processor.py:153} INFO - Started process (PID=2547) to work on /home/airflow/.local/lib/python3.7/site-packages/airflow/example_dags/example_latest_only.py
[2022-12-03T14:49:22.607+0000] {processor.py:743} INFO - Processing file /home/airflow/.local/lib/python3.7/site-packages/airflow/example_dags/example_latest_only.py for tasks to queue
[2022-12-03T14:49:22.608+0000] {logging_mixin.py:137} INFO - [2022-12-03T14:49:22.607+0000] {dagbag.py:538} INFO - Filling up the DagBag from /home/airflow/.local/lib/python3.7/site-packages/airflow/example_dags/example_latest_only.py
[2022-12-03T14:49:22.620+0000] {processor.py:753} INFO - DAG(s) dict_keys(['latest_only']) retrieved from /home/airflow/.local/lib/python3.7/site-packages/airflow/example_dags/example_latest_only.py
[2022-12-03T14:49:22.697+0000] {logging_mixin.py:137} INFO - [2022-12-03T14:49:22.697+0000] {dag.py:2676} INFO - Sync 1 DAGs
[2022-12-03T14:49:22.737+0000] {logging_mixin.py:137} INFO - [2022-12-03T14:49:22.736+0000] {dag.py:3427} INFO - Setting next_dagrun for latest_only to 2022-12-03T10:49:22.736451+00:00, run_after=2022-12-03T14:49:22.736451+00:00
[2022-12-03T14:49:22.759+0000] {processor.py:175} INFO - Processing /home/airflow/.local/lib/python3.7/site-packages/airflow/example_dags/example_latest_only.py took 0.156 seconds
[2022-12-03T14:49:53.026+0000] {processor.py:153} INFO - Started process (PID=2632) to work on /home/airflow/.local/lib/python3.7/site-packages/airflow/example_dags/example_latest_only.py
[2022-12-03T14:49:53.027+0000] {processor.py:743} INFO - Processing file /home/airflow/.local/lib/python3.7/site-packages/airflow/example_dags/example_latest_only.py for tasks to queue
[2022-12-03T14:49:53.028+0000] {logging_mixin.py:137} INFO - [2022-12-03T14:49:53.028+0000] {dagbag.py:538} INFO - Filling up the DagBag from /home/airflow/.local/lib/python3.7/site-packages/airflow/example_dags/example_latest_only.py
[2022-12-03T14:49:53.077+0000] {processor.py:753} INFO - DAG(s) dict_keys(['latest_only']) retrieved from /home/airflow/.local/lib/python3.7/site-packages/airflow/example_dags/example_latest_only.py
[2022-12-03T14:49:53.135+0000] {logging_mixin.py:137} INFO - [2022-12-03T14:49:53.135+0000] {dag.py:2676} INFO - Sync 1 DAGs
[2022-12-03T14:49:53.207+0000] {logging_mixin.py:137} INFO - [2022-12-03T14:49:53.206+0000] {dag.py:3427} INFO - Setting next_dagrun for latest_only to 2022-12-03T10:49:53.206684+00:00, run_after=2022-12-03T14:49:53.206684+00:00
[2022-12-03T14:49:53.227+0000] {processor.py:175} INFO - Processing /home/airflow/.local/lib/python3.7/site-packages/airflow/example_dags/example_latest_only.py took 0.203 seconds
[2022-12-03T14:50:24.121+0000] {processor.py:153} INFO - Started process (PID=2725) to work on /home/airflow/.local/lib/python3.7/site-packages/airflow/example_dags/example_latest_only.py
[2022-12-03T14:50:24.122+0000] {processor.py:743} INFO - Processing file /home/airflow/.local/lib/python3.7/site-packages/airflow/example_dags/example_latest_only.py for tasks to queue
[2022-12-03T14:50:24.122+0000] {logging_mixin.py:137} INFO - [2022-12-03T14:50:24.122+0000] {dagbag.py:538} INFO - Filling up the DagBag from /home/airflow/.local/lib/python3.7/site-packages/airflow/example_dags/example_latest_only.py
[2022-12-03T14:50:24.138+0000] {processor.py:753} INFO - DAG(s) dict_keys(['latest_only']) retrieved from /home/airflow/.local/lib/python3.7/site-packages/airflow/example_dags/example_latest_only.py
[2022-12-03T14:50:24.200+0000] {logging_mixin.py:137} INFO - [2022-12-03T14:50:24.199+0000] {dag.py:2676} INFO - Sync 1 DAGs
[2022-12-03T14:50:24.231+0000] {logging_mixin.py:137} INFO - [2022-12-03T14:50:24.231+0000] {dag.py:3427} INFO - Setting next_dagrun for latest_only to 2022-12-03T10:50:24.231482+00:00, run_after=2022-12-03T14:50:24.231482+00:00
[2022-12-03T14:50:24.283+0000] {processor.py:175} INFO - Processing /home/airflow/.local/lib/python3.7/site-packages/airflow/example_dags/example_latest_only.py took 0.166 seconds
[2022-12-03T14:50:54.316+0000] {processor.py:153} INFO - Started process (PID=2827) to work on /home/airflow/.local/lib/python3.7/site-packages/airflow/example_dags/example_latest_only.py
[2022-12-03T14:50:54.317+0000] {processor.py:743} INFO - Processing file /home/airflow/.local/lib/python3.7/site-packages/airflow/example_dags/example_latest_only.py for tasks to queue
[2022-12-03T14:50:54.318+0000] {logging_mixin.py:137} INFO - [2022-12-03T14:50:54.318+0000] {dagbag.py:538} INFO - Filling up the DagBag from /home/airflow/.local/lib/python3.7/site-packages/airflow/example_dags/example_latest_only.py
[2022-12-03T14:50:54.370+0000] {processor.py:753} INFO - DAG(s) dict_keys(['latest_only']) retrieved from /home/airflow/.local/lib/python3.7/site-packages/airflow/example_dags/example_latest_only.py
[2022-12-03T14:50:54.422+0000] {logging_mixin.py:137} INFO - [2022-12-03T14:50:54.422+0000] {dag.py:2676} INFO - Sync 1 DAGs
[2022-12-03T14:50:54.532+0000] {logging_mixin.py:137} INFO - [2022-12-03T14:50:54.529+0000] {dag.py:3427} INFO - Setting next_dagrun for latest_only to 2022-12-03T10:50:54.529104+00:00, run_after=2022-12-03T14:50:54.529104+00:00
[2022-12-03T14:50:54.557+0000] {processor.py:175} INFO - Processing /home/airflow/.local/lib/python3.7/site-packages/airflow/example_dags/example_latest_only.py took 0.244 seconds
[2022-12-03T14:51:24.717+0000] {processor.py:153} INFO - Started process (PID=2914) to work on /home/airflow/.local/lib/python3.7/site-packages/airflow/example_dags/example_latest_only.py
[2022-12-03T14:51:24.718+0000] {processor.py:743} INFO - Processing file /home/airflow/.local/lib/python3.7/site-packages/airflow/example_dags/example_latest_only.py for tasks to queue
[2022-12-03T14:51:24.719+0000] {logging_mixin.py:137} INFO - [2022-12-03T14:51:24.719+0000] {dagbag.py:538} INFO - Filling up the DagBag from /home/airflow/.local/lib/python3.7/site-packages/airflow/example_dags/example_latest_only.py
[2022-12-03T14:51:24.733+0000] {processor.py:753} INFO - DAG(s) dict_keys(['latest_only']) retrieved from /home/airflow/.local/lib/python3.7/site-packages/airflow/example_dags/example_latest_only.py
[2022-12-03T14:51:24.833+0000] {logging_mixin.py:137} INFO - [2022-12-03T14:51:24.833+0000] {dag.py:2676} INFO - Sync 1 DAGs
[2022-12-03T14:51:24.890+0000] {logging_mixin.py:137} INFO - [2022-12-03T14:51:24.890+0000] {dag.py:3427} INFO - Setting next_dagrun for latest_only to 2022-12-03T10:51:24.889810+00:00, run_after=2022-12-03T14:51:24.889810+00:00
[2022-12-03T14:51:24.916+0000] {processor.py:175} INFO - Processing /home/airflow/.local/lib/python3.7/site-packages/airflow/example_dags/example_latest_only.py took 0.203 seconds
[2022-12-03T14:51:54.995+0000] {processor.py:153} INFO - Started process (PID=2998) to work on /home/airflow/.local/lib/python3.7/site-packages/airflow/example_dags/example_latest_only.py
[2022-12-03T14:51:54.995+0000] {processor.py:743} INFO - Processing file /home/airflow/.local/lib/python3.7/site-packages/airflow/example_dags/example_latest_only.py for tasks to queue
[2022-12-03T14:51:54.996+0000] {logging_mixin.py:137} INFO - [2022-12-03T14:51:54.996+0000] {dagbag.py:538} INFO - Filling up the DagBag from /home/airflow/.local/lib/python3.7/site-packages/airflow/example_dags/example_latest_only.py
[2022-12-03T14:51:55.009+0000] {processor.py:753} INFO - DAG(s) dict_keys(['latest_only']) retrieved from /home/airflow/.local/lib/python3.7/site-packages/airflow/example_dags/example_latest_only.py
[2022-12-03T14:51:55.046+0000] {logging_mixin.py:137} INFO - [2022-12-03T14:51:55.046+0000] {dag.py:2676} INFO - Sync 1 DAGs
[2022-12-03T14:51:55.081+0000] {logging_mixin.py:137} INFO - [2022-12-03T14:51:55.081+0000] {dag.py:3427} INFO - Setting next_dagrun for latest_only to 2022-12-03T10:51:55.080977+00:00, run_after=2022-12-03T14:51:55.080977+00:00
[2022-12-03T14:51:55.102+0000] {processor.py:175} INFO - Processing /home/airflow/.local/lib/python3.7/site-packages/airflow/example_dags/example_latest_only.py took 0.110 seconds
[2022-12-03T14:52:25.139+0000] {processor.py:153} INFO - Started process (PID=3084) to work on /home/airflow/.local/lib/python3.7/site-packages/airflow/example_dags/example_latest_only.py
[2022-12-03T14:52:25.139+0000] {processor.py:743} INFO - Processing file /home/airflow/.local/lib/python3.7/site-packages/airflow/example_dags/example_latest_only.py for tasks to queue
[2022-12-03T14:52:25.140+0000] {logging_mixin.py:137} INFO - [2022-12-03T14:52:25.140+0000] {dagbag.py:538} INFO - Filling up the DagBag from /home/airflow/.local/lib/python3.7/site-packages/airflow/example_dags/example_latest_only.py
[2022-12-03T14:52:25.153+0000] {processor.py:753} INFO - DAG(s) dict_keys(['latest_only']) retrieved from /home/airflow/.local/lib/python3.7/site-packages/airflow/example_dags/example_latest_only.py
[2022-12-03T14:52:25.213+0000] {logging_mixin.py:137} INFO - [2022-12-03T14:52:25.213+0000] {dag.py:2676} INFO - Sync 1 DAGs
[2022-12-03T14:52:25.240+0000] {logging_mixin.py:137} INFO - [2022-12-03T14:52:25.240+0000] {dag.py:3427} INFO - Setting next_dagrun for latest_only to 2022-12-03T10:52:25.240266+00:00, run_after=2022-12-03T14:52:25.240266+00:00
[2022-12-03T14:52:25.261+0000] {processor.py:175} INFO - Processing /home/airflow/.local/lib/python3.7/site-packages/airflow/example_dags/example_latest_only.py took 0.125 seconds
[2022-12-03T14:52:57.968+0000] {processor.py:153} INFO - Started process (PID=3180) to work on /home/airflow/.local/lib/python3.7/site-packages/airflow/example_dags/example_latest_only.py
[2022-12-03T14:52:57.980+0000] {processor.py:743} INFO - Processing file /home/airflow/.local/lib/python3.7/site-packages/airflow/example_dags/example_latest_only.py for tasks to queue
[2022-12-03T14:52:57.981+0000] {logging_mixin.py:137} INFO - [2022-12-03T14:52:57.981+0000] {dagbag.py:538} INFO - Filling up the DagBag from /home/airflow/.local/lib/python3.7/site-packages/airflow/example_dags/example_latest_only.py
[2022-12-03T14:52:58.004+0000] {processor.py:753} INFO - DAG(s) dict_keys(['latest_only']) retrieved from /home/airflow/.local/lib/python3.7/site-packages/airflow/example_dags/example_latest_only.py
[2022-12-03T14:52:58.209+0000] {logging_mixin.py:137} INFO - [2022-12-03T14:52:58.209+0000] {dag.py:2676} INFO - Sync 1 DAGs
[2022-12-03T14:52:58.392+0000] {logging_mixin.py:137} INFO - [2022-12-03T14:52:58.392+0000] {dag.py:3427} INFO - Setting next_dagrun for latest_only to 2022-12-03T10:52:58.392291+00:00, run_after=2022-12-03T14:52:58.392291+00:00
[2022-12-03T14:52:58.497+0000] {processor.py:175} INFO - Processing /home/airflow/.local/lib/python3.7/site-packages/airflow/example_dags/example_latest_only.py took 0.587 seconds
[2022-12-03T14:53:29.298+0000] {processor.py:153} INFO - Started process (PID=3257) to work on /home/airflow/.local/lib/python3.7/site-packages/airflow/example_dags/example_latest_only.py
[2022-12-03T14:53:29.299+0000] {processor.py:743} INFO - Processing file /home/airflow/.local/lib/python3.7/site-packages/airflow/example_dags/example_latest_only.py for tasks to queue
[2022-12-03T14:53:29.300+0000] {logging_mixin.py:137} INFO - [2022-12-03T14:53:29.300+0000] {dagbag.py:538} INFO - Filling up the DagBag from /home/airflow/.local/lib/python3.7/site-packages/airflow/example_dags/example_latest_only.py
[2022-12-03T14:53:29.378+0000] {processor.py:753} INFO - DAG(s) dict_keys(['latest_only']) retrieved from /home/airflow/.local/lib/python3.7/site-packages/airflow/example_dags/example_latest_only.py
[2022-12-03T14:53:34.590+0000] {logging_mixin.py:137} INFO - [2022-12-03T14:53:34.590+0000] {dag.py:2676} INFO - Sync 1 DAGs
[2022-12-03T14:53:34.794+0000] {logging_mixin.py:137} INFO - [2022-12-03T14:53:34.794+0000] {dag.py:3427} INFO - Setting next_dagrun for latest_only to 2022-12-03T10:53:34.793759+00:00, run_after=2022-12-03T14:53:34.793759+00:00
[2022-12-03T14:53:34.894+0000] {processor.py:175} INFO - Processing /home/airflow/.local/lib/python3.7/site-packages/airflow/example_dags/example_latest_only.py took 5.598 seconds
[2022-12-03T14:54:05.512+0000] {processor.py:153} INFO - Started process (PID=3350) to work on /home/airflow/.local/lib/python3.7/site-packages/airflow/example_dags/example_latest_only.py
[2022-12-03T14:54:05.513+0000] {processor.py:743} INFO - Processing file /home/airflow/.local/lib/python3.7/site-packages/airflow/example_dags/example_latest_only.py for tasks to queue
[2022-12-03T14:54:05.514+0000] {logging_mixin.py:137} INFO - [2022-12-03T14:54:05.514+0000] {dagbag.py:538} INFO - Filling up the DagBag from /home/airflow/.local/lib/python3.7/site-packages/airflow/example_dags/example_latest_only.py
[2022-12-03T14:54:05.577+0000] {processor.py:753} INFO - DAG(s) dict_keys(['latest_only']) retrieved from /home/airflow/.local/lib/python3.7/site-packages/airflow/example_dags/example_latest_only.py
[2022-12-03T14:54:05.870+0000] {logging_mixin.py:137} INFO - [2022-12-03T14:54:05.869+0000] {dag.py:2676} INFO - Sync 1 DAGs
[2022-12-03T14:54:06.073+0000] {logging_mixin.py:137} INFO - [2022-12-03T14:54:06.072+0000] {dag.py:3427} INFO - Setting next_dagrun for latest_only to 2022-12-03T10:54:06.072599+00:00, run_after=2022-12-03T14:54:06.072599+00:00
[2022-12-03T14:54:06.111+0000] {processor.py:175} INFO - Processing /home/airflow/.local/lib/python3.7/site-packages/airflow/example_dags/example_latest_only.py took 0.607 seconds
[2022-12-03T14:54:36.652+0000] {processor.py:153} INFO - Started process (PID=3434) to work on /home/airflow/.local/lib/python3.7/site-packages/airflow/example_dags/example_latest_only.py
[2022-12-03T14:54:36.653+0000] {processor.py:743} INFO - Processing file /home/airflow/.local/lib/python3.7/site-packages/airflow/example_dags/example_latest_only.py for tasks to queue
[2022-12-03T14:54:36.654+0000] {logging_mixin.py:137} INFO - [2022-12-03T14:54:36.654+0000] {dagbag.py:538} INFO - Filling up the DagBag from /home/airflow/.local/lib/python3.7/site-packages/airflow/example_dags/example_latest_only.py
[2022-12-03T14:54:36.686+0000] {processor.py:753} INFO - DAG(s) dict_keys(['latest_only']) retrieved from /home/airflow/.local/lib/python3.7/site-packages/airflow/example_dags/example_latest_only.py
[2022-12-03T14:54:36.739+0000] {logging_mixin.py:137} INFO - [2022-12-03T14:54:36.739+0000] {dag.py:2676} INFO - Sync 1 DAGs
[2022-12-03T14:54:36.805+0000] {logging_mixin.py:137} INFO - [2022-12-03T14:54:36.805+0000] {dag.py:3427} INFO - Setting next_dagrun for latest_only to 2022-12-03T10:54:36.805036+00:00, run_after=2022-12-03T14:54:36.805036+00:00
[2022-12-03T14:54:36.829+0000] {processor.py:175} INFO - Processing /home/airflow/.local/lib/python3.7/site-packages/airflow/example_dags/example_latest_only.py took 0.180 seconds
[2022-12-03T14:55:07.284+0000] {processor.py:153} INFO - Started process (PID=3520) to work on /home/airflow/.local/lib/python3.7/site-packages/airflow/example_dags/example_latest_only.py
[2022-12-03T14:55:07.288+0000] {processor.py:743} INFO - Processing file /home/airflow/.local/lib/python3.7/site-packages/airflow/example_dags/example_latest_only.py for tasks to queue
[2022-12-03T14:55:07.289+0000] {logging_mixin.py:137} INFO - [2022-12-03T14:55:07.289+0000] {dagbag.py:538} INFO - Filling up the DagBag from /home/airflow/.local/lib/python3.7/site-packages/airflow/example_dags/example_latest_only.py
[2022-12-03T14:55:07.326+0000] {processor.py:753} INFO - DAG(s) dict_keys(['latest_only']) retrieved from /home/airflow/.local/lib/python3.7/site-packages/airflow/example_dags/example_latest_only.py
[2022-12-03T14:55:07.460+0000] {logging_mixin.py:137} INFO - [2022-12-03T14:55:07.459+0000] {dag.py:2676} INFO - Sync 1 DAGs
[2022-12-03T14:55:07.523+0000] {logging_mixin.py:137} INFO - [2022-12-03T14:55:07.523+0000] {dag.py:3427} INFO - Setting next_dagrun for latest_only to 2022-12-03T10:55:07.523134+00:00, run_after=2022-12-03T14:55:07.523134+00:00
[2022-12-03T14:55:07.548+0000] {processor.py:175} INFO - Processing /home/airflow/.local/lib/python3.7/site-packages/airflow/example_dags/example_latest_only.py took 0.281 seconds
[2022-12-03T14:55:37.713+0000] {processor.py:153} INFO - Started process (PID=3606) to work on /home/airflow/.local/lib/python3.7/site-packages/airflow/example_dags/example_latest_only.py
[2022-12-03T14:55:37.714+0000] {processor.py:743} INFO - Processing file /home/airflow/.local/lib/python3.7/site-packages/airflow/example_dags/example_latest_only.py for tasks to queue
[2022-12-03T14:55:37.715+0000] {logging_mixin.py:137} INFO - [2022-12-03T14:55:37.715+0000] {dagbag.py:538} INFO - Filling up the DagBag from /home/airflow/.local/lib/python3.7/site-packages/airflow/example_dags/example_latest_only.py
[2022-12-03T14:55:37.732+0000] {processor.py:753} INFO - DAG(s) dict_keys(['latest_only']) retrieved from /home/airflow/.local/lib/python3.7/site-packages/airflow/example_dags/example_latest_only.py
[2022-12-03T14:55:37.808+0000] {logging_mixin.py:137} INFO - [2022-12-03T14:55:37.808+0000] {dag.py:2676} INFO - Sync 1 DAGs
[2022-12-03T14:55:37.843+0000] {logging_mixin.py:137} INFO - [2022-12-03T14:55:37.843+0000] {dag.py:3427} INFO - Setting next_dagrun for latest_only to 2022-12-03T10:55:37.843012+00:00, run_after=2022-12-03T14:55:37.843012+00:00
[2022-12-03T14:55:37.903+0000] {processor.py:175} INFO - Processing /home/airflow/.local/lib/python3.7/site-packages/airflow/example_dags/example_latest_only.py took 0.193 seconds
[2022-12-03T14:56:08.044+0000] {processor.py:153} INFO - Started process (PID=3692) to work on /home/airflow/.local/lib/python3.7/site-packages/airflow/example_dags/example_latest_only.py
[2022-12-03T14:56:08.045+0000] {processor.py:743} INFO - Processing file /home/airflow/.local/lib/python3.7/site-packages/airflow/example_dags/example_latest_only.py for tasks to queue
[2022-12-03T14:56:08.045+0000] {logging_mixin.py:137} INFO - [2022-12-03T14:56:08.045+0000] {dagbag.py:538} INFO - Filling up the DagBag from /home/airflow/.local/lib/python3.7/site-packages/airflow/example_dags/example_latest_only.py
[2022-12-03T14:56:08.059+0000] {processor.py:753} INFO - DAG(s) dict_keys(['latest_only']) retrieved from /home/airflow/.local/lib/python3.7/site-packages/airflow/example_dags/example_latest_only.py
[2022-12-03T14:56:08.129+0000] {logging_mixin.py:137} INFO - [2022-12-03T14:56:08.129+0000] {dag.py:2676} INFO - Sync 1 DAGs
[2022-12-03T14:56:08.171+0000] {logging_mixin.py:137} INFO - [2022-12-03T14:56:08.171+0000] {dag.py:3427} INFO - Setting next_dagrun for latest_only to 2022-12-03T10:56:08.171113+00:00, run_after=2022-12-03T14:56:08.171113+00:00
[2022-12-03T14:56:08.195+0000] {processor.py:175} INFO - Processing /home/airflow/.local/lib/python3.7/site-packages/airflow/example_dags/example_latest_only.py took 0.154 seconds
[2022-12-03T14:56:38.684+0000] {processor.py:153} INFO - Started process (PID=3801) to work on /home/airflow/.local/lib/python3.7/site-packages/airflow/example_dags/example_latest_only.py
[2022-12-03T14:56:38.687+0000] {processor.py:743} INFO - Processing file /home/airflow/.local/lib/python3.7/site-packages/airflow/example_dags/example_latest_only.py for tasks to queue
[2022-12-03T14:56:38.688+0000] {logging_mixin.py:137} INFO - [2022-12-03T14:56:38.688+0000] {dagbag.py:538} INFO - Filling up the DagBag from /home/airflow/.local/lib/python3.7/site-packages/airflow/example_dags/example_latest_only.py
[2022-12-03T14:56:38.713+0000] {processor.py:753} INFO - DAG(s) dict_keys(['latest_only']) retrieved from /home/airflow/.local/lib/python3.7/site-packages/airflow/example_dags/example_latest_only.py
[2022-12-03T14:56:38.755+0000] {logging_mixin.py:137} INFO - [2022-12-03T14:56:38.755+0000] {dag.py:2676} INFO - Sync 1 DAGs
[2022-12-03T14:56:38.809+0000] {logging_mixin.py:137} INFO - [2022-12-03T14:56:38.809+0000] {dag.py:3427} INFO - Setting next_dagrun for latest_only to 2022-12-03T10:56:38.809035+00:00, run_after=2022-12-03T14:56:38.809035+00:00
[2022-12-03T14:56:38.827+0000] {processor.py:175} INFO - Processing /home/airflow/.local/lib/python3.7/site-packages/airflow/example_dags/example_latest_only.py took 0.148 seconds
[2022-12-03T14:57:09.425+0000] {processor.py:153} INFO - Started process (PID=3887) to work on /home/airflow/.local/lib/python3.7/site-packages/airflow/example_dags/example_latest_only.py
[2022-12-03T14:57:09.426+0000] {processor.py:743} INFO - Processing file /home/airflow/.local/lib/python3.7/site-packages/airflow/example_dags/example_latest_only.py for tasks to queue
[2022-12-03T14:57:09.427+0000] {logging_mixin.py:137} INFO - [2022-12-03T14:57:09.426+0000] {dagbag.py:538} INFO - Filling up the DagBag from /home/airflow/.local/lib/python3.7/site-packages/airflow/example_dags/example_latest_only.py
[2022-12-03T14:57:09.439+0000] {processor.py:753} INFO - DAG(s) dict_keys(['latest_only']) retrieved from /home/airflow/.local/lib/python3.7/site-packages/airflow/example_dags/example_latest_only.py
[2022-12-03T14:57:09.490+0000] {logging_mixin.py:137} INFO - [2022-12-03T14:57:09.490+0000] {dag.py:2676} INFO - Sync 1 DAGs
[2022-12-03T14:57:09.518+0000] {logging_mixin.py:137} INFO - [2022-12-03T14:57:09.518+0000] {dag.py:3427} INFO - Setting next_dagrun for latest_only to 2022-12-03T10:57:09.518323+00:00, run_after=2022-12-03T14:57:09.518323+00:00
[2022-12-03T14:57:09.550+0000] {processor.py:175} INFO - Processing /home/airflow/.local/lib/python3.7/site-packages/airflow/example_dags/example_latest_only.py took 0.129 seconds
[2022-12-03T14:57:39.598+0000] {processor.py:153} INFO - Started process (PID=3972) to work on /home/airflow/.local/lib/python3.7/site-packages/airflow/example_dags/example_latest_only.py
[2022-12-03T14:57:39.599+0000] {processor.py:743} INFO - Processing file /home/airflow/.local/lib/python3.7/site-packages/airflow/example_dags/example_latest_only.py for tasks to queue
[2022-12-03T14:57:39.600+0000] {logging_mixin.py:137} INFO - [2022-12-03T14:57:39.600+0000] {dagbag.py:538} INFO - Filling up the DagBag from /home/airflow/.local/lib/python3.7/site-packages/airflow/example_dags/example_latest_only.py
[2022-12-03T14:57:39.612+0000] {processor.py:753} INFO - DAG(s) dict_keys(['latest_only']) retrieved from /home/airflow/.local/lib/python3.7/site-packages/airflow/example_dags/example_latest_only.py
[2022-12-03T14:57:39.648+0000] {logging_mixin.py:137} INFO - [2022-12-03T14:57:39.648+0000] {dag.py:2676} INFO - Sync 1 DAGs
[2022-12-03T14:57:39.705+0000] {logging_mixin.py:137} INFO - [2022-12-03T14:57:39.705+0000] {dag.py:3427} INFO - Setting next_dagrun for latest_only to 2022-12-03T10:57:39.705280+00:00, run_after=2022-12-03T14:57:39.705280+00:00
[2022-12-03T14:57:39.727+0000] {processor.py:175} INFO - Processing /home/airflow/.local/lib/python3.7/site-packages/airflow/example_dags/example_latest_only.py took 0.132 seconds
[2022-12-03T14:58:10.669+0000] {processor.py:153} INFO - Started process (PID=4082) to work on /home/airflow/.local/lib/python3.7/site-packages/airflow/example_dags/example_latest_only.py
[2022-12-03T14:58:10.680+0000] {processor.py:743} INFO - Processing file /home/airflow/.local/lib/python3.7/site-packages/airflow/example_dags/example_latest_only.py for tasks to queue
[2022-12-03T14:58:10.681+0000] {logging_mixin.py:137} INFO - [2022-12-03T14:58:10.681+0000] {dagbag.py:538} INFO - Filling up the DagBag from /home/airflow/.local/lib/python3.7/site-packages/airflow/example_dags/example_latest_only.py
[2022-12-03T14:58:10.713+0000] {processor.py:753} INFO - DAG(s) dict_keys(['latest_only']) retrieved from /home/airflow/.local/lib/python3.7/site-packages/airflow/example_dags/example_latest_only.py
[2022-12-03T14:58:10.825+0000] {logging_mixin.py:137} INFO - [2022-12-03T14:58:10.825+0000] {dag.py:2676} INFO - Sync 1 DAGs
[2022-12-03T14:58:10.868+0000] {logging_mixin.py:137} INFO - [2022-12-03T14:58:10.867+0000] {dag.py:3427} INFO - Setting next_dagrun for latest_only to 2022-12-03T10:58:10.867476+00:00, run_after=2022-12-03T14:58:10.867476+00:00
[2022-12-03T14:58:10.915+0000] {processor.py:175} INFO - Processing /home/airflow/.local/lib/python3.7/site-packages/airflow/example_dags/example_latest_only.py took 0.276 seconds
[2022-12-03T14:58:41.004+0000] {processor.py:153} INFO - Started process (PID=4168) to work on /home/airflow/.local/lib/python3.7/site-packages/airflow/example_dags/example_latest_only.py
[2022-12-03T14:58:41.005+0000] {processor.py:743} INFO - Processing file /home/airflow/.local/lib/python3.7/site-packages/airflow/example_dags/example_latest_only.py for tasks to queue
[2022-12-03T14:58:41.005+0000] {logging_mixin.py:137} INFO - [2022-12-03T14:58:41.005+0000] {dagbag.py:538} INFO - Filling up the DagBag from /home/airflow/.local/lib/python3.7/site-packages/airflow/example_dags/example_latest_only.py
[2022-12-03T14:58:41.018+0000] {processor.py:753} INFO - DAG(s) dict_keys(['latest_only']) retrieved from /home/airflow/.local/lib/python3.7/site-packages/airflow/example_dags/example_latest_only.py
[2022-12-03T14:58:41.054+0000] {logging_mixin.py:137} INFO - [2022-12-03T14:58:41.054+0000] {dag.py:2676} INFO - Sync 1 DAGs
[2022-12-03T14:58:41.097+0000] {logging_mixin.py:137} INFO - [2022-12-03T14:58:41.097+0000] {dag.py:3427} INFO - Setting next_dagrun for latest_only to 2022-12-03T10:58:41.096935+00:00, run_after=2022-12-03T14:58:41.096935+00:00
[2022-12-03T14:58:41.114+0000] {processor.py:175} INFO - Processing /home/airflow/.local/lib/python3.7/site-packages/airflow/example_dags/example_latest_only.py took 0.113 seconds
[2022-12-03T14:59:11.304+0000] {processor.py:153} INFO - Started process (PID=4251) to work on /home/airflow/.local/lib/python3.7/site-packages/airflow/example_dags/example_latest_only.py
[2022-12-03T14:59:11.304+0000] {processor.py:743} INFO - Processing file /home/airflow/.local/lib/python3.7/site-packages/airflow/example_dags/example_latest_only.py for tasks to queue
[2022-12-03T14:59:11.305+0000] {logging_mixin.py:137} INFO - [2022-12-03T14:59:11.305+0000] {dagbag.py:538} INFO - Filling up the DagBag from /home/airflow/.local/lib/python3.7/site-packages/airflow/example_dags/example_latest_only.py
[2022-12-03T14:59:11.318+0000] {processor.py:753} INFO - DAG(s) dict_keys(['latest_only']) retrieved from /home/airflow/.local/lib/python3.7/site-packages/airflow/example_dags/example_latest_only.py
[2022-12-03T14:59:11.353+0000] {logging_mixin.py:137} INFO - [2022-12-03T14:59:11.353+0000] {dag.py:2676} INFO - Sync 1 DAGs
[2022-12-03T14:59:11.394+0000] {logging_mixin.py:137} INFO - [2022-12-03T14:59:11.394+0000] {dag.py:3427} INFO - Setting next_dagrun for latest_only to 2022-12-03T10:59:11.394527+00:00, run_after=2022-12-03T14:59:11.394527+00:00
[2022-12-03T14:59:11.423+0000] {processor.py:175} INFO - Processing /home/airflow/.local/lib/python3.7/site-packages/airflow/example_dags/example_latest_only.py took 0.122 seconds
[2022-12-03T14:59:41.619+0000] {processor.py:153} INFO - Started process (PID=4336) to work on /home/airflow/.local/lib/python3.7/site-packages/airflow/example_dags/example_latest_only.py
[2022-12-03T14:59:41.620+0000] {processor.py:743} INFO - Processing file /home/airflow/.local/lib/python3.7/site-packages/airflow/example_dags/example_latest_only.py for tasks to queue
[2022-12-03T14:59:41.621+0000] {logging_mixin.py:137} INFO - [2022-12-03T14:59:41.621+0000] {dagbag.py:538} INFO - Filling up the DagBag from /home/airflow/.local/lib/python3.7/site-packages/airflow/example_dags/example_latest_only.py
[2022-12-03T14:59:41.633+0000] {processor.py:753} INFO - DAG(s) dict_keys(['latest_only']) retrieved from /home/airflow/.local/lib/python3.7/site-packages/airflow/example_dags/example_latest_only.py
[2022-12-03T14:59:41.722+0000] {logging_mixin.py:137} INFO - [2022-12-03T14:59:41.721+0000] {dag.py:2676} INFO - Sync 1 DAGs
[2022-12-03T14:59:41.808+0000] {logging_mixin.py:137} INFO - [2022-12-03T14:59:41.808+0000] {dag.py:3427} INFO - Setting next_dagrun for latest_only to 2022-12-03T10:59:41.808032+00:00, run_after=2022-12-03T14:59:41.808032+00:00
[2022-12-03T14:59:41.827+0000] {processor.py:175} INFO - Processing /home/airflow/.local/lib/python3.7/site-packages/airflow/example_dags/example_latest_only.py took 0.210 seconds
[2022-12-03T15:00:12.044+0000] {processor.py:153} INFO - Started process (PID=4419) to work on /home/airflow/.local/lib/python3.7/site-packages/airflow/example_dags/example_latest_only.py
[2022-12-03T15:00:12.045+0000] {processor.py:743} INFO - Processing file /home/airflow/.local/lib/python3.7/site-packages/airflow/example_dags/example_latest_only.py for tasks to queue
[2022-12-03T15:00:12.046+0000] {logging_mixin.py:137} INFO - [2022-12-03T15:00:12.046+0000] {dagbag.py:538} INFO - Filling up the DagBag from /home/airflow/.local/lib/python3.7/site-packages/airflow/example_dags/example_latest_only.py
[2022-12-03T15:00:12.063+0000] {processor.py:753} INFO - DAG(s) dict_keys(['latest_only']) retrieved from /home/airflow/.local/lib/python3.7/site-packages/airflow/example_dags/example_latest_only.py
[2022-12-03T15:00:12.115+0000] {logging_mixin.py:137} INFO - [2022-12-03T15:00:12.114+0000] {dag.py:2676} INFO - Sync 1 DAGs
[2022-12-03T15:00:12.203+0000] {logging_mixin.py:137} INFO - [2022-12-03T15:00:12.202+0000] {dag.py:3427} INFO - Setting next_dagrun for latest_only to 2022-12-03T11:00:12.202526+00:00, run_after=2022-12-03T15:00:12.202526+00:00
[2022-12-03T15:00:12.231+0000] {processor.py:175} INFO - Processing /home/airflow/.local/lib/python3.7/site-packages/airflow/example_dags/example_latest_only.py took 0.190 seconds
[2022-12-03T15:00:42.521+0000] {processor.py:153} INFO - Started process (PID=4510) to work on /home/airflow/.local/lib/python3.7/site-packages/airflow/example_dags/example_latest_only.py
[2022-12-03T15:00:42.522+0000] {processor.py:743} INFO - Processing file /home/airflow/.local/lib/python3.7/site-packages/airflow/example_dags/example_latest_only.py for tasks to queue
[2022-12-03T15:00:42.523+0000] {logging_mixin.py:137} INFO - [2022-12-03T15:00:42.523+0000] {dagbag.py:538} INFO - Filling up the DagBag from /home/airflow/.local/lib/python3.7/site-packages/airflow/example_dags/example_latest_only.py
[2022-12-03T15:00:42.539+0000] {processor.py:753} INFO - DAG(s) dict_keys(['latest_only']) retrieved from /home/airflow/.local/lib/python3.7/site-packages/airflow/example_dags/example_latest_only.py
[2022-12-03T15:00:42.699+0000] {logging_mixin.py:137} INFO - [2022-12-03T15:00:42.699+0000] {dag.py:2676} INFO - Sync 1 DAGs
[2022-12-03T15:00:42.790+0000] {logging_mixin.py:137} INFO - [2022-12-03T15:00:42.790+0000] {dag.py:3427} INFO - Setting next_dagrun for latest_only to 2022-12-03T11:00:42.789935+00:00, run_after=2022-12-03T15:00:42.789935+00:00
[2022-12-03T15:00:42.825+0000] {processor.py:175} INFO - Processing /home/airflow/.local/lib/python3.7/site-packages/airflow/example_dags/example_latest_only.py took 0.308 seconds
[2022-12-03T15:01:13.186+0000] {processor.py:153} INFO - Started process (PID=4613) to work on /home/airflow/.local/lib/python3.7/site-packages/airflow/example_dags/example_latest_only.py
[2022-12-03T15:01:13.187+0000] {processor.py:743} INFO - Processing file /home/airflow/.local/lib/python3.7/site-packages/airflow/example_dags/example_latest_only.py for tasks to queue
[2022-12-03T15:01:13.188+0000] {logging_mixin.py:137} INFO - [2022-12-03T15:01:13.188+0000] {dagbag.py:538} INFO - Filling up the DagBag from /home/airflow/.local/lib/python3.7/site-packages/airflow/example_dags/example_latest_only.py
[2022-12-03T15:01:13.208+0000] {processor.py:753} INFO - DAG(s) dict_keys(['latest_only']) retrieved from /home/airflow/.local/lib/python3.7/site-packages/airflow/example_dags/example_latest_only.py
[2022-12-03T15:01:13.289+0000] {logging_mixin.py:137} INFO - [2022-12-03T15:01:13.289+0000] {dag.py:2676} INFO - Sync 1 DAGs
[2022-12-03T15:01:13.333+0000] {logging_mixin.py:137} INFO - [2022-12-03T15:01:13.333+0000] {dag.py:3427} INFO - Setting next_dagrun for latest_only to 2022-12-03T11:01:13.332998+00:00, run_after=2022-12-03T15:01:13.332998+00:00
[2022-12-03T15:01:13.381+0000] {processor.py:175} INFO - Processing /home/airflow/.local/lib/python3.7/site-packages/airflow/example_dags/example_latest_only.py took 0.202 seconds
[2022-12-03T15:01:43.421+0000] {processor.py:153} INFO - Started process (PID=4699) to work on /home/airflow/.local/lib/python3.7/site-packages/airflow/example_dags/example_latest_only.py
[2022-12-03T15:01:43.421+0000] {processor.py:743} INFO - Processing file /home/airflow/.local/lib/python3.7/site-packages/airflow/example_dags/example_latest_only.py for tasks to queue
[2022-12-03T15:01:43.422+0000] {logging_mixin.py:137} INFO - [2022-12-03T15:01:43.422+0000] {dagbag.py:538} INFO - Filling up the DagBag from /home/airflow/.local/lib/python3.7/site-packages/airflow/example_dags/example_latest_only.py
[2022-12-03T15:01:43.434+0000] {processor.py:753} INFO - DAG(s) dict_keys(['latest_only']) retrieved from /home/airflow/.local/lib/python3.7/site-packages/airflow/example_dags/example_latest_only.py
[2022-12-03T15:01:43.518+0000] {logging_mixin.py:137} INFO - [2022-12-03T15:01:43.517+0000] {dag.py:2676} INFO - Sync 1 DAGs
[2022-12-03T15:01:43.582+0000] {logging_mixin.py:137} INFO - [2022-12-03T15:01:43.582+0000] {dag.py:3427} INFO - Setting next_dagrun for latest_only to 2022-12-03T11:01:43.581836+00:00, run_after=2022-12-03T15:01:43.581836+00:00
[2022-12-03T15:01:43.610+0000] {processor.py:175} INFO - Processing /home/airflow/.local/lib/python3.7/site-packages/airflow/example_dags/example_latest_only.py took 0.191 seconds
[2022-12-03T15:02:13.645+0000] {processor.py:153} INFO - Started process (PID=4782) to work on /home/airflow/.local/lib/python3.7/site-packages/airflow/example_dags/example_latest_only.py
[2022-12-03T15:02:13.646+0000] {processor.py:743} INFO - Processing file /home/airflow/.local/lib/python3.7/site-packages/airflow/example_dags/example_latest_only.py for tasks to queue
[2022-12-03T15:02:13.647+0000] {logging_mixin.py:137} INFO - [2022-12-03T15:02:13.647+0000] {dagbag.py:538} INFO - Filling up the DagBag from /home/airflow/.local/lib/python3.7/site-packages/airflow/example_dags/example_latest_only.py
[2022-12-03T15:02:13.694+0000] {processor.py:753} INFO - DAG(s) dict_keys(['latest_only']) retrieved from /home/airflow/.local/lib/python3.7/site-packages/airflow/example_dags/example_latest_only.py
[2022-12-03T15:02:13.731+0000] {logging_mixin.py:137} INFO - [2022-12-03T15:02:13.731+0000] {dag.py:2676} INFO - Sync 1 DAGs
[2022-12-03T15:02:13.800+0000] {logging_mixin.py:137} INFO - [2022-12-03T15:02:13.799+0000] {dag.py:3427} INFO - Setting next_dagrun for latest_only to 2022-12-03T11:02:13.799671+00:00, run_after=2022-12-03T15:02:13.799671+00:00
[2022-12-03T15:02:13.819+0000] {processor.py:175} INFO - Processing /home/airflow/.local/lib/python3.7/site-packages/airflow/example_dags/example_latest_only.py took 0.178 seconds
[2022-12-03T15:02:44.629+0000] {processor.py:153} INFO - Started process (PID=4892) to work on /home/airflow/.local/lib/python3.7/site-packages/airflow/example_dags/example_latest_only.py
[2022-12-03T15:02:44.630+0000] {processor.py:743} INFO - Processing file /home/airflow/.local/lib/python3.7/site-packages/airflow/example_dags/example_latest_only.py for tasks to queue
[2022-12-03T15:02:44.631+0000] {logging_mixin.py:137} INFO - [2022-12-03T15:02:44.631+0000] {dagbag.py:538} INFO - Filling up the DagBag from /home/airflow/.local/lib/python3.7/site-packages/airflow/example_dags/example_latest_only.py
[2022-12-03T15:02:44.644+0000] {processor.py:753} INFO - DAG(s) dict_keys(['latest_only']) retrieved from /home/airflow/.local/lib/python3.7/site-packages/airflow/example_dags/example_latest_only.py
[2022-12-03T15:02:44.711+0000] {logging_mixin.py:137} INFO - [2022-12-03T15:02:44.711+0000] {dag.py:2676} INFO - Sync 1 DAGs
[2022-12-03T15:02:44.774+0000] {logging_mixin.py:137} INFO - [2022-12-03T15:02:44.774+0000] {dag.py:3427} INFO - Setting next_dagrun for latest_only to 2022-12-03T11:02:44.773748+00:00, run_after=2022-12-03T15:02:44.773748+00:00
[2022-12-03T15:02:44.806+0000] {processor.py:175} INFO - Processing /home/airflow/.local/lib/python3.7/site-packages/airflow/example_dags/example_latest_only.py took 0.179 seconds
[2022-12-03T15:03:14.942+0000] {processor.py:153} INFO - Started process (PID=4978) to work on /home/airflow/.local/lib/python3.7/site-packages/airflow/example_dags/example_latest_only.py
[2022-12-03T15:03:14.942+0000] {processor.py:743} INFO - Processing file /home/airflow/.local/lib/python3.7/site-packages/airflow/example_dags/example_latest_only.py for tasks to queue
[2022-12-03T15:03:14.943+0000] {logging_mixin.py:137} INFO - [2022-12-03T15:03:14.943+0000] {dagbag.py:538} INFO - Filling up the DagBag from /home/airflow/.local/lib/python3.7/site-packages/airflow/example_dags/example_latest_only.py
[2022-12-03T15:03:14.972+0000] {processor.py:753} INFO - DAG(s) dict_keys(['latest_only']) retrieved from /home/airflow/.local/lib/python3.7/site-packages/airflow/example_dags/example_latest_only.py
[2022-12-03T15:03:15.026+0000] {logging_mixin.py:137} INFO - [2022-12-03T15:03:15.026+0000] {dag.py:2676} INFO - Sync 1 DAGs
[2022-12-03T15:03:15.082+0000] {logging_mixin.py:137} INFO - [2022-12-03T15:03:15.081+0000] {dag.py:3427} INFO - Setting next_dagrun for latest_only to 2022-12-03T11:03:15.081602+00:00, run_after=2022-12-03T15:03:15.081602+00:00
[2022-12-03T15:03:15.109+0000] {processor.py:175} INFO - Processing /home/airflow/.local/lib/python3.7/site-packages/airflow/example_dags/example_latest_only.py took 0.170 seconds
