[2022-12-03T14:36:12.961+0000] {processor.py:153} INFO - Started process (PID=114) to work on /home/airflow/.local/lib/python3.7/site-packages/airflow/example_dags/example_task_group_decorator.py
[2022-12-03T14:36:12.962+0000] {processor.py:743} INFO - Processing file /home/airflow/.local/lib/python3.7/site-packages/airflow/example_dags/example_task_group_decorator.py for tasks to queue
[2022-12-03T14:36:12.962+0000] {logging_mixin.py:137} INFO - [2022-12-03T14:36:12.962+0000] {dagbag.py:538} INFO - Filling up the DagBag from /home/airflow/.local/lib/python3.7/site-packages/airflow/example_dags/example_task_group_decorator.py
[2022-12-03T14:36:13.019+0000] {processor.py:753} INFO - DAG(s) dict_keys(['example_task_group_decorator']) retrieved from /home/airflow/.local/lib/python3.7/site-packages/airflow/example_dags/example_task_group_decorator.py
[2022-12-03T14:36:13.069+0000] {logging_mixin.py:137} INFO - [2022-12-03T14:36:13.069+0000] {dag.py:2676} INFO - Sync 1 DAGs
[2022-12-03T14:36:13.104+0000] {logging_mixin.py:137} INFO - [2022-12-03T14:36:13.104+0000] {dag.py:3427} INFO - Setting next_dagrun for example_task_group_decorator to 2022-12-02T14:36:13.104432+00:00, run_after=2022-12-03T14:36:13.104432+00:00
[2022-12-03T14:36:13.127+0000] {processor.py:175} INFO - Processing /home/airflow/.local/lib/python3.7/site-packages/airflow/example_dags/example_task_group_decorator.py took 0.170 seconds
[2022-12-03T14:36:43.519+0000] {processor.py:153} INFO - Started process (PID=224) to work on /home/airflow/.local/lib/python3.7/site-packages/airflow/example_dags/example_task_group_decorator.py
[2022-12-03T14:36:43.520+0000] {processor.py:743} INFO - Processing file /home/airflow/.local/lib/python3.7/site-packages/airflow/example_dags/example_task_group_decorator.py for tasks to queue
[2022-12-03T14:36:43.520+0000] {logging_mixin.py:137} INFO - [2022-12-03T14:36:43.520+0000] {dagbag.py:538} INFO - Filling up the DagBag from /home/airflow/.local/lib/python3.7/site-packages/airflow/example_dags/example_task_group_decorator.py
[2022-12-03T14:36:43.577+0000] {processor.py:753} INFO - DAG(s) dict_keys(['example_task_group_decorator']) retrieved from /home/airflow/.local/lib/python3.7/site-packages/airflow/example_dags/example_task_group_decorator.py
[2022-12-03T14:36:43.709+0000] {logging_mixin.py:137} INFO - [2022-12-03T14:36:43.708+0000] {dag.py:2676} INFO - Sync 1 DAGs
[2022-12-03T14:36:43.733+0000] {logging_mixin.py:137} INFO - [2022-12-03T14:36:43.733+0000] {dag.py:3427} INFO - Setting next_dagrun for example_task_group_decorator to 2022-12-02T14:36:43.733282+00:00, run_after=2022-12-03T14:36:43.733282+00:00
[2022-12-03T14:36:43.751+0000] {processor.py:175} INFO - Processing /home/airflow/.local/lib/python3.7/site-packages/airflow/example_dags/example_task_group_decorator.py took 0.235 seconds
[2022-12-03T14:37:13.830+0000] {processor.py:153} INFO - Started process (PID=310) to work on /home/airflow/.local/lib/python3.7/site-packages/airflow/example_dags/example_task_group_decorator.py
[2022-12-03T14:37:13.831+0000] {processor.py:743} INFO - Processing file /home/airflow/.local/lib/python3.7/site-packages/airflow/example_dags/example_task_group_decorator.py for tasks to queue
[2022-12-03T14:37:13.832+0000] {logging_mixin.py:137} INFO - [2022-12-03T14:37:13.831+0000] {dagbag.py:538} INFO - Filling up the DagBag from /home/airflow/.local/lib/python3.7/site-packages/airflow/example_dags/example_task_group_decorator.py
[2022-12-03T14:37:13.885+0000] {processor.py:753} INFO - DAG(s) dict_keys(['example_task_group_decorator']) retrieved from /home/airflow/.local/lib/python3.7/site-packages/airflow/example_dags/example_task_group_decorator.py
[2022-12-03T14:37:13.925+0000] {logging_mixin.py:137} INFO - [2022-12-03T14:37:13.924+0000] {dag.py:2676} INFO - Sync 1 DAGs
[2022-12-03T14:37:13.987+0000] {logging_mixin.py:137} INFO - [2022-12-03T14:37:13.987+0000] {dag.py:3427} INFO - Setting next_dagrun for example_task_group_decorator to 2022-12-02T14:37:13.987098+00:00, run_after=2022-12-03T14:37:13.987098+00:00
[2022-12-03T14:37:14.005+0000] {processor.py:175} INFO - Processing /home/airflow/.local/lib/python3.7/site-packages/airflow/example_dags/example_task_group_decorator.py took 0.177 seconds
[2022-12-03T14:37:44.827+0000] {processor.py:153} INFO - Started process (PID=396) to work on /home/airflow/.local/lib/python3.7/site-packages/airflow/example_dags/example_task_group_decorator.py
[2022-12-03T14:37:44.828+0000] {processor.py:743} INFO - Processing file /home/airflow/.local/lib/python3.7/site-packages/airflow/example_dags/example_task_group_decorator.py for tasks to queue
[2022-12-03T14:37:44.828+0000] {logging_mixin.py:137} INFO - [2022-12-03T14:37:44.828+0000] {dagbag.py:538} INFO - Filling up the DagBag from /home/airflow/.local/lib/python3.7/site-packages/airflow/example_dags/example_task_group_decorator.py
[2022-12-03T14:37:44.856+0000] {processor.py:753} INFO - DAG(s) dict_keys(['example_task_group_decorator']) retrieved from /home/airflow/.local/lib/python3.7/site-packages/airflow/example_dags/example_task_group_decorator.py
[2022-12-03T14:37:44.902+0000] {logging_mixin.py:137} INFO - [2022-12-03T14:37:44.901+0000] {dag.py:2676} INFO - Sync 1 DAGs
[2022-12-03T14:37:44.925+0000] {logging_mixin.py:137} INFO - [2022-12-03T14:37:44.925+0000] {dag.py:3427} INFO - Setting next_dagrun for example_task_group_decorator to 2022-12-02T14:37:44.925627+00:00, run_after=2022-12-03T14:37:44.925627+00:00
[2022-12-03T14:37:44.944+0000] {processor.py:175} INFO - Processing /home/airflow/.local/lib/python3.7/site-packages/airflow/example_dags/example_task_group_decorator.py took 0.119 seconds
[2022-12-03T14:38:15.019+0000] {processor.py:153} INFO - Started process (PID=506) to work on /home/airflow/.local/lib/python3.7/site-packages/airflow/example_dags/example_task_group_decorator.py
[2022-12-03T14:38:15.020+0000] {processor.py:743} INFO - Processing file /home/airflow/.local/lib/python3.7/site-packages/airflow/example_dags/example_task_group_decorator.py for tasks to queue
[2022-12-03T14:38:15.020+0000] {logging_mixin.py:137} INFO - [2022-12-03T14:38:15.020+0000] {dagbag.py:538} INFO - Filling up the DagBag from /home/airflow/.local/lib/python3.7/site-packages/airflow/example_dags/example_task_group_decorator.py
[2022-12-03T14:38:15.097+0000] {processor.py:753} INFO - DAG(s) dict_keys(['example_task_group_decorator']) retrieved from /home/airflow/.local/lib/python3.7/site-packages/airflow/example_dags/example_task_group_decorator.py
[2022-12-03T14:38:15.177+0000] {logging_mixin.py:137} INFO - [2022-12-03T14:38:15.177+0000] {dag.py:2676} INFO - Sync 1 DAGs
[2022-12-03T14:38:15.206+0000] {logging_mixin.py:137} INFO - [2022-12-03T14:38:15.206+0000] {dag.py:3427} INFO - Setting next_dagrun for example_task_group_decorator to 2022-12-02T14:38:15.206285+00:00, run_after=2022-12-03T14:38:15.206285+00:00
[2022-12-03T14:38:15.224+0000] {processor.py:175} INFO - Processing /home/airflow/.local/lib/python3.7/site-packages/airflow/example_dags/example_task_group_decorator.py took 0.207 seconds
[2022-12-03T14:38:45.578+0000] {processor.py:153} INFO - Started process (PID=591) to work on /home/airflow/.local/lib/python3.7/site-packages/airflow/example_dags/example_task_group_decorator.py
[2022-12-03T14:38:45.579+0000] {processor.py:743} INFO - Processing file /home/airflow/.local/lib/python3.7/site-packages/airflow/example_dags/example_task_group_decorator.py for tasks to queue
[2022-12-03T14:38:45.580+0000] {logging_mixin.py:137} INFO - [2022-12-03T14:38:45.579+0000] {dagbag.py:538} INFO - Filling up the DagBag from /home/airflow/.local/lib/python3.7/site-packages/airflow/example_dags/example_task_group_decorator.py
[2022-12-03T14:38:45.608+0000] {processor.py:753} INFO - DAG(s) dict_keys(['example_task_group_decorator']) retrieved from /home/airflow/.local/lib/python3.7/site-packages/airflow/example_dags/example_task_group_decorator.py
[2022-12-03T14:38:45.647+0000] {logging_mixin.py:137} INFO - [2022-12-03T14:38:45.647+0000] {dag.py:2676} INFO - Sync 1 DAGs
[2022-12-03T14:38:45.682+0000] {logging_mixin.py:137} INFO - [2022-12-03T14:38:45.682+0000] {dag.py:3427} INFO - Setting next_dagrun for example_task_group_decorator to 2022-12-02T14:38:45.681794+00:00, run_after=2022-12-03T14:38:45.681794+00:00
[2022-12-03T14:38:45.700+0000] {processor.py:175} INFO - Processing /home/airflow/.local/lib/python3.7/site-packages/airflow/example_dags/example_task_group_decorator.py took 0.125 seconds
[2022-12-03T14:39:15.821+0000] {processor.py:153} INFO - Started process (PID=677) to work on /home/airflow/.local/lib/python3.7/site-packages/airflow/example_dags/example_task_group_decorator.py
[2022-12-03T14:39:15.821+0000] {processor.py:743} INFO - Processing file /home/airflow/.local/lib/python3.7/site-packages/airflow/example_dags/example_task_group_decorator.py for tasks to queue
[2022-12-03T14:39:15.822+0000] {logging_mixin.py:137} INFO - [2022-12-03T14:39:15.822+0000] {dagbag.py:538} INFO - Filling up the DagBag from /home/airflow/.local/lib/python3.7/site-packages/airflow/example_dags/example_task_group_decorator.py
[2022-12-03T14:39:15.849+0000] {processor.py:753} INFO - DAG(s) dict_keys(['example_task_group_decorator']) retrieved from /home/airflow/.local/lib/python3.7/site-packages/airflow/example_dags/example_task_group_decorator.py
[2022-12-03T14:39:15.891+0000] {logging_mixin.py:137} INFO - [2022-12-03T14:39:15.891+0000] {dag.py:2676} INFO - Sync 1 DAGs
[2022-12-03T14:39:15.919+0000] {logging_mixin.py:137} INFO - [2022-12-03T14:39:15.919+0000] {dag.py:3427} INFO - Setting next_dagrun for example_task_group_decorator to 2022-12-02T14:39:15.919088+00:00, run_after=2022-12-03T14:39:15.919088+00:00
[2022-12-03T14:39:15.938+0000] {processor.py:175} INFO - Processing /home/airflow/.local/lib/python3.7/site-packages/airflow/example_dags/example_task_group_decorator.py took 0.120 seconds
[2022-12-03T14:39:46.021+0000] {processor.py:153} INFO - Started process (PID=787) to work on /home/airflow/.local/lib/python3.7/site-packages/airflow/example_dags/example_task_group_decorator.py
[2022-12-03T14:39:46.028+0000] {processor.py:743} INFO - Processing file /home/airflow/.local/lib/python3.7/site-packages/airflow/example_dags/example_task_group_decorator.py for tasks to queue
[2022-12-03T14:39:46.029+0000] {logging_mixin.py:137} INFO - [2022-12-03T14:39:46.029+0000] {dagbag.py:538} INFO - Filling up the DagBag from /home/airflow/.local/lib/python3.7/site-packages/airflow/example_dags/example_task_group_decorator.py
[2022-12-03T14:39:46.097+0000] {processor.py:753} INFO - DAG(s) dict_keys(['example_task_group_decorator']) retrieved from /home/airflow/.local/lib/python3.7/site-packages/airflow/example_dags/example_task_group_decorator.py
[2022-12-03T14:39:46.214+0000] {logging_mixin.py:137} INFO - [2022-12-03T14:39:46.214+0000] {dag.py:2676} INFO - Sync 1 DAGs
[2022-12-03T14:39:46.250+0000] {logging_mixin.py:137} INFO - [2022-12-03T14:39:46.249+0000] {dag.py:3427} INFO - Setting next_dagrun for example_task_group_decorator to 2022-12-02T14:39:46.249598+00:00, run_after=2022-12-03T14:39:46.249598+00:00
[2022-12-03T14:39:46.286+0000] {processor.py:175} INFO - Processing /home/airflow/.local/lib/python3.7/site-packages/airflow/example_dags/example_task_group_decorator.py took 0.267 seconds
[2022-12-03T14:40:16.590+0000] {processor.py:153} INFO - Started process (PID=873) to work on /home/airflow/.local/lib/python3.7/site-packages/airflow/example_dags/example_task_group_decorator.py
[2022-12-03T14:40:16.592+0000] {processor.py:743} INFO - Processing file /home/airflow/.local/lib/python3.7/site-packages/airflow/example_dags/example_task_group_decorator.py for tasks to queue
[2022-12-03T14:40:16.593+0000] {logging_mixin.py:137} INFO - [2022-12-03T14:40:16.593+0000] {dagbag.py:538} INFO - Filling up the DagBag from /home/airflow/.local/lib/python3.7/site-packages/airflow/example_dags/example_task_group_decorator.py
[2022-12-03T14:40:16.625+0000] {processor.py:753} INFO - DAG(s) dict_keys(['example_task_group_decorator']) retrieved from /home/airflow/.local/lib/python3.7/site-packages/airflow/example_dags/example_task_group_decorator.py
[2022-12-03T14:40:16.694+0000] {logging_mixin.py:137} INFO - [2022-12-03T14:40:16.694+0000] {dag.py:2676} INFO - Sync 1 DAGs
[2022-12-03T14:40:16.721+0000] {logging_mixin.py:137} INFO - [2022-12-03T14:40:16.721+0000] {dag.py:3427} INFO - Setting next_dagrun for example_task_group_decorator to 2022-12-02T14:40:16.721101+00:00, run_after=2022-12-03T14:40:16.721101+00:00
[2022-12-03T14:40:16.737+0000] {processor.py:175} INFO - Processing /home/airflow/.local/lib/python3.7/site-packages/airflow/example_dags/example_task_group_decorator.py took 0.150 seconds
[2022-12-03T14:40:46.979+0000] {processor.py:153} INFO - Started process (PID=968) to work on /home/airflow/.local/lib/python3.7/site-packages/airflow/example_dags/example_task_group_decorator.py
[2022-12-03T14:40:46.984+0000] {processor.py:743} INFO - Processing file /home/airflow/.local/lib/python3.7/site-packages/airflow/example_dags/example_task_group_decorator.py for tasks to queue
[2022-12-03T14:40:46.985+0000] {logging_mixin.py:137} INFO - [2022-12-03T14:40:46.985+0000] {dagbag.py:538} INFO - Filling up the DagBag from /home/airflow/.local/lib/python3.7/site-packages/airflow/example_dags/example_task_group_decorator.py
[2022-12-03T14:40:47.021+0000] {processor.py:753} INFO - DAG(s) dict_keys(['example_task_group_decorator']) retrieved from /home/airflow/.local/lib/python3.7/site-packages/airflow/example_dags/example_task_group_decorator.py
[2022-12-03T14:40:47.060+0000] {logging_mixin.py:137} INFO - [2022-12-03T14:40:47.060+0000] {dag.py:2676} INFO - Sync 1 DAGs
[2022-12-03T14:40:47.107+0000] {logging_mixin.py:137} INFO - [2022-12-03T14:40:47.107+0000] {dag.py:3427} INFO - Setting next_dagrun for example_task_group_decorator to 2022-12-02T14:40:47.107258+00:00, run_after=2022-12-03T14:40:47.107258+00:00
[2022-12-03T14:40:47.129+0000] {processor.py:175} INFO - Processing /home/airflow/.local/lib/python3.7/site-packages/airflow/example_dags/example_task_group_decorator.py took 0.154 seconds
[2022-12-03T14:41:17.798+0000] {processor.py:153} INFO - Started process (PID=1069) to work on /home/airflow/.local/lib/python3.7/site-packages/airflow/example_dags/example_task_group_decorator.py
[2022-12-03T14:41:17.799+0000] {processor.py:743} INFO - Processing file /home/airflow/.local/lib/python3.7/site-packages/airflow/example_dags/example_task_group_decorator.py for tasks to queue
[2022-12-03T14:41:17.800+0000] {logging_mixin.py:137} INFO - [2022-12-03T14:41:17.799+0000] {dagbag.py:538} INFO - Filling up the DagBag from /home/airflow/.local/lib/python3.7/site-packages/airflow/example_dags/example_task_group_decorator.py
[2022-12-03T14:41:17.900+0000] {processor.py:753} INFO - DAG(s) dict_keys(['example_task_group_decorator']) retrieved from /home/airflow/.local/lib/python3.7/site-packages/airflow/example_dags/example_task_group_decorator.py
[2022-12-03T14:41:18.073+0000] {logging_mixin.py:137} INFO - [2022-12-03T14:41:18.073+0000] {dag.py:2676} INFO - Sync 1 DAGs
[2022-12-03T14:41:18.111+0000] {logging_mixin.py:137} INFO - [2022-12-03T14:41:18.111+0000] {dag.py:3427} INFO - Setting next_dagrun for example_task_group_decorator to 2022-12-02T14:41:18.110871+00:00, run_after=2022-12-03T14:41:18.110871+00:00
[2022-12-03T14:41:18.191+0000] {processor.py:175} INFO - Processing /home/airflow/.local/lib/python3.7/site-packages/airflow/example_dags/example_task_group_decorator.py took 0.396 seconds
[2022-12-03T14:41:48.613+0000] {processor.py:153} INFO - Started process (PID=1155) to work on /home/airflow/.local/lib/python3.7/site-packages/airflow/example_dags/example_task_group_decorator.py
[2022-12-03T14:41:48.614+0000] {processor.py:743} INFO - Processing file /home/airflow/.local/lib/python3.7/site-packages/airflow/example_dags/example_task_group_decorator.py for tasks to queue
[2022-12-03T14:41:48.614+0000] {logging_mixin.py:137} INFO - [2022-12-03T14:41:48.614+0000] {dagbag.py:538} INFO - Filling up the DagBag from /home/airflow/.local/lib/python3.7/site-packages/airflow/example_dags/example_task_group_decorator.py
[2022-12-03T14:41:48.647+0000] {processor.py:753} INFO - DAG(s) dict_keys(['example_task_group_decorator']) retrieved from /home/airflow/.local/lib/python3.7/site-packages/airflow/example_dags/example_task_group_decorator.py
[2022-12-03T14:41:48.727+0000] {logging_mixin.py:137} INFO - [2022-12-03T14:41:48.726+0000] {dag.py:2676} INFO - Sync 1 DAGs
[2022-12-03T14:41:48.767+0000] {logging_mixin.py:137} INFO - [2022-12-03T14:41:48.767+0000] {dag.py:3427} INFO - Setting next_dagrun for example_task_group_decorator to 2022-12-02T14:41:48.767417+00:00, run_after=2022-12-03T14:41:48.767417+00:00
[2022-12-03T14:41:48.801+0000] {processor.py:175} INFO - Processing /home/airflow/.local/lib/python3.7/site-packages/airflow/example_dags/example_task_group_decorator.py took 0.191 seconds
[2022-12-03T14:42:19.371+0000] {processor.py:153} INFO - Started process (PID=1248) to work on /home/airflow/.local/lib/python3.7/site-packages/airflow/example_dags/example_task_group_decorator.py
[2022-12-03T14:42:19.376+0000] {processor.py:743} INFO - Processing file /home/airflow/.local/lib/python3.7/site-packages/airflow/example_dags/example_task_group_decorator.py for tasks to queue
[2022-12-03T14:42:19.377+0000] {logging_mixin.py:137} INFO - [2022-12-03T14:42:19.377+0000] {dagbag.py:538} INFO - Filling up the DagBag from /home/airflow/.local/lib/python3.7/site-packages/airflow/example_dags/example_task_group_decorator.py
[2022-12-03T14:42:19.409+0000] {processor.py:753} INFO - DAG(s) dict_keys(['example_task_group_decorator']) retrieved from /home/airflow/.local/lib/python3.7/site-packages/airflow/example_dags/example_task_group_decorator.py
[2022-12-03T14:42:19.485+0000] {logging_mixin.py:137} INFO - [2022-12-03T14:42:19.485+0000] {dag.py:2676} INFO - Sync 1 DAGs
[2022-12-03T14:42:19.513+0000] {logging_mixin.py:137} INFO - [2022-12-03T14:42:19.512+0000] {dag.py:3427} INFO - Setting next_dagrun for example_task_group_decorator to 2022-12-02T14:42:19.512702+00:00, run_after=2022-12-03T14:42:19.512702+00:00
[2022-12-03T14:42:19.568+0000] {processor.py:175} INFO - Processing /home/airflow/.local/lib/python3.7/site-packages/airflow/example_dags/example_task_group_decorator.py took 0.200 seconds
[2022-12-03T14:42:49.812+0000] {processor.py:153} INFO - Started process (PID=1351) to work on /home/airflow/.local/lib/python3.7/site-packages/airflow/example_dags/example_task_group_decorator.py
[2022-12-03T14:42:49.813+0000] {processor.py:743} INFO - Processing file /home/airflow/.local/lib/python3.7/site-packages/airflow/example_dags/example_task_group_decorator.py for tasks to queue
[2022-12-03T14:42:49.814+0000] {logging_mixin.py:137} INFO - [2022-12-03T14:42:49.814+0000] {dagbag.py:538} INFO - Filling up the DagBag from /home/airflow/.local/lib/python3.7/site-packages/airflow/example_dags/example_task_group_decorator.py
[2022-12-03T14:42:49.843+0000] {processor.py:753} INFO - DAG(s) dict_keys(['example_task_group_decorator']) retrieved from /home/airflow/.local/lib/python3.7/site-packages/airflow/example_dags/example_task_group_decorator.py
[2022-12-03T14:42:49.889+0000] {logging_mixin.py:137} INFO - [2022-12-03T14:42:49.889+0000] {dag.py:2676} INFO - Sync 1 DAGs
[2022-12-03T14:42:49.917+0000] {logging_mixin.py:137} INFO - [2022-12-03T14:42:49.917+0000] {dag.py:3427} INFO - Setting next_dagrun for example_task_group_decorator to 2022-12-02T14:42:49.917235+00:00, run_after=2022-12-03T14:42:49.917235+00:00
[2022-12-03T14:42:49.934+0000] {processor.py:175} INFO - Processing /home/airflow/.local/lib/python3.7/site-packages/airflow/example_dags/example_task_group_decorator.py took 0.125 seconds
[2022-12-03T14:43:20.091+0000] {processor.py:153} INFO - Started process (PID=1436) to work on /home/airflow/.local/lib/python3.7/site-packages/airflow/example_dags/example_task_group_decorator.py
[2022-12-03T14:43:20.092+0000] {processor.py:743} INFO - Processing file /home/airflow/.local/lib/python3.7/site-packages/airflow/example_dags/example_task_group_decorator.py for tasks to queue
[2022-12-03T14:43:20.093+0000] {logging_mixin.py:137} INFO - [2022-12-03T14:43:20.093+0000] {dagbag.py:538} INFO - Filling up the DagBag from /home/airflow/.local/lib/python3.7/site-packages/airflow/example_dags/example_task_group_decorator.py
[2022-12-03T14:43:20.125+0000] {processor.py:753} INFO - DAG(s) dict_keys(['example_task_group_decorator']) retrieved from /home/airflow/.local/lib/python3.7/site-packages/airflow/example_dags/example_task_group_decorator.py
[2022-12-03T14:43:20.166+0000] {logging_mixin.py:137} INFO - [2022-12-03T14:43:20.165+0000] {dag.py:2676} INFO - Sync 1 DAGs
[2022-12-03T14:43:20.204+0000] {logging_mixin.py:137} INFO - [2022-12-03T14:43:20.204+0000] {dag.py:3427} INFO - Setting next_dagrun for example_task_group_decorator to 2022-12-02T14:43:20.203841+00:00, run_after=2022-12-03T14:43:20.203841+00:00
[2022-12-03T14:43:20.222+0000] {processor.py:175} INFO - Processing /home/airflow/.local/lib/python3.7/site-packages/airflow/example_dags/example_task_group_decorator.py took 0.135 seconds
[2022-12-03T14:43:50.349+0000] {processor.py:153} INFO - Started process (PID=1546) to work on /home/airflow/.local/lib/python3.7/site-packages/airflow/example_dags/example_task_group_decorator.py
[2022-12-03T14:43:50.350+0000] {processor.py:743} INFO - Processing file /home/airflow/.local/lib/python3.7/site-packages/airflow/example_dags/example_task_group_decorator.py for tasks to queue
[2022-12-03T14:43:50.350+0000] {logging_mixin.py:137} INFO - [2022-12-03T14:43:50.350+0000] {dagbag.py:538} INFO - Filling up the DagBag from /home/airflow/.local/lib/python3.7/site-packages/airflow/example_dags/example_task_group_decorator.py
[2022-12-03T14:43:50.391+0000] {processor.py:753} INFO - DAG(s) dict_keys(['example_task_group_decorator']) retrieved from /home/airflow/.local/lib/python3.7/site-packages/airflow/example_dags/example_task_group_decorator.py
[2022-12-03T14:43:50.502+0000] {logging_mixin.py:137} INFO - [2022-12-03T14:43:50.502+0000] {dag.py:2676} INFO - Sync 1 DAGs
[2022-12-03T14:43:50.527+0000] {logging_mixin.py:137} INFO - [2022-12-03T14:43:50.527+0000] {dag.py:3427} INFO - Setting next_dagrun for example_task_group_decorator to 2022-12-02T14:43:50.527164+00:00, run_after=2022-12-03T14:43:50.527164+00:00
[2022-12-03T14:43:50.545+0000] {processor.py:175} INFO - Processing /home/airflow/.local/lib/python3.7/site-packages/airflow/example_dags/example_task_group_decorator.py took 0.199 seconds
[2022-12-03T14:44:21.263+0000] {processor.py:153} INFO - Started process (PID=1632) to work on /home/airflow/.local/lib/python3.7/site-packages/airflow/example_dags/example_task_group_decorator.py
[2022-12-03T14:44:21.263+0000] {processor.py:743} INFO - Processing file /home/airflow/.local/lib/python3.7/site-packages/airflow/example_dags/example_task_group_decorator.py for tasks to queue
[2022-12-03T14:44:21.264+0000] {logging_mixin.py:137} INFO - [2022-12-03T14:44:21.264+0000] {dagbag.py:538} INFO - Filling up the DagBag from /home/airflow/.local/lib/python3.7/site-packages/airflow/example_dags/example_task_group_decorator.py
[2022-12-03T14:44:21.308+0000] {processor.py:753} INFO - DAG(s) dict_keys(['example_task_group_decorator']) retrieved from /home/airflow/.local/lib/python3.7/site-packages/airflow/example_dags/example_task_group_decorator.py
[2022-12-03T14:44:21.404+0000] {logging_mixin.py:137} INFO - [2022-12-03T14:44:21.404+0000] {dag.py:2676} INFO - Sync 1 DAGs
[2022-12-03T14:44:21.490+0000] {logging_mixin.py:137} INFO - [2022-12-03T14:44:21.490+0000] {dag.py:3427} INFO - Setting next_dagrun for example_task_group_decorator to 2022-12-02T14:44:21.489994+00:00, run_after=2022-12-03T14:44:21.489994+00:00
[2022-12-03T14:44:21.514+0000] {processor.py:175} INFO - Processing /home/airflow/.local/lib/python3.7/site-packages/airflow/example_dags/example_task_group_decorator.py took 0.254 seconds
[2022-12-03T14:44:51.624+0000] {processor.py:153} INFO - Started process (PID=1718) to work on /home/airflow/.local/lib/python3.7/site-packages/airflow/example_dags/example_task_group_decorator.py
[2022-12-03T14:44:51.625+0000] {processor.py:743} INFO - Processing file /home/airflow/.local/lib/python3.7/site-packages/airflow/example_dags/example_task_group_decorator.py for tasks to queue
[2022-12-03T14:44:51.626+0000] {logging_mixin.py:137} INFO - [2022-12-03T14:44:51.625+0000] {dagbag.py:538} INFO - Filling up the DagBag from /home/airflow/.local/lib/python3.7/site-packages/airflow/example_dags/example_task_group_decorator.py
[2022-12-03T14:44:51.652+0000] {processor.py:753} INFO - DAG(s) dict_keys(['example_task_group_decorator']) retrieved from /home/airflow/.local/lib/python3.7/site-packages/airflow/example_dags/example_task_group_decorator.py
[2022-12-03T14:44:51.706+0000] {logging_mixin.py:137} INFO - [2022-12-03T14:44:51.706+0000] {dag.py:2676} INFO - Sync 1 DAGs
[2022-12-03T14:44:51.731+0000] {logging_mixin.py:137} INFO - [2022-12-03T14:44:51.731+0000] {dag.py:3427} INFO - Setting next_dagrun for example_task_group_decorator to 2022-12-02T14:44:51.731193+00:00, run_after=2022-12-03T14:44:51.731193+00:00
[2022-12-03T14:44:51.749+0000] {processor.py:175} INFO - Processing /home/airflow/.local/lib/python3.7/site-packages/airflow/example_dags/example_task_group_decorator.py took 0.128 seconds
[2022-12-03T14:45:22.583+0000] {processor.py:153} INFO - Started process (PID=1829) to work on /home/airflow/.local/lib/python3.7/site-packages/airflow/example_dags/example_task_group_decorator.py
[2022-12-03T14:45:22.584+0000] {processor.py:743} INFO - Processing file /home/airflow/.local/lib/python3.7/site-packages/airflow/example_dags/example_task_group_decorator.py for tasks to queue
[2022-12-03T14:45:22.585+0000] {logging_mixin.py:137} INFO - [2022-12-03T14:45:22.584+0000] {dagbag.py:538} INFO - Filling up the DagBag from /home/airflow/.local/lib/python3.7/site-packages/airflow/example_dags/example_task_group_decorator.py
[2022-12-03T14:45:22.628+0000] {processor.py:753} INFO - DAG(s) dict_keys(['example_task_group_decorator']) retrieved from /home/airflow/.local/lib/python3.7/site-packages/airflow/example_dags/example_task_group_decorator.py
[2022-12-03T14:45:22.724+0000] {logging_mixin.py:137} INFO - [2022-12-03T14:45:22.724+0000] {dag.py:2676} INFO - Sync 1 DAGs
[2022-12-03T14:45:22.810+0000] {logging_mixin.py:137} INFO - [2022-12-03T14:45:22.810+0000] {dag.py:3427} INFO - Setting next_dagrun for example_task_group_decorator to 2022-12-02T14:45:22.809825+00:00, run_after=2022-12-03T14:45:22.809825+00:00
[2022-12-03T14:45:22.835+0000] {processor.py:175} INFO - Processing /home/airflow/.local/lib/python3.7/site-packages/airflow/example_dags/example_task_group_decorator.py took 0.256 seconds
[2022-12-03T14:45:52.993+0000] {processor.py:153} INFO - Started process (PID=1915) to work on /home/airflow/.local/lib/python3.7/site-packages/airflow/example_dags/example_task_group_decorator.py
[2022-12-03T14:45:52.994+0000] {processor.py:743} INFO - Processing file /home/airflow/.local/lib/python3.7/site-packages/airflow/example_dags/example_task_group_decorator.py for tasks to queue
[2022-12-03T14:45:52.995+0000] {logging_mixin.py:137} INFO - [2022-12-03T14:45:52.995+0000] {dagbag.py:538} INFO - Filling up the DagBag from /home/airflow/.local/lib/python3.7/site-packages/airflow/example_dags/example_task_group_decorator.py
[2022-12-03T14:45:53.025+0000] {processor.py:753} INFO - DAG(s) dict_keys(['example_task_group_decorator']) retrieved from /home/airflow/.local/lib/python3.7/site-packages/airflow/example_dags/example_task_group_decorator.py
[2022-12-03T14:45:53.093+0000] {logging_mixin.py:137} INFO - [2022-12-03T14:45:53.093+0000] {dag.py:2676} INFO - Sync 1 DAGs
[2022-12-03T14:45:53.118+0000] {logging_mixin.py:137} INFO - [2022-12-03T14:45:53.118+0000] {dag.py:3427} INFO - Setting next_dagrun for example_task_group_decorator to 2022-12-02T14:45:53.118171+00:00, run_after=2022-12-03T14:45:53.118171+00:00
[2022-12-03T14:45:53.139+0000] {processor.py:175} INFO - Processing /home/airflow/.local/lib/python3.7/site-packages/airflow/example_dags/example_task_group_decorator.py took 0.148 seconds
[2022-12-03T14:46:23.300+0000] {processor.py:153} INFO - Started process (PID=2001) to work on /home/airflow/.local/lib/python3.7/site-packages/airflow/example_dags/example_task_group_decorator.py
[2022-12-03T14:46:23.300+0000] {processor.py:743} INFO - Processing file /home/airflow/.local/lib/python3.7/site-packages/airflow/example_dags/example_task_group_decorator.py for tasks to queue
[2022-12-03T14:46:23.301+0000] {logging_mixin.py:137} INFO - [2022-12-03T14:46:23.301+0000] {dagbag.py:538} INFO - Filling up the DagBag from /home/airflow/.local/lib/python3.7/site-packages/airflow/example_dags/example_task_group_decorator.py
[2022-12-03T14:46:23.327+0000] {processor.py:753} INFO - DAG(s) dict_keys(['example_task_group_decorator']) retrieved from /home/airflow/.local/lib/python3.7/site-packages/airflow/example_dags/example_task_group_decorator.py
[2022-12-03T14:46:23.362+0000] {logging_mixin.py:137} INFO - [2022-12-03T14:46:23.362+0000] {dag.py:2676} INFO - Sync 1 DAGs
[2022-12-03T14:46:23.409+0000] {logging_mixin.py:137} INFO - [2022-12-03T14:46:23.409+0000] {dag.py:3427} INFO - Setting next_dagrun for example_task_group_decorator to 2022-12-02T14:46:23.409253+00:00, run_after=2022-12-03T14:46:23.409253+00:00
[2022-12-03T14:46:23.427+0000] {processor.py:175} INFO - Processing /home/airflow/.local/lib/python3.7/site-packages/airflow/example_dags/example_task_group_decorator.py took 0.130 seconds
[2022-12-03T14:46:54.208+0000] {processor.py:153} INFO - Started process (PID=2110) to work on /home/airflow/.local/lib/python3.7/site-packages/airflow/example_dags/example_task_group_decorator.py
[2022-12-03T14:46:54.210+0000] {processor.py:743} INFO - Processing file /home/airflow/.local/lib/python3.7/site-packages/airflow/example_dags/example_task_group_decorator.py for tasks to queue
[2022-12-03T14:46:54.211+0000] {logging_mixin.py:137} INFO - [2022-12-03T14:46:54.211+0000] {dagbag.py:538} INFO - Filling up the DagBag from /home/airflow/.local/lib/python3.7/site-packages/airflow/example_dags/example_task_group_decorator.py
[2022-12-03T14:46:54.312+0000] {processor.py:753} INFO - DAG(s) dict_keys(['example_task_group_decorator']) retrieved from /home/airflow/.local/lib/python3.7/site-packages/airflow/example_dags/example_task_group_decorator.py
[2022-12-03T14:46:54.431+0000] {logging_mixin.py:137} INFO - [2022-12-03T14:46:54.431+0000] {dag.py:2676} INFO - Sync 1 DAGs
[2022-12-03T14:46:54.501+0000] {logging_mixin.py:137} INFO - [2022-12-03T14:46:54.501+0000] {dag.py:3427} INFO - Setting next_dagrun for example_task_group_decorator to 2022-12-02T14:46:54.500904+00:00, run_after=2022-12-03T14:46:54.500904+00:00
[2022-12-03T14:46:54.524+0000] {processor.py:175} INFO - Processing /home/airflow/.local/lib/python3.7/site-packages/airflow/example_dags/example_task_group_decorator.py took 0.323 seconds
[2022-12-03T14:47:25.247+0000] {processor.py:153} INFO - Started process (PID=2196) to work on /home/airflow/.local/lib/python3.7/site-packages/airflow/example_dags/example_task_group_decorator.py
[2022-12-03T14:47:25.247+0000] {processor.py:743} INFO - Processing file /home/airflow/.local/lib/python3.7/site-packages/airflow/example_dags/example_task_group_decorator.py for tasks to queue
[2022-12-03T14:47:25.249+0000] {logging_mixin.py:137} INFO - [2022-12-03T14:47:25.248+0000] {dagbag.py:538} INFO - Filling up the DagBag from /home/airflow/.local/lib/python3.7/site-packages/airflow/example_dags/example_task_group_decorator.py
[2022-12-03T14:47:25.294+0000] {processor.py:753} INFO - DAG(s) dict_keys(['example_task_group_decorator']) retrieved from /home/airflow/.local/lib/python3.7/site-packages/airflow/example_dags/example_task_group_decorator.py
[2022-12-03T14:47:25.338+0000] {logging_mixin.py:137} INFO - [2022-12-03T14:47:25.338+0000] {dag.py:2676} INFO - Sync 1 DAGs
[2022-12-03T14:47:25.362+0000] {logging_mixin.py:137} INFO - [2022-12-03T14:47:25.362+0000] {dag.py:3427} INFO - Setting next_dagrun for example_task_group_decorator to 2022-12-02T14:47:25.362216+00:00, run_after=2022-12-03T14:47:25.362216+00:00
[2022-12-03T14:47:25.407+0000] {processor.py:175} INFO - Processing /home/airflow/.local/lib/python3.7/site-packages/airflow/example_dags/example_task_group_decorator.py took 0.163 seconds
[2022-12-03T14:47:55.443+0000] {processor.py:153} INFO - Started process (PID=2282) to work on /home/airflow/.local/lib/python3.7/site-packages/airflow/example_dags/example_task_group_decorator.py
[2022-12-03T14:47:55.444+0000] {processor.py:743} INFO - Processing file /home/airflow/.local/lib/python3.7/site-packages/airflow/example_dags/example_task_group_decorator.py for tasks to queue
[2022-12-03T14:47:55.445+0000] {logging_mixin.py:137} INFO - [2022-12-03T14:47:55.445+0000] {dagbag.py:538} INFO - Filling up the DagBag from /home/airflow/.local/lib/python3.7/site-packages/airflow/example_dags/example_task_group_decorator.py
[2022-12-03T14:47:55.490+0000] {processor.py:753} INFO - DAG(s) dict_keys(['example_task_group_decorator']) retrieved from /home/airflow/.local/lib/python3.7/site-packages/airflow/example_dags/example_task_group_decorator.py
[2022-12-03T14:47:55.534+0000] {logging_mixin.py:137} INFO - [2022-12-03T14:47:55.534+0000] {dag.py:2676} INFO - Sync 1 DAGs
[2022-12-03T14:47:55.559+0000] {logging_mixin.py:137} INFO - [2022-12-03T14:47:55.559+0000] {dag.py:3427} INFO - Setting next_dagrun for example_task_group_decorator to 2022-12-02T14:47:55.559131+00:00, run_after=2022-12-03T14:47:55.559131+00:00
[2022-12-03T14:47:55.603+0000] {processor.py:175} INFO - Processing /home/airflow/.local/lib/python3.7/site-packages/airflow/example_dags/example_task_group_decorator.py took 0.162 seconds
[2022-12-03T14:48:26.035+0000] {processor.py:153} INFO - Started process (PID=2376) to work on /home/airflow/.local/lib/python3.7/site-packages/airflow/example_dags/example_task_group_decorator.py
[2022-12-03T14:48:26.036+0000] {processor.py:743} INFO - Processing file /home/airflow/.local/lib/python3.7/site-packages/airflow/example_dags/example_task_group_decorator.py for tasks to queue
[2022-12-03T14:48:26.036+0000] {logging_mixin.py:137} INFO - [2022-12-03T14:48:26.036+0000] {dagbag.py:538} INFO - Filling up the DagBag from /home/airflow/.local/lib/python3.7/site-packages/airflow/example_dags/example_task_group_decorator.py
[2022-12-03T14:48:26.123+0000] {processor.py:753} INFO - DAG(s) dict_keys(['example_task_group_decorator']) retrieved from /home/airflow/.local/lib/python3.7/site-packages/airflow/example_dags/example_task_group_decorator.py
[2022-12-03T14:48:26.226+0000] {logging_mixin.py:137} INFO - [2022-12-03T14:48:26.226+0000] {dag.py:2676} INFO - Sync 1 DAGs
[2022-12-03T14:48:26.299+0000] {logging_mixin.py:137} INFO - [2022-12-03T14:48:26.299+0000] {dag.py:3427} INFO - Setting next_dagrun for example_task_group_decorator to 2022-12-02T14:48:26.299170+00:00, run_after=2022-12-03T14:48:26.299170+00:00
[2022-12-03T14:48:26.331+0000] {processor.py:175} INFO - Processing /home/airflow/.local/lib/python3.7/site-packages/airflow/example_dags/example_task_group_decorator.py took 0.299 seconds
[2022-12-03T14:48:56.506+0000] {processor.py:153} INFO - Started process (PID=2475) to work on /home/airflow/.local/lib/python3.7/site-packages/airflow/example_dags/example_task_group_decorator.py
[2022-12-03T14:48:56.508+0000] {processor.py:743} INFO - Processing file /home/airflow/.local/lib/python3.7/site-packages/airflow/example_dags/example_task_group_decorator.py for tasks to queue
[2022-12-03T14:48:56.508+0000] {logging_mixin.py:137} INFO - [2022-12-03T14:48:56.508+0000] {dagbag.py:538} INFO - Filling up the DagBag from /home/airflow/.local/lib/python3.7/site-packages/airflow/example_dags/example_task_group_decorator.py
[2022-12-03T14:48:56.543+0000] {processor.py:753} INFO - DAG(s) dict_keys(['example_task_group_decorator']) retrieved from /home/airflow/.local/lib/python3.7/site-packages/airflow/example_dags/example_task_group_decorator.py
[2022-12-03T14:48:56.620+0000] {logging_mixin.py:137} INFO - [2022-12-03T14:48:56.620+0000] {dag.py:2676} INFO - Sync 1 DAGs
[2022-12-03T14:48:56.645+0000] {logging_mixin.py:137} INFO - [2022-12-03T14:48:56.645+0000] {dag.py:3427} INFO - Setting next_dagrun for example_task_group_decorator to 2022-12-02T14:48:56.644862+00:00, run_after=2022-12-03T14:48:56.644862+00:00
[2022-12-03T14:48:56.663+0000] {processor.py:175} INFO - Processing /home/airflow/.local/lib/python3.7/site-packages/airflow/example_dags/example_task_group_decorator.py took 0.160 seconds
[2022-12-03T14:49:27.241+0000] {processor.py:153} INFO - Started process (PID=2561) to work on /home/airflow/.local/lib/python3.7/site-packages/airflow/example_dags/example_task_group_decorator.py
[2022-12-03T14:49:27.242+0000] {processor.py:743} INFO - Processing file /home/airflow/.local/lib/python3.7/site-packages/airflow/example_dags/example_task_group_decorator.py for tasks to queue
[2022-12-03T14:49:27.242+0000] {logging_mixin.py:137} INFO - [2022-12-03T14:49:27.242+0000] {dagbag.py:538} INFO - Filling up the DagBag from /home/airflow/.local/lib/python3.7/site-packages/airflow/example_dags/example_task_group_decorator.py
[2022-12-03T14:49:27.295+0000] {processor.py:753} INFO - DAG(s) dict_keys(['example_task_group_decorator']) retrieved from /home/airflow/.local/lib/python3.7/site-packages/airflow/example_dags/example_task_group_decorator.py
[2022-12-03T14:49:27.335+0000] {logging_mixin.py:137} INFO - [2022-12-03T14:49:27.335+0000] {dag.py:2676} INFO - Sync 1 DAGs
[2022-12-03T14:49:27.359+0000] {logging_mixin.py:137} INFO - [2022-12-03T14:49:27.359+0000] {dag.py:3427} INFO - Setting next_dagrun for example_task_group_decorator to 2022-12-02T14:49:27.359223+00:00, run_after=2022-12-03T14:49:27.359223+00:00
[2022-12-03T14:49:27.390+0000] {processor.py:175} INFO - Processing /home/airflow/.local/lib/python3.7/site-packages/airflow/example_dags/example_task_group_decorator.py took 0.152 seconds
[2022-12-03T14:49:58.199+0000] {processor.py:153} INFO - Started process (PID=2655) to work on /home/airflow/.local/lib/python3.7/site-packages/airflow/example_dags/example_task_group_decorator.py
[2022-12-03T14:49:58.205+0000] {processor.py:743} INFO - Processing file /home/airflow/.local/lib/python3.7/site-packages/airflow/example_dags/example_task_group_decorator.py for tasks to queue
[2022-12-03T14:49:58.206+0000] {logging_mixin.py:137} INFO - [2022-12-03T14:49:58.206+0000] {dagbag.py:538} INFO - Filling up the DagBag from /home/airflow/.local/lib/python3.7/site-packages/airflow/example_dags/example_task_group_decorator.py
[2022-12-03T14:49:58.267+0000] {processor.py:753} INFO - DAG(s) dict_keys(['example_task_group_decorator']) retrieved from /home/airflow/.local/lib/python3.7/site-packages/airflow/example_dags/example_task_group_decorator.py
[2022-12-03T14:49:58.337+0000] {logging_mixin.py:137} INFO - [2022-12-03T14:49:58.337+0000] {dag.py:2676} INFO - Sync 1 DAGs
[2022-12-03T14:49:58.400+0000] {logging_mixin.py:137} INFO - [2022-12-03T14:49:58.400+0000] {dag.py:3427} INFO - Setting next_dagrun for example_task_group_decorator to 2022-12-02T14:49:58.399951+00:00, run_after=2022-12-03T14:49:58.399951+00:00
[2022-12-03T14:49:58.421+0000] {processor.py:175} INFO - Processing /home/airflow/.local/lib/python3.7/site-packages/airflow/example_dags/example_task_group_decorator.py took 0.234 seconds
[2022-12-03T14:50:29.001+0000] {processor.py:153} INFO - Started process (PID=2756) to work on /home/airflow/.local/lib/python3.7/site-packages/airflow/example_dags/example_task_group_decorator.py
[2022-12-03T14:50:29.002+0000] {processor.py:743} INFO - Processing file /home/airflow/.local/lib/python3.7/site-packages/airflow/example_dags/example_task_group_decorator.py for tasks to queue
[2022-12-03T14:50:29.003+0000] {logging_mixin.py:137} INFO - [2022-12-03T14:50:29.003+0000] {dagbag.py:538} INFO - Filling up the DagBag from /home/airflow/.local/lib/python3.7/site-packages/airflow/example_dags/example_task_group_decorator.py
[2022-12-03T14:50:29.033+0000] {processor.py:753} INFO - DAG(s) dict_keys(['example_task_group_decorator']) retrieved from /home/airflow/.local/lib/python3.7/site-packages/airflow/example_dags/example_task_group_decorator.py
[2022-12-03T14:50:29.096+0000] {logging_mixin.py:137} INFO - [2022-12-03T14:50:29.096+0000] {dag.py:2676} INFO - Sync 1 DAGs
[2022-12-03T14:50:29.133+0000] {logging_mixin.py:137} INFO - [2022-12-03T14:50:29.133+0000] {dag.py:3427} INFO - Setting next_dagrun for example_task_group_decorator to 2022-12-02T14:50:29.133256+00:00, run_after=2022-12-03T14:50:29.133256+00:00
[2022-12-03T14:50:29.154+0000] {processor.py:175} INFO - Processing /home/airflow/.local/lib/python3.7/site-packages/airflow/example_dags/example_task_group_decorator.py took 0.155 seconds
[2022-12-03T14:50:59.848+0000] {processor.py:153} INFO - Started process (PID=2842) to work on /home/airflow/.local/lib/python3.7/site-packages/airflow/example_dags/example_task_group_decorator.py
[2022-12-03T14:50:59.849+0000] {processor.py:743} INFO - Processing file /home/airflow/.local/lib/python3.7/site-packages/airflow/example_dags/example_task_group_decorator.py for tasks to queue
[2022-12-03T14:50:59.850+0000] {logging_mixin.py:137} INFO - [2022-12-03T14:50:59.850+0000] {dagbag.py:538} INFO - Filling up the DagBag from /home/airflow/.local/lib/python3.7/site-packages/airflow/example_dags/example_task_group_decorator.py
[2022-12-03T14:50:59.892+0000] {processor.py:753} INFO - DAG(s) dict_keys(['example_task_group_decorator']) retrieved from /home/airflow/.local/lib/python3.7/site-packages/airflow/example_dags/example_task_group_decorator.py
[2022-12-03T14:50:59.932+0000] {logging_mixin.py:137} INFO - [2022-12-03T14:50:59.932+0000] {dag.py:2676} INFO - Sync 1 DAGs
[2022-12-03T14:50:59.957+0000] {logging_mixin.py:137} INFO - [2022-12-03T14:50:59.957+0000] {dag.py:3427} INFO - Setting next_dagrun for example_task_group_decorator to 2022-12-02T14:50:59.957649+00:00, run_after=2022-12-03T14:50:59.957649+00:00
[2022-12-03T14:50:59.977+0000] {processor.py:175} INFO - Processing /home/airflow/.local/lib/python3.7/site-packages/airflow/example_dags/example_task_group_decorator.py took 0.131 seconds
[2022-12-03T14:51:30.182+0000] {processor.py:153} INFO - Started process (PID=2928) to work on /home/airflow/.local/lib/python3.7/site-packages/airflow/example_dags/example_task_group_decorator.py
[2022-12-03T14:51:30.188+0000] {processor.py:743} INFO - Processing file /home/airflow/.local/lib/python3.7/site-packages/airflow/example_dags/example_task_group_decorator.py for tasks to queue
[2022-12-03T14:51:30.189+0000] {logging_mixin.py:137} INFO - [2022-12-03T14:51:30.189+0000] {dagbag.py:538} INFO - Filling up the DagBag from /home/airflow/.local/lib/python3.7/site-packages/airflow/example_dags/example_task_group_decorator.py
[2022-12-03T14:51:30.232+0000] {processor.py:753} INFO - DAG(s) dict_keys(['example_task_group_decorator']) retrieved from /home/airflow/.local/lib/python3.7/site-packages/airflow/example_dags/example_task_group_decorator.py
[2022-12-03T14:51:30.289+0000] {logging_mixin.py:137} INFO - [2022-12-03T14:51:30.289+0000] {dag.py:2676} INFO - Sync 1 DAGs
[2022-12-03T14:51:30.325+0000] {logging_mixin.py:137} INFO - [2022-12-03T14:51:30.325+0000] {dag.py:3427} INFO - Setting next_dagrun for example_task_group_decorator to 2022-12-02T14:51:30.325594+00:00, run_after=2022-12-03T14:51:30.325594+00:00
[2022-12-03T14:51:30.344+0000] {processor.py:175} INFO - Processing /home/airflow/.local/lib/python3.7/site-packages/airflow/example_dags/example_task_group_decorator.py took 0.165 seconds
[2022-12-03T14:52:00.939+0000] {processor.py:153} INFO - Started process (PID=3037) to work on /home/airflow/.local/lib/python3.7/site-packages/airflow/example_dags/example_task_group_decorator.py
[2022-12-03T14:52:00.940+0000] {processor.py:743} INFO - Processing file /home/airflow/.local/lib/python3.7/site-packages/airflow/example_dags/example_task_group_decorator.py for tasks to queue
[2022-12-03T14:52:00.941+0000] {logging_mixin.py:137} INFO - [2022-12-03T14:52:00.941+0000] {dagbag.py:538} INFO - Filling up the DagBag from /home/airflow/.local/lib/python3.7/site-packages/airflow/example_dags/example_task_group_decorator.py
[2022-12-03T14:52:01.007+0000] {processor.py:753} INFO - DAG(s) dict_keys(['example_task_group_decorator']) retrieved from /home/airflow/.local/lib/python3.7/site-packages/airflow/example_dags/example_task_group_decorator.py
[2022-12-03T14:52:01.086+0000] {logging_mixin.py:137} INFO - [2022-12-03T14:52:01.085+0000] {dag.py:2676} INFO - Sync 1 DAGs
[2022-12-03T14:52:01.118+0000] {logging_mixin.py:137} INFO - [2022-12-03T14:52:01.118+0000] {dag.py:3427} INFO - Setting next_dagrun for example_task_group_decorator to 2022-12-02T14:52:01.118205+00:00, run_after=2022-12-03T14:52:01.118205+00:00
[2022-12-03T14:52:01.137+0000] {processor.py:175} INFO - Processing /home/airflow/.local/lib/python3.7/site-packages/airflow/example_dags/example_task_group_decorator.py took 0.202 seconds
[2022-12-03T14:52:33.070+0000] {processor.py:153} INFO - Started process (PID=3123) to work on /home/airflow/.local/lib/python3.7/site-packages/airflow/example_dags/example_task_group_decorator.py
[2022-12-03T14:52:33.082+0000] {processor.py:743} INFO - Processing file /home/airflow/.local/lib/python3.7/site-packages/airflow/example_dags/example_task_group_decorator.py for tasks to queue
[2022-12-03T14:52:33.082+0000] {logging_mixin.py:137} INFO - [2022-12-03T14:52:33.082+0000] {dagbag.py:538} INFO - Filling up the DagBag from /home/airflow/.local/lib/python3.7/site-packages/airflow/example_dags/example_task_group_decorator.py
[2022-12-03T14:52:33.168+0000] {processor.py:753} INFO - DAG(s) dict_keys(['example_task_group_decorator']) retrieved from /home/airflow/.local/lib/python3.7/site-packages/airflow/example_dags/example_task_group_decorator.py
[2022-12-03T14:52:33.324+0000] {logging_mixin.py:137} INFO - [2022-12-03T14:52:33.324+0000] {dag.py:2676} INFO - Sync 1 DAGs
[2022-12-03T14:52:33.410+0000] {logging_mixin.py:137} INFO - [2022-12-03T14:52:33.410+0000] {dag.py:3427} INFO - Setting next_dagrun for example_task_group_decorator to 2022-12-02T14:52:33.410087+00:00, run_after=2022-12-03T14:52:33.410087+00:00
[2022-12-03T14:52:33.473+0000] {processor.py:175} INFO - Processing /home/airflow/.local/lib/python3.7/site-packages/airflow/example_dags/example_task_group_decorator.py took 0.431 seconds
[2022-12-03T14:53:03.903+0000] {processor.py:153} INFO - Started process (PID=3209) to work on /home/airflow/.local/lib/python3.7/site-packages/airflow/example_dags/example_task_group_decorator.py
[2022-12-03T14:53:03.904+0000] {processor.py:743} INFO - Processing file /home/airflow/.local/lib/python3.7/site-packages/airflow/example_dags/example_task_group_decorator.py for tasks to queue
[2022-12-03T14:53:03.905+0000] {logging_mixin.py:137} INFO - [2022-12-03T14:53:03.905+0000] {dagbag.py:538} INFO - Filling up the DagBag from /home/airflow/.local/lib/python3.7/site-packages/airflow/example_dags/example_task_group_decorator.py
[2022-12-03T14:53:03.996+0000] {processor.py:753} INFO - DAG(s) dict_keys(['example_task_group_decorator']) retrieved from /home/airflow/.local/lib/python3.7/site-packages/airflow/example_dags/example_task_group_decorator.py
[2022-12-03T14:53:04.086+0000] {logging_mixin.py:137} INFO - [2022-12-03T14:53:04.086+0000] {dag.py:2676} INFO - Sync 1 DAGs
[2022-12-03T14:53:04.122+0000] {logging_mixin.py:137} INFO - [2022-12-03T14:53:04.121+0000] {dag.py:3427} INFO - Setting next_dagrun for example_task_group_decorator to 2022-12-02T14:53:04.121660+00:00, run_after=2022-12-03T14:53:04.121660+00:00
[2022-12-03T14:53:04.193+0000] {processor.py:175} INFO - Processing /home/airflow/.local/lib/python3.7/site-packages/airflow/example_dags/example_task_group_decorator.py took 0.295 seconds
[2022-12-03T14:53:37.078+0000] {processor.py:153} INFO - Started process (PID=3295) to work on /home/airflow/.local/lib/python3.7/site-packages/airflow/example_dags/example_task_group_decorator.py
[2022-12-03T14:53:37.088+0000] {processor.py:743} INFO - Processing file /home/airflow/.local/lib/python3.7/site-packages/airflow/example_dags/example_task_group_decorator.py for tasks to queue
[2022-12-03T14:53:37.089+0000] {logging_mixin.py:137} INFO - [2022-12-03T14:53:37.089+0000] {dagbag.py:538} INFO - Filling up the DagBag from /home/airflow/.local/lib/python3.7/site-packages/airflow/example_dags/example_task_group_decorator.py
[2022-12-03T14:53:37.191+0000] {processor.py:753} INFO - DAG(s) dict_keys(['example_task_group_decorator']) retrieved from /home/airflow/.local/lib/python3.7/site-packages/airflow/example_dags/example_task_group_decorator.py
[2022-12-03T14:53:37.394+0000] {logging_mixin.py:137} INFO - [2022-12-03T14:53:37.393+0000] {dag.py:2676} INFO - Sync 1 DAGs
[2022-12-03T14:53:37.500+0000] {logging_mixin.py:137} INFO - [2022-12-03T14:53:37.499+0000] {dag.py:3427} INFO - Setting next_dagrun for example_task_group_decorator to 2022-12-02T14:53:37.499648+00:00, run_after=2022-12-03T14:53:37.499648+00:00
[2022-12-03T14:53:37.599+0000] {processor.py:175} INFO - Processing /home/airflow/.local/lib/python3.7/site-packages/airflow/example_dags/example_task_group_decorator.py took 0.523 seconds
[2022-12-03T14:54:08.672+0000] {processor.py:153} INFO - Started process (PID=3358) to work on /home/airflow/.local/lib/python3.7/site-packages/airflow/example_dags/example_task_group_decorator.py
[2022-12-03T14:54:08.679+0000] {processor.py:743} INFO - Processing file /home/airflow/.local/lib/python3.7/site-packages/airflow/example_dags/example_task_group_decorator.py for tasks to queue
[2022-12-03T14:54:08.680+0000] {logging_mixin.py:137} INFO - [2022-12-03T14:54:08.680+0000] {dagbag.py:538} INFO - Filling up the DagBag from /home/airflow/.local/lib/python3.7/site-packages/airflow/example_dags/example_task_group_decorator.py
[2022-12-03T14:54:08.809+0000] {processor.py:753} INFO - DAG(s) dict_keys(['example_task_group_decorator']) retrieved from /home/airflow/.local/lib/python3.7/site-packages/airflow/example_dags/example_task_group_decorator.py
[2022-12-03T14:54:09.004+0000] {logging_mixin.py:137} INFO - [2022-12-03T14:54:09.003+0000] {dag.py:2676} INFO - Sync 1 DAGs
[2022-12-03T14:54:09.183+0000] {logging_mixin.py:137} INFO - [2022-12-03T14:54:09.183+0000] {dag.py:3427} INFO - Setting next_dagrun for example_task_group_decorator to 2022-12-02T14:54:09.183259+00:00, run_after=2022-12-03T14:54:09.183259+00:00
[2022-12-03T14:54:09.317+0000] {processor.py:175} INFO - Processing /home/airflow/.local/lib/python3.7/site-packages/airflow/example_dags/example_task_group_decorator.py took 0.697 seconds
[2022-12-03T14:54:39.615+0000] {processor.py:153} INFO - Started process (PID=3443) to work on /home/airflow/.local/lib/python3.7/site-packages/airflow/example_dags/example_task_group_decorator.py
[2022-12-03T14:54:39.618+0000] {processor.py:743} INFO - Processing file /home/airflow/.local/lib/python3.7/site-packages/airflow/example_dags/example_task_group_decorator.py for tasks to queue
[2022-12-03T14:54:39.619+0000] {logging_mixin.py:137} INFO - [2022-12-03T14:54:39.619+0000] {dagbag.py:538} INFO - Filling up the DagBag from /home/airflow/.local/lib/python3.7/site-packages/airflow/example_dags/example_task_group_decorator.py
[2022-12-03T14:54:39.651+0000] {processor.py:753} INFO - DAG(s) dict_keys(['example_task_group_decorator']) retrieved from /home/airflow/.local/lib/python3.7/site-packages/airflow/example_dags/example_task_group_decorator.py
[2022-12-03T14:54:39.719+0000] {logging_mixin.py:137} INFO - [2022-12-03T14:54:39.719+0000] {dag.py:2676} INFO - Sync 1 DAGs
[2022-12-03T14:54:39.746+0000] {logging_mixin.py:137} INFO - [2022-12-03T14:54:39.745+0000] {dag.py:3427} INFO - Setting next_dagrun for example_task_group_decorator to 2022-12-02T14:54:39.745674+00:00, run_after=2022-12-03T14:54:39.745674+00:00
[2022-12-03T14:54:39.765+0000] {processor.py:175} INFO - Processing /home/airflow/.local/lib/python3.7/site-packages/airflow/example_dags/example_task_group_decorator.py took 0.154 seconds
[2022-12-03T14:55:10.507+0000] {processor.py:153} INFO - Started process (PID=3528) to work on /home/airflow/.local/lib/python3.7/site-packages/airflow/example_dags/example_task_group_decorator.py
[2022-12-03T14:55:10.508+0000] {processor.py:743} INFO - Processing file /home/airflow/.local/lib/python3.7/site-packages/airflow/example_dags/example_task_group_decorator.py for tasks to queue
[2022-12-03T14:55:10.509+0000] {logging_mixin.py:137} INFO - [2022-12-03T14:55:10.509+0000] {dagbag.py:538} INFO - Filling up the DagBag from /home/airflow/.local/lib/python3.7/site-packages/airflow/example_dags/example_task_group_decorator.py
[2022-12-03T14:55:10.620+0000] {processor.py:753} INFO - DAG(s) dict_keys(['example_task_group_decorator']) retrieved from /home/airflow/.local/lib/python3.7/site-packages/airflow/example_dags/example_task_group_decorator.py
[2022-12-03T14:55:10.873+0000] {logging_mixin.py:137} INFO - [2022-12-03T14:55:10.873+0000] {dag.py:2676} INFO - Sync 1 DAGs
[2022-12-03T14:55:10.921+0000] {logging_mixin.py:137} INFO - [2022-12-03T14:55:10.921+0000] {dag.py:3427} INFO - Setting next_dagrun for example_task_group_decorator to 2022-12-02T14:55:10.920948+00:00, run_after=2022-12-03T14:55:10.920948+00:00
[2022-12-03T14:55:11.012+0000] {processor.py:175} INFO - Processing /home/airflow/.local/lib/python3.7/site-packages/airflow/example_dags/example_task_group_decorator.py took 0.507 seconds
[2022-12-03T14:55:41.720+0000] {processor.py:153} INFO - Started process (PID=3623) to work on /home/airflow/.local/lib/python3.7/site-packages/airflow/example_dags/example_task_group_decorator.py
[2022-12-03T14:55:41.721+0000] {processor.py:743} INFO - Processing file /home/airflow/.local/lib/python3.7/site-packages/airflow/example_dags/example_task_group_decorator.py for tasks to queue
[2022-12-03T14:55:41.722+0000] {logging_mixin.py:137} INFO - [2022-12-03T14:55:41.722+0000] {dagbag.py:538} INFO - Filling up the DagBag from /home/airflow/.local/lib/python3.7/site-packages/airflow/example_dags/example_task_group_decorator.py
[2022-12-03T14:55:41.782+0000] {processor.py:753} INFO - DAG(s) dict_keys(['example_task_group_decorator']) retrieved from /home/airflow/.local/lib/python3.7/site-packages/airflow/example_dags/example_task_group_decorator.py
[2022-12-03T14:55:41.895+0000] {logging_mixin.py:137} INFO - [2022-12-03T14:55:41.894+0000] {dag.py:2676} INFO - Sync 1 DAGs
[2022-12-03T14:55:41.969+0000] {logging_mixin.py:137} INFO - [2022-12-03T14:55:41.969+0000] {dag.py:3427} INFO - Setting next_dagrun for example_task_group_decorator to 2022-12-02T14:55:41.969265+00:00, run_after=2022-12-03T14:55:41.969265+00:00
[2022-12-03T14:55:42.012+0000] {processor.py:175} INFO - Processing /home/airflow/.local/lib/python3.7/site-packages/airflow/example_dags/example_task_group_decorator.py took 0.295 seconds
[2022-12-03T14:56:12.133+0000] {processor.py:153} INFO - Started process (PID=3724) to work on /home/airflow/.local/lib/python3.7/site-packages/airflow/example_dags/example_task_group_decorator.py
[2022-12-03T14:56:12.134+0000] {processor.py:743} INFO - Processing file /home/airflow/.local/lib/python3.7/site-packages/airflow/example_dags/example_task_group_decorator.py for tasks to queue
[2022-12-03T14:56:12.134+0000] {logging_mixin.py:137} INFO - [2022-12-03T14:56:12.134+0000] {dagbag.py:538} INFO - Filling up the DagBag from /home/airflow/.local/lib/python3.7/site-packages/airflow/example_dags/example_task_group_decorator.py
[2022-12-03T14:56:12.164+0000] {processor.py:753} INFO - DAG(s) dict_keys(['example_task_group_decorator']) retrieved from /home/airflow/.local/lib/python3.7/site-packages/airflow/example_dags/example_task_group_decorator.py
[2022-12-03T14:56:12.217+0000] {logging_mixin.py:137} INFO - [2022-12-03T14:56:12.217+0000] {dag.py:2676} INFO - Sync 1 DAGs
[2022-12-03T14:56:12.243+0000] {logging_mixin.py:137} INFO - [2022-12-03T14:56:12.243+0000] {dag.py:3427} INFO - Setting next_dagrun for example_task_group_decorator to 2022-12-02T14:56:12.243168+00:00, run_after=2022-12-03T14:56:12.243168+00:00
[2022-12-03T14:56:12.277+0000] {processor.py:175} INFO - Processing /home/airflow/.local/lib/python3.7/site-packages/airflow/example_dags/example_task_group_decorator.py took 0.147 seconds
