[2022-12-03T14:36:07.664+0000] {processor.py:153} INFO - Started process (PID=108) to work on /home/airflow/.local/lib/python3.7/site-packages/airflow/example_dags/example_short_circuit_decorator.py
[2022-12-03T14:36:07.665+0000] {processor.py:743} INFO - Processing file /home/airflow/.local/lib/python3.7/site-packages/airflow/example_dags/example_short_circuit_decorator.py for tasks to queue
[2022-12-03T14:36:07.665+0000] {logging_mixin.py:137} INFO - [2022-12-03T14:36:07.665+0000] {dagbag.py:538} INFO - Filling up the DagBag from /home/airflow/.local/lib/python3.7/site-packages/airflow/example_dags/example_short_circuit_decorator.py
[2022-12-03T14:36:07.698+0000] {processor.py:753} INFO - DAG(s) dict_keys(['example_short_circuit_decorator']) retrieved from /home/airflow/.local/lib/python3.7/site-packages/airflow/example_dags/example_short_circuit_decorator.py
[2022-12-03T14:36:07.741+0000] {logging_mixin.py:137} INFO - [2022-12-03T14:36:07.740+0000] {dag.py:2676} INFO - Sync 1 DAGs
[2022-12-03T14:36:07.779+0000] {logging_mixin.py:137} INFO - [2022-12-03T14:36:07.779+0000] {dag.py:3427} INFO - Setting next_dagrun for example_short_circuit_decorator to 2022-12-02T14:36:07.779090+00:00, run_after=2022-12-03T14:36:07.779090+00:00
[2022-12-03T14:36:07.800+0000] {processor.py:175} INFO - Processing /home/airflow/.local/lib/python3.7/site-packages/airflow/example_dags/example_short_circuit_decorator.py took 0.139 seconds
[2022-12-03T14:36:37.896+0000] {processor.py:153} INFO - Started process (PID=193) to work on /home/airflow/.local/lib/python3.7/site-packages/airflow/example_dags/example_short_circuit_decorator.py
[2022-12-03T14:36:37.897+0000] {processor.py:743} INFO - Processing file /home/airflow/.local/lib/python3.7/site-packages/airflow/example_dags/example_short_circuit_decorator.py for tasks to queue
[2022-12-03T14:36:37.898+0000] {logging_mixin.py:137} INFO - [2022-12-03T14:36:37.898+0000] {dagbag.py:538} INFO - Filling up the DagBag from /home/airflow/.local/lib/python3.7/site-packages/airflow/example_dags/example_short_circuit_decorator.py
[2022-12-03T14:36:37.925+0000] {processor.py:753} INFO - DAG(s) dict_keys(['example_short_circuit_decorator']) retrieved from /home/airflow/.local/lib/python3.7/site-packages/airflow/example_dags/example_short_circuit_decorator.py
[2022-12-03T14:36:37.972+0000] {logging_mixin.py:137} INFO - [2022-12-03T14:36:37.972+0000] {dag.py:2676} INFO - Sync 1 DAGs
[2022-12-03T14:36:38.000+0000] {logging_mixin.py:137} INFO - [2022-12-03T14:36:38.000+0000] {dag.py:3427} INFO - Setting next_dagrun for example_short_circuit_decorator to 2022-12-02T14:36:37.999841+00:00, run_after=2022-12-03T14:36:37.999841+00:00
[2022-12-03T14:36:38.017+0000] {processor.py:175} INFO - Processing /home/airflow/.local/lib/python3.7/site-packages/airflow/example_dags/example_short_circuit_decorator.py took 0.123 seconds
[2022-12-03T14:37:09.695+0000] {processor.py:153} INFO - Started process (PID=288) to work on /home/airflow/.local/lib/python3.7/site-packages/airflow/example_dags/example_short_circuit_decorator.py
[2022-12-03T14:37:09.696+0000] {processor.py:743} INFO - Processing file /home/airflow/.local/lib/python3.7/site-packages/airflow/example_dags/example_short_circuit_decorator.py for tasks to queue
[2022-12-03T14:37:09.696+0000] {logging_mixin.py:137} INFO - [2022-12-03T14:37:09.696+0000] {dagbag.py:538} INFO - Filling up the DagBag from /home/airflow/.local/lib/python3.7/site-packages/airflow/example_dags/example_short_circuit_decorator.py
[2022-12-03T14:37:09.790+0000] {processor.py:753} INFO - DAG(s) dict_keys(['example_short_circuit_decorator']) retrieved from /home/airflow/.local/lib/python3.7/site-packages/airflow/example_dags/example_short_circuit_decorator.py
[2022-12-03T14:37:09.887+0000] {logging_mixin.py:137} INFO - [2022-12-03T14:37:09.887+0000] {dag.py:2676} INFO - Sync 1 DAGs
[2022-12-03T14:37:09.914+0000] {logging_mixin.py:137} INFO - [2022-12-03T14:37:09.914+0000] {dag.py:3427} INFO - Setting next_dagrun for example_short_circuit_decorator to 2022-12-02T14:37:09.913851+00:00, run_after=2022-12-03T14:37:09.913851+00:00
[2022-12-03T14:37:10.080+0000] {processor.py:175} INFO - Processing /home/airflow/.local/lib/python3.7/site-packages/airflow/example_dags/example_short_circuit_decorator.py took 0.388 seconds
[2022-12-03T14:37:40.189+0000] {processor.py:153} INFO - Started process (PID=389) to work on /home/airflow/.local/lib/python3.7/site-packages/airflow/example_dags/example_short_circuit_decorator.py
[2022-12-03T14:37:40.190+0000] {processor.py:743} INFO - Processing file /home/airflow/.local/lib/python3.7/site-packages/airflow/example_dags/example_short_circuit_decorator.py for tasks to queue
[2022-12-03T14:37:40.191+0000] {logging_mixin.py:137} INFO - [2022-12-03T14:37:40.190+0000] {dagbag.py:538} INFO - Filling up the DagBag from /home/airflow/.local/lib/python3.7/site-packages/airflow/example_dags/example_short_circuit_decorator.py
[2022-12-03T14:37:40.215+0000] {processor.py:753} INFO - DAG(s) dict_keys(['example_short_circuit_decorator']) retrieved from /home/airflow/.local/lib/python3.7/site-packages/airflow/example_dags/example_short_circuit_decorator.py
[2022-12-03T14:37:40.297+0000] {logging_mixin.py:137} INFO - [2022-12-03T14:37:40.297+0000] {dag.py:2676} INFO - Sync 1 DAGs
[2022-12-03T14:37:40.323+0000] {logging_mixin.py:137} INFO - [2022-12-03T14:37:40.323+0000] {dag.py:3427} INFO - Setting next_dagrun for example_short_circuit_decorator to 2022-12-02T14:37:40.323105+00:00, run_after=2022-12-03T14:37:40.323105+00:00
[2022-12-03T14:37:40.342+0000] {processor.py:175} INFO - Processing /home/airflow/.local/lib/python3.7/site-packages/airflow/example_dags/example_short_circuit_decorator.py took 0.155 seconds
[2022-12-03T14:38:10.396+0000] {processor.py:153} INFO - Started process (PID=475) to work on /home/airflow/.local/lib/python3.7/site-packages/airflow/example_dags/example_short_circuit_decorator.py
[2022-12-03T14:38:10.396+0000] {processor.py:743} INFO - Processing file /home/airflow/.local/lib/python3.7/site-packages/airflow/example_dags/example_short_circuit_decorator.py for tasks to queue
[2022-12-03T14:38:10.397+0000] {logging_mixin.py:137} INFO - [2022-12-03T14:38:10.397+0000] {dagbag.py:538} INFO - Filling up the DagBag from /home/airflow/.local/lib/python3.7/site-packages/airflow/example_dags/example_short_circuit_decorator.py
[2022-12-03T14:38:10.421+0000] {processor.py:753} INFO - DAG(s) dict_keys(['example_short_circuit_decorator']) retrieved from /home/airflow/.local/lib/python3.7/site-packages/airflow/example_dags/example_short_circuit_decorator.py
[2022-12-03T14:38:10.456+0000] {logging_mixin.py:137} INFO - [2022-12-03T14:38:10.456+0000] {dag.py:2676} INFO - Sync 1 DAGs
[2022-12-03T14:38:10.491+0000] {logging_mixin.py:137} INFO - [2022-12-03T14:38:10.491+0000] {dag.py:3427} INFO - Setting next_dagrun for example_short_circuit_decorator to 2022-12-02T14:38:10.491365+00:00, run_after=2022-12-03T14:38:10.491365+00:00
[2022-12-03T14:38:10.510+0000] {processor.py:175} INFO - Processing /home/airflow/.local/lib/python3.7/site-packages/airflow/example_dags/example_short_circuit_decorator.py took 0.118 seconds
[2022-12-03T14:38:41.098+0000] {processor.py:153} INFO - Started process (PID=584) to work on /home/airflow/.local/lib/python3.7/site-packages/airflow/example_dags/example_short_circuit_decorator.py
[2022-12-03T14:38:41.099+0000] {processor.py:743} INFO - Processing file /home/airflow/.local/lib/python3.7/site-packages/airflow/example_dags/example_short_circuit_decorator.py for tasks to queue
[2022-12-03T14:38:41.100+0000] {logging_mixin.py:137} INFO - [2022-12-03T14:38:41.100+0000] {dagbag.py:538} INFO - Filling up the DagBag from /home/airflow/.local/lib/python3.7/site-packages/airflow/example_dags/example_short_circuit_decorator.py
[2022-12-03T14:38:41.124+0000] {processor.py:753} INFO - DAG(s) dict_keys(['example_short_circuit_decorator']) retrieved from /home/airflow/.local/lib/python3.7/site-packages/airflow/example_dags/example_short_circuit_decorator.py
[2022-12-03T14:38:41.161+0000] {logging_mixin.py:137} INFO - [2022-12-03T14:38:41.161+0000] {dag.py:2676} INFO - Sync 1 DAGs
[2022-12-03T14:38:41.202+0000] {logging_mixin.py:137} INFO - [2022-12-03T14:38:41.202+0000] {dag.py:3427} INFO - Setting next_dagrun for example_short_circuit_decorator to 2022-12-02T14:38:41.202462+00:00, run_after=2022-12-03T14:38:41.202462+00:00
[2022-12-03T14:38:41.223+0000] {processor.py:175} INFO - Processing /home/airflow/.local/lib/python3.7/site-packages/airflow/example_dags/example_short_circuit_decorator.py took 0.128 seconds
[2022-12-03T14:39:11.375+0000] {processor.py:153} INFO - Started process (PID=670) to work on /home/airflow/.local/lib/python3.7/site-packages/airflow/example_dags/example_short_circuit_decorator.py
[2022-12-03T14:39:11.376+0000] {processor.py:743} INFO - Processing file /home/airflow/.local/lib/python3.7/site-packages/airflow/example_dags/example_short_circuit_decorator.py for tasks to queue
[2022-12-03T14:39:11.377+0000] {logging_mixin.py:137} INFO - [2022-12-03T14:39:11.377+0000] {dagbag.py:538} INFO - Filling up the DagBag from /home/airflow/.local/lib/python3.7/site-packages/airflow/example_dags/example_short_circuit_decorator.py
[2022-12-03T14:39:11.402+0000] {processor.py:753} INFO - DAG(s) dict_keys(['example_short_circuit_decorator']) retrieved from /home/airflow/.local/lib/python3.7/site-packages/airflow/example_dags/example_short_circuit_decorator.py
[2022-12-03T14:39:11.439+0000] {logging_mixin.py:137} INFO - [2022-12-03T14:39:11.439+0000] {dag.py:2676} INFO - Sync 1 DAGs
[2022-12-03T14:39:11.463+0000] {logging_mixin.py:137} INFO - [2022-12-03T14:39:11.463+0000] {dag.py:3427} INFO - Setting next_dagrun for example_short_circuit_decorator to 2022-12-02T14:39:11.462980+00:00, run_after=2022-12-03T14:39:11.462980+00:00
[2022-12-03T14:39:11.487+0000] {processor.py:175} INFO - Processing /home/airflow/.local/lib/python3.7/site-packages/airflow/example_dags/example_short_circuit_decorator.py took 0.116 seconds
[2022-12-03T14:39:41.524+0000] {processor.py:153} INFO - Started process (PID=756) to work on /home/airflow/.local/lib/python3.7/site-packages/airflow/example_dags/example_short_circuit_decorator.py
[2022-12-03T14:39:41.525+0000] {processor.py:743} INFO - Processing file /home/airflow/.local/lib/python3.7/site-packages/airflow/example_dags/example_short_circuit_decorator.py for tasks to queue
[2022-12-03T14:39:41.525+0000] {logging_mixin.py:137} INFO - [2022-12-03T14:39:41.525+0000] {dagbag.py:538} INFO - Filling up the DagBag from /home/airflow/.local/lib/python3.7/site-packages/airflow/example_dags/example_short_circuit_decorator.py
[2022-12-03T14:39:41.549+0000] {processor.py:753} INFO - DAG(s) dict_keys(['example_short_circuit_decorator']) retrieved from /home/airflow/.local/lib/python3.7/site-packages/airflow/example_dags/example_short_circuit_decorator.py
[2022-12-03T14:39:41.594+0000] {logging_mixin.py:137} INFO - [2022-12-03T14:39:41.594+0000] {dag.py:2676} INFO - Sync 1 DAGs
[2022-12-03T14:39:41.624+0000] {logging_mixin.py:137} INFO - [2022-12-03T14:39:41.624+0000] {dag.py:3427} INFO - Setting next_dagrun for example_short_circuit_decorator to 2022-12-02T14:39:41.623802+00:00, run_after=2022-12-03T14:39:41.623802+00:00
[2022-12-03T14:39:41.642+0000] {processor.py:175} INFO - Processing /home/airflow/.local/lib/python3.7/site-packages/airflow/example_dags/example_short_circuit_decorator.py took 0.120 seconds
[2022-12-03T14:40:12.091+0000] {processor.py:153} INFO - Started process (PID=866) to work on /home/airflow/.local/lib/python3.7/site-packages/airflow/example_dags/example_short_circuit_decorator.py
[2022-12-03T14:40:12.092+0000] {processor.py:743} INFO - Processing file /home/airflow/.local/lib/python3.7/site-packages/airflow/example_dags/example_short_circuit_decorator.py for tasks to queue
[2022-12-03T14:40:12.093+0000] {logging_mixin.py:137} INFO - [2022-12-03T14:40:12.093+0000] {dagbag.py:538} INFO - Filling up the DagBag from /home/airflow/.local/lib/python3.7/site-packages/airflow/example_dags/example_short_circuit_decorator.py
[2022-12-03T14:40:12.118+0000] {processor.py:753} INFO - DAG(s) dict_keys(['example_short_circuit_decorator']) retrieved from /home/airflow/.local/lib/python3.7/site-packages/airflow/example_dags/example_short_circuit_decorator.py
[2022-12-03T14:40:12.154+0000] {logging_mixin.py:137} INFO - [2022-12-03T14:40:12.154+0000] {dag.py:2676} INFO - Sync 1 DAGs
[2022-12-03T14:40:12.195+0000] {logging_mixin.py:137} INFO - [2022-12-03T14:40:12.195+0000] {dag.py:3427} INFO - Setting next_dagrun for example_short_circuit_decorator to 2022-12-02T14:40:12.194939+00:00, run_after=2022-12-03T14:40:12.194939+00:00
[2022-12-03T14:40:12.214+0000] {processor.py:175} INFO - Processing /home/airflow/.local/lib/python3.7/site-packages/airflow/example_dags/example_short_circuit_decorator.py took 0.127 seconds
[2022-12-03T14:40:42.430+0000] {processor.py:153} INFO - Started process (PID=952) to work on /home/airflow/.local/lib/python3.7/site-packages/airflow/example_dags/example_short_circuit_decorator.py
[2022-12-03T14:40:42.431+0000] {processor.py:743} INFO - Processing file /home/airflow/.local/lib/python3.7/site-packages/airflow/example_dags/example_short_circuit_decorator.py for tasks to queue
[2022-12-03T14:40:42.432+0000] {logging_mixin.py:137} INFO - [2022-12-03T14:40:42.432+0000] {dagbag.py:538} INFO - Filling up the DagBag from /home/airflow/.local/lib/python3.7/site-packages/airflow/example_dags/example_short_circuit_decorator.py
[2022-12-03T14:40:42.459+0000] {processor.py:753} INFO - DAG(s) dict_keys(['example_short_circuit_decorator']) retrieved from /home/airflow/.local/lib/python3.7/site-packages/airflow/example_dags/example_short_circuit_decorator.py
[2022-12-03T14:40:42.522+0000] {logging_mixin.py:137} INFO - [2022-12-03T14:40:42.521+0000] {dag.py:2676} INFO - Sync 1 DAGs
[2022-12-03T14:40:42.551+0000] {logging_mixin.py:137} INFO - [2022-12-03T14:40:42.551+0000] {dag.py:3427} INFO - Setting next_dagrun for example_short_circuit_decorator to 2022-12-02T14:40:42.551523+00:00, run_after=2022-12-03T14:40:42.551523+00:00
[2022-12-03T14:40:42.572+0000] {processor.py:175} INFO - Processing /home/airflow/.local/lib/python3.7/site-packages/airflow/example_dags/example_short_circuit_decorator.py took 0.146 seconds
[2022-12-03T14:41:13.511+0000] {processor.py:153} INFO - Started process (PID=1047) to work on /home/airflow/.local/lib/python3.7/site-packages/airflow/example_dags/example_short_circuit_decorator.py
[2022-12-03T14:41:13.512+0000] {processor.py:743} INFO - Processing file /home/airflow/.local/lib/python3.7/site-packages/airflow/example_dags/example_short_circuit_decorator.py for tasks to queue
[2022-12-03T14:41:13.512+0000] {logging_mixin.py:137} INFO - [2022-12-03T14:41:13.512+0000] {dagbag.py:538} INFO - Filling up the DagBag from /home/airflow/.local/lib/python3.7/site-packages/airflow/example_dags/example_short_circuit_decorator.py
[2022-12-03T14:41:13.539+0000] {processor.py:753} INFO - DAG(s) dict_keys(['example_short_circuit_decorator']) retrieved from /home/airflow/.local/lib/python3.7/site-packages/airflow/example_dags/example_short_circuit_decorator.py
[2022-12-03T14:41:13.619+0000] {logging_mixin.py:137} INFO - [2022-12-03T14:41:13.619+0000] {dag.py:2676} INFO - Sync 1 DAGs
[2022-12-03T14:41:13.685+0000] {logging_mixin.py:137} INFO - [2022-12-03T14:41:13.685+0000] {dag.py:3427} INFO - Setting next_dagrun for example_short_circuit_decorator to 2022-12-02T14:41:13.685098+00:00, run_after=2022-12-03T14:41:13.685098+00:00
[2022-12-03T14:41:13.702+0000] {processor.py:175} INFO - Processing /home/airflow/.local/lib/python3.7/site-packages/airflow/example_dags/example_short_circuit_decorator.py took 0.194 seconds
[2022-12-03T14:41:43.896+0000] {processor.py:153} INFO - Started process (PID=1148) to work on /home/airflow/.local/lib/python3.7/site-packages/airflow/example_dags/example_short_circuit_decorator.py
[2022-12-03T14:41:43.897+0000] {processor.py:743} INFO - Processing file /home/airflow/.local/lib/python3.7/site-packages/airflow/example_dags/example_short_circuit_decorator.py for tasks to queue
[2022-12-03T14:41:43.898+0000] {logging_mixin.py:137} INFO - [2022-12-03T14:41:43.898+0000] {dagbag.py:538} INFO - Filling up the DagBag from /home/airflow/.local/lib/python3.7/site-packages/airflow/example_dags/example_short_circuit_decorator.py
[2022-12-03T14:41:43.935+0000] {processor.py:753} INFO - DAG(s) dict_keys(['example_short_circuit_decorator']) retrieved from /home/airflow/.local/lib/python3.7/site-packages/airflow/example_dags/example_short_circuit_decorator.py
[2022-12-03T14:41:44.015+0000] {logging_mixin.py:137} INFO - [2022-12-03T14:41:44.015+0000] {dag.py:2676} INFO - Sync 1 DAGs
[2022-12-03T14:41:44.085+0000] {logging_mixin.py:137} INFO - [2022-12-03T14:41:44.085+0000] {dag.py:3427} INFO - Setting next_dagrun for example_short_circuit_decorator to 2022-12-02T14:41:44.085152+00:00, run_after=2022-12-03T14:41:44.085152+00:00
[2022-12-03T14:41:44.111+0000] {processor.py:175} INFO - Processing /home/airflow/.local/lib/python3.7/site-packages/airflow/example_dags/example_short_circuit_decorator.py took 0.219 seconds
[2022-12-03T14:42:14.611+0000] {processor.py:153} INFO - Started process (PID=1234) to work on /home/airflow/.local/lib/python3.7/site-packages/airflow/example_dags/example_short_circuit_decorator.py
[2022-12-03T14:42:14.612+0000] {processor.py:743} INFO - Processing file /home/airflow/.local/lib/python3.7/site-packages/airflow/example_dags/example_short_circuit_decorator.py for tasks to queue
[2022-12-03T14:42:14.613+0000] {logging_mixin.py:137} INFO - [2022-12-03T14:42:14.613+0000] {dagbag.py:538} INFO - Filling up the DagBag from /home/airflow/.local/lib/python3.7/site-packages/airflow/example_dags/example_short_circuit_decorator.py
[2022-12-03T14:42:14.677+0000] {processor.py:753} INFO - DAG(s) dict_keys(['example_short_circuit_decorator']) retrieved from /home/airflow/.local/lib/python3.7/site-packages/airflow/example_dags/example_short_circuit_decorator.py
[2022-12-03T14:42:14.714+0000] {logging_mixin.py:137} INFO - [2022-12-03T14:42:14.714+0000] {dag.py:2676} INFO - Sync 1 DAGs
[2022-12-03T14:42:14.781+0000] {logging_mixin.py:137} INFO - [2022-12-03T14:42:14.781+0000] {dag.py:3427} INFO - Setting next_dagrun for example_short_circuit_decorator to 2022-12-02T14:42:14.780887+00:00, run_after=2022-12-03T14:42:14.780887+00:00
[2022-12-03T14:42:14.802+0000] {processor.py:175} INFO - Processing /home/airflow/.local/lib/python3.7/site-packages/airflow/example_dags/example_short_circuit_decorator.py took 0.193 seconds
[2022-12-03T14:42:45.178+0000] {processor.py:153} INFO - Started process (PID=1327) to work on /home/airflow/.local/lib/python3.7/site-packages/airflow/example_dags/example_short_circuit_decorator.py
[2022-12-03T14:42:45.179+0000] {processor.py:743} INFO - Processing file /home/airflow/.local/lib/python3.7/site-packages/airflow/example_dags/example_short_circuit_decorator.py for tasks to queue
[2022-12-03T14:42:45.180+0000] {logging_mixin.py:137} INFO - [2022-12-03T14:42:45.180+0000] {dagbag.py:538} INFO - Filling up the DagBag from /home/airflow/.local/lib/python3.7/site-packages/airflow/example_dags/example_short_circuit_decorator.py
[2022-12-03T14:42:45.215+0000] {processor.py:753} INFO - DAG(s) dict_keys(['example_short_circuit_decorator']) retrieved from /home/airflow/.local/lib/python3.7/site-packages/airflow/example_dags/example_short_circuit_decorator.py
[2022-12-03T14:42:45.257+0000] {logging_mixin.py:137} INFO - [2022-12-03T14:42:45.257+0000] {dag.py:2676} INFO - Sync 1 DAGs
[2022-12-03T14:42:45.298+0000] {logging_mixin.py:137} INFO - [2022-12-03T14:42:45.298+0000] {dag.py:3427} INFO - Setting next_dagrun for example_short_circuit_decorator to 2022-12-02T14:42:45.297824+00:00, run_after=2022-12-03T14:42:45.297824+00:00
[2022-12-03T14:42:45.315+0000] {processor.py:175} INFO - Processing /home/airflow/.local/lib/python3.7/site-packages/airflow/example_dags/example_short_circuit_decorator.py took 0.141 seconds
[2022-12-03T14:43:15.565+0000] {processor.py:153} INFO - Started process (PID=1429) to work on /home/airflow/.local/lib/python3.7/site-packages/airflow/example_dags/example_short_circuit_decorator.py
[2022-12-03T14:43:15.566+0000] {processor.py:743} INFO - Processing file /home/airflow/.local/lib/python3.7/site-packages/airflow/example_dags/example_short_circuit_decorator.py for tasks to queue
[2022-12-03T14:43:15.567+0000] {logging_mixin.py:137} INFO - [2022-12-03T14:43:15.566+0000] {dagbag.py:538} INFO - Filling up the DagBag from /home/airflow/.local/lib/python3.7/site-packages/airflow/example_dags/example_short_circuit_decorator.py
[2022-12-03T14:43:15.609+0000] {processor.py:753} INFO - DAG(s) dict_keys(['example_short_circuit_decorator']) retrieved from /home/airflow/.local/lib/python3.7/site-packages/airflow/example_dags/example_short_circuit_decorator.py
[2022-12-03T14:43:15.650+0000] {logging_mixin.py:137} INFO - [2022-12-03T14:43:15.650+0000] {dag.py:2676} INFO - Sync 1 DAGs
[2022-12-03T14:43:15.684+0000] {logging_mixin.py:137} INFO - [2022-12-03T14:43:15.684+0000] {dag.py:3427} INFO - Setting next_dagrun for example_short_circuit_decorator to 2022-12-02T14:43:15.683942+00:00, run_after=2022-12-03T14:43:15.683942+00:00
[2022-12-03T14:43:15.716+0000] {processor.py:175} INFO - Processing /home/airflow/.local/lib/python3.7/site-packages/airflow/example_dags/example_short_circuit_decorator.py took 0.154 seconds
[2022-12-03T14:43:45.868+0000] {processor.py:153} INFO - Started process (PID=1515) to work on /home/airflow/.local/lib/python3.7/site-packages/airflow/example_dags/example_short_circuit_decorator.py
[2022-12-03T14:43:45.872+0000] {processor.py:743} INFO - Processing file /home/airflow/.local/lib/python3.7/site-packages/airflow/example_dags/example_short_circuit_decorator.py for tasks to queue
[2022-12-03T14:43:45.873+0000] {logging_mixin.py:137} INFO - [2022-12-03T14:43:45.873+0000] {dagbag.py:538} INFO - Filling up the DagBag from /home/airflow/.local/lib/python3.7/site-packages/airflow/example_dags/example_short_circuit_decorator.py
[2022-12-03T14:43:45.902+0000] {processor.py:753} INFO - DAG(s) dict_keys(['example_short_circuit_decorator']) retrieved from /home/airflow/.local/lib/python3.7/site-packages/airflow/example_dags/example_short_circuit_decorator.py
[2022-12-03T14:43:45.940+0000] {logging_mixin.py:137} INFO - [2022-12-03T14:43:45.940+0000] {dag.py:2676} INFO - Sync 1 DAGs
[2022-12-03T14:43:45.964+0000] {logging_mixin.py:137} INFO - [2022-12-03T14:43:45.964+0000] {dag.py:3427} INFO - Setting next_dagrun for example_short_circuit_decorator to 2022-12-02T14:43:45.964038+00:00, run_after=2022-12-03T14:43:45.964038+00:00
[2022-12-03T14:43:45.986+0000] {processor.py:175} INFO - Processing /home/airflow/.local/lib/python3.7/site-packages/airflow/example_dags/example_short_circuit_decorator.py took 0.120 seconds
