[2022-12-03T14:36:05.728+0000] {processor.py:153} INFO - Started process (PID=92) to work on /home/airflow/.local/lib/python3.7/site-packages/airflow/example_dags/example_branch_operator.py
[2022-12-03T14:36:05.729+0000] {processor.py:743} INFO - Processing file /home/airflow/.local/lib/python3.7/site-packages/airflow/example_dags/example_branch_operator.py for tasks to queue
[2022-12-03T14:36:05.729+0000] {logging_mixin.py:137} INFO - [2022-12-03T14:36:05.729+0000] {dagbag.py:538} INFO - Filling up the DagBag from /home/airflow/.local/lib/python3.7/site-packages/airflow/example_dags/example_branch_operator.py
[2022-12-03T14:36:05.750+0000] {processor.py:753} INFO - DAG(s) dict_keys(['example_branch_operator']) retrieved from /home/airflow/.local/lib/python3.7/site-packages/airflow/example_dags/example_branch_operator.py
[2022-12-03T14:36:05.792+0000] {logging_mixin.py:137} INFO - [2022-12-03T14:36:05.792+0000] {dag.py:2676} INFO - Sync 1 DAGs
[2022-12-03T14:36:05.819+0000] {logging_mixin.py:137} INFO - [2022-12-03T14:36:05.819+0000] {dag.py:3427} INFO - Setting next_dagrun for example_branch_operator to 2022-12-02T00:00:00+00:00, run_after=2022-12-03T00:00:00+00:00
[2022-12-03T14:36:05.839+0000] {processor.py:175} INFO - Processing /home/airflow/.local/lib/python3.7/site-packages/airflow/example_dags/example_branch_operator.py took 0.113 seconds
[2022-12-03T14:36:36.526+0000] {processor.py:153} INFO - Started process (PID=178) to work on /home/airflow/.local/lib/python3.7/site-packages/airflow/example_dags/example_branch_operator.py
[2022-12-03T14:36:36.527+0000] {processor.py:743} INFO - Processing file /home/airflow/.local/lib/python3.7/site-packages/airflow/example_dags/example_branch_operator.py for tasks to queue
[2022-12-03T14:36:36.528+0000] {logging_mixin.py:137} INFO - [2022-12-03T14:36:36.528+0000] {dagbag.py:538} INFO - Filling up the DagBag from /home/airflow/.local/lib/python3.7/site-packages/airflow/example_dags/example_branch_operator.py
[2022-12-03T14:36:36.581+0000] {processor.py:753} INFO - DAG(s) dict_keys(['example_branch_operator']) retrieved from /home/airflow/.local/lib/python3.7/site-packages/airflow/example_dags/example_branch_operator.py
[2022-12-03T14:36:36.619+0000] {logging_mixin.py:137} INFO - [2022-12-03T14:36:36.619+0000] {dag.py:2676} INFO - Sync 1 DAGs
[2022-12-03T14:36:36.647+0000] {logging_mixin.py:137} INFO - [2022-12-03T14:36:36.646+0000] {dag.py:3427} INFO - Setting next_dagrun for example_branch_operator to 2022-12-02T00:00:00+00:00, run_after=2022-12-03T00:00:00+00:00
[2022-12-03T14:36:36.693+0000] {processor.py:175} INFO - Processing /home/airflow/.local/lib/python3.7/site-packages/airflow/example_dags/example_branch_operator.py took 0.169 seconds
[2022-12-03T14:37:07.048+0000] {processor.py:153} INFO - Started process (PID=264) to work on /home/airflow/.local/lib/python3.7/site-packages/airflow/example_dags/example_branch_operator.py
[2022-12-03T14:37:07.049+0000] {processor.py:743} INFO - Processing file /home/airflow/.local/lib/python3.7/site-packages/airflow/example_dags/example_branch_operator.py for tasks to queue
[2022-12-03T14:37:07.049+0000] {logging_mixin.py:137} INFO - [2022-12-03T14:37:07.049+0000] {dagbag.py:538} INFO - Filling up the DagBag from /home/airflow/.local/lib/python3.7/site-packages/airflow/example_dags/example_branch_operator.py
[2022-12-03T14:37:07.066+0000] {processor.py:753} INFO - DAG(s) dict_keys(['example_branch_operator']) retrieved from /home/airflow/.local/lib/python3.7/site-packages/airflow/example_dags/example_branch_operator.py
[2022-12-03T14:37:07.121+0000] {logging_mixin.py:137} INFO - [2022-12-03T14:37:07.121+0000] {dag.py:2676} INFO - Sync 1 DAGs
[2022-12-03T14:37:07.190+0000] {logging_mixin.py:137} INFO - [2022-12-03T14:37:07.190+0000] {dag.py:3427} INFO - Setting next_dagrun for example_branch_operator to 2022-12-02T00:00:00+00:00, run_after=2022-12-03T00:00:00+00:00
[2022-12-03T14:37:07.210+0000] {processor.py:175} INFO - Processing /home/airflow/.local/lib/python3.7/site-packages/airflow/example_dags/example_branch_operator.py took 0.165 seconds
[2022-12-03T14:37:37.564+0000] {processor.py:153} INFO - Started process (PID=374) to work on /home/airflow/.local/lib/python3.7/site-packages/airflow/example_dags/example_branch_operator.py
[2022-12-03T14:37:37.565+0000] {processor.py:743} INFO - Processing file /home/airflow/.local/lib/python3.7/site-packages/airflow/example_dags/example_branch_operator.py for tasks to queue
[2022-12-03T14:37:37.565+0000] {logging_mixin.py:137} INFO - [2022-12-03T14:37:37.565+0000] {dagbag.py:538} INFO - Filling up the DagBag from /home/airflow/.local/lib/python3.7/site-packages/airflow/example_dags/example_branch_operator.py
[2022-12-03T14:37:37.586+0000] {processor.py:753} INFO - DAG(s) dict_keys(['example_branch_operator']) retrieved from /home/airflow/.local/lib/python3.7/site-packages/airflow/example_dags/example_branch_operator.py
[2022-12-03T14:37:37.629+0000] {logging_mixin.py:137} INFO - [2022-12-03T14:37:37.629+0000] {dag.py:2676} INFO - Sync 1 DAGs
[2022-12-03T14:37:37.661+0000] {logging_mixin.py:137} INFO - [2022-12-03T14:37:37.660+0000] {dag.py:3427} INFO - Setting next_dagrun for example_branch_operator to 2022-12-02T00:00:00+00:00, run_after=2022-12-03T00:00:00+00:00
[2022-12-03T14:37:37.695+0000] {processor.py:175} INFO - Processing /home/airflow/.local/lib/python3.7/site-packages/airflow/example_dags/example_branch_operator.py took 0.134 seconds
[2022-12-03T14:38:08.019+0000] {processor.py:153} INFO - Started process (PID=460) to work on /home/airflow/.local/lib/python3.7/site-packages/airflow/example_dags/example_branch_operator.py
[2022-12-03T14:38:08.020+0000] {processor.py:743} INFO - Processing file /home/airflow/.local/lib/python3.7/site-packages/airflow/example_dags/example_branch_operator.py for tasks to queue
[2022-12-03T14:38:08.021+0000] {logging_mixin.py:137} INFO - [2022-12-03T14:38:08.021+0000] {dagbag.py:538} INFO - Filling up the DagBag from /home/airflow/.local/lib/python3.7/site-packages/airflow/example_dags/example_branch_operator.py
[2022-12-03T14:38:08.038+0000] {processor.py:753} INFO - DAG(s) dict_keys(['example_branch_operator']) retrieved from /home/airflow/.local/lib/python3.7/site-packages/airflow/example_dags/example_branch_operator.py
[2022-12-03T14:38:08.083+0000] {logging_mixin.py:137} INFO - [2022-12-03T14:38:08.083+0000] {dag.py:2676} INFO - Sync 1 DAGs
[2022-12-03T14:38:08.110+0000] {logging_mixin.py:137} INFO - [2022-12-03T14:38:08.110+0000] {dag.py:3427} INFO - Setting next_dagrun for example_branch_operator to 2022-12-02T00:00:00+00:00, run_after=2022-12-03T00:00:00+00:00
[2022-12-03T14:38:08.132+0000] {processor.py:175} INFO - Processing /home/airflow/.local/lib/python3.7/site-packages/airflow/example_dags/example_branch_operator.py took 0.115 seconds
[2022-12-03T14:38:38.588+0000] {processor.py:153} INFO - Started process (PID=546) to work on /home/airflow/.local/lib/python3.7/site-packages/airflow/example_dags/example_branch_operator.py
[2022-12-03T14:38:38.588+0000] {processor.py:743} INFO - Processing file /home/airflow/.local/lib/python3.7/site-packages/airflow/example_dags/example_branch_operator.py for tasks to queue
[2022-12-03T14:38:38.589+0000] {logging_mixin.py:137} INFO - [2022-12-03T14:38:38.589+0000] {dagbag.py:538} INFO - Filling up the DagBag from /home/airflow/.local/lib/python3.7/site-packages/airflow/example_dags/example_branch_operator.py
[2022-12-03T14:38:38.605+0000] {processor.py:753} INFO - DAG(s) dict_keys(['example_branch_operator']) retrieved from /home/airflow/.local/lib/python3.7/site-packages/airflow/example_dags/example_branch_operator.py
[2022-12-03T14:38:38.642+0000] {logging_mixin.py:137} INFO - [2022-12-03T14:38:38.642+0000] {dag.py:2676} INFO - Sync 1 DAGs
[2022-12-03T14:38:38.687+0000] {logging_mixin.py:137} INFO - [2022-12-03T14:38:38.687+0000] {dag.py:3427} INFO - Setting next_dagrun for example_branch_operator to 2022-12-02T00:00:00+00:00, run_after=2022-12-03T00:00:00+00:00
[2022-12-03T14:38:38.705+0000] {processor.py:175} INFO - Processing /home/airflow/.local/lib/python3.7/site-packages/airflow/example_dags/example_branch_operator.py took 0.120 seconds
[2022-12-03T14:39:08.935+0000] {processor.py:153} INFO - Started process (PID=655) to work on /home/airflow/.local/lib/python3.7/site-packages/airflow/example_dags/example_branch_operator.py
[2022-12-03T14:39:08.967+0000] {processor.py:743} INFO - Processing file /home/airflow/.local/lib/python3.7/site-packages/airflow/example_dags/example_branch_operator.py for tasks to queue
[2022-12-03T14:39:08.967+0000] {logging_mixin.py:137} INFO - [2022-12-03T14:39:08.967+0000] {dagbag.py:538} INFO - Filling up the DagBag from /home/airflow/.local/lib/python3.7/site-packages/airflow/example_dags/example_branch_operator.py
[2022-12-03T14:39:08.987+0000] {processor.py:753} INFO - DAG(s) dict_keys(['example_branch_operator']) retrieved from /home/airflow/.local/lib/python3.7/site-packages/airflow/example_dags/example_branch_operator.py
[2022-12-03T14:39:09.025+0000] {logging_mixin.py:137} INFO - [2022-12-03T14:39:09.025+0000] {dag.py:2676} INFO - Sync 1 DAGs
[2022-12-03T14:39:09.056+0000] {logging_mixin.py:137} INFO - [2022-12-03T14:39:09.055+0000] {dag.py:3427} INFO - Setting next_dagrun for example_branch_operator to 2022-12-02T00:00:00+00:00, run_after=2022-12-03T00:00:00+00:00
[2022-12-03T14:39:09.083+0000] {processor.py:175} INFO - Processing /home/airflow/.local/lib/python3.7/site-packages/airflow/example_dags/example_branch_operator.py took 0.150 seconds
[2022-12-03T14:39:39.261+0000] {processor.py:153} INFO - Started process (PID=741) to work on /home/airflow/.local/lib/python3.7/site-packages/airflow/example_dags/example_branch_operator.py
[2022-12-03T14:39:39.262+0000] {processor.py:743} INFO - Processing file /home/airflow/.local/lib/python3.7/site-packages/airflow/example_dags/example_branch_operator.py for tasks to queue
[2022-12-03T14:39:39.262+0000] {logging_mixin.py:137} INFO - [2022-12-03T14:39:39.262+0000] {dagbag.py:538} INFO - Filling up the DagBag from /home/airflow/.local/lib/python3.7/site-packages/airflow/example_dags/example_branch_operator.py
[2022-12-03T14:39:39.282+0000] {processor.py:753} INFO - DAG(s) dict_keys(['example_branch_operator']) retrieved from /home/airflow/.local/lib/python3.7/site-packages/airflow/example_dags/example_branch_operator.py
[2022-12-03T14:39:39.320+0000] {logging_mixin.py:137} INFO - [2022-12-03T14:39:39.320+0000] {dag.py:2676} INFO - Sync 1 DAGs
[2022-12-03T14:39:39.346+0000] {logging_mixin.py:137} INFO - [2022-12-03T14:39:39.346+0000] {dag.py:3427} INFO - Setting next_dagrun for example_branch_operator to 2022-12-02T00:00:00+00:00, run_after=2022-12-03T00:00:00+00:00
[2022-12-03T14:39:39.362+0000] {processor.py:175} INFO - Processing /home/airflow/.local/lib/python3.7/site-packages/airflow/example_dags/example_branch_operator.py took 0.104 seconds
[2022-12-03T14:40:09.416+0000] {processor.py:153} INFO - Started process (PID=851) to work on /home/airflow/.local/lib/python3.7/site-packages/airflow/example_dags/example_branch_operator.py
[2022-12-03T14:40:09.417+0000] {processor.py:743} INFO - Processing file /home/airflow/.local/lib/python3.7/site-packages/airflow/example_dags/example_branch_operator.py for tasks to queue
[2022-12-03T14:40:09.418+0000] {logging_mixin.py:137} INFO - [2022-12-03T14:40:09.418+0000] {dagbag.py:538} INFO - Filling up the DagBag from /home/airflow/.local/lib/python3.7/site-packages/airflow/example_dags/example_branch_operator.py
[2022-12-03T14:40:09.435+0000] {processor.py:753} INFO - DAG(s) dict_keys(['example_branch_operator']) retrieved from /home/airflow/.local/lib/python3.7/site-packages/airflow/example_dags/example_branch_operator.py
[2022-12-03T14:40:09.478+0000] {logging_mixin.py:137} INFO - [2022-12-03T14:40:09.478+0000] {dag.py:2676} INFO - Sync 1 DAGs
[2022-12-03T14:40:09.506+0000] {logging_mixin.py:137} INFO - [2022-12-03T14:40:09.506+0000] {dag.py:3427} INFO - Setting next_dagrun for example_branch_operator to 2022-12-02T00:00:00+00:00, run_after=2022-12-03T00:00:00+00:00
[2022-12-03T14:40:09.533+0000] {processor.py:175} INFO - Processing /home/airflow/.local/lib/python3.7/site-packages/airflow/example_dags/example_branch_operator.py took 0.120 seconds
[2022-12-03T14:40:40.034+0000] {processor.py:153} INFO - Started process (PID=937) to work on /home/airflow/.local/lib/python3.7/site-packages/airflow/example_dags/example_branch_operator.py
[2022-12-03T14:40:40.035+0000] {processor.py:743} INFO - Processing file /home/airflow/.local/lib/python3.7/site-packages/airflow/example_dags/example_branch_operator.py for tasks to queue
[2022-12-03T14:40:40.035+0000] {logging_mixin.py:137} INFO - [2022-12-03T14:40:40.035+0000] {dagbag.py:538} INFO - Filling up the DagBag from /home/airflow/.local/lib/python3.7/site-packages/airflow/example_dags/example_branch_operator.py
[2022-12-03T14:40:40.051+0000] {processor.py:753} INFO - DAG(s) dict_keys(['example_branch_operator']) retrieved from /home/airflow/.local/lib/python3.7/site-packages/airflow/example_dags/example_branch_operator.py
[2022-12-03T14:40:40.101+0000] {logging_mixin.py:137} INFO - [2022-12-03T14:40:40.100+0000] {dag.py:2676} INFO - Sync 1 DAGs
[2022-12-03T14:40:40.140+0000] {logging_mixin.py:137} INFO - [2022-12-03T14:40:40.140+0000] {dag.py:3427} INFO - Setting next_dagrun for example_branch_operator to 2022-12-02T00:00:00+00:00, run_after=2022-12-03T00:00:00+00:00
[2022-12-03T14:40:40.158+0000] {processor.py:175} INFO - Processing /home/airflow/.local/lib/python3.7/site-packages/airflow/example_dags/example_branch_operator.py took 0.126 seconds
[2022-12-03T14:41:10.639+0000] {processor.py:153} INFO - Started process (PID=1022) to work on /home/airflow/.local/lib/python3.7/site-packages/airflow/example_dags/example_branch_operator.py
[2022-12-03T14:41:10.640+0000] {processor.py:743} INFO - Processing file /home/airflow/.local/lib/python3.7/site-packages/airflow/example_dags/example_branch_operator.py for tasks to queue
[2022-12-03T14:41:10.641+0000] {logging_mixin.py:137} INFO - [2022-12-03T14:41:10.640+0000] {dagbag.py:538} INFO - Filling up the DagBag from /home/airflow/.local/lib/python3.7/site-packages/airflow/example_dags/example_branch_operator.py
[2022-12-03T14:41:10.657+0000] {processor.py:753} INFO - DAG(s) dict_keys(['example_branch_operator']) retrieved from /home/airflow/.local/lib/python3.7/site-packages/airflow/example_dags/example_branch_operator.py
[2022-12-03T14:41:10.713+0000] {logging_mixin.py:137} INFO - [2022-12-03T14:41:10.712+0000] {dag.py:2676} INFO - Sync 1 DAGs
[2022-12-03T14:41:10.742+0000] {logging_mixin.py:137} INFO - [2022-12-03T14:41:10.742+0000] {dag.py:3427} INFO - Setting next_dagrun for example_branch_operator to 2022-12-02T00:00:00+00:00, run_after=2022-12-03T00:00:00+00:00
[2022-12-03T14:41:10.760+0000] {processor.py:175} INFO - Processing /home/airflow/.local/lib/python3.7/site-packages/airflow/example_dags/example_branch_operator.py took 0.123 seconds
[2022-12-03T14:41:41.718+0000] {processor.py:153} INFO - Started process (PID=1133) to work on /home/airflow/.local/lib/python3.7/site-packages/airflow/example_dags/example_branch_operator.py
[2022-12-03T14:41:41.719+0000] {processor.py:743} INFO - Processing file /home/airflow/.local/lib/python3.7/site-packages/airflow/example_dags/example_branch_operator.py for tasks to queue
[2022-12-03T14:41:41.720+0000] {logging_mixin.py:137} INFO - [2022-12-03T14:41:41.720+0000] {dagbag.py:538} INFO - Filling up the DagBag from /home/airflow/.local/lib/python3.7/site-packages/airflow/example_dags/example_branch_operator.py
[2022-12-03T14:41:41.740+0000] {processor.py:753} INFO - DAG(s) dict_keys(['example_branch_operator']) retrieved from /home/airflow/.local/lib/python3.7/site-packages/airflow/example_dags/example_branch_operator.py
[2022-12-03T14:41:41.834+0000] {logging_mixin.py:137} INFO - [2022-12-03T14:41:41.834+0000] {dag.py:2676} INFO - Sync 1 DAGs
[2022-12-03T14:41:41.914+0000] {logging_mixin.py:137} INFO - [2022-12-03T14:41:41.914+0000] {dag.py:3427} INFO - Setting next_dagrun for example_branch_operator to 2022-12-02T00:00:00+00:00, run_after=2022-12-03T00:00:00+00:00
[2022-12-03T14:41:41.982+0000] {processor.py:175} INFO - Processing /home/airflow/.local/lib/python3.7/site-packages/airflow/example_dags/example_branch_operator.py took 0.266 seconds
[2022-12-03T14:42:12.473+0000] {processor.py:153} INFO - Started process (PID=1219) to work on /home/airflow/.local/lib/python3.7/site-packages/airflow/example_dags/example_branch_operator.py
[2022-12-03T14:42:12.474+0000] {processor.py:743} INFO - Processing file /home/airflow/.local/lib/python3.7/site-packages/airflow/example_dags/example_branch_operator.py for tasks to queue
[2022-12-03T14:42:12.475+0000] {logging_mixin.py:137} INFO - [2022-12-03T14:42:12.475+0000] {dagbag.py:538} INFO - Filling up the DagBag from /home/airflow/.local/lib/python3.7/site-packages/airflow/example_dags/example_branch_operator.py
[2022-12-03T14:42:12.494+0000] {processor.py:753} INFO - DAG(s) dict_keys(['example_branch_operator']) retrieved from /home/airflow/.local/lib/python3.7/site-packages/airflow/example_dags/example_branch_operator.py
[2022-12-03T14:42:12.574+0000] {logging_mixin.py:137} INFO - [2022-12-03T14:42:12.574+0000] {dag.py:2676} INFO - Sync 1 DAGs
[2022-12-03T14:42:12.608+0000] {logging_mixin.py:137} INFO - [2022-12-03T14:42:12.608+0000] {dag.py:3427} INFO - Setting next_dagrun for example_branch_operator to 2022-12-02T00:00:00+00:00, run_after=2022-12-03T00:00:00+00:00
[2022-12-03T14:42:12.628+0000] {processor.py:175} INFO - Processing /home/airflow/.local/lib/python3.7/site-packages/airflow/example_dags/example_branch_operator.py took 0.158 seconds
[2022-12-03T14:42:43.008+0000] {processor.py:153} INFO - Started process (PID=1305) to work on /home/airflow/.local/lib/python3.7/site-packages/airflow/example_dags/example_branch_operator.py
[2022-12-03T14:42:43.009+0000] {processor.py:743} INFO - Processing file /home/airflow/.local/lib/python3.7/site-packages/airflow/example_dags/example_branch_operator.py for tasks to queue
[2022-12-03T14:42:43.010+0000] {logging_mixin.py:137} INFO - [2022-12-03T14:42:43.010+0000] {dagbag.py:538} INFO - Filling up the DagBag from /home/airflow/.local/lib/python3.7/site-packages/airflow/example_dags/example_branch_operator.py
[2022-12-03T14:42:43.028+0000] {processor.py:753} INFO - DAG(s) dict_keys(['example_branch_operator']) retrieved from /home/airflow/.local/lib/python3.7/site-packages/airflow/example_dags/example_branch_operator.py
[2022-12-03T14:42:43.064+0000] {logging_mixin.py:137} INFO - [2022-12-03T14:42:43.064+0000] {dag.py:2676} INFO - Sync 1 DAGs
[2022-12-03T14:42:43.106+0000] {logging_mixin.py:137} INFO - [2022-12-03T14:42:43.106+0000] {dag.py:3427} INFO - Setting next_dagrun for example_branch_operator to 2022-12-02T00:00:00+00:00, run_after=2022-12-03T00:00:00+00:00
[2022-12-03T14:42:43.123+0000] {processor.py:175} INFO - Processing /home/airflow/.local/lib/python3.7/site-packages/airflow/example_dags/example_branch_operator.py took 0.117 seconds
[2022-12-03T14:43:13.274+0000] {processor.py:153} INFO - Started process (PID=1414) to work on /home/airflow/.local/lib/python3.7/site-packages/airflow/example_dags/example_branch_operator.py
[2022-12-03T14:43:13.275+0000] {processor.py:743} INFO - Processing file /home/airflow/.local/lib/python3.7/site-packages/airflow/example_dags/example_branch_operator.py for tasks to queue
[2022-12-03T14:43:13.276+0000] {logging_mixin.py:137} INFO - [2022-12-03T14:43:13.276+0000] {dagbag.py:538} INFO - Filling up the DagBag from /home/airflow/.local/lib/python3.7/site-packages/airflow/example_dags/example_branch_operator.py
[2022-12-03T14:43:13.300+0000] {processor.py:753} INFO - DAG(s) dict_keys(['example_branch_operator']) retrieved from /home/airflow/.local/lib/python3.7/site-packages/airflow/example_dags/example_branch_operator.py
[2022-12-03T14:43:13.344+0000] {logging_mixin.py:137} INFO - [2022-12-03T14:43:13.344+0000] {dag.py:2676} INFO - Sync 1 DAGs
[2022-12-03T14:43:13.390+0000] {logging_mixin.py:137} INFO - [2022-12-03T14:43:13.390+0000] {dag.py:3427} INFO - Setting next_dagrun for example_branch_operator to 2022-12-02T00:00:00+00:00, run_after=2022-12-03T00:00:00+00:00
[2022-12-03T14:43:13.411+0000] {processor.py:175} INFO - Processing /home/airflow/.local/lib/python3.7/site-packages/airflow/example_dags/example_branch_operator.py took 0.192 seconds
[2022-12-03T14:43:43.553+0000] {processor.py:153} INFO - Started process (PID=1500) to work on /home/airflow/.local/lib/python3.7/site-packages/airflow/example_dags/example_branch_operator.py
[2022-12-03T14:43:43.554+0000] {processor.py:743} INFO - Processing file /home/airflow/.local/lib/python3.7/site-packages/airflow/example_dags/example_branch_operator.py for tasks to queue
[2022-12-03T14:43:43.554+0000] {logging_mixin.py:137} INFO - [2022-12-03T14:43:43.554+0000] {dagbag.py:538} INFO - Filling up the DagBag from /home/airflow/.local/lib/python3.7/site-packages/airflow/example_dags/example_branch_operator.py
[2022-12-03T14:43:43.573+0000] {processor.py:753} INFO - DAG(s) dict_keys(['example_branch_operator']) retrieved from /home/airflow/.local/lib/python3.7/site-packages/airflow/example_dags/example_branch_operator.py
[2022-12-03T14:43:43.621+0000] {logging_mixin.py:137} INFO - [2022-12-03T14:43:43.621+0000] {dag.py:2676} INFO - Sync 1 DAGs
[2022-12-03T14:43:43.649+0000] {logging_mixin.py:137} INFO - [2022-12-03T14:43:43.649+0000] {dag.py:3427} INFO - Setting next_dagrun for example_branch_operator to 2022-12-02T00:00:00+00:00, run_after=2022-12-03T00:00:00+00:00
[2022-12-03T14:43:43.666+0000] {processor.py:175} INFO - Processing /home/airflow/.local/lib/python3.7/site-packages/airflow/example_dags/example_branch_operator.py took 0.116 seconds
[2022-12-03T14:44:13.715+0000] {processor.py:153} INFO - Started process (PID=1586) to work on /home/airflow/.local/lib/python3.7/site-packages/airflow/example_dags/example_branch_operator.py
[2022-12-03T14:44:13.716+0000] {processor.py:743} INFO - Processing file /home/airflow/.local/lib/python3.7/site-packages/airflow/example_dags/example_branch_operator.py for tasks to queue
[2022-12-03T14:44:13.717+0000] {logging_mixin.py:137} INFO - [2022-12-03T14:44:13.716+0000] {dagbag.py:538} INFO - Filling up the DagBag from /home/airflow/.local/lib/python3.7/site-packages/airflow/example_dags/example_branch_operator.py
[2022-12-03T14:44:13.734+0000] {processor.py:753} INFO - DAG(s) dict_keys(['example_branch_operator']) retrieved from /home/airflow/.local/lib/python3.7/site-packages/airflow/example_dags/example_branch_operator.py
[2022-12-03T14:44:13.778+0000] {logging_mixin.py:137} INFO - [2022-12-03T14:44:13.778+0000] {dag.py:2676} INFO - Sync 1 DAGs
[2022-12-03T14:44:13.806+0000] {logging_mixin.py:137} INFO - [2022-12-03T14:44:13.806+0000] {dag.py:3427} INFO - Setting next_dagrun for example_branch_operator to 2022-12-02T00:00:00+00:00, run_after=2022-12-03T00:00:00+00:00
[2022-12-03T14:44:13.829+0000] {processor.py:175} INFO - Processing /home/airflow/.local/lib/python3.7/site-packages/airflow/example_dags/example_branch_operator.py took 0.117 seconds
[2022-12-03T14:44:44.008+0000] {processor.py:153} INFO - Started process (PID=1696) to work on /home/airflow/.local/lib/python3.7/site-packages/airflow/example_dags/example_branch_operator.py
[2022-12-03T14:44:44.009+0000] {processor.py:743} INFO - Processing file /home/airflow/.local/lib/python3.7/site-packages/airflow/example_dags/example_branch_operator.py for tasks to queue
[2022-12-03T14:44:44.009+0000] {logging_mixin.py:137} INFO - [2022-12-03T14:44:44.009+0000] {dagbag.py:538} INFO - Filling up the DagBag from /home/airflow/.local/lib/python3.7/site-packages/airflow/example_dags/example_branch_operator.py
[2022-12-03T14:44:44.067+0000] {processor.py:753} INFO - DAG(s) dict_keys(['example_branch_operator']) retrieved from /home/airflow/.local/lib/python3.7/site-packages/airflow/example_dags/example_branch_operator.py
[2022-12-03T14:44:44.107+0000] {logging_mixin.py:137} INFO - [2022-12-03T14:44:44.107+0000] {dag.py:2676} INFO - Sync 1 DAGs
[2022-12-03T14:44:44.134+0000] {logging_mixin.py:137} INFO - [2022-12-03T14:44:44.134+0000] {dag.py:3427} INFO - Setting next_dagrun for example_branch_operator to 2022-12-02T00:00:00+00:00, run_after=2022-12-03T00:00:00+00:00
[2022-12-03T14:44:44.150+0000] {processor.py:175} INFO - Processing /home/airflow/.local/lib/python3.7/site-packages/airflow/example_dags/example_branch_operator.py took 0.145 seconds
[2022-12-03T14:45:15.047+0000] {processor.py:153} INFO - Started process (PID=1782) to work on /home/airflow/.local/lib/python3.7/site-packages/airflow/example_dags/example_branch_operator.py
[2022-12-03T14:45:15.047+0000] {processor.py:743} INFO - Processing file /home/airflow/.local/lib/python3.7/site-packages/airflow/example_dags/example_branch_operator.py for tasks to queue
[2022-12-03T14:45:15.048+0000] {logging_mixin.py:137} INFO - [2022-12-03T14:45:15.048+0000] {dagbag.py:538} INFO - Filling up the DagBag from /home/airflow/.local/lib/python3.7/site-packages/airflow/example_dags/example_branch_operator.py
[2022-12-03T14:45:15.063+0000] {processor.py:753} INFO - DAG(s) dict_keys(['example_branch_operator']) retrieved from /home/airflow/.local/lib/python3.7/site-packages/airflow/example_dags/example_branch_operator.py
[2022-12-03T14:45:15.122+0000] {logging_mixin.py:137} INFO - [2022-12-03T14:45:15.122+0000] {dag.py:2676} INFO - Sync 1 DAGs
[2022-12-03T14:45:15.151+0000] {logging_mixin.py:137} INFO - [2022-12-03T14:45:15.151+0000] {dag.py:3427} INFO - Setting next_dagrun for example_branch_operator to 2022-12-02T00:00:00+00:00, run_after=2022-12-03T00:00:00+00:00
[2022-12-03T14:45:15.185+0000] {processor.py:175} INFO - Processing /home/airflow/.local/lib/python3.7/site-packages/airflow/example_dags/example_branch_operator.py took 0.141 seconds
[2022-12-03T14:45:45.789+0000] {processor.py:153} INFO - Started process (PID=1869) to work on /home/airflow/.local/lib/python3.7/site-packages/airflow/example_dags/example_branch_operator.py
[2022-12-03T14:45:45.790+0000] {processor.py:743} INFO - Processing file /home/airflow/.local/lib/python3.7/site-packages/airflow/example_dags/example_branch_operator.py for tasks to queue
[2022-12-03T14:45:45.790+0000] {logging_mixin.py:137} INFO - [2022-12-03T14:45:45.790+0000] {dagbag.py:538} INFO - Filling up the DagBag from /home/airflow/.local/lib/python3.7/site-packages/airflow/example_dags/example_branch_operator.py
[2022-12-03T14:45:45.807+0000] {processor.py:753} INFO - DAG(s) dict_keys(['example_branch_operator']) retrieved from /home/airflow/.local/lib/python3.7/site-packages/airflow/example_dags/example_branch_operator.py
[2022-12-03T14:45:45.877+0000] {logging_mixin.py:137} INFO - [2022-12-03T14:45:45.877+0000] {dag.py:2676} INFO - Sync 1 DAGs
[2022-12-03T14:45:45.904+0000] {logging_mixin.py:137} INFO - [2022-12-03T14:45:45.904+0000] {dag.py:3427} INFO - Setting next_dagrun for example_branch_operator to 2022-12-02T00:00:00+00:00, run_after=2022-12-03T00:00:00+00:00
[2022-12-03T14:45:45.921+0000] {processor.py:175} INFO - Processing /home/airflow/.local/lib/python3.7/site-packages/airflow/example_dags/example_branch_operator.py took 0.135 seconds
[2022-12-03T14:46:16.411+0000] {processor.py:153} INFO - Started process (PID=1979) to work on /home/airflow/.local/lib/python3.7/site-packages/airflow/example_dags/example_branch_operator.py
[2022-12-03T14:46:16.412+0000] {processor.py:743} INFO - Processing file /home/airflow/.local/lib/python3.7/site-packages/airflow/example_dags/example_branch_operator.py for tasks to queue
[2022-12-03T14:46:16.412+0000] {logging_mixin.py:137} INFO - [2022-12-03T14:46:16.412+0000] {dagbag.py:538} INFO - Filling up the DagBag from /home/airflow/.local/lib/python3.7/site-packages/airflow/example_dags/example_branch_operator.py
[2022-12-03T14:46:16.430+0000] {processor.py:753} INFO - DAG(s) dict_keys(['example_branch_operator']) retrieved from /home/airflow/.local/lib/python3.7/site-packages/airflow/example_dags/example_branch_operator.py
[2022-12-03T14:46:16.465+0000] {logging_mixin.py:137} INFO - [2022-12-03T14:46:16.464+0000] {dag.py:2676} INFO - Sync 1 DAGs
[2022-12-03T14:46:16.493+0000] {logging_mixin.py:137} INFO - [2022-12-03T14:46:16.493+0000] {dag.py:3427} INFO - Setting next_dagrun for example_branch_operator to 2022-12-02T00:00:00+00:00, run_after=2022-12-03T00:00:00+00:00
[2022-12-03T14:46:16.511+0000] {processor.py:175} INFO - Processing /home/airflow/.local/lib/python3.7/site-packages/airflow/example_dags/example_branch_operator.py took 0.102 seconds
[2022-12-03T14:46:46.918+0000] {processor.py:153} INFO - Started process (PID=2065) to work on /home/airflow/.local/lib/python3.7/site-packages/airflow/example_dags/example_branch_operator.py
[2022-12-03T14:46:46.919+0000] {processor.py:743} INFO - Processing file /home/airflow/.local/lib/python3.7/site-packages/airflow/example_dags/example_branch_operator.py for tasks to queue
[2022-12-03T14:46:46.919+0000] {logging_mixin.py:137} INFO - [2022-12-03T14:46:46.919+0000] {dagbag.py:538} INFO - Filling up the DagBag from /home/airflow/.local/lib/python3.7/site-packages/airflow/example_dags/example_branch_operator.py
[2022-12-03T14:46:46.936+0000] {processor.py:753} INFO - DAG(s) dict_keys(['example_branch_operator']) retrieved from /home/airflow/.local/lib/python3.7/site-packages/airflow/example_dags/example_branch_operator.py
[2022-12-03T14:46:47.024+0000] {logging_mixin.py:137} INFO - [2022-12-03T14:46:47.024+0000] {dag.py:2676} INFO - Sync 1 DAGs
[2022-12-03T14:46:47.103+0000] {logging_mixin.py:137} INFO - [2022-12-03T14:46:47.103+0000] {dag.py:3427} INFO - Setting next_dagrun for example_branch_operator to 2022-12-02T00:00:00+00:00, run_after=2022-12-03T00:00:00+00:00
[2022-12-03T14:46:47.126+0000] {processor.py:175} INFO - Processing /home/airflow/.local/lib/python3.7/site-packages/airflow/example_dags/example_branch_operator.py took 0.211 seconds
[2022-12-03T14:47:17.564+0000] {processor.py:153} INFO - Started process (PID=2150) to work on /home/airflow/.local/lib/python3.7/site-packages/airflow/example_dags/example_branch_operator.py
[2022-12-03T14:47:17.565+0000] {processor.py:743} INFO - Processing file /home/airflow/.local/lib/python3.7/site-packages/airflow/example_dags/example_branch_operator.py for tasks to queue
[2022-12-03T14:47:17.566+0000] {logging_mixin.py:137} INFO - [2022-12-03T14:47:17.566+0000] {dagbag.py:538} INFO - Filling up the DagBag from /home/airflow/.local/lib/python3.7/site-packages/airflow/example_dags/example_branch_operator.py
[2022-12-03T14:47:17.605+0000] {processor.py:753} INFO - DAG(s) dict_keys(['example_branch_operator']) retrieved from /home/airflow/.local/lib/python3.7/site-packages/airflow/example_dags/example_branch_operator.py
[2022-12-03T14:47:17.649+0000] {logging_mixin.py:137} INFO - [2022-12-03T14:47:17.648+0000] {dag.py:2676} INFO - Sync 1 DAGs
[2022-12-03T14:47:17.694+0000] {logging_mixin.py:137} INFO - [2022-12-03T14:47:17.694+0000] {dag.py:3427} INFO - Setting next_dagrun for example_branch_operator to 2022-12-02T00:00:00+00:00, run_after=2022-12-03T00:00:00+00:00
[2022-12-03T14:47:17.726+0000] {processor.py:175} INFO - Processing /home/airflow/.local/lib/python3.7/site-packages/airflow/example_dags/example_branch_operator.py took 0.164 seconds
[2022-12-03T14:47:48.110+0000] {processor.py:153} INFO - Started process (PID=2260) to work on /home/airflow/.local/lib/python3.7/site-packages/airflow/example_dags/example_branch_operator.py
[2022-12-03T14:47:48.111+0000] {processor.py:743} INFO - Processing file /home/airflow/.local/lib/python3.7/site-packages/airflow/example_dags/example_branch_operator.py for tasks to queue
[2022-12-03T14:47:48.112+0000] {logging_mixin.py:137} INFO - [2022-12-03T14:47:48.112+0000] {dagbag.py:538} INFO - Filling up the DagBag from /home/airflow/.local/lib/python3.7/site-packages/airflow/example_dags/example_branch_operator.py
[2022-12-03T14:47:48.130+0000] {processor.py:753} INFO - DAG(s) dict_keys(['example_branch_operator']) retrieved from /home/airflow/.local/lib/python3.7/site-packages/airflow/example_dags/example_branch_operator.py
[2022-12-03T14:47:48.201+0000] {logging_mixin.py:137} INFO - [2022-12-03T14:47:48.201+0000] {dag.py:2676} INFO - Sync 1 DAGs
[2022-12-03T14:47:48.233+0000] {logging_mixin.py:137} INFO - [2022-12-03T14:47:48.233+0000] {dag.py:3427} INFO - Setting next_dagrun for example_branch_operator to 2022-12-02T00:00:00+00:00, run_after=2022-12-03T00:00:00+00:00
[2022-12-03T14:47:48.288+0000] {processor.py:175} INFO - Processing /home/airflow/.local/lib/python3.7/site-packages/airflow/example_dags/example_branch_operator.py took 0.181 seconds
[2022-12-03T14:48:19.370+0000] {processor.py:153} INFO - Started process (PID=2345) to work on /home/airflow/.local/lib/python3.7/site-packages/airflow/example_dags/example_branch_operator.py
[2022-12-03T14:48:19.380+0000] {processor.py:743} INFO - Processing file /home/airflow/.local/lib/python3.7/site-packages/airflow/example_dags/example_branch_operator.py for tasks to queue
[2022-12-03T14:48:19.381+0000] {logging_mixin.py:137} INFO - [2022-12-03T14:48:19.381+0000] {dagbag.py:538} INFO - Filling up the DagBag from /home/airflow/.local/lib/python3.7/site-packages/airflow/example_dags/example_branch_operator.py
[2022-12-03T14:48:19.414+0000] {processor.py:753} INFO - DAG(s) dict_keys(['example_branch_operator']) retrieved from /home/airflow/.local/lib/python3.7/site-packages/airflow/example_dags/example_branch_operator.py
[2022-12-03T14:48:19.517+0000] {logging_mixin.py:137} INFO - [2022-12-03T14:48:19.517+0000] {dag.py:2676} INFO - Sync 1 DAGs
[2022-12-03T14:48:19.599+0000] {logging_mixin.py:137} INFO - [2022-12-03T14:48:19.599+0000] {dag.py:3427} INFO - Setting next_dagrun for example_branch_operator to 2022-12-02T00:00:00+00:00, run_after=2022-12-03T00:00:00+00:00
[2022-12-03T14:48:19.627+0000] {processor.py:175} INFO - Processing /home/airflow/.local/lib/python3.7/site-packages/airflow/example_dags/example_branch_operator.py took 0.283 seconds
[2022-12-03T14:48:49.901+0000] {processor.py:153} INFO - Started process (PID=2430) to work on /home/airflow/.local/lib/python3.7/site-packages/airflow/example_dags/example_branch_operator.py
[2022-12-03T14:48:49.902+0000] {processor.py:743} INFO - Processing file /home/airflow/.local/lib/python3.7/site-packages/airflow/example_dags/example_branch_operator.py for tasks to queue
[2022-12-03T14:48:49.903+0000] {logging_mixin.py:137} INFO - [2022-12-03T14:48:49.903+0000] {dagbag.py:538} INFO - Filling up the DagBag from /home/airflow/.local/lib/python3.7/site-packages/airflow/example_dags/example_branch_operator.py
[2022-12-03T14:48:49.920+0000] {processor.py:753} INFO - DAG(s) dict_keys(['example_branch_operator']) retrieved from /home/airflow/.local/lib/python3.7/site-packages/airflow/example_dags/example_branch_operator.py
[2022-12-03T14:48:49.956+0000] {logging_mixin.py:137} INFO - [2022-12-03T14:48:49.956+0000] {dag.py:2676} INFO - Sync 1 DAGs
[2022-12-03T14:48:49.998+0000] {logging_mixin.py:137} INFO - [2022-12-03T14:48:49.998+0000] {dag.py:3427} INFO - Setting next_dagrun for example_branch_operator to 2022-12-02T00:00:00+00:00, run_after=2022-12-03T00:00:00+00:00
[2022-12-03T14:48:50.016+0000] {processor.py:175} INFO - Processing /home/airflow/.local/lib/python3.7/site-packages/airflow/example_dags/example_branch_operator.py took 0.118 seconds
[2022-12-03T14:49:20.495+0000] {processor.py:153} INFO - Started process (PID=2539) to work on /home/airflow/.local/lib/python3.7/site-packages/airflow/example_dags/example_branch_operator.py
[2022-12-03T14:49:20.496+0000] {processor.py:743} INFO - Processing file /home/airflow/.local/lib/python3.7/site-packages/airflow/example_dags/example_branch_operator.py for tasks to queue
[2022-12-03T14:49:20.497+0000] {logging_mixin.py:137} INFO - [2022-12-03T14:49:20.497+0000] {dagbag.py:538} INFO - Filling up the DagBag from /home/airflow/.local/lib/python3.7/site-packages/airflow/example_dags/example_branch_operator.py
[2022-12-03T14:49:20.516+0000] {processor.py:753} INFO - DAG(s) dict_keys(['example_branch_operator']) retrieved from /home/airflow/.local/lib/python3.7/site-packages/airflow/example_dags/example_branch_operator.py
[2022-12-03T14:49:20.593+0000] {logging_mixin.py:137} INFO - [2022-12-03T14:49:20.593+0000] {dag.py:2676} INFO - Sync 1 DAGs
[2022-12-03T14:49:20.621+0000] {logging_mixin.py:137} INFO - [2022-12-03T14:49:20.621+0000] {dag.py:3427} INFO - Setting next_dagrun for example_branch_operator to 2022-12-02T00:00:00+00:00, run_after=2022-12-03T00:00:00+00:00
[2022-12-03T14:49:20.672+0000] {processor.py:175} INFO - Processing /home/airflow/.local/lib/python3.7/site-packages/airflow/example_dags/example_branch_operator.py took 0.181 seconds
[2022-12-03T14:49:51.116+0000] {processor.py:153} INFO - Started process (PID=2624) to work on /home/airflow/.local/lib/python3.7/site-packages/airflow/example_dags/example_branch_operator.py
[2022-12-03T14:49:51.117+0000] {processor.py:743} INFO - Processing file /home/airflow/.local/lib/python3.7/site-packages/airflow/example_dags/example_branch_operator.py for tasks to queue
[2022-12-03T14:49:51.117+0000] {logging_mixin.py:137} INFO - [2022-12-03T14:49:51.117+0000] {dagbag.py:538} INFO - Filling up the DagBag from /home/airflow/.local/lib/python3.7/site-packages/airflow/example_dags/example_branch_operator.py
[2022-12-03T14:49:51.133+0000] {processor.py:753} INFO - DAG(s) dict_keys(['example_branch_operator']) retrieved from /home/airflow/.local/lib/python3.7/site-packages/airflow/example_dags/example_branch_operator.py
[2022-12-03T14:49:51.200+0000] {logging_mixin.py:137} INFO - [2022-12-03T14:49:51.199+0000] {dag.py:2676} INFO - Sync 1 DAGs
[2022-12-03T14:49:51.226+0000] {logging_mixin.py:137} INFO - [2022-12-03T14:49:51.226+0000] {dag.py:3427} INFO - Setting next_dagrun for example_branch_operator to 2022-12-02T00:00:00+00:00, run_after=2022-12-03T00:00:00+00:00
[2022-12-03T14:49:51.243+0000] {processor.py:175} INFO - Processing /home/airflow/.local/lib/python3.7/site-packages/airflow/example_dags/example_branch_operator.py took 0.129 seconds
[2022-12-03T14:50:21.414+0000] {processor.py:153} INFO - Started process (PID=2710) to work on /home/airflow/.local/lib/python3.7/site-packages/airflow/example_dags/example_branch_operator.py
[2022-12-03T14:50:21.415+0000] {processor.py:743} INFO - Processing file /home/airflow/.local/lib/python3.7/site-packages/airflow/example_dags/example_branch_operator.py for tasks to queue
[2022-12-03T14:50:21.416+0000] {logging_mixin.py:137} INFO - [2022-12-03T14:50:21.416+0000] {dagbag.py:538} INFO - Filling up the DagBag from /home/airflow/.local/lib/python3.7/site-packages/airflow/example_dags/example_branch_operator.py
[2022-12-03T14:50:21.433+0000] {processor.py:753} INFO - DAG(s) dict_keys(['example_branch_operator']) retrieved from /home/airflow/.local/lib/python3.7/site-packages/airflow/example_dags/example_branch_operator.py
[2022-12-03T14:50:21.477+0000] {logging_mixin.py:137} INFO - [2022-12-03T14:50:21.477+0000] {dag.py:2676} INFO - Sync 1 DAGs
[2022-12-03T14:50:21.509+0000] {logging_mixin.py:137} INFO - [2022-12-03T14:50:21.509+0000] {dag.py:3427} INFO - Setting next_dagrun for example_branch_operator to 2022-12-02T00:00:00+00:00, run_after=2022-12-03T00:00:00+00:00
[2022-12-03T14:50:21.527+0000] {processor.py:175} INFO - Processing /home/airflow/.local/lib/python3.7/site-packages/airflow/example_dags/example_branch_operator.py took 0.115 seconds
[2022-12-03T14:50:51.705+0000] {processor.py:153} INFO - Started process (PID=2803) to work on /home/airflow/.local/lib/python3.7/site-packages/airflow/example_dags/example_branch_operator.py
[2022-12-03T14:50:51.706+0000] {processor.py:743} INFO - Processing file /home/airflow/.local/lib/python3.7/site-packages/airflow/example_dags/example_branch_operator.py for tasks to queue
[2022-12-03T14:50:51.706+0000] {logging_mixin.py:137} INFO - [2022-12-03T14:50:51.706+0000] {dagbag.py:538} INFO - Filling up the DagBag from /home/airflow/.local/lib/python3.7/site-packages/airflow/example_dags/example_branch_operator.py
[2022-12-03T14:50:51.724+0000] {processor.py:753} INFO - DAG(s) dict_keys(['example_branch_operator']) retrieved from /home/airflow/.local/lib/python3.7/site-packages/airflow/example_dags/example_branch_operator.py
[2022-12-03T14:50:51.895+0000] {logging_mixin.py:137} INFO - [2022-12-03T14:50:51.895+0000] {dag.py:2676} INFO - Sync 1 DAGs
[2022-12-03T14:50:51.926+0000] {logging_mixin.py:137} INFO - [2022-12-03T14:50:51.926+0000] {dag.py:3427} INFO - Setting next_dagrun for example_branch_operator to 2022-12-02T00:00:00+00:00, run_after=2022-12-03T00:00:00+00:00
[2022-12-03T14:50:52.003+0000] {processor.py:175} INFO - Processing /home/airflow/.local/lib/python3.7/site-packages/airflow/example_dags/example_branch_operator.py took 0.301 seconds
[2022-12-03T14:51:22.410+0000] {processor.py:153} INFO - Started process (PID=2906) to work on /home/airflow/.local/lib/python3.7/site-packages/airflow/example_dags/example_branch_operator.py
[2022-12-03T14:51:22.411+0000] {processor.py:743} INFO - Processing file /home/airflow/.local/lib/python3.7/site-packages/airflow/example_dags/example_branch_operator.py for tasks to queue
[2022-12-03T14:51:22.412+0000] {logging_mixin.py:137} INFO - [2022-12-03T14:51:22.412+0000] {dagbag.py:538} INFO - Filling up the DagBag from /home/airflow/.local/lib/python3.7/site-packages/airflow/example_dags/example_branch_operator.py
[2022-12-03T14:51:22.475+0000] {processor.py:753} INFO - DAG(s) dict_keys(['example_branch_operator']) retrieved from /home/airflow/.local/lib/python3.7/site-packages/airflow/example_dags/example_branch_operator.py
[2022-12-03T14:51:22.524+0000] {logging_mixin.py:137} INFO - [2022-12-03T14:51:22.524+0000] {dag.py:2676} INFO - Sync 1 DAGs
[2022-12-03T14:51:22.602+0000] {logging_mixin.py:137} INFO - [2022-12-03T14:51:22.602+0000] {dag.py:3427} INFO - Setting next_dagrun for example_branch_operator to 2022-12-02T00:00:00+00:00, run_after=2022-12-03T00:00:00+00:00
[2022-12-03T14:51:22.627+0000] {processor.py:175} INFO - Processing /home/airflow/.local/lib/python3.7/site-packages/airflow/example_dags/example_branch_operator.py took 0.220 seconds
[2022-12-03T14:51:52.913+0000] {processor.py:153} INFO - Started process (PID=2991) to work on /home/airflow/.local/lib/python3.7/site-packages/airflow/example_dags/example_branch_operator.py
[2022-12-03T14:51:52.914+0000] {processor.py:743} INFO - Processing file /home/airflow/.local/lib/python3.7/site-packages/airflow/example_dags/example_branch_operator.py for tasks to queue
[2022-12-03T14:51:52.915+0000] {logging_mixin.py:137} INFO - [2022-12-03T14:51:52.915+0000] {dagbag.py:538} INFO - Filling up the DagBag from /home/airflow/.local/lib/python3.7/site-packages/airflow/example_dags/example_branch_operator.py
[2022-12-03T14:51:52.931+0000] {processor.py:753} INFO - DAG(s) dict_keys(['example_branch_operator']) retrieved from /home/airflow/.local/lib/python3.7/site-packages/airflow/example_dags/example_branch_operator.py
[2022-12-03T14:51:52.981+0000] {logging_mixin.py:137} INFO - [2022-12-03T14:51:52.981+0000] {dag.py:2676} INFO - Sync 1 DAGs
[2022-12-03T14:51:53.024+0000] {logging_mixin.py:137} INFO - [2022-12-03T14:51:53.024+0000] {dag.py:3427} INFO - Setting next_dagrun for example_branch_operator to 2022-12-02T00:00:00+00:00, run_after=2022-12-03T00:00:00+00:00
[2022-12-03T14:51:53.042+0000] {processor.py:175} INFO - Processing /home/airflow/.local/lib/python3.7/site-packages/airflow/example_dags/example_branch_operator.py took 0.131 seconds
[2022-12-03T14:52:23.324+0000] {processor.py:153} INFO - Started process (PID=3077) to work on /home/airflow/.local/lib/python3.7/site-packages/airflow/example_dags/example_branch_operator.py
[2022-12-03T14:52:23.325+0000] {processor.py:743} INFO - Processing file /home/airflow/.local/lib/python3.7/site-packages/airflow/example_dags/example_branch_operator.py for tasks to queue
[2022-12-03T14:52:23.326+0000] {logging_mixin.py:137} INFO - [2022-12-03T14:52:23.325+0000] {dagbag.py:538} INFO - Filling up the DagBag from /home/airflow/.local/lib/python3.7/site-packages/airflow/example_dags/example_branch_operator.py
[2022-12-03T14:52:23.343+0000] {processor.py:753} INFO - DAG(s) dict_keys(['example_branch_operator']) retrieved from /home/airflow/.local/lib/python3.7/site-packages/airflow/example_dags/example_branch_operator.py
[2022-12-03T14:52:23.406+0000] {logging_mixin.py:137} INFO - [2022-12-03T14:52:23.406+0000] {dag.py:2676} INFO - Sync 1 DAGs
[2022-12-03T14:52:23.436+0000] {logging_mixin.py:137} INFO - [2022-12-03T14:52:23.435+0000] {dag.py:3427} INFO - Setting next_dagrun for example_branch_operator to 2022-12-02T00:00:00+00:00, run_after=2022-12-03T00:00:00+00:00
[2022-12-03T14:52:23.459+0000] {processor.py:175} INFO - Processing /home/airflow/.local/lib/python3.7/site-packages/airflow/example_dags/example_branch_operator.py took 0.139 seconds
[2022-12-03T14:52:54.898+0000] {processor.py:153} INFO - Started process (PID=3163) to work on /home/airflow/.local/lib/python3.7/site-packages/airflow/example_dags/example_branch_operator.py
[2022-12-03T14:52:54.899+0000] {processor.py:743} INFO - Processing file /home/airflow/.local/lib/python3.7/site-packages/airflow/example_dags/example_branch_operator.py for tasks to queue
[2022-12-03T14:52:54.899+0000] {logging_mixin.py:137} INFO - [2022-12-03T14:52:54.899+0000] {dagbag.py:538} INFO - Filling up the DagBag from /home/airflow/.local/lib/python3.7/site-packages/airflow/example_dags/example_branch_operator.py
[2022-12-03T14:52:54.998+0000] {processor.py:753} INFO - DAG(s) dict_keys(['example_branch_operator']) retrieved from /home/airflow/.local/lib/python3.7/site-packages/airflow/example_dags/example_branch_operator.py
[2022-12-03T14:52:55.185+0000] {logging_mixin.py:137} INFO - [2022-12-03T14:52:55.185+0000] {dag.py:2676} INFO - Sync 1 DAGs
[2022-12-03T14:52:55.393+0000] {logging_mixin.py:137} INFO - [2022-12-03T14:52:55.392+0000] {dag.py:3427} INFO - Setting next_dagrun for example_branch_operator to 2022-12-02T00:00:00+00:00, run_after=2022-12-03T00:00:00+00:00
[2022-12-03T14:52:55.586+0000] {processor.py:175} INFO - Processing /home/airflow/.local/lib/python3.7/site-packages/airflow/example_dags/example_branch_operator.py took 0.691 seconds
[2022-12-03T14:53:25.903+0000] {processor.py:153} INFO - Started process (PID=3249) to work on /home/airflow/.local/lib/python3.7/site-packages/airflow/example_dags/example_branch_operator.py
[2022-12-03T14:53:25.904+0000] {processor.py:743} INFO - Processing file /home/airflow/.local/lib/python3.7/site-packages/airflow/example_dags/example_branch_operator.py for tasks to queue
[2022-12-03T14:53:25.905+0000] {logging_mixin.py:137} INFO - [2022-12-03T14:53:25.904+0000] {dagbag.py:538} INFO - Filling up the DagBag from /home/airflow/.local/lib/python3.7/site-packages/airflow/example_dags/example_branch_operator.py
[2022-12-03T14:53:25.996+0000] {processor.py:753} INFO - DAG(s) dict_keys(['example_branch_operator']) retrieved from /home/airflow/.local/lib/python3.7/site-packages/airflow/example_dags/example_branch_operator.py
[2022-12-03T14:53:26.167+0000] {logging_mixin.py:137} INFO - [2022-12-03T14:53:26.167+0000] {dag.py:2676} INFO - Sync 1 DAGs
[2022-12-03T14:53:26.214+0000] {logging_mixin.py:137} INFO - [2022-12-03T14:53:26.214+0000] {dag.py:3427} INFO - Setting next_dagrun for example_branch_operator to 2022-12-02T00:00:00+00:00, run_after=2022-12-03T00:00:00+00:00
[2022-12-03T14:53:26.307+0000] {processor.py:175} INFO - Processing /home/airflow/.local/lib/python3.7/site-packages/airflow/example_dags/example_branch_operator.py took 0.407 seconds
[2022-12-03T14:53:56.872+0000] {processor.py:153} INFO - Started process (PID=3335) to work on /home/airflow/.local/lib/python3.7/site-packages/airflow/example_dags/example_branch_operator.py
[2022-12-03T14:53:56.873+0000] {processor.py:743} INFO - Processing file /home/airflow/.local/lib/python3.7/site-packages/airflow/example_dags/example_branch_operator.py for tasks to queue
[2022-12-03T14:53:56.874+0000] {logging_mixin.py:137} INFO - [2022-12-03T14:53:56.874+0000] {dagbag.py:538} INFO - Filling up the DagBag from /home/airflow/.local/lib/python3.7/site-packages/airflow/example_dags/example_branch_operator.py
[2022-12-03T14:53:56.898+0000] {processor.py:753} INFO - DAG(s) dict_keys(['example_branch_operator']) retrieved from /home/airflow/.local/lib/python3.7/site-packages/airflow/example_dags/example_branch_operator.py
[2022-12-03T14:53:57.112+0000] {logging_mixin.py:137} INFO - [2022-12-03T14:53:57.112+0000] {dag.py:2676} INFO - Sync 1 DAGs
[2022-12-03T14:53:57.288+0000] {logging_mixin.py:137} INFO - [2022-12-03T14:53:57.288+0000] {dag.py:3427} INFO - Setting next_dagrun for example_branch_operator to 2022-12-02T00:00:00+00:00, run_after=2022-12-03T00:00:00+00:00
[2022-12-03T14:53:57.396+0000] {processor.py:175} INFO - Processing /home/airflow/.local/lib/python3.7/site-packages/airflow/example_dags/example_branch_operator.py took 0.527 seconds
[2022-12-03T14:54:28.421+0000] {processor.py:153} INFO - Started process (PID=3397) to work on /home/airflow/.local/lib/python3.7/site-packages/airflow/example_dags/example_branch_operator.py
[2022-12-03T14:54:28.422+0000] {processor.py:743} INFO - Processing file /home/airflow/.local/lib/python3.7/site-packages/airflow/example_dags/example_branch_operator.py for tasks to queue
[2022-12-03T14:54:28.423+0000] {logging_mixin.py:137} INFO - [2022-12-03T14:54:28.423+0000] {dagbag.py:538} INFO - Filling up the DagBag from /home/airflow/.local/lib/python3.7/site-packages/airflow/example_dags/example_branch_operator.py
[2022-12-03T14:54:28.494+0000] {processor.py:753} INFO - DAG(s) dict_keys(['example_branch_operator']) retrieved from /home/airflow/.local/lib/python3.7/site-packages/airflow/example_dags/example_branch_operator.py
[2022-12-03T14:54:28.674+0000] {logging_mixin.py:137} INFO - [2022-12-03T14:54:28.674+0000] {dag.py:2676} INFO - Sync 1 DAGs
[2022-12-03T14:54:28.822+0000] {logging_mixin.py:137} INFO - [2022-12-03T14:54:28.822+0000] {dag.py:3427} INFO - Setting next_dagrun for example_branch_operator to 2022-12-02T00:00:00+00:00, run_after=2022-12-03T00:00:00+00:00
[2022-12-03T14:54:28.880+0000] {processor.py:175} INFO - Processing /home/airflow/.local/lib/python3.7/site-packages/airflow/example_dags/example_branch_operator.py took 0.463 seconds
[2022-12-03T14:54:59.052+0000] {processor.py:153} INFO - Started process (PID=3481) to work on /home/airflow/.local/lib/python3.7/site-packages/airflow/example_dags/example_branch_operator.py
[2022-12-03T14:54:59.053+0000] {processor.py:743} INFO - Processing file /home/airflow/.local/lib/python3.7/site-packages/airflow/example_dags/example_branch_operator.py for tasks to queue
[2022-12-03T14:54:59.054+0000] {logging_mixin.py:137} INFO - [2022-12-03T14:54:59.054+0000] {dagbag.py:538} INFO - Filling up the DagBag from /home/airflow/.local/lib/python3.7/site-packages/airflow/example_dags/example_branch_operator.py
[2022-12-03T14:54:59.110+0000] {processor.py:753} INFO - DAG(s) dict_keys(['example_branch_operator']) retrieved from /home/airflow/.local/lib/python3.7/site-packages/airflow/example_dags/example_branch_operator.py
[2022-12-03T14:54:59.152+0000] {logging_mixin.py:137} INFO - [2022-12-03T14:54:59.152+0000] {dag.py:2676} INFO - Sync 1 DAGs
[2022-12-03T14:54:59.192+0000] {logging_mixin.py:137} INFO - [2022-12-03T14:54:59.192+0000] {dag.py:3427} INFO - Setting next_dagrun for example_branch_operator to 2022-12-02T00:00:00+00:00, run_after=2022-12-03T00:00:00+00:00
[2022-12-03T14:54:59.221+0000] {processor.py:175} INFO - Processing /home/airflow/.local/lib/python3.7/site-packages/airflow/example_dags/example_branch_operator.py took 0.172 seconds
[2022-12-03T14:55:29.318+0000] {processor.py:153} INFO - Started process (PID=3576) to work on /home/airflow/.local/lib/python3.7/site-packages/airflow/example_dags/example_branch_operator.py
[2022-12-03T14:55:29.319+0000] {processor.py:743} INFO - Processing file /home/airflow/.local/lib/python3.7/site-packages/airflow/example_dags/example_branch_operator.py for tasks to queue
[2022-12-03T14:55:29.320+0000] {logging_mixin.py:137} INFO - [2022-12-03T14:55:29.320+0000] {dagbag.py:538} INFO - Filling up the DagBag from /home/airflow/.local/lib/python3.7/site-packages/airflow/example_dags/example_branch_operator.py
[2022-12-03T14:55:29.338+0000] {processor.py:753} INFO - DAG(s) dict_keys(['example_branch_operator']) retrieved from /home/airflow/.local/lib/python3.7/site-packages/airflow/example_dags/example_branch_operator.py
[2022-12-03T14:55:29.413+0000] {logging_mixin.py:137} INFO - [2022-12-03T14:55:29.413+0000] {dag.py:2676} INFO - Sync 1 DAGs
[2022-12-03T14:55:29.569+0000] {logging_mixin.py:137} INFO - [2022-12-03T14:55:29.569+0000] {dag.py:3427} INFO - Setting next_dagrun for example_branch_operator to 2022-12-02T00:00:00+00:00, run_after=2022-12-03T00:00:00+00:00
[2022-12-03T14:55:29.611+0000] {processor.py:175} INFO - Processing /home/airflow/.local/lib/python3.7/site-packages/airflow/example_dags/example_branch_operator.py took 0.296 seconds
[2022-12-03T14:56:00.359+0000] {processor.py:153} INFO - Started process (PID=3677) to work on /home/airflow/.local/lib/python3.7/site-packages/airflow/example_dags/example_branch_operator.py
[2022-12-03T14:56:00.360+0000] {processor.py:743} INFO - Processing file /home/airflow/.local/lib/python3.7/site-packages/airflow/example_dags/example_branch_operator.py for tasks to queue
[2022-12-03T14:56:00.361+0000] {logging_mixin.py:137} INFO - [2022-12-03T14:56:00.361+0000] {dagbag.py:538} INFO - Filling up the DagBag from /home/airflow/.local/lib/python3.7/site-packages/airflow/example_dags/example_branch_operator.py
[2022-12-03T14:56:00.397+0000] {processor.py:753} INFO - DAG(s) dict_keys(['example_branch_operator']) retrieved from /home/airflow/.local/lib/python3.7/site-packages/airflow/example_dags/example_branch_operator.py
[2022-12-03T14:56:00.439+0000] {logging_mixin.py:137} INFO - [2022-12-03T14:56:00.438+0000] {dag.py:2676} INFO - Sync 1 DAGs
[2022-12-03T14:56:00.464+0000] {logging_mixin.py:137} INFO - [2022-12-03T14:56:00.464+0000] {dag.py:3427} INFO - Setting next_dagrun for example_branch_operator to 2022-12-02T00:00:00+00:00, run_after=2022-12-03T00:00:00+00:00
[2022-12-03T14:56:00.506+0000] {processor.py:175} INFO - Processing /home/airflow/.local/lib/python3.7/site-packages/airflow/example_dags/example_branch_operator.py took 0.149 seconds
[2022-12-03T14:56:31.206+0000] {processor.py:153} INFO - Started process (PID=3763) to work on /home/airflow/.local/lib/python3.7/site-packages/airflow/example_dags/example_branch_operator.py
[2022-12-03T14:56:31.208+0000] {processor.py:743} INFO - Processing file /home/airflow/.local/lib/python3.7/site-packages/airflow/example_dags/example_branch_operator.py for tasks to queue
[2022-12-03T14:56:31.209+0000] {logging_mixin.py:137} INFO - [2022-12-03T14:56:31.209+0000] {dagbag.py:538} INFO - Filling up the DagBag from /home/airflow/.local/lib/python3.7/site-packages/airflow/example_dags/example_branch_operator.py
[2022-12-03T14:56:31.231+0000] {processor.py:753} INFO - DAG(s) dict_keys(['example_branch_operator']) retrieved from /home/airflow/.local/lib/python3.7/site-packages/airflow/example_dags/example_branch_operator.py
[2022-12-03T14:56:31.294+0000] {logging_mixin.py:137} INFO - [2022-12-03T14:56:31.294+0000] {dag.py:2676} INFO - Sync 1 DAGs
[2022-12-03T14:56:31.329+0000] {logging_mixin.py:137} INFO - [2022-12-03T14:56:31.329+0000] {dag.py:3427} INFO - Setting next_dagrun for example_branch_operator to 2022-12-02T00:00:00+00:00, run_after=2022-12-03T00:00:00+00:00
[2022-12-03T14:56:31.347+0000] {processor.py:175} INFO - Processing /home/airflow/.local/lib/python3.7/site-packages/airflow/example_dags/example_branch_operator.py took 0.144 seconds
