[2022-12-03T14:36:06.278+0000] {processor.py:153} INFO - Started process (PID=97) to work on /home/airflow/.local/lib/python3.7/site-packages/airflow/example_dags/example_datasets.py
[2022-12-03T14:36:06.280+0000] {processor.py:743} INFO - Processing file /home/airflow/.local/lib/python3.7/site-packages/airflow/example_dags/example_datasets.py for tasks to queue
[2022-12-03T14:36:06.281+0000] {logging_mixin.py:137} INFO - [2022-12-03T14:36:06.281+0000] {dagbag.py:538} INFO - Filling up the DagBag from /home/airflow/.local/lib/python3.7/site-packages/airflow/example_dags/example_datasets.py
[2022-12-03T14:36:06.309+0000] {processor.py:753} INFO - DAG(s) dict_keys(['dataset_consumes_1', 'dataset_consumes_1_never_scheduled', 'dataset_produces_1', 'dataset_consumes_1_and_2', 'dataset_consumes_unknown_never_scheduled', 'dataset_produces_2']) retrieved from /home/airflow/.local/lib/python3.7/site-packages/airflow/example_dags/example_datasets.py
[2022-12-03T14:36:06.504+0000] {logging_mixin.py:137} INFO - [2022-12-03T14:36:06.504+0000] {dag.py:2676} INFO - Sync 6 DAGs
[2022-12-03T14:36:06.540+0000] {logging_mixin.py:137} INFO - [2022-12-03T14:36:06.540+0000] {dag.py:3427} INFO - Setting next_dagrun for dataset_consumes_1 to None, run_after=None
[2022-12-03T14:36:06.543+0000] {logging_mixin.py:137} INFO - [2022-12-03T14:36:06.543+0000] {dag.py:3427} INFO - Setting next_dagrun for dataset_consumes_1_and_2 to None, run_after=None
[2022-12-03T14:36:06.545+0000] {logging_mixin.py:137} INFO - [2022-12-03T14:36:06.545+0000] {dag.py:3427} INFO - Setting next_dagrun for dataset_consumes_1_never_scheduled to None, run_after=None
[2022-12-03T14:36:06.546+0000] {logging_mixin.py:137} INFO - [2022-12-03T14:36:06.546+0000] {dag.py:3427} INFO - Setting next_dagrun for dataset_consumes_unknown_never_scheduled to None, run_after=None
[2022-12-03T14:36:06.550+0000] {logging_mixin.py:137} INFO - [2022-12-03T14:36:06.550+0000] {dag.py:3427} INFO - Setting next_dagrun for dataset_produces_1 to 2022-12-02T00:00:00+00:00, run_after=2022-12-03T00:00:00+00:00
[2022-12-03T14:36:06.551+0000] {logging_mixin.py:137} INFO - [2022-12-03T14:36:06.551+0000] {dag.py:3427} INFO - Setting next_dagrun for dataset_produces_2 to None, run_after=None
[2022-12-03T14:36:06.597+0000] {processor.py:175} INFO - Processing /home/airflow/.local/lib/python3.7/site-packages/airflow/example_dags/example_datasets.py took 0.333 seconds
[2022-12-03T14:36:37.011+0000] {processor.py:153} INFO - Started process (PID=183) to work on /home/airflow/.local/lib/python3.7/site-packages/airflow/example_dags/example_datasets.py
[2022-12-03T14:36:37.012+0000] {processor.py:743} INFO - Processing file /home/airflow/.local/lib/python3.7/site-packages/airflow/example_dags/example_datasets.py for tasks to queue
[2022-12-03T14:36:37.013+0000] {logging_mixin.py:137} INFO - [2022-12-03T14:36:37.013+0000] {dagbag.py:538} INFO - Filling up the DagBag from /home/airflow/.local/lib/python3.7/site-packages/airflow/example_dags/example_datasets.py
[2022-12-03T14:36:37.030+0000] {processor.py:753} INFO - DAG(s) dict_keys(['dataset_produces_1', 'dataset_consumes_1', 'dataset_consumes_1_and_2', 'dataset_consumes_unknown_never_scheduled', 'dataset_produces_2', 'dataset_consumes_1_never_scheduled']) retrieved from /home/airflow/.local/lib/python3.7/site-packages/airflow/example_dags/example_datasets.py
[2022-12-03T14:36:37.090+0000] {logging_mixin.py:137} INFO - [2022-12-03T14:36:37.090+0000] {dag.py:2676} INFO - Sync 6 DAGs
[2022-12-03T14:36:37.119+0000] {logging_mixin.py:137} INFO - [2022-12-03T14:36:37.119+0000] {dag.py:3427} INFO - Setting next_dagrun for dataset_consumes_1 to None, run_after=None
[2022-12-03T14:36:37.123+0000] {logging_mixin.py:137} INFO - [2022-12-03T14:36:37.123+0000] {dag.py:3427} INFO - Setting next_dagrun for dataset_consumes_1_and_2 to None, run_after=None
[2022-12-03T14:36:37.124+0000] {logging_mixin.py:137} INFO - [2022-12-03T14:36:37.124+0000] {dag.py:3427} INFO - Setting next_dagrun for dataset_consumes_1_never_scheduled to None, run_after=None
[2022-12-03T14:36:37.125+0000] {logging_mixin.py:137} INFO - [2022-12-03T14:36:37.125+0000] {dag.py:3427} INFO - Setting next_dagrun for dataset_consumes_unknown_never_scheduled to None, run_after=None
[2022-12-03T14:36:37.128+0000] {logging_mixin.py:137} INFO - [2022-12-03T14:36:37.128+0000] {dag.py:3427} INFO - Setting next_dagrun for dataset_produces_1 to 2022-12-02T00:00:00+00:00, run_after=2022-12-03T00:00:00+00:00
[2022-12-03T14:36:37.129+0000] {logging_mixin.py:137} INFO - [2022-12-03T14:36:37.129+0000] {dag.py:3427} INFO - Setting next_dagrun for dataset_produces_2 to None, run_after=None
[2022-12-03T14:36:37.162+0000] {processor.py:175} INFO - Processing /home/airflow/.local/lib/python3.7/site-packages/airflow/example_dags/example_datasets.py took 0.153 seconds
[2022-12-03T14:37:07.892+0000] {processor.py:153} INFO - Started process (PID=275) to work on /home/airflow/.local/lib/python3.7/site-packages/airflow/example_dags/example_datasets.py
[2022-12-03T14:37:07.893+0000] {processor.py:743} INFO - Processing file /home/airflow/.local/lib/python3.7/site-packages/airflow/example_dags/example_datasets.py for tasks to queue
[2022-12-03T14:37:07.894+0000] {logging_mixin.py:137} INFO - [2022-12-03T14:37:07.894+0000] {dagbag.py:538} INFO - Filling up the DagBag from /home/airflow/.local/lib/python3.7/site-packages/airflow/example_dags/example_datasets.py
[2022-12-03T14:37:07.910+0000] {processor.py:753} INFO - DAG(s) dict_keys(['dataset_consumes_1_and_2', 'dataset_produces_1', 'dataset_produces_2', 'dataset_consumes_1', 'dataset_consumes_1_never_scheduled', 'dataset_consumes_unknown_never_scheduled']) retrieved from /home/airflow/.local/lib/python3.7/site-packages/airflow/example_dags/example_datasets.py
[2022-12-03T14:37:08.067+0000] {logging_mixin.py:137} INFO - [2022-12-03T14:37:08.067+0000] {dag.py:2676} INFO - Sync 6 DAGs
[2022-12-03T14:37:08.173+0000] {logging_mixin.py:137} INFO - [2022-12-03T14:37:08.173+0000] {dag.py:3427} INFO - Setting next_dagrun for dataset_consumes_1 to None, run_after=None
[2022-12-03T14:37:08.178+0000] {logging_mixin.py:137} INFO - [2022-12-03T14:37:08.178+0000] {dag.py:3427} INFO - Setting next_dagrun for dataset_consumes_1_and_2 to None, run_after=None
[2022-12-03T14:37:08.179+0000] {logging_mixin.py:137} INFO - [2022-12-03T14:37:08.179+0000] {dag.py:3427} INFO - Setting next_dagrun for dataset_consumes_1_never_scheduled to None, run_after=None
[2022-12-03T14:37:08.181+0000] {logging_mixin.py:137} INFO - [2022-12-03T14:37:08.181+0000] {dag.py:3427} INFO - Setting next_dagrun for dataset_consumes_unknown_never_scheduled to None, run_after=None
[2022-12-03T14:37:08.184+0000] {logging_mixin.py:137} INFO - [2022-12-03T14:37:08.184+0000] {dag.py:3427} INFO - Setting next_dagrun for dataset_produces_1 to 2022-12-02T00:00:00+00:00, run_after=2022-12-03T00:00:00+00:00
[2022-12-03T14:37:08.185+0000] {logging_mixin.py:137} INFO - [2022-12-03T14:37:08.185+0000] {dag.py:3427} INFO - Setting next_dagrun for dataset_produces_2 to None, run_after=None
[2022-12-03T14:37:08.285+0000] {processor.py:175} INFO - Processing /home/airflow/.local/lib/python3.7/site-packages/airflow/example_dags/example_datasets.py took 0.396 seconds
[2022-12-03T14:37:38.353+0000] {processor.py:153} INFO - Started process (PID=380) to work on /home/airflow/.local/lib/python3.7/site-packages/airflow/example_dags/example_datasets.py
[2022-12-03T14:37:38.354+0000] {processor.py:743} INFO - Processing file /home/airflow/.local/lib/python3.7/site-packages/airflow/example_dags/example_datasets.py for tasks to queue
[2022-12-03T14:37:38.355+0000] {logging_mixin.py:137} INFO - [2022-12-03T14:37:38.355+0000] {dagbag.py:538} INFO - Filling up the DagBag from /home/airflow/.local/lib/python3.7/site-packages/airflow/example_dags/example_datasets.py
[2022-12-03T14:37:38.375+0000] {processor.py:753} INFO - DAG(s) dict_keys(['dataset_consumes_1_and_2', 'dataset_consumes_unknown_never_scheduled', 'dataset_consumes_1', 'dataset_produces_2', 'dataset_produces_1', 'dataset_consumes_1_never_scheduled']) retrieved from /home/airflow/.local/lib/python3.7/site-packages/airflow/example_dags/example_datasets.py
[2022-12-03T14:37:38.432+0000] {logging_mixin.py:137} INFO - [2022-12-03T14:37:38.432+0000] {dag.py:2676} INFO - Sync 6 DAGs
[2022-12-03T14:37:38.461+0000] {logging_mixin.py:137} INFO - [2022-12-03T14:37:38.461+0000] {dag.py:3427} INFO - Setting next_dagrun for dataset_consumes_1 to None, run_after=None
[2022-12-03T14:37:38.464+0000] {logging_mixin.py:137} INFO - [2022-12-03T14:37:38.464+0000] {dag.py:3427} INFO - Setting next_dagrun for dataset_consumes_1_and_2 to None, run_after=None
[2022-12-03T14:37:38.465+0000] {logging_mixin.py:137} INFO - [2022-12-03T14:37:38.465+0000] {dag.py:3427} INFO - Setting next_dagrun for dataset_consumes_1_never_scheduled to None, run_after=None
[2022-12-03T14:37:38.466+0000] {logging_mixin.py:137} INFO - [2022-12-03T14:37:38.466+0000] {dag.py:3427} INFO - Setting next_dagrun for dataset_consumes_unknown_never_scheduled to None, run_after=None
[2022-12-03T14:37:38.475+0000] {logging_mixin.py:137} INFO - [2022-12-03T14:37:38.474+0000] {dag.py:3427} INFO - Setting next_dagrun for dataset_produces_1 to 2022-12-02T00:00:00+00:00, run_after=2022-12-03T00:00:00+00:00
[2022-12-03T14:37:38.476+0000] {logging_mixin.py:137} INFO - [2022-12-03T14:37:38.476+0000] {dag.py:3427} INFO - Setting next_dagrun for dataset_produces_2 to None, run_after=None
[2022-12-03T14:37:38.517+0000] {processor.py:175} INFO - Processing /home/airflow/.local/lib/python3.7/site-packages/airflow/example_dags/example_datasets.py took 0.166 seconds
[2022-12-03T14:38:08.581+0000] {processor.py:153} INFO - Started process (PID=466) to work on /home/airflow/.local/lib/python3.7/site-packages/airflow/example_dags/example_datasets.py
[2022-12-03T14:38:08.582+0000] {processor.py:743} INFO - Processing file /home/airflow/.local/lib/python3.7/site-packages/airflow/example_dags/example_datasets.py for tasks to queue
[2022-12-03T14:38:08.583+0000] {logging_mixin.py:137} INFO - [2022-12-03T14:38:08.583+0000] {dagbag.py:538} INFO - Filling up the DagBag from /home/airflow/.local/lib/python3.7/site-packages/airflow/example_dags/example_datasets.py
[2022-12-03T14:38:08.599+0000] {processor.py:753} INFO - DAG(s) dict_keys(['dataset_consumes_1_and_2', 'dataset_consumes_1_never_scheduled', 'dataset_produces_2', 'dataset_consumes_1', 'dataset_consumes_unknown_never_scheduled', 'dataset_produces_1']) retrieved from /home/airflow/.local/lib/python3.7/site-packages/airflow/example_dags/example_datasets.py
[2022-12-03T14:38:08.657+0000] {logging_mixin.py:137} INFO - [2022-12-03T14:38:08.657+0000] {dag.py:2676} INFO - Sync 6 DAGs
[2022-12-03T14:38:08.697+0000] {logging_mixin.py:137} INFO - [2022-12-03T14:38:08.696+0000] {dag.py:3427} INFO - Setting next_dagrun for dataset_consumes_1 to None, run_after=None
[2022-12-03T14:38:08.701+0000] {logging_mixin.py:137} INFO - [2022-12-03T14:38:08.701+0000] {dag.py:3427} INFO - Setting next_dagrun for dataset_consumes_1_and_2 to None, run_after=None
[2022-12-03T14:38:08.703+0000] {logging_mixin.py:137} INFO - [2022-12-03T14:38:08.703+0000] {dag.py:3427} INFO - Setting next_dagrun for dataset_consumes_1_never_scheduled to None, run_after=None
[2022-12-03T14:38:08.704+0000] {logging_mixin.py:137} INFO - [2022-12-03T14:38:08.704+0000] {dag.py:3427} INFO - Setting next_dagrun for dataset_consumes_unknown_never_scheduled to None, run_after=None
[2022-12-03T14:38:08.709+0000] {logging_mixin.py:137} INFO - [2022-12-03T14:38:08.709+0000] {dag.py:3427} INFO - Setting next_dagrun for dataset_produces_1 to 2022-12-02T00:00:00+00:00, run_after=2022-12-03T00:00:00+00:00
[2022-12-03T14:38:08.710+0000] {logging_mixin.py:137} INFO - [2022-12-03T14:38:08.710+0000] {dag.py:3427} INFO - Setting next_dagrun for dataset_produces_2 to None, run_after=None
[2022-12-03T14:38:08.753+0000] {processor.py:175} INFO - Processing /home/airflow/.local/lib/python3.7/site-packages/airflow/example_dags/example_datasets.py took 0.179 seconds
[2022-12-03T14:38:39.194+0000] {processor.py:153} INFO - Started process (PID=551) to work on /home/airflow/.local/lib/python3.7/site-packages/airflow/example_dags/example_datasets.py
[2022-12-03T14:38:39.195+0000] {processor.py:743} INFO - Processing file /home/airflow/.local/lib/python3.7/site-packages/airflow/example_dags/example_datasets.py for tasks to queue
[2022-12-03T14:38:39.195+0000] {logging_mixin.py:137} INFO - [2022-12-03T14:38:39.195+0000] {dagbag.py:538} INFO - Filling up the DagBag from /home/airflow/.local/lib/python3.7/site-packages/airflow/example_dags/example_datasets.py
[2022-12-03T14:38:39.212+0000] {processor.py:753} INFO - DAG(s) dict_keys(['dataset_consumes_1_never_scheduled', 'dataset_consumes_1', 'dataset_consumes_1_and_2', 'dataset_produces_2', 'dataset_consumes_unknown_never_scheduled', 'dataset_produces_1']) retrieved from /home/airflow/.local/lib/python3.7/site-packages/airflow/example_dags/example_datasets.py
[2022-12-03T14:38:39.304+0000] {logging_mixin.py:137} INFO - [2022-12-03T14:38:39.304+0000] {dag.py:2676} INFO - Sync 6 DAGs
[2022-12-03T14:38:39.377+0000] {logging_mixin.py:137} INFO - [2022-12-03T14:38:39.377+0000] {dag.py:3427} INFO - Setting next_dagrun for dataset_consumes_1 to None, run_after=None
[2022-12-03T14:38:39.381+0000] {logging_mixin.py:137} INFO - [2022-12-03T14:38:39.380+0000] {dag.py:3427} INFO - Setting next_dagrun for dataset_consumes_1_and_2 to None, run_after=None
[2022-12-03T14:38:39.382+0000] {logging_mixin.py:137} INFO - [2022-12-03T14:38:39.382+0000] {dag.py:3427} INFO - Setting next_dagrun for dataset_consumes_1_never_scheduled to None, run_after=None
[2022-12-03T14:38:39.384+0000] {logging_mixin.py:137} INFO - [2022-12-03T14:38:39.383+0000] {dag.py:3427} INFO - Setting next_dagrun for dataset_consumes_unknown_never_scheduled to None, run_after=None
[2022-12-03T14:38:39.387+0000] {logging_mixin.py:137} INFO - [2022-12-03T14:38:39.387+0000] {dag.py:3427} INFO - Setting next_dagrun for dataset_produces_1 to 2022-12-02T00:00:00+00:00, run_after=2022-12-03T00:00:00+00:00
[2022-12-03T14:38:39.389+0000] {logging_mixin.py:137} INFO - [2022-12-03T14:38:39.389+0000] {dag.py:3427} INFO - Setting next_dagrun for dataset_produces_2 to None, run_after=None
[2022-12-03T14:38:39.469+0000] {processor.py:175} INFO - Processing /home/airflow/.local/lib/python3.7/site-packages/airflow/example_dags/example_datasets.py took 0.277 seconds
[2022-12-03T14:39:09.504+0000] {processor.py:153} INFO - Started process (PID=660) to work on /home/airflow/.local/lib/python3.7/site-packages/airflow/example_dags/example_datasets.py
[2022-12-03T14:39:09.505+0000] {processor.py:743} INFO - Processing file /home/airflow/.local/lib/python3.7/site-packages/airflow/example_dags/example_datasets.py for tasks to queue
[2022-12-03T14:39:09.506+0000] {logging_mixin.py:137} INFO - [2022-12-03T14:39:09.505+0000] {dagbag.py:538} INFO - Filling up the DagBag from /home/airflow/.local/lib/python3.7/site-packages/airflow/example_dags/example_datasets.py
[2022-12-03T14:39:09.520+0000] {processor.py:753} INFO - DAG(s) dict_keys(['dataset_produces_2', 'dataset_consumes_1_never_scheduled', 'dataset_produces_1', 'dataset_consumes_unknown_never_scheduled', 'dataset_consumes_1_and_2', 'dataset_consumes_1']) retrieved from /home/airflow/.local/lib/python3.7/site-packages/airflow/example_dags/example_datasets.py
[2022-12-03T14:39:09.577+0000] {logging_mixin.py:137} INFO - [2022-12-03T14:39:09.577+0000] {dag.py:2676} INFO - Sync 6 DAGs
[2022-12-03T14:39:09.616+0000] {logging_mixin.py:137} INFO - [2022-12-03T14:39:09.615+0000] {dag.py:3427} INFO - Setting next_dagrun for dataset_consumes_1 to None, run_after=None
[2022-12-03T14:39:09.620+0000] {logging_mixin.py:137} INFO - [2022-12-03T14:39:09.619+0000] {dag.py:3427} INFO - Setting next_dagrun for dataset_consumes_1_and_2 to None, run_after=None
[2022-12-03T14:39:09.621+0000] {logging_mixin.py:137} INFO - [2022-12-03T14:39:09.621+0000] {dag.py:3427} INFO - Setting next_dagrun for dataset_consumes_1_never_scheduled to None, run_after=None
[2022-12-03T14:39:09.622+0000] {logging_mixin.py:137} INFO - [2022-12-03T14:39:09.622+0000] {dag.py:3427} INFO - Setting next_dagrun for dataset_consumes_unknown_never_scheduled to None, run_after=None
[2022-12-03T14:39:09.625+0000] {logging_mixin.py:137} INFO - [2022-12-03T14:39:09.625+0000] {dag.py:3427} INFO - Setting next_dagrun for dataset_produces_1 to 2022-12-02T00:00:00+00:00, run_after=2022-12-03T00:00:00+00:00
[2022-12-03T14:39:09.626+0000] {logging_mixin.py:137} INFO - [2022-12-03T14:39:09.626+0000] {dag.py:3427} INFO - Setting next_dagrun for dataset_produces_2 to None, run_after=None
[2022-12-03T14:39:09.661+0000] {processor.py:175} INFO - Processing /home/airflow/.local/lib/python3.7/site-packages/airflow/example_dags/example_datasets.py took 0.159 seconds
[2022-12-03T14:39:40.718+0000] {processor.py:153} INFO - Started process (PID=746) to work on /home/airflow/.local/lib/python3.7/site-packages/airflow/example_dags/example_datasets.py
[2022-12-03T14:39:40.719+0000] {processor.py:743} INFO - Processing file /home/airflow/.local/lib/python3.7/site-packages/airflow/example_dags/example_datasets.py for tasks to queue
[2022-12-03T14:39:40.720+0000] {logging_mixin.py:137} INFO - [2022-12-03T14:39:40.720+0000] {dagbag.py:538} INFO - Filling up the DagBag from /home/airflow/.local/lib/python3.7/site-packages/airflow/example_dags/example_datasets.py
[2022-12-03T14:39:40.736+0000] {processor.py:753} INFO - DAG(s) dict_keys(['dataset_produces_2', 'dataset_consumes_1_never_scheduled', 'dataset_consumes_unknown_never_scheduled', 'dataset_consumes_1', 'dataset_produces_1', 'dataset_consumes_1_and_2']) retrieved from /home/airflow/.local/lib/python3.7/site-packages/airflow/example_dags/example_datasets.py
[2022-12-03T14:39:40.815+0000] {logging_mixin.py:137} INFO - [2022-12-03T14:39:40.815+0000] {dag.py:2676} INFO - Sync 6 DAGs
[2022-12-03T14:39:40.855+0000] {logging_mixin.py:137} INFO - [2022-12-03T14:39:40.855+0000] {dag.py:3427} INFO - Setting next_dagrun for dataset_consumes_1 to None, run_after=None
[2022-12-03T14:39:40.860+0000] {logging_mixin.py:137} INFO - [2022-12-03T14:39:40.860+0000] {dag.py:3427} INFO - Setting next_dagrun for dataset_consumes_1_and_2 to None, run_after=None
[2022-12-03T14:39:40.862+0000] {logging_mixin.py:137} INFO - [2022-12-03T14:39:40.862+0000] {dag.py:3427} INFO - Setting next_dagrun for dataset_consumes_1_never_scheduled to None, run_after=None
[2022-12-03T14:39:40.863+0000] {logging_mixin.py:137} INFO - [2022-12-03T14:39:40.863+0000] {dag.py:3427} INFO - Setting next_dagrun for dataset_consumes_unknown_never_scheduled to None, run_after=None
[2022-12-03T14:39:40.867+0000] {logging_mixin.py:137} INFO - [2022-12-03T14:39:40.867+0000] {dag.py:3427} INFO - Setting next_dagrun for dataset_produces_1 to 2022-12-02T00:00:00+00:00, run_after=2022-12-03T00:00:00+00:00
[2022-12-03T14:39:40.873+0000] {logging_mixin.py:137} INFO - [2022-12-03T14:39:40.872+0000] {dag.py:3427} INFO - Setting next_dagrun for dataset_produces_2 to None, run_after=None
[2022-12-03T14:39:40.919+0000] {processor.py:175} INFO - Processing /home/airflow/.local/lib/python3.7/site-packages/airflow/example_dags/example_datasets.py took 0.203 seconds
[2022-12-03T14:40:10.949+0000] {processor.py:153} INFO - Started process (PID=856) to work on /home/airflow/.local/lib/python3.7/site-packages/airflow/example_dags/example_datasets.py
[2022-12-03T14:40:10.950+0000] {processor.py:743} INFO - Processing file /home/airflow/.local/lib/python3.7/site-packages/airflow/example_dags/example_datasets.py for tasks to queue
[2022-12-03T14:40:10.951+0000] {logging_mixin.py:137} INFO - [2022-12-03T14:40:10.951+0000] {dagbag.py:538} INFO - Filling up the DagBag from /home/airflow/.local/lib/python3.7/site-packages/airflow/example_dags/example_datasets.py
[2022-12-03T14:40:10.966+0000] {processor.py:753} INFO - DAG(s) dict_keys(['dataset_produces_1', 'dataset_consumes_1_never_scheduled', 'dataset_consumes_unknown_never_scheduled', 'dataset_produces_2', 'dataset_consumes_1', 'dataset_consumes_1_and_2']) retrieved from /home/airflow/.local/lib/python3.7/site-packages/airflow/example_dags/example_datasets.py
[2022-12-03T14:40:11.044+0000] {logging_mixin.py:137} INFO - [2022-12-03T14:40:11.043+0000] {dag.py:2676} INFO - Sync 6 DAGs
[2022-12-03T14:40:11.071+0000] {logging_mixin.py:137} INFO - [2022-12-03T14:40:11.070+0000] {dag.py:3427} INFO - Setting next_dagrun for dataset_consumes_1 to None, run_after=None
[2022-12-03T14:40:11.075+0000] {logging_mixin.py:137} INFO - [2022-12-03T14:40:11.075+0000] {dag.py:3427} INFO - Setting next_dagrun for dataset_consumes_1_and_2 to None, run_after=None
[2022-12-03T14:40:11.076+0000] {logging_mixin.py:137} INFO - [2022-12-03T14:40:11.076+0000] {dag.py:3427} INFO - Setting next_dagrun for dataset_consumes_1_never_scheduled to None, run_after=None
[2022-12-03T14:40:11.078+0000] {logging_mixin.py:137} INFO - [2022-12-03T14:40:11.078+0000] {dag.py:3427} INFO - Setting next_dagrun for dataset_consumes_unknown_never_scheduled to None, run_after=None
[2022-12-03T14:40:11.081+0000] {logging_mixin.py:137} INFO - [2022-12-03T14:40:11.081+0000] {dag.py:3427} INFO - Setting next_dagrun for dataset_produces_1 to 2022-12-02T00:00:00+00:00, run_after=2022-12-03T00:00:00+00:00
[2022-12-03T14:40:11.083+0000] {logging_mixin.py:137} INFO - [2022-12-03T14:40:11.082+0000] {dag.py:3427} INFO - Setting next_dagrun for dataset_produces_2 to None, run_after=None
[2022-12-03T14:40:11.119+0000] {processor.py:175} INFO - Processing /home/airflow/.local/lib/python3.7/site-packages/airflow/example_dags/example_datasets.py took 0.172 seconds
[2022-12-03T14:40:41.396+0000] {processor.py:153} INFO - Started process (PID=942) to work on /home/airflow/.local/lib/python3.7/site-packages/airflow/example_dags/example_datasets.py
[2022-12-03T14:40:41.397+0000] {processor.py:743} INFO - Processing file /home/airflow/.local/lib/python3.7/site-packages/airflow/example_dags/example_datasets.py for tasks to queue
[2022-12-03T14:40:41.398+0000] {logging_mixin.py:137} INFO - [2022-12-03T14:40:41.398+0000] {dagbag.py:538} INFO - Filling up the DagBag from /home/airflow/.local/lib/python3.7/site-packages/airflow/example_dags/example_datasets.py
[2022-12-03T14:40:41.421+0000] {processor.py:753} INFO - DAG(s) dict_keys(['dataset_consumes_1_never_scheduled', 'dataset_consumes_1_and_2', 'dataset_consumes_1', 'dataset_produces_1', 'dataset_consumes_unknown_never_scheduled', 'dataset_produces_2']) retrieved from /home/airflow/.local/lib/python3.7/site-packages/airflow/example_dags/example_datasets.py
[2022-12-03T14:40:41.500+0000] {logging_mixin.py:137} INFO - [2022-12-03T14:40:41.499+0000] {dag.py:2676} INFO - Sync 6 DAGs
[2022-12-03T14:40:41.535+0000] {logging_mixin.py:137} INFO - [2022-12-03T14:40:41.535+0000] {dag.py:3427} INFO - Setting next_dagrun for dataset_consumes_1 to None, run_after=None
[2022-12-03T14:40:41.538+0000] {logging_mixin.py:137} INFO - [2022-12-03T14:40:41.538+0000] {dag.py:3427} INFO - Setting next_dagrun for dataset_consumes_1_and_2 to None, run_after=None
[2022-12-03T14:40:41.540+0000] {logging_mixin.py:137} INFO - [2022-12-03T14:40:41.540+0000] {dag.py:3427} INFO - Setting next_dagrun for dataset_consumes_1_never_scheduled to None, run_after=None
[2022-12-03T14:40:41.541+0000] {logging_mixin.py:137} INFO - [2022-12-03T14:40:41.541+0000] {dag.py:3427} INFO - Setting next_dagrun for dataset_consumes_unknown_never_scheduled to None, run_after=None
[2022-12-03T14:40:41.544+0000] {logging_mixin.py:137} INFO - [2022-12-03T14:40:41.544+0000] {dag.py:3427} INFO - Setting next_dagrun for dataset_produces_1 to 2022-12-02T00:00:00+00:00, run_after=2022-12-03T00:00:00+00:00
[2022-12-03T14:40:41.545+0000] {logging_mixin.py:137} INFO - [2022-12-03T14:40:41.545+0000] {dag.py:3427} INFO - Setting next_dagrun for dataset_produces_2 to None, run_after=None
[2022-12-03T14:40:41.598+0000] {processor.py:175} INFO - Processing /home/airflow/.local/lib/python3.7/site-packages/airflow/example_dags/example_datasets.py took 0.205 seconds
[2022-12-03T14:41:12.174+0000] {processor.py:153} INFO - Started process (PID=1027) to work on /home/airflow/.local/lib/python3.7/site-packages/airflow/example_dags/example_datasets.py
[2022-12-03T14:41:12.176+0000] {processor.py:743} INFO - Processing file /home/airflow/.local/lib/python3.7/site-packages/airflow/example_dags/example_datasets.py for tasks to queue
[2022-12-03T14:41:12.177+0000] {logging_mixin.py:137} INFO - [2022-12-03T14:41:12.177+0000] {dagbag.py:538} INFO - Filling up the DagBag from /home/airflow/.local/lib/python3.7/site-packages/airflow/example_dags/example_datasets.py
[2022-12-03T14:41:12.198+0000] {processor.py:753} INFO - DAG(s) dict_keys(['dataset_produces_2', 'dataset_consumes_1_and_2', 'dataset_produces_1', 'dataset_consumes_1_never_scheduled', 'dataset_consumes_1', 'dataset_consumes_unknown_never_scheduled']) retrieved from /home/airflow/.local/lib/python3.7/site-packages/airflow/example_dags/example_datasets.py
[2022-12-03T14:41:12.257+0000] {logging_mixin.py:137} INFO - [2022-12-03T14:41:12.257+0000] {dag.py:2676} INFO - Sync 6 DAGs
[2022-12-03T14:41:12.296+0000] {logging_mixin.py:137} INFO - [2022-12-03T14:41:12.296+0000] {dag.py:3427} INFO - Setting next_dagrun for dataset_consumes_1 to None, run_after=None
[2022-12-03T14:41:12.301+0000] {logging_mixin.py:137} INFO - [2022-12-03T14:41:12.301+0000] {dag.py:3427} INFO - Setting next_dagrun for dataset_consumes_1_and_2 to None, run_after=None
[2022-12-03T14:41:12.302+0000] {logging_mixin.py:137} INFO - [2022-12-03T14:41:12.302+0000] {dag.py:3427} INFO - Setting next_dagrun for dataset_consumes_1_never_scheduled to None, run_after=None
[2022-12-03T14:41:12.304+0000] {logging_mixin.py:137} INFO - [2022-12-03T14:41:12.304+0000] {dag.py:3427} INFO - Setting next_dagrun for dataset_consumes_unknown_never_scheduled to None, run_after=None
[2022-12-03T14:41:12.307+0000] {logging_mixin.py:137} INFO - [2022-12-03T14:41:12.307+0000] {dag.py:3427} INFO - Setting next_dagrun for dataset_produces_1 to 2022-12-02T00:00:00+00:00, run_after=2022-12-03T00:00:00+00:00
[2022-12-03T14:41:12.309+0000] {logging_mixin.py:137} INFO - [2022-12-03T14:41:12.309+0000] {dag.py:3427} INFO - Setting next_dagrun for dataset_produces_2 to None, run_after=None
[2022-12-03T14:41:12.391+0000] {processor.py:175} INFO - Processing /home/airflow/.local/lib/python3.7/site-packages/airflow/example_dags/example_datasets.py took 0.224 seconds
[2022-12-03T14:41:42.729+0000] {processor.py:153} INFO - Started process (PID=1139) to work on /home/airflow/.local/lib/python3.7/site-packages/airflow/example_dags/example_datasets.py
[2022-12-03T14:41:42.730+0000] {processor.py:743} INFO - Processing file /home/airflow/.local/lib/python3.7/site-packages/airflow/example_dags/example_datasets.py for tasks to queue
[2022-12-03T14:41:42.731+0000] {logging_mixin.py:137} INFO - [2022-12-03T14:41:42.731+0000] {dagbag.py:538} INFO - Filling up the DagBag from /home/airflow/.local/lib/python3.7/site-packages/airflow/example_dags/example_datasets.py
[2022-12-03T14:41:42.791+0000] {processor.py:753} INFO - DAG(s) dict_keys(['dataset_consumes_1_and_2', 'dataset_consumes_1_never_scheduled', 'dataset_produces_2', 'dataset_consumes_1', 'dataset_produces_1', 'dataset_consumes_unknown_never_scheduled']) retrieved from /home/airflow/.local/lib/python3.7/site-packages/airflow/example_dags/example_datasets.py
[2022-12-03T14:41:42.900+0000] {logging_mixin.py:137} INFO - [2022-12-03T14:41:42.900+0000] {dag.py:2676} INFO - Sync 6 DAGs
[2022-12-03T14:41:42.971+0000] {logging_mixin.py:137} INFO - [2022-12-03T14:41:42.971+0000] {dag.py:3427} INFO - Setting next_dagrun for dataset_consumes_1 to None, run_after=None
[2022-12-03T14:41:42.977+0000] {logging_mixin.py:137} INFO - [2022-12-03T14:41:42.977+0000] {dag.py:3427} INFO - Setting next_dagrun for dataset_consumes_1_and_2 to None, run_after=None
[2022-12-03T14:41:42.978+0000] {logging_mixin.py:137} INFO - [2022-12-03T14:41:42.978+0000] {dag.py:3427} INFO - Setting next_dagrun for dataset_consumes_1_never_scheduled to None, run_after=None
[2022-12-03T14:41:42.985+0000] {logging_mixin.py:137} INFO - [2022-12-03T14:41:42.985+0000] {dag.py:3427} INFO - Setting next_dagrun for dataset_consumes_unknown_never_scheduled to None, run_after=None
[2022-12-03T14:41:42.989+0000] {logging_mixin.py:137} INFO - [2022-12-03T14:41:42.989+0000] {dag.py:3427} INFO - Setting next_dagrun for dataset_produces_1 to 2022-12-02T00:00:00+00:00, run_after=2022-12-03T00:00:00+00:00
[2022-12-03T14:41:42.991+0000] {logging_mixin.py:137} INFO - [2022-12-03T14:41:42.991+0000] {dag.py:3427} INFO - Setting next_dagrun for dataset_produces_2 to None, run_after=None
[2022-12-03T14:41:43.080+0000] {processor.py:175} INFO - Processing /home/airflow/.local/lib/python3.7/site-packages/airflow/example_dags/example_datasets.py took 0.354 seconds
[2022-12-03T14:42:13.490+0000] {processor.py:153} INFO - Started process (PID=1225) to work on /home/airflow/.local/lib/python3.7/site-packages/airflow/example_dags/example_datasets.py
[2022-12-03T14:42:13.490+0000] {processor.py:743} INFO - Processing file /home/airflow/.local/lib/python3.7/site-packages/airflow/example_dags/example_datasets.py for tasks to queue
[2022-12-03T14:42:13.491+0000] {logging_mixin.py:137} INFO - [2022-12-03T14:42:13.491+0000] {dagbag.py:538} INFO - Filling up the DagBag from /home/airflow/.local/lib/python3.7/site-packages/airflow/example_dags/example_datasets.py
[2022-12-03T14:42:13.507+0000] {processor.py:753} INFO - DAG(s) dict_keys(['dataset_consumes_1_never_scheduled', 'dataset_consumes_1_and_2', 'dataset_produces_1', 'dataset_consumes_1', 'dataset_consumes_unknown_never_scheduled', 'dataset_produces_2']) retrieved from /home/airflow/.local/lib/python3.7/site-packages/airflow/example_dags/example_datasets.py
[2022-12-03T14:42:13.597+0000] {logging_mixin.py:137} INFO - [2022-12-03T14:42:13.597+0000] {dag.py:2676} INFO - Sync 6 DAGs
[2022-12-03T14:42:13.622+0000] {logging_mixin.py:137} INFO - [2022-12-03T14:42:13.622+0000] {dag.py:3427} INFO - Setting next_dagrun for dataset_consumes_1 to None, run_after=None
[2022-12-03T14:42:13.625+0000] {logging_mixin.py:137} INFO - [2022-12-03T14:42:13.625+0000] {dag.py:3427} INFO - Setting next_dagrun for dataset_consumes_1_and_2 to None, run_after=None
[2022-12-03T14:42:13.627+0000] {logging_mixin.py:137} INFO - [2022-12-03T14:42:13.626+0000] {dag.py:3427} INFO - Setting next_dagrun for dataset_consumes_1_never_scheduled to None, run_after=None
[2022-12-03T14:42:13.628+0000] {logging_mixin.py:137} INFO - [2022-12-03T14:42:13.628+0000] {dag.py:3427} INFO - Setting next_dagrun for dataset_consumes_unknown_never_scheduled to None, run_after=None
[2022-12-03T14:42:13.630+0000] {logging_mixin.py:137} INFO - [2022-12-03T14:42:13.630+0000] {dag.py:3427} INFO - Setting next_dagrun for dataset_produces_1 to 2022-12-02T00:00:00+00:00, run_after=2022-12-03T00:00:00+00:00
[2022-12-03T14:42:13.631+0000] {logging_mixin.py:137} INFO - [2022-12-03T14:42:13.631+0000] {dag.py:3427} INFO - Setting next_dagrun for dataset_produces_2 to None, run_after=None
[2022-12-03T14:42:13.664+0000] {processor.py:175} INFO - Processing /home/airflow/.local/lib/python3.7/site-packages/airflow/example_dags/example_datasets.py took 0.177 seconds
[2022-12-03T14:42:44.332+0000] {processor.py:153} INFO - Started process (PID=1310) to work on /home/airflow/.local/lib/python3.7/site-packages/airflow/example_dags/example_datasets.py
[2022-12-03T14:42:44.333+0000] {processor.py:743} INFO - Processing file /home/airflow/.local/lib/python3.7/site-packages/airflow/example_dags/example_datasets.py for tasks to queue
[2022-12-03T14:42:44.334+0000] {logging_mixin.py:137} INFO - [2022-12-03T14:42:44.334+0000] {dagbag.py:538} INFO - Filling up the DagBag from /home/airflow/.local/lib/python3.7/site-packages/airflow/example_dags/example_datasets.py
[2022-12-03T14:42:44.349+0000] {processor.py:753} INFO - DAG(s) dict_keys(['dataset_produces_1', 'dataset_consumes_1', 'dataset_consumes_1_never_scheduled', 'dataset_consumes_1_and_2', 'dataset_consumes_unknown_never_scheduled', 'dataset_produces_2']) retrieved from /home/airflow/.local/lib/python3.7/site-packages/airflow/example_dags/example_datasets.py
[2022-12-03T14:42:44.409+0000] {logging_mixin.py:137} INFO - [2022-12-03T14:42:44.408+0000] {dag.py:2676} INFO - Sync 6 DAGs
[2022-12-03T14:42:44.435+0000] {logging_mixin.py:137} INFO - [2022-12-03T14:42:44.434+0000] {dag.py:3427} INFO - Setting next_dagrun for dataset_consumes_1 to None, run_after=None
[2022-12-03T14:42:44.438+0000] {logging_mixin.py:137} INFO - [2022-12-03T14:42:44.438+0000] {dag.py:3427} INFO - Setting next_dagrun for dataset_consumes_1_and_2 to None, run_after=None
[2022-12-03T14:42:44.439+0000] {logging_mixin.py:137} INFO - [2022-12-03T14:42:44.439+0000] {dag.py:3427} INFO - Setting next_dagrun for dataset_consumes_1_never_scheduled to None, run_after=None
[2022-12-03T14:42:44.440+0000] {logging_mixin.py:137} INFO - [2022-12-03T14:42:44.440+0000] {dag.py:3427} INFO - Setting next_dagrun for dataset_consumes_unknown_never_scheduled to None, run_after=None
[2022-12-03T14:42:44.442+0000] {logging_mixin.py:137} INFO - [2022-12-03T14:42:44.442+0000] {dag.py:3427} INFO - Setting next_dagrun for dataset_produces_1 to 2022-12-02T00:00:00+00:00, run_after=2022-12-03T00:00:00+00:00
[2022-12-03T14:42:44.443+0000] {logging_mixin.py:137} INFO - [2022-12-03T14:42:44.443+0000] {dag.py:3427} INFO - Setting next_dagrun for dataset_produces_2 to None, run_after=None
[2022-12-03T14:42:44.479+0000] {processor.py:175} INFO - Processing /home/airflow/.local/lib/python3.7/site-packages/airflow/example_dags/example_datasets.py took 0.149 seconds
[2022-12-03T14:43:14.620+0000] {processor.py:153} INFO - Started process (PID=1419) to work on /home/airflow/.local/lib/python3.7/site-packages/airflow/example_dags/example_datasets.py
[2022-12-03T14:43:14.621+0000] {processor.py:743} INFO - Processing file /home/airflow/.local/lib/python3.7/site-packages/airflow/example_dags/example_datasets.py for tasks to queue
[2022-12-03T14:43:14.621+0000] {logging_mixin.py:137} INFO - [2022-12-03T14:43:14.621+0000] {dagbag.py:538} INFO - Filling up the DagBag from /home/airflow/.local/lib/python3.7/site-packages/airflow/example_dags/example_datasets.py
[2022-12-03T14:43:14.637+0000] {processor.py:753} INFO - DAG(s) dict_keys(['dataset_produces_2', 'dataset_produces_1', 'dataset_consumes_1', 'dataset_consumes_1_and_2', 'dataset_consumes_1_never_scheduled', 'dataset_consumes_unknown_never_scheduled']) retrieved from /home/airflow/.local/lib/python3.7/site-packages/airflow/example_dags/example_datasets.py
[2022-12-03T14:43:14.710+0000] {logging_mixin.py:137} INFO - [2022-12-03T14:43:14.709+0000] {dag.py:2676} INFO - Sync 6 DAGs
[2022-12-03T14:43:14.735+0000] {logging_mixin.py:137} INFO - [2022-12-03T14:43:14.735+0000] {dag.py:3427} INFO - Setting next_dagrun for dataset_consumes_1 to None, run_after=None
[2022-12-03T14:43:14.739+0000] {logging_mixin.py:137} INFO - [2022-12-03T14:43:14.738+0000] {dag.py:3427} INFO - Setting next_dagrun for dataset_consumes_1_and_2 to None, run_after=None
[2022-12-03T14:43:14.740+0000] {logging_mixin.py:137} INFO - [2022-12-03T14:43:14.739+0000] {dag.py:3427} INFO - Setting next_dagrun for dataset_consumes_1_never_scheduled to None, run_after=None
[2022-12-03T14:43:14.741+0000] {logging_mixin.py:137} INFO - [2022-12-03T14:43:14.741+0000] {dag.py:3427} INFO - Setting next_dagrun for dataset_consumes_unknown_never_scheduled to None, run_after=None
[2022-12-03T14:43:14.743+0000] {logging_mixin.py:137} INFO - [2022-12-03T14:43:14.743+0000] {dag.py:3427} INFO - Setting next_dagrun for dataset_produces_1 to 2022-12-02T00:00:00+00:00, run_after=2022-12-03T00:00:00+00:00
[2022-12-03T14:43:14.744+0000] {logging_mixin.py:137} INFO - [2022-12-03T14:43:14.744+0000] {dag.py:3427} INFO - Setting next_dagrun for dataset_produces_2 to None, run_after=None
[2022-12-03T14:43:14.794+0000] {processor.py:175} INFO - Processing /home/airflow/.local/lib/python3.7/site-packages/airflow/example_dags/example_datasets.py took 0.176 seconds
[2022-12-03T14:43:44.849+0000] {processor.py:153} INFO - Started process (PID=1505) to work on /home/airflow/.local/lib/python3.7/site-packages/airflow/example_dags/example_datasets.py
[2022-12-03T14:43:44.850+0000] {processor.py:743} INFO - Processing file /home/airflow/.local/lib/python3.7/site-packages/airflow/example_dags/example_datasets.py for tasks to queue
[2022-12-03T14:43:44.850+0000] {logging_mixin.py:137} INFO - [2022-12-03T14:43:44.850+0000] {dagbag.py:538} INFO - Filling up the DagBag from /home/airflow/.local/lib/python3.7/site-packages/airflow/example_dags/example_datasets.py
[2022-12-03T14:43:44.866+0000] {processor.py:753} INFO - DAG(s) dict_keys(['dataset_consumes_1', 'dataset_consumes_1_and_2', 'dataset_consumes_unknown_never_scheduled', 'dataset_produces_1', 'dataset_consumes_1_never_scheduled', 'dataset_produces_2']) retrieved from /home/airflow/.local/lib/python3.7/site-packages/airflow/example_dags/example_datasets.py
[2022-12-03T14:43:44.927+0000] {logging_mixin.py:137} INFO - [2022-12-03T14:43:44.927+0000] {dag.py:2676} INFO - Sync 6 DAGs
[2022-12-03T14:43:44.952+0000] {logging_mixin.py:137} INFO - [2022-12-03T14:43:44.952+0000] {dag.py:3427} INFO - Setting next_dagrun for dataset_consumes_1 to None, run_after=None
[2022-12-03T14:43:44.955+0000] {logging_mixin.py:137} INFO - [2022-12-03T14:43:44.955+0000] {dag.py:3427} INFO - Setting next_dagrun for dataset_consumes_1_and_2 to None, run_after=None
[2022-12-03T14:43:44.956+0000] {logging_mixin.py:137} INFO - [2022-12-03T14:43:44.956+0000] {dag.py:3427} INFO - Setting next_dagrun for dataset_consumes_1_never_scheduled to None, run_after=None
[2022-12-03T14:43:44.957+0000] {logging_mixin.py:137} INFO - [2022-12-03T14:43:44.957+0000] {dag.py:3427} INFO - Setting next_dagrun for dataset_consumes_unknown_never_scheduled to None, run_after=None
[2022-12-03T14:43:44.960+0000] {logging_mixin.py:137} INFO - [2022-12-03T14:43:44.960+0000] {dag.py:3427} INFO - Setting next_dagrun for dataset_produces_1 to 2022-12-02T00:00:00+00:00, run_after=2022-12-03T00:00:00+00:00
[2022-12-03T14:43:44.961+0000] {logging_mixin.py:137} INFO - [2022-12-03T14:43:44.961+0000] {dag.py:3427} INFO - Setting next_dagrun for dataset_produces_2 to None, run_after=None
[2022-12-03T14:43:44.995+0000] {processor.py:175} INFO - Processing /home/airflow/.local/lib/python3.7/site-packages/airflow/example_dags/example_datasets.py took 0.149 seconds
