[2022-12-03T14:36:13.657+0000] {processor.py:153} INFO - Started process (PID=121) to work on /home/airflow/.local/lib/python3.7/site-packages/airflow/example_dags/tutorial_dag.py
[2022-12-03T14:36:13.657+0000] {processor.py:743} INFO - Processing file /home/airflow/.local/lib/python3.7/site-packages/airflow/example_dags/tutorial_dag.py for tasks to queue
[2022-12-03T14:36:13.658+0000] {logging_mixin.py:137} INFO - [2022-12-03T14:36:13.658+0000] {dagbag.py:538} INFO - Filling up the DagBag from /home/airflow/.local/lib/python3.7/site-packages/airflow/example_dags/tutorial_dag.py
[2022-12-03T14:36:13.680+0000] {processor.py:753} INFO - DAG(s) dict_keys(['tutorial_dag']) retrieved from /home/airflow/.local/lib/python3.7/site-packages/airflow/example_dags/tutorial_dag.py
[2022-12-03T14:36:13.718+0000] {logging_mixin.py:137} INFO - [2022-12-03T14:36:13.718+0000] {dag.py:2676} INFO - Sync 1 DAGs
[2022-12-03T14:36:13.742+0000] {logging_mixin.py:137} INFO - [2022-12-03T14:36:13.742+0000] {dag.py:3427} INFO - Setting next_dagrun for tutorial_dag to None, run_after=None
[2022-12-03T14:36:13.762+0000] {processor.py:175} INFO - Processing /home/airflow/.local/lib/python3.7/site-packages/airflow/example_dags/tutorial_dag.py took 0.108 seconds
[2022-12-03T14:36:44.287+0000] {processor.py:153} INFO - Started process (PID=231) to work on /home/airflow/.local/lib/python3.7/site-packages/airflow/example_dags/tutorial_dag.py
[2022-12-03T14:36:44.292+0000] {processor.py:743} INFO - Processing file /home/airflow/.local/lib/python3.7/site-packages/airflow/example_dags/tutorial_dag.py for tasks to queue
[2022-12-03T14:36:44.293+0000] {logging_mixin.py:137} INFO - [2022-12-03T14:36:44.293+0000] {dagbag.py:538} INFO - Filling up the DagBag from /home/airflow/.local/lib/python3.7/site-packages/airflow/example_dags/tutorial_dag.py
[2022-12-03T14:36:44.311+0000] {processor.py:753} INFO - DAG(s) dict_keys(['tutorial_dag']) retrieved from /home/airflow/.local/lib/python3.7/site-packages/airflow/example_dags/tutorial_dag.py
[2022-12-03T14:36:44.352+0000] {logging_mixin.py:137} INFO - [2022-12-03T14:36:44.352+0000] {dag.py:2676} INFO - Sync 1 DAGs
[2022-12-03T14:36:44.404+0000] {logging_mixin.py:137} INFO - [2022-12-03T14:36:44.404+0000] {dag.py:3427} INFO - Setting next_dagrun for tutorial_dag to None, run_after=None
[2022-12-03T14:36:44.427+0000] {processor.py:175} INFO - Processing /home/airflow/.local/lib/python3.7/site-packages/airflow/example_dags/tutorial_dag.py took 0.148 seconds
[2022-12-03T14:37:14.781+0000] {processor.py:153} INFO - Started process (PID=317) to work on /home/airflow/.local/lib/python3.7/site-packages/airflow/example_dags/tutorial_dag.py
[2022-12-03T14:37:14.782+0000] {processor.py:743} INFO - Processing file /home/airflow/.local/lib/python3.7/site-packages/airflow/example_dags/tutorial_dag.py for tasks to queue
[2022-12-03T14:37:14.783+0000] {logging_mixin.py:137} INFO - [2022-12-03T14:37:14.783+0000] {dagbag.py:538} INFO - Filling up the DagBag from /home/airflow/.local/lib/python3.7/site-packages/airflow/example_dags/tutorial_dag.py
[2022-12-03T14:37:14.796+0000] {processor.py:753} INFO - DAG(s) dict_keys(['tutorial_dag']) retrieved from /home/airflow/.local/lib/python3.7/site-packages/airflow/example_dags/tutorial_dag.py
[2022-12-03T14:37:14.893+0000] {logging_mixin.py:137} INFO - [2022-12-03T14:37:14.893+0000] {dag.py:2676} INFO - Sync 1 DAGs
[2022-12-03T14:37:14.918+0000] {logging_mixin.py:137} INFO - [2022-12-03T14:37:14.918+0000] {dag.py:3427} INFO - Setting next_dagrun for tutorial_dag to None, run_after=None
[2022-12-03T14:37:14.987+0000] {processor.py:175} INFO - Processing /home/airflow/.local/lib/python3.7/site-packages/airflow/example_dags/tutorial_dag.py took 0.209 seconds
[2022-12-03T14:37:45.330+0000] {processor.py:153} INFO - Started process (PID=403) to work on /home/airflow/.local/lib/python3.7/site-packages/airflow/example_dags/tutorial_dag.py
[2022-12-03T14:37:45.331+0000] {processor.py:743} INFO - Processing file /home/airflow/.local/lib/python3.7/site-packages/airflow/example_dags/tutorial_dag.py for tasks to queue
[2022-12-03T14:37:45.331+0000] {logging_mixin.py:137} INFO - [2022-12-03T14:37:45.331+0000] {dagbag.py:538} INFO - Filling up the DagBag from /home/airflow/.local/lib/python3.7/site-packages/airflow/example_dags/tutorial_dag.py
[2022-12-03T14:37:45.344+0000] {processor.py:753} INFO - DAG(s) dict_keys(['tutorial_dag']) retrieved from /home/airflow/.local/lib/python3.7/site-packages/airflow/example_dags/tutorial_dag.py
[2022-12-03T14:37:45.393+0000] {logging_mixin.py:137} INFO - [2022-12-03T14:37:45.393+0000] {dag.py:2676} INFO - Sync 1 DAGs
[2022-12-03T14:37:45.418+0000] {logging_mixin.py:137} INFO - [2022-12-03T14:37:45.418+0000] {dag.py:3427} INFO - Setting next_dagrun for tutorial_dag to None, run_after=None
[2022-12-03T14:37:45.436+0000] {processor.py:175} INFO - Processing /home/airflow/.local/lib/python3.7/site-packages/airflow/example_dags/tutorial_dag.py took 0.109 seconds
[2022-12-03T14:38:15.811+0000] {processor.py:153} INFO - Started process (PID=513) to work on /home/airflow/.local/lib/python3.7/site-packages/airflow/example_dags/tutorial_dag.py
[2022-12-03T14:38:15.812+0000] {processor.py:743} INFO - Processing file /home/airflow/.local/lib/python3.7/site-packages/airflow/example_dags/tutorial_dag.py for tasks to queue
[2022-12-03T14:38:15.813+0000] {logging_mixin.py:137} INFO - [2022-12-03T14:38:15.812+0000] {dagbag.py:538} INFO - Filling up the DagBag from /home/airflow/.local/lib/python3.7/site-packages/airflow/example_dags/tutorial_dag.py
[2022-12-03T14:38:15.824+0000] {processor.py:753} INFO - DAG(s) dict_keys(['tutorial_dag']) retrieved from /home/airflow/.local/lib/python3.7/site-packages/airflow/example_dags/tutorial_dag.py
[2022-12-03T14:38:15.908+0000] {logging_mixin.py:137} INFO - [2022-12-03T14:38:15.908+0000] {dag.py:2676} INFO - Sync 1 DAGs
[2022-12-03T14:38:15.982+0000] {logging_mixin.py:137} INFO - [2022-12-03T14:38:15.981+0000] {dag.py:3427} INFO - Setting next_dagrun for tutorial_dag to None, run_after=None
[2022-12-03T14:38:16.004+0000] {processor.py:175} INFO - Processing /home/airflow/.local/lib/python3.7/site-packages/airflow/example_dags/tutorial_dag.py took 0.195 seconds
[2022-12-03T14:38:46.091+0000] {processor.py:153} INFO - Started process (PID=598) to work on /home/airflow/.local/lib/python3.7/site-packages/airflow/example_dags/tutorial_dag.py
[2022-12-03T14:38:46.092+0000] {processor.py:743} INFO - Processing file /home/airflow/.local/lib/python3.7/site-packages/airflow/example_dags/tutorial_dag.py for tasks to queue
[2022-12-03T14:38:46.093+0000] {logging_mixin.py:137} INFO - [2022-12-03T14:38:46.092+0000] {dagbag.py:538} INFO - Filling up the DagBag from /home/airflow/.local/lib/python3.7/site-packages/airflow/example_dags/tutorial_dag.py
[2022-12-03T14:38:46.104+0000] {processor.py:753} INFO - DAG(s) dict_keys(['tutorial_dag']) retrieved from /home/airflow/.local/lib/python3.7/site-packages/airflow/example_dags/tutorial_dag.py
[2022-12-03T14:38:46.141+0000] {logging_mixin.py:137} INFO - [2022-12-03T14:38:46.141+0000] {dag.py:2676} INFO - Sync 1 DAGs
[2022-12-03T14:38:46.177+0000] {logging_mixin.py:137} INFO - [2022-12-03T14:38:46.177+0000] {dag.py:3427} INFO - Setting next_dagrun for tutorial_dag to None, run_after=None
[2022-12-03T14:38:46.199+0000] {processor.py:175} INFO - Processing /home/airflow/.local/lib/python3.7/site-packages/airflow/example_dags/tutorial_dag.py took 0.110 seconds
[2022-12-03T14:39:16.370+0000] {processor.py:153} INFO - Started process (PID=684) to work on /home/airflow/.local/lib/python3.7/site-packages/airflow/example_dags/tutorial_dag.py
[2022-12-03T14:39:16.376+0000] {processor.py:743} INFO - Processing file /home/airflow/.local/lib/python3.7/site-packages/airflow/example_dags/tutorial_dag.py for tasks to queue
[2022-12-03T14:39:16.377+0000] {logging_mixin.py:137} INFO - [2022-12-03T14:39:16.377+0000] {dagbag.py:538} INFO - Filling up the DagBag from /home/airflow/.local/lib/python3.7/site-packages/airflow/example_dags/tutorial_dag.py
[2022-12-03T14:39:16.390+0000] {processor.py:753} INFO - DAG(s) dict_keys(['tutorial_dag']) retrieved from /home/airflow/.local/lib/python3.7/site-packages/airflow/example_dags/tutorial_dag.py
[2022-12-03T14:39:16.426+0000] {logging_mixin.py:137} INFO - [2022-12-03T14:39:16.426+0000] {dag.py:2676} INFO - Sync 1 DAGs
[2022-12-03T14:39:16.450+0000] {logging_mixin.py:137} INFO - [2022-12-03T14:39:16.450+0000] {dag.py:3427} INFO - Setting next_dagrun for tutorial_dag to None, run_after=None
[2022-12-03T14:39:16.473+0000] {processor.py:175} INFO - Processing /home/airflow/.local/lib/python3.7/site-packages/airflow/example_dags/tutorial_dag.py took 0.105 seconds
[2022-12-03T14:39:46.709+0000] {processor.py:153} INFO - Started process (PID=794) to work on /home/airflow/.local/lib/python3.7/site-packages/airflow/example_dags/tutorial_dag.py
[2022-12-03T14:39:46.710+0000] {processor.py:743} INFO - Processing file /home/airflow/.local/lib/python3.7/site-packages/airflow/example_dags/tutorial_dag.py for tasks to queue
[2022-12-03T14:39:46.710+0000] {logging_mixin.py:137} INFO - [2022-12-03T14:39:46.710+0000] {dagbag.py:538} INFO - Filling up the DagBag from /home/airflow/.local/lib/python3.7/site-packages/airflow/example_dags/tutorial_dag.py
[2022-12-03T14:39:46.722+0000] {processor.py:753} INFO - DAG(s) dict_keys(['tutorial_dag']) retrieved from /home/airflow/.local/lib/python3.7/site-packages/airflow/example_dags/tutorial_dag.py
[2022-12-03T14:39:46.756+0000] {logging_mixin.py:137} INFO - [2022-12-03T14:39:46.756+0000] {dag.py:2676} INFO - Sync 1 DAGs
[2022-12-03T14:39:46.790+0000] {logging_mixin.py:137} INFO - [2022-12-03T14:39:46.789+0000] {dag.py:3427} INFO - Setting next_dagrun for tutorial_dag to None, run_after=None
[2022-12-03T14:39:46.807+0000] {processor.py:175} INFO - Processing /home/airflow/.local/lib/python3.7/site-packages/airflow/example_dags/tutorial_dag.py took 0.101 seconds
[2022-12-03T14:40:17.104+0000] {processor.py:153} INFO - Started process (PID=880) to work on /home/airflow/.local/lib/python3.7/site-packages/airflow/example_dags/tutorial_dag.py
[2022-12-03T14:40:17.105+0000] {processor.py:743} INFO - Processing file /home/airflow/.local/lib/python3.7/site-packages/airflow/example_dags/tutorial_dag.py for tasks to queue
[2022-12-03T14:40:17.106+0000] {logging_mixin.py:137} INFO - [2022-12-03T14:40:17.106+0000] {dagbag.py:538} INFO - Filling up the DagBag from /home/airflow/.local/lib/python3.7/site-packages/airflow/example_dags/tutorial_dag.py
[2022-12-03T14:40:17.118+0000] {processor.py:753} INFO - DAG(s) dict_keys(['tutorial_dag']) retrieved from /home/airflow/.local/lib/python3.7/site-packages/airflow/example_dags/tutorial_dag.py
[2022-12-03T14:40:17.153+0000] {logging_mixin.py:137} INFO - [2022-12-03T14:40:17.153+0000] {dag.py:2676} INFO - Sync 1 DAGs
[2022-12-03T14:40:17.193+0000] {logging_mixin.py:137} INFO - [2022-12-03T14:40:17.193+0000] {dag.py:3427} INFO - Setting next_dagrun for tutorial_dag to None, run_after=None
[2022-12-03T14:40:17.217+0000] {processor.py:175} INFO - Processing /home/airflow/.local/lib/python3.7/site-packages/airflow/example_dags/tutorial_dag.py took 0.115 seconds
[2022-12-03T14:40:47.731+0000] {processor.py:153} INFO - Started process (PID=990) to work on /home/airflow/.local/lib/python3.7/site-packages/airflow/example_dags/tutorial_dag.py
[2022-12-03T14:40:47.732+0000] {processor.py:743} INFO - Processing file /home/airflow/.local/lib/python3.7/site-packages/airflow/example_dags/tutorial_dag.py for tasks to queue
[2022-12-03T14:40:47.733+0000] {logging_mixin.py:137} INFO - [2022-12-03T14:40:47.733+0000] {dagbag.py:538} INFO - Filling up the DagBag from /home/airflow/.local/lib/python3.7/site-packages/airflow/example_dags/tutorial_dag.py
[2022-12-03T14:40:47.745+0000] {processor.py:753} INFO - DAG(s) dict_keys(['tutorial_dag']) retrieved from /home/airflow/.local/lib/python3.7/site-packages/airflow/example_dags/tutorial_dag.py
[2022-12-03T14:40:47.809+0000] {logging_mixin.py:137} INFO - [2022-12-03T14:40:47.809+0000] {dag.py:2676} INFO - Sync 1 DAGs
[2022-12-03T14:40:47.840+0000] {logging_mixin.py:137} INFO - [2022-12-03T14:40:47.840+0000] {dag.py:3427} INFO - Setting next_dagrun for tutorial_dag to None, run_after=None
[2022-12-03T14:40:47.858+0000] {processor.py:175} INFO - Processing /home/airflow/.local/lib/python3.7/site-packages/airflow/example_dags/tutorial_dag.py took 0.129 seconds
[2022-12-03T14:41:19.197+0000] {processor.py:153} INFO - Started process (PID=1076) to work on /home/airflow/.local/lib/python3.7/site-packages/airflow/example_dags/tutorial_dag.py
[2022-12-03T14:41:19.198+0000] {processor.py:743} INFO - Processing file /home/airflow/.local/lib/python3.7/site-packages/airflow/example_dags/tutorial_dag.py for tasks to queue
[2022-12-03T14:41:19.199+0000] {logging_mixin.py:137} INFO - [2022-12-03T14:41:19.199+0000] {dagbag.py:538} INFO - Filling up the DagBag from /home/airflow/.local/lib/python3.7/site-packages/airflow/example_dags/tutorial_dag.py
[2022-12-03T14:41:19.215+0000] {processor.py:753} INFO - DAG(s) dict_keys(['tutorial_dag']) retrieved from /home/airflow/.local/lib/python3.7/site-packages/airflow/example_dags/tutorial_dag.py
[2022-12-03T14:41:19.386+0000] {logging_mixin.py:137} INFO - [2022-12-03T14:41:19.386+0000] {dag.py:2676} INFO - Sync 1 DAGs
[2022-12-03T14:41:19.500+0000] {logging_mixin.py:137} INFO - [2022-12-03T14:41:19.500+0000] {dag.py:3427} INFO - Setting next_dagrun for tutorial_dag to None, run_after=None
[2022-12-03T14:41:19.589+0000] {processor.py:175} INFO - Processing /home/airflow/.local/lib/python3.7/site-packages/airflow/example_dags/tutorial_dag.py took 0.396 seconds
[2022-12-03T14:41:50.267+0000] {processor.py:153} INFO - Started process (PID=1162) to work on /home/airflow/.local/lib/python3.7/site-packages/airflow/example_dags/tutorial_dag.py
[2022-12-03T14:41:50.272+0000] {processor.py:743} INFO - Processing file /home/airflow/.local/lib/python3.7/site-packages/airflow/example_dags/tutorial_dag.py for tasks to queue
[2022-12-03T14:41:50.273+0000] {logging_mixin.py:137} INFO - [2022-12-03T14:41:50.273+0000] {dagbag.py:538} INFO - Filling up the DagBag from /home/airflow/.local/lib/python3.7/site-packages/airflow/example_dags/tutorial_dag.py
[2022-12-03T14:41:50.288+0000] {processor.py:753} INFO - DAG(s) dict_keys(['tutorial_dag']) retrieved from /home/airflow/.local/lib/python3.7/site-packages/airflow/example_dags/tutorial_dag.py
[2022-12-03T14:41:50.334+0000] {logging_mixin.py:137} INFO - [2022-12-03T14:41:50.334+0000] {dag.py:2676} INFO - Sync 1 DAGs
[2022-12-03T14:41:50.360+0000] {logging_mixin.py:137} INFO - [2022-12-03T14:41:50.360+0000] {dag.py:3427} INFO - Setting next_dagrun for tutorial_dag to None, run_after=None
[2022-12-03T14:41:50.392+0000] {processor.py:175} INFO - Processing /home/airflow/.local/lib/python3.7/site-packages/airflow/example_dags/tutorial_dag.py took 0.128 seconds
[2022-12-03T14:42:21.017+0000] {processor.py:153} INFO - Started process (PID=1272) to work on /home/airflow/.local/lib/python3.7/site-packages/airflow/example_dags/tutorial_dag.py
[2022-12-03T14:42:21.018+0000] {processor.py:743} INFO - Processing file /home/airflow/.local/lib/python3.7/site-packages/airflow/example_dags/tutorial_dag.py for tasks to queue
[2022-12-03T14:42:21.019+0000] {logging_mixin.py:137} INFO - [2022-12-03T14:42:21.019+0000] {dagbag.py:538} INFO - Filling up the DagBag from /home/airflow/.local/lib/python3.7/site-packages/airflow/example_dags/tutorial_dag.py
[2022-12-03T14:42:21.033+0000] {processor.py:753} INFO - DAG(s) dict_keys(['tutorial_dag']) retrieved from /home/airflow/.local/lib/python3.7/site-packages/airflow/example_dags/tutorial_dag.py
[2022-12-03T14:42:21.110+0000] {logging_mixin.py:137} INFO - [2022-12-03T14:42:21.110+0000] {dag.py:2676} INFO - Sync 1 DAGs
[2022-12-03T14:42:21.177+0000] {logging_mixin.py:137} INFO - [2022-12-03T14:42:21.177+0000] {dag.py:3427} INFO - Setting next_dagrun for tutorial_dag to None, run_after=None
[2022-12-03T14:42:21.199+0000] {processor.py:175} INFO - Processing /home/airflow/.local/lib/python3.7/site-packages/airflow/example_dags/tutorial_dag.py took 0.184 seconds
[2022-12-03T14:42:51.312+0000] {processor.py:153} INFO - Started process (PID=1358) to work on /home/airflow/.local/lib/python3.7/site-packages/airflow/example_dags/tutorial_dag.py
[2022-12-03T14:42:51.313+0000] {processor.py:743} INFO - Processing file /home/airflow/.local/lib/python3.7/site-packages/airflow/example_dags/tutorial_dag.py for tasks to queue
[2022-12-03T14:42:51.314+0000] {logging_mixin.py:137} INFO - [2022-12-03T14:42:51.313+0000] {dagbag.py:538} INFO - Filling up the DagBag from /home/airflow/.local/lib/python3.7/site-packages/airflow/example_dags/tutorial_dag.py
[2022-12-03T14:42:51.325+0000] {processor.py:753} INFO - DAG(s) dict_keys(['tutorial_dag']) retrieved from /home/airflow/.local/lib/python3.7/site-packages/airflow/example_dags/tutorial_dag.py
[2022-12-03T14:42:51.359+0000] {logging_mixin.py:137} INFO - [2022-12-03T14:42:51.359+0000] {dag.py:2676} INFO - Sync 1 DAGs
[2022-12-03T14:42:51.397+0000] {logging_mixin.py:137} INFO - [2022-12-03T14:42:51.397+0000] {dag.py:3427} INFO - Setting next_dagrun for tutorial_dag to None, run_after=None
[2022-12-03T14:42:51.415+0000] {processor.py:175} INFO - Processing /home/airflow/.local/lib/python3.7/site-packages/airflow/example_dags/tutorial_dag.py took 0.106 seconds
[2022-12-03T14:43:21.654+0000] {processor.py:153} INFO - Started process (PID=1443) to work on /home/airflow/.local/lib/python3.7/site-packages/airflow/example_dags/tutorial_dag.py
[2022-12-03T14:43:21.655+0000] {processor.py:743} INFO - Processing file /home/airflow/.local/lib/python3.7/site-packages/airflow/example_dags/tutorial_dag.py for tasks to queue
[2022-12-03T14:43:21.655+0000] {logging_mixin.py:137} INFO - [2022-12-03T14:43:21.655+0000] {dagbag.py:538} INFO - Filling up the DagBag from /home/airflow/.local/lib/python3.7/site-packages/airflow/example_dags/tutorial_dag.py
[2022-12-03T14:43:21.673+0000] {processor.py:753} INFO - DAG(s) dict_keys(['tutorial_dag']) retrieved from /home/airflow/.local/lib/python3.7/site-packages/airflow/example_dags/tutorial_dag.py
[2022-12-03T14:43:21.712+0000] {logging_mixin.py:137} INFO - [2022-12-03T14:43:21.712+0000] {dag.py:2676} INFO - Sync 1 DAGs
[2022-12-03T14:43:21.735+0000] {logging_mixin.py:137} INFO - [2022-12-03T14:43:21.735+0000] {dag.py:3427} INFO - Setting next_dagrun for tutorial_dag to None, run_after=None
[2022-12-03T14:43:21.753+0000] {processor.py:175} INFO - Processing /home/airflow/.local/lib/python3.7/site-packages/airflow/example_dags/tutorial_dag.py took 0.102 seconds
[2022-12-03T14:43:51.983+0000] {processor.py:153} INFO - Started process (PID=1553) to work on /home/airflow/.local/lib/python3.7/site-packages/airflow/example_dags/tutorial_dag.py
[2022-12-03T14:43:51.984+0000] {processor.py:743} INFO - Processing file /home/airflow/.local/lib/python3.7/site-packages/airflow/example_dags/tutorial_dag.py for tasks to queue
[2022-12-03T14:43:51.985+0000] {logging_mixin.py:137} INFO - [2022-12-03T14:43:51.985+0000] {dagbag.py:538} INFO - Filling up the DagBag from /home/airflow/.local/lib/python3.7/site-packages/airflow/example_dags/tutorial_dag.py
[2022-12-03T14:43:51.996+0000] {processor.py:753} INFO - DAG(s) dict_keys(['tutorial_dag']) retrieved from /home/airflow/.local/lib/python3.7/site-packages/airflow/example_dags/tutorial_dag.py
[2022-12-03T14:43:52.031+0000] {logging_mixin.py:137} INFO - [2022-12-03T14:43:52.031+0000] {dag.py:2676} INFO - Sync 1 DAGs
[2022-12-03T14:43:52.054+0000] {logging_mixin.py:137} INFO - [2022-12-03T14:43:52.054+0000] {dag.py:3427} INFO - Setting next_dagrun for tutorial_dag to None, run_after=None
[2022-12-03T14:43:52.080+0000] {processor.py:175} INFO - Processing /home/airflow/.local/lib/python3.7/site-packages/airflow/example_dags/tutorial_dag.py took 0.099 seconds
