[2022-12-03T14:36:13.544+0000] {processor.py:153} INFO - Started process (PID=120) to work on /home/airflow/.local/lib/python3.7/site-packages/airflow/example_dags/tutorial.py
[2022-12-03T14:36:13.544+0000] {processor.py:743} INFO - Processing file /home/airflow/.local/lib/python3.7/site-packages/airflow/example_dags/tutorial.py for tasks to queue
[2022-12-03T14:36:13.545+0000] {logging_mixin.py:137} INFO - [2022-12-03T14:36:13.545+0000] {dagbag.py:538} INFO - Filling up the DagBag from /home/airflow/.local/lib/python3.7/site-packages/airflow/example_dags/tutorial.py
[2022-12-03T14:36:13.560+0000] {processor.py:753} INFO - DAG(s) dict_keys(['tutorial']) retrieved from /home/airflow/.local/lib/python3.7/site-packages/airflow/example_dags/tutorial.py
[2022-12-03T14:36:13.612+0000] {logging_mixin.py:137} INFO - [2022-12-03T14:36:13.612+0000] {dag.py:2676} INFO - Sync 1 DAGs
[2022-12-03T14:36:13.640+0000] {logging_mixin.py:137} INFO - [2022-12-03T14:36:13.640+0000] {dag.py:3427} INFO - Setting next_dagrun for tutorial to 2022-12-02T14:36:13.640100+00:00, run_after=2022-12-03T14:36:13.640100+00:00
[2022-12-03T14:36:13.658+0000] {processor.py:175} INFO - Processing /home/airflow/.local/lib/python3.7/site-packages/airflow/example_dags/tutorial.py took 0.117 seconds
[2022-12-03T14:36:44.277+0000] {processor.py:153} INFO - Started process (PID=230) to work on /home/airflow/.local/lib/python3.7/site-packages/airflow/example_dags/tutorial.py
[2022-12-03T14:36:44.281+0000] {processor.py:743} INFO - Processing file /home/airflow/.local/lib/python3.7/site-packages/airflow/example_dags/tutorial.py for tasks to queue
[2022-12-03T14:36:44.282+0000] {logging_mixin.py:137} INFO - [2022-12-03T14:36:44.282+0000] {dagbag.py:538} INFO - Filling up the DagBag from /home/airflow/.local/lib/python3.7/site-packages/airflow/example_dags/tutorial.py
[2022-12-03T14:36:44.303+0000] {processor.py:753} INFO - DAG(s) dict_keys(['tutorial']) retrieved from /home/airflow/.local/lib/python3.7/site-packages/airflow/example_dags/tutorial.py
[2022-12-03T14:36:44.341+0000] {logging_mixin.py:137} INFO - [2022-12-03T14:36:44.341+0000] {dag.py:2676} INFO - Sync 1 DAGs
[2022-12-03T14:36:44.373+0000] {logging_mixin.py:137} INFO - [2022-12-03T14:36:44.373+0000] {dag.py:3427} INFO - Setting next_dagrun for tutorial to 2022-12-02T14:36:44.373075+00:00, run_after=2022-12-03T14:36:44.373075+00:00
[2022-12-03T14:36:44.411+0000] {processor.py:175} INFO - Processing /home/airflow/.local/lib/python3.7/site-packages/airflow/example_dags/tutorial.py took 0.145 seconds
[2022-12-03T14:37:14.531+0000] {processor.py:153} INFO - Started process (PID=316) to work on /home/airflow/.local/lib/python3.7/site-packages/airflow/example_dags/tutorial.py
[2022-12-03T14:37:14.532+0000] {processor.py:743} INFO - Processing file /home/airflow/.local/lib/python3.7/site-packages/airflow/example_dags/tutorial.py for tasks to queue
[2022-12-03T14:37:14.533+0000] {logging_mixin.py:137} INFO - [2022-12-03T14:37:14.532+0000] {dagbag.py:538} INFO - Filling up the DagBag from /home/airflow/.local/lib/python3.7/site-packages/airflow/example_dags/tutorial.py
[2022-12-03T14:37:14.546+0000] {processor.py:753} INFO - DAG(s) dict_keys(['tutorial']) retrieved from /home/airflow/.local/lib/python3.7/site-packages/airflow/example_dags/tutorial.py
[2022-12-03T14:37:14.602+0000] {logging_mixin.py:137} INFO - [2022-12-03T14:37:14.602+0000] {dag.py:2676} INFO - Sync 1 DAGs
[2022-12-03T14:37:14.626+0000] {logging_mixin.py:137} INFO - [2022-12-03T14:37:14.626+0000] {dag.py:3427} INFO - Setting next_dagrun for tutorial to 2022-12-02T14:37:14.626505+00:00, run_after=2022-12-03T14:37:14.626505+00:00
[2022-12-03T14:37:14.696+0000] {processor.py:175} INFO - Processing /home/airflow/.local/lib/python3.7/site-packages/airflow/example_dags/tutorial.py took 0.168 seconds
[2022-12-03T14:37:45.238+0000] {processor.py:153} INFO - Started process (PID=402) to work on /home/airflow/.local/lib/python3.7/site-packages/airflow/example_dags/tutorial.py
[2022-12-03T14:37:45.238+0000] {processor.py:743} INFO - Processing file /home/airflow/.local/lib/python3.7/site-packages/airflow/example_dags/tutorial.py for tasks to queue
[2022-12-03T14:37:45.239+0000] {logging_mixin.py:137} INFO - [2022-12-03T14:37:45.239+0000] {dagbag.py:538} INFO - Filling up the DagBag from /home/airflow/.local/lib/python3.7/site-packages/airflow/example_dags/tutorial.py
[2022-12-03T14:37:45.254+0000] {processor.py:753} INFO - DAG(s) dict_keys(['tutorial']) retrieved from /home/airflow/.local/lib/python3.7/site-packages/airflow/example_dags/tutorial.py
[2022-12-03T14:37:45.301+0000] {logging_mixin.py:137} INFO - [2022-12-03T14:37:45.301+0000] {dag.py:2676} INFO - Sync 1 DAGs
[2022-12-03T14:37:45.327+0000] {logging_mixin.py:137} INFO - [2022-12-03T14:37:45.327+0000] {dag.py:3427} INFO - Setting next_dagrun for tutorial to 2022-12-02T14:37:45.327266+00:00, run_after=2022-12-03T14:37:45.327266+00:00
[2022-12-03T14:37:45.347+0000] {processor.py:175} INFO - Processing /home/airflow/.local/lib/python3.7/site-packages/airflow/example_dags/tutorial.py took 0.112 seconds
[2022-12-03T14:38:15.684+0000] {processor.py:153} INFO - Started process (PID=512) to work on /home/airflow/.local/lib/python3.7/site-packages/airflow/example_dags/tutorial.py
[2022-12-03T14:38:15.685+0000] {processor.py:743} INFO - Processing file /home/airflow/.local/lib/python3.7/site-packages/airflow/example_dags/tutorial.py for tasks to queue
[2022-12-03T14:38:15.686+0000] {logging_mixin.py:137} INFO - [2022-12-03T14:38:15.686+0000] {dagbag.py:538} INFO - Filling up the DagBag from /home/airflow/.local/lib/python3.7/site-packages/airflow/example_dags/tutorial.py
[2022-12-03T14:38:15.699+0000] {processor.py:753} INFO - DAG(s) dict_keys(['tutorial']) retrieved from /home/airflow/.local/lib/python3.7/site-packages/airflow/example_dags/tutorial.py
[2022-12-03T14:38:15.773+0000] {logging_mixin.py:137} INFO - [2022-12-03T14:38:15.772+0000] {dag.py:2676} INFO - Sync 1 DAGs
[2022-12-03T14:38:15.804+0000] {logging_mixin.py:137} INFO - [2022-12-03T14:38:15.804+0000] {dag.py:3427} INFO - Setting next_dagrun for tutorial to 2022-12-02T14:38:15.804393+00:00, run_after=2022-12-03T14:38:15.804393+00:00
[2022-12-03T14:38:15.824+0000] {processor.py:175} INFO - Processing /home/airflow/.local/lib/python3.7/site-packages/airflow/example_dags/tutorial.py took 0.143 seconds
[2022-12-03T14:38:45.963+0000] {processor.py:153} INFO - Started process (PID=597) to work on /home/airflow/.local/lib/python3.7/site-packages/airflow/example_dags/tutorial.py
[2022-12-03T14:38:45.963+0000] {processor.py:743} INFO - Processing file /home/airflow/.local/lib/python3.7/site-packages/airflow/example_dags/tutorial.py for tasks to queue
[2022-12-03T14:38:45.964+0000] {logging_mixin.py:137} INFO - [2022-12-03T14:38:45.964+0000] {dagbag.py:538} INFO - Filling up the DagBag from /home/airflow/.local/lib/python3.7/site-packages/airflow/example_dags/tutorial.py
[2022-12-03T14:38:45.983+0000] {processor.py:753} INFO - DAG(s) dict_keys(['tutorial']) retrieved from /home/airflow/.local/lib/python3.7/site-packages/airflow/example_dags/tutorial.py
[2022-12-03T14:38:46.018+0000] {logging_mixin.py:137} INFO - [2022-12-03T14:38:46.018+0000] {dag.py:2676} INFO - Sync 1 DAGs
[2022-12-03T14:38:46.043+0000] {logging_mixin.py:137} INFO - [2022-12-03T14:38:46.043+0000] {dag.py:3427} INFO - Setting next_dagrun for tutorial to 2022-12-02T14:38:46.043532+00:00, run_after=2022-12-03T14:38:46.043532+00:00
[2022-12-03T14:38:46.061+0000] {processor.py:175} INFO - Processing /home/airflow/.local/lib/python3.7/site-packages/airflow/example_dags/tutorial.py took 0.101 seconds
[2022-12-03T14:39:16.360+0000] {processor.py:153} INFO - Started process (PID=683) to work on /home/airflow/.local/lib/python3.7/site-packages/airflow/example_dags/tutorial.py
[2022-12-03T14:39:16.361+0000] {processor.py:743} INFO - Processing file /home/airflow/.local/lib/python3.7/site-packages/airflow/example_dags/tutorial.py for tasks to queue
[2022-12-03T14:39:16.361+0000] {logging_mixin.py:137} INFO - [2022-12-03T14:39:16.361+0000] {dagbag.py:538} INFO - Filling up the DagBag from /home/airflow/.local/lib/python3.7/site-packages/airflow/example_dags/tutorial.py
[2022-12-03T14:39:16.377+0000] {processor.py:753} INFO - DAG(s) dict_keys(['tutorial']) retrieved from /home/airflow/.local/lib/python3.7/site-packages/airflow/example_dags/tutorial.py
[2022-12-03T14:39:16.414+0000] {logging_mixin.py:137} INFO - [2022-12-03T14:39:16.414+0000] {dag.py:2676} INFO - Sync 1 DAGs
[2022-12-03T14:39:16.438+0000] {logging_mixin.py:137} INFO - [2022-12-03T14:39:16.438+0000] {dag.py:3427} INFO - Setting next_dagrun for tutorial to 2022-12-02T14:39:16.438544+00:00, run_after=2022-12-03T14:39:16.438544+00:00
[2022-12-03T14:39:16.459+0000] {processor.py:175} INFO - Processing /home/airflow/.local/lib/python3.7/site-packages/airflow/example_dags/tutorial.py took 0.101 seconds
[2022-12-03T14:39:46.581+0000] {processor.py:153} INFO - Started process (PID=793) to work on /home/airflow/.local/lib/python3.7/site-packages/airflow/example_dags/tutorial.py
[2022-12-03T14:39:46.582+0000] {processor.py:743} INFO - Processing file /home/airflow/.local/lib/python3.7/site-packages/airflow/example_dags/tutorial.py for tasks to queue
[2022-12-03T14:39:46.583+0000] {logging_mixin.py:137} INFO - [2022-12-03T14:39:46.583+0000] {dagbag.py:538} INFO - Filling up the DagBag from /home/airflow/.local/lib/python3.7/site-packages/airflow/example_dags/tutorial.py
[2022-12-03T14:39:46.597+0000] {processor.py:753} INFO - DAG(s) dict_keys(['tutorial']) retrieved from /home/airflow/.local/lib/python3.7/site-packages/airflow/example_dags/tutorial.py
[2022-12-03T14:39:46.635+0000] {logging_mixin.py:137} INFO - [2022-12-03T14:39:46.635+0000] {dag.py:2676} INFO - Sync 1 DAGs
[2022-12-03T14:39:46.669+0000] {logging_mixin.py:137} INFO - [2022-12-03T14:39:46.668+0000] {dag.py:3427} INFO - Setting next_dagrun for tutorial to 2022-12-02T14:39:46.668659+00:00, run_after=2022-12-03T14:39:46.668659+00:00
[2022-12-03T14:39:46.694+0000] {processor.py:175} INFO - Processing /home/airflow/.local/lib/python3.7/site-packages/airflow/example_dags/tutorial.py took 0.116 seconds
[2022-12-03T14:40:17.036+0000] {processor.py:153} INFO - Started process (PID=879) to work on /home/airflow/.local/lib/python3.7/site-packages/airflow/example_dags/tutorial.py
[2022-12-03T14:40:17.037+0000] {processor.py:743} INFO - Processing file /home/airflow/.local/lib/python3.7/site-packages/airflow/example_dags/tutorial.py for tasks to queue
[2022-12-03T14:40:17.038+0000] {logging_mixin.py:137} INFO - [2022-12-03T14:40:17.038+0000] {dagbag.py:538} INFO - Filling up the DagBag from /home/airflow/.local/lib/python3.7/site-packages/airflow/example_dags/tutorial.py
[2022-12-03T14:40:17.051+0000] {processor.py:753} INFO - DAG(s) dict_keys(['tutorial']) retrieved from /home/airflow/.local/lib/python3.7/site-packages/airflow/example_dags/tutorial.py
[2022-12-03T14:40:17.091+0000] {logging_mixin.py:137} INFO - [2022-12-03T14:40:17.091+0000] {dag.py:2676} INFO - Sync 1 DAGs
[2022-12-03T14:40:17.116+0000] {logging_mixin.py:137} INFO - [2022-12-03T14:40:17.116+0000] {dag.py:3427} INFO - Setting next_dagrun for tutorial to 2022-12-02T14:40:17.116119+00:00, run_after=2022-12-03T14:40:17.116119+00:00
[2022-12-03T14:40:17.135+0000] {processor.py:175} INFO - Processing /home/airflow/.local/lib/python3.7/site-packages/airflow/example_dags/tutorial.py took 0.101 seconds
[2022-12-03T14:40:47.531+0000] {processor.py:153} INFO - Started process (PID=974) to work on /home/airflow/.local/lib/python3.7/site-packages/airflow/example_dags/tutorial.py
[2022-12-03T14:40:47.531+0000] {processor.py:743} INFO - Processing file /home/airflow/.local/lib/python3.7/site-packages/airflow/example_dags/tutorial.py for tasks to queue
[2022-12-03T14:40:47.532+0000] {logging_mixin.py:137} INFO - [2022-12-03T14:40:47.532+0000] {dagbag.py:538} INFO - Filling up the DagBag from /home/airflow/.local/lib/python3.7/site-packages/airflow/example_dags/tutorial.py
[2022-12-03T14:40:47.547+0000] {processor.py:753} INFO - DAG(s) dict_keys(['tutorial']) retrieved from /home/airflow/.local/lib/python3.7/site-packages/airflow/example_dags/tutorial.py
[2022-12-03T14:40:47.669+0000] {logging_mixin.py:137} INFO - [2022-12-03T14:40:47.669+0000] {dag.py:2676} INFO - Sync 1 DAGs
[2022-12-03T14:40:47.722+0000] {logging_mixin.py:137} INFO - [2022-12-03T14:40:47.722+0000] {dag.py:3427} INFO - Setting next_dagrun for tutorial to 2022-12-02T14:40:47.722462+00:00, run_after=2022-12-03T14:40:47.722462+00:00
[2022-12-03T14:40:47.741+0000] {processor.py:175} INFO - Processing /home/airflow/.local/lib/python3.7/site-packages/airflow/example_dags/tutorial.py took 0.213 seconds
[2022-12-03T14:41:19.001+0000] {processor.py:153} INFO - Started process (PID=1075) to work on /home/airflow/.local/lib/python3.7/site-packages/airflow/example_dags/tutorial.py
[2022-12-03T14:41:19.002+0000] {processor.py:743} INFO - Processing file /home/airflow/.local/lib/python3.7/site-packages/airflow/example_dags/tutorial.py for tasks to queue
[2022-12-03T14:41:19.003+0000] {logging_mixin.py:137} INFO - [2022-12-03T14:41:19.003+0000] {dagbag.py:538} INFO - Filling up the DagBag from /home/airflow/.local/lib/python3.7/site-packages/airflow/example_dags/tutorial.py
[2022-12-03T14:41:19.073+0000] {processor.py:753} INFO - DAG(s) dict_keys(['tutorial']) retrieved from /home/airflow/.local/lib/python3.7/site-packages/airflow/example_dags/tutorial.py
[2022-12-03T14:41:19.117+0000] {logging_mixin.py:137} INFO - [2022-12-03T14:41:19.117+0000] {dag.py:2676} INFO - Sync 1 DAGs
[2022-12-03T14:41:19.217+0000] {logging_mixin.py:137} INFO - [2022-12-03T14:41:19.217+0000] {dag.py:3427} INFO - Setting next_dagrun for tutorial to 2022-12-02T14:41:19.217041+00:00, run_after=2022-12-03T14:41:19.217041+00:00
[2022-12-03T14:41:19.298+0000] {processor.py:175} INFO - Processing /home/airflow/.local/lib/python3.7/site-packages/airflow/example_dags/tutorial.py took 0.301 seconds
[2022-12-03T14:41:50.123+0000] {processor.py:153} INFO - Started process (PID=1161) to work on /home/airflow/.local/lib/python3.7/site-packages/airflow/example_dags/tutorial.py
[2022-12-03T14:41:50.124+0000] {processor.py:743} INFO - Processing file /home/airflow/.local/lib/python3.7/site-packages/airflow/example_dags/tutorial.py for tasks to queue
[2022-12-03T14:41:50.125+0000] {logging_mixin.py:137} INFO - [2022-12-03T14:41:50.125+0000] {dagbag.py:538} INFO - Filling up the DagBag from /home/airflow/.local/lib/python3.7/site-packages/airflow/example_dags/tutorial.py
[2022-12-03T14:41:50.139+0000] {processor.py:753} INFO - DAG(s) dict_keys(['tutorial']) retrieved from /home/airflow/.local/lib/python3.7/site-packages/airflow/example_dags/tutorial.py
[2022-12-03T14:41:50.194+0000] {logging_mixin.py:137} INFO - [2022-12-03T14:41:50.193+0000] {dag.py:2676} INFO - Sync 1 DAGs
[2022-12-03T14:41:50.223+0000] {logging_mixin.py:137} INFO - [2022-12-03T14:41:50.223+0000] {dag.py:3427} INFO - Setting next_dagrun for tutorial to 2022-12-02T14:41:50.223419+00:00, run_after=2022-12-03T14:41:50.223419+00:00
[2022-12-03T14:41:50.243+0000] {processor.py:175} INFO - Processing /home/airflow/.local/lib/python3.7/site-packages/airflow/example_dags/tutorial.py took 0.123 seconds
[2022-12-03T14:42:20.834+0000] {processor.py:153} INFO - Started process (PID=1271) to work on /home/airflow/.local/lib/python3.7/site-packages/airflow/example_dags/tutorial.py
[2022-12-03T14:42:20.835+0000] {processor.py:743} INFO - Processing file /home/airflow/.local/lib/python3.7/site-packages/airflow/example_dags/tutorial.py for tasks to queue
[2022-12-03T14:42:20.835+0000] {logging_mixin.py:137} INFO - [2022-12-03T14:42:20.835+0000] {dagbag.py:538} INFO - Filling up the DagBag from /home/airflow/.local/lib/python3.7/site-packages/airflow/example_dags/tutorial.py
[2022-12-03T14:42:20.849+0000] {processor.py:753} INFO - DAG(s) dict_keys(['tutorial']) retrieved from /home/airflow/.local/lib/python3.7/site-packages/airflow/example_dags/tutorial.py
[2022-12-03T14:42:20.907+0000] {logging_mixin.py:137} INFO - [2022-12-03T14:42:20.906+0000] {dag.py:2676} INFO - Sync 1 DAGs
[2022-12-03T14:42:20.932+0000] {logging_mixin.py:137} INFO - [2022-12-03T14:42:20.932+0000] {dag.py:3427} INFO - Setting next_dagrun for tutorial to 2022-12-02T14:42:20.932163+00:00, run_after=2022-12-03T14:42:20.932163+00:00
[2022-12-03T14:42:20.990+0000] {processor.py:175} INFO - Processing /home/airflow/.local/lib/python3.7/site-packages/airflow/example_dags/tutorial.py took 0.158 seconds
[2022-12-03T14:42:51.165+0000] {processor.py:153} INFO - Started process (PID=1357) to work on /home/airflow/.local/lib/python3.7/site-packages/airflow/example_dags/tutorial.py
[2022-12-03T14:42:51.166+0000] {processor.py:743} INFO - Processing file /home/airflow/.local/lib/python3.7/site-packages/airflow/example_dags/tutorial.py for tasks to queue
[2022-12-03T14:42:51.167+0000] {logging_mixin.py:137} INFO - [2022-12-03T14:42:51.167+0000] {dagbag.py:538} INFO - Filling up the DagBag from /home/airflow/.local/lib/python3.7/site-packages/airflow/example_dags/tutorial.py
[2022-12-03T14:42:51.191+0000] {processor.py:753} INFO - DAG(s) dict_keys(['tutorial']) retrieved from /home/airflow/.local/lib/python3.7/site-packages/airflow/example_dags/tutorial.py
[2022-12-03T14:42:51.227+0000] {logging_mixin.py:137} INFO - [2022-12-03T14:42:51.226+0000] {dag.py:2676} INFO - Sync 1 DAGs
[2022-12-03T14:42:51.253+0000] {logging_mixin.py:137} INFO - [2022-12-03T14:42:51.253+0000] {dag.py:3427} INFO - Setting next_dagrun for tutorial to 2022-12-02T14:42:51.253074+00:00, run_after=2022-12-03T14:42:51.253074+00:00
[2022-12-03T14:42:51.276+0000] {processor.py:175} INFO - Processing /home/airflow/.local/lib/python3.7/site-packages/airflow/example_dags/tutorial.py took 0.113 seconds
[2022-12-03T14:43:21.518+0000] {processor.py:153} INFO - Started process (PID=1442) to work on /home/airflow/.local/lib/python3.7/site-packages/airflow/example_dags/tutorial.py
[2022-12-03T14:43:21.519+0000] {processor.py:743} INFO - Processing file /home/airflow/.local/lib/python3.7/site-packages/airflow/example_dags/tutorial.py for tasks to queue
[2022-12-03T14:43:21.520+0000] {logging_mixin.py:137} INFO - [2022-12-03T14:43:21.520+0000] {dagbag.py:538} INFO - Filling up the DagBag from /home/airflow/.local/lib/python3.7/site-packages/airflow/example_dags/tutorial.py
[2022-12-03T14:43:21.533+0000] {processor.py:753} INFO - DAG(s) dict_keys(['tutorial']) retrieved from /home/airflow/.local/lib/python3.7/site-packages/airflow/example_dags/tutorial.py
[2022-12-03T14:43:21.576+0000] {logging_mixin.py:137} INFO - [2022-12-03T14:43:21.576+0000] {dag.py:2676} INFO - Sync 1 DAGs
[2022-12-03T14:43:21.611+0000] {logging_mixin.py:137} INFO - [2022-12-03T14:43:21.611+0000] {dag.py:3427} INFO - Setting next_dagrun for tutorial to 2022-12-02T14:43:21.611488+00:00, run_after=2022-12-03T14:43:21.611488+00:00
[2022-12-03T14:43:21.632+0000] {processor.py:175} INFO - Processing /home/airflow/.local/lib/python3.7/site-packages/airflow/example_dags/tutorial.py took 0.116 seconds
[2022-12-03T14:43:51.851+0000] {processor.py:153} INFO - Started process (PID=1552) to work on /home/airflow/.local/lib/python3.7/site-packages/airflow/example_dags/tutorial.py
[2022-12-03T14:43:51.853+0000] {processor.py:743} INFO - Processing file /home/airflow/.local/lib/python3.7/site-packages/airflow/example_dags/tutorial.py for tasks to queue
[2022-12-03T14:43:51.853+0000] {logging_mixin.py:137} INFO - [2022-12-03T14:43:51.853+0000] {dagbag.py:538} INFO - Filling up the DagBag from /home/airflow/.local/lib/python3.7/site-packages/airflow/example_dags/tutorial.py
[2022-12-03T14:43:51.866+0000] {processor.py:753} INFO - DAG(s) dict_keys(['tutorial']) retrieved from /home/airflow/.local/lib/python3.7/site-packages/airflow/example_dags/tutorial.py
[2022-12-03T14:43:51.911+0000] {logging_mixin.py:137} INFO - [2022-12-03T14:43:51.910+0000] {dag.py:2676} INFO - Sync 1 DAGs
[2022-12-03T14:43:51.937+0000] {logging_mixin.py:137} INFO - [2022-12-03T14:43:51.936+0000] {dag.py:3427} INFO - Setting next_dagrun for tutorial to 2022-12-02T14:43:51.936677+00:00, run_after=2022-12-03T14:43:51.936677+00:00
[2022-12-03T14:43:51.954+0000] {processor.py:175} INFO - Processing /home/airflow/.local/lib/python3.7/site-packages/airflow/example_dags/tutorial.py took 0.105 seconds
